# Log started: 2018-06-10 21:22:44 +0200
[21:22:44] Trete #earliboy bei..
[21:22:44] ~E3 2018 LIVE 🔴 Microsoft Xbox Briefing 🦆 | 🍪 Kekse4Free 🍪 | Ts³: earli.de (E3 2018)~
[21:22:44] #earliboy beigetreten
[21:22:56] <@+recklessGreed> Seit wann läuft hier denn Zelda Musik *_* 
[21:23:22] MOD: recklessGreed, Moobot, Aval0ntv, Earliboy, Mod4youbot
[21:23:36] <%Keksjaegerin2> Heyho <3
[21:23:45] <+arisox_artz> Dragonball
[21:23:54] <$Marinchen08> hallöchen zanzarLove
[21:24:11] <Touyakun> Kökse?!
[21:24:17] <%$Maxizockt978> earliHype
[21:24:21] <%Nadi1933> !kekse
[21:24:22] <@%+Mod4YouBOT> 🍪🍪🍪🍪🍪🍪🍪🍪🍪🍪🍪🍪🍪🍪🍪🍪🍪🍪🍪🍪🍪🍪🍪🍪🍪🍪
[21:24:32] UNMOD: Aval0ntv
[21:24:33] <Touyakun> OwO
[21:24:37] <Touyakun> !kekse
[21:24:37] <@%+Mod4YouBOT> 🍪🍪🍪🍪🍪🍪🍪🍪🍪🍪🍪🍪🍪🍪🍪🍪🍪🍪🍪🍪🍪🍪🍪🍪🍪🍪
[21:24:40] <~%earliboy> Maxizockt978 danke für den Sub! ich bedank mich gleich
[21:24:55] <@+aysli> !timer on !e3 60
[21:24:56] <@%+Mod4YouBOT>* Der heutige Stream läuft über GamingClerks - Deswegen ist es leider nicht möglich Subs & Spenden direkt im Stream anzuzeigen. Earli wird sich dennoch bei euch bedanken! - Der Stream auf YouTube: https://youtu.be/oFwauBJQcHU
[21:24:58] <~%earliboy> heute können leider keine alerts im stream angezeigt werden, da von gamingclerks aus gestreamt wird - ich bin theoretisch nur dabei
[21:25:11] <%$Maxizockt978> @earliboy kein Problem
[21:25:23] <%+Masterofdennis> okay. der moment wenn man grade noch DBZ geguckt hat und dann on kommt und die mucke läuft xD
[21:25:39] MOD: aysli, Zanzarah
[21:25:47] [Notification] Masterofdennis just subscribed with a Tier 2 sub. Masterofdennis subscribed for 7 months in a row! [jea]
[21:25:56] <@%+Mod4YouBOT>* Der heutige Stream läuft über GamingClerks - Deswegen ist es leider nicht möglich Subs & Spenden direkt im Stream anzuzeigen. Earli wird sich dennoch bei euch bedanken! - Der Stream auf YouTube: https://youtu.be/oFwauBJQcHU
[21:26:02] <%Nadi1933> wie lange dauert die E3 eigentlich? :3
[21:26:15] <%+Masterofdennis> @earliboy das leid bitte öfter^^
[21:26:39] [Notification] lpmwolfsherz just subscribed with a Tier 1 sub. lpmwolfsherz subscribed for 7 months in a row! [So... weiter mit Runde 7. Schnell mal da lassen ;)]
[21:26:50] MOD: Aval0ntv
[21:26:56] <@%+Mod4YouBOT>* Der heutige Stream läuft über GamingClerks - Deswegen ist es leider nicht möglich Subs & Spenden direkt im Stream anzuzeigen. Earli wird sich dennoch bei euch bedanken! - Der Stream auf YouTube: https://youtu.be/oFwauBJQcHU
[21:27:56] <@%+Mod4YouBOT>* Der heutige Stream läuft über GamingClerks - Deswegen ist es leider nicht möglich Subs & Spenden direkt im Stream anzuzeigen. Earli wird sich dennoch bei euch bedanken! - Der Stream auf YouTube: https://youtu.be/oFwauBJQcHU
[21:28:03] <~%earliboy> lpmwolfsherz & Masterofdennis danke euch beiden für die resubs! <3
[21:28:04] <~%earliboy> earliHype
[21:28:12] <%$Maxizockt978> earliHype earliHype earliHype
[21:28:33] <%lpmwolfsherz> Bidde bidde mein Bester ^^
[21:28:49] UNMOD: Aval0ntv
[21:28:55] <%+Masterofdennis> bitte @earliboy ^^
[21:28:56] <@%+Mod4YouBOT>* Der heutige Stream läuft über GamingClerks - Deswegen ist es leider nicht möglich Subs & Spenden direkt im Stream anzuzeigen. Earli wird sich dennoch bei euch bedanken! - Der Stream auf YouTube: https://youtu.be/oFwauBJQcHU
[21:29:08] [Notification] allready_1992 just subscribed with a Tier 1 sub. allready_1992 subscribed for 4 months in a row!
[21:29:36] <@+Aval0nTV> schönen guten abend zusammen!! ;)
[21:29:36] <~%earliboy> allready_1992 danke für deinen resub! <3 earliHype
[21:29:51] <%Nadi1933> @Aval0nTV nabend :)
[21:29:56] <@%+Mod4YouBOT>* Der heutige Stream läuft über GamingClerks - Deswegen ist es leider nicht möglich Subs & Spenden direkt im Stream anzuzeigen. Earli wird sich dennoch bei euch bedanken! - Der Stream auf YouTube: https://youtu.be/oFwauBJQcHU
[21:29:58] <%allready_1992> bitte du unfähiger brownyHeart brownyHeart brownyHeart brownyHeart
[21:30:29] <%allready_1992> earliboy. wohin geht das Huhn? 😂😂😂
[21:30:36] <%Keksjaegerin2> !coininfo
[21:30:37] <@%+Mod4YouBOT>* Jeder Zuschauer bekommt alle 10 Minuten 1 Coin! earliPingm Ausführliche Statistiken: http://earli.tv/coins (inklusive Watchtime) earliPingw
[21:30:51] MOD: Aval0nTV
[21:30:56] <@%+Mod4YouBOT>* Der heutige Stream läuft über GamingClerks - Deswegen ist es leider nicht möglich Subs & Spenden direkt im Stream anzuzeigen. Earli wird sich dennoch bei euch bedanken! - Der Stream auf YouTube: https://youtu.be/oFwauBJQcHU
[21:31:38] <KartoffelEintopf13> yeeeaahhh xbox zanzarLove
[21:31:56] <@%+Mod4YouBOT>* Der heutige Stream läuft über GamingClerks - Deswegen ist es leider nicht möglich Subs & Spenden direkt im Stream anzuzeigen. Earli wird sich dennoch bei euch bedanken! - Der Stream auf YouTube: https://youtu.be/oFwauBJQcHU
[21:32:56] <@%+Mod4YouBOT>* Der heutige Stream läuft über GamingClerks - Deswegen ist es leider nicht möglich Subs & Spenden direkt im Stream anzuzeigen. Earli wird sich dennoch bei euch bedanken! - Der Stream auf YouTube: https://youtu.be/oFwauBJQcHU
[21:32:57] <%+Masterofdennis> also irgendwie gefällt mir die musik heute besonders #DragonBallFanundSo <3
[21:33:15] <@+Aval0nTV> !timer list
[21:33:31] <@+Aval0nTV> !timer off !e3
[21:33:42] <@+Aval0nTV> !timer on !e3 150
[21:33:42] <@%+Mod4YouBOT>* Der heutige Stream läuft über GamingClerks - Deswegen ist es leider nicht möglich Subs & Spenden direkt im Stream anzuzeigen. Earli wird sich dennoch bei euch bedanken! - Der Stream auf YouTube: https://youtu.be/oFwauBJQcHU
[21:35:46] <@+Aval0nTV> schönen guten abend an alle, die gerade neu eingeschaltet haben!! ;)
[21:36:12] <@%+Mod4YouBOT>* Der heutige Stream läuft über GamingClerks - Deswegen ist es leider nicht möglich Subs & Spenden direkt im Stream anzuzeigen. Earli wird sich dennoch bei euch bedanken! - Der Stream auf YouTube: https://youtu.be/oFwauBJQcHU
[21:37:02] <%lpmwolfsherz> Wasn fürn Like Button O_O
[21:37:31] <@+Aval0nTV> das ging an die leute auf youtube ;)
[21:37:51] <%lpmwolfsherz> Wollt schon sagen xD
[21:38:44] <@%+Mod4YouBOT>* Der heutige Stream läuft über GamingClerks - Deswegen ist es leider nicht möglich Subs & Spenden direkt im Stream anzuzeigen. Earli wird sich dennoch bei euch bedanken! - Der Stream auf YouTube: https://youtu.be/oFwauBJQcHU
[21:39:03] <%+Masterofdennis> Jungfräulich und Earli... passt xD
[21:39:40] <%allready_1992> Auf den Zug muss ich aufspringen. Weiß earliboy eigendlich was eine Xbox ist?
[21:40:00] <KartoffelEintopf13> xbox ist besser als ps KappaPride
[21:40:02] <@+Aval0nTV> @allready_1992 eine box in form von nem X? Kappa
[21:40:15] <%allready_1992> :D
[21:40:45] <%+Masterofdennis> musste earli mal fragen... welche konsolen gibt es von Microsoft
[21:41:08] <KartoffelEintopf13> @masterofdennis plastation Kapp
[21:41:13] <@%+Mod4YouBOT>* Der heutige Stream läuft über GamingClerks - Deswegen ist es leider nicht möglich Subs & Spenden direkt im Stream anzuzeigen. Earli wird sich dennoch bei euch bedanken! - Der Stream auf YouTube: https://youtu.be/oFwauBJQcHU
[21:41:16] <KartoffelEintopf13> Kappa
[21:41:21] <@%+Julezmeister_> haaaaiii
[21:41:25] <$randomjani> Guden abend :D MercyWing1 KappaPride MercyWing2 was ist das?
[21:41:29] <%DieDrache> hallö
[21:41:31] <KartoffelEintopf13> @julezmeister_ heiii muffin10Love
[21:41:32] <@+Aval0nTV> die wii is doch auch von microsoft, oder?? ;p
[21:41:43] <@+Aval0nTV> nabend Julezmeister_ o/
[21:41:44] <%+Masterofdennis> ja und der N64 @KartoffelEintopf13
[21:41:45] <@%+Julezmeister_> 👌
[21:41:47] <%Nadi1933> @DieDrache @randomjani huhu ^^
[21:41:50] <KartoffelEintopf13> @randomjani heiii zanzarLove muffin10Love eyyyyy :/
[21:42:05] <@%+Julezmeister_> wie cute ich hier immer begrüßt werde ey ♡
[21:42:07] <%lpmwolfsherz> Hey Julez, Drache, Kartoffel, Nadi und Jani ^^ zanzarLove
[21:42:08] <$randomjani> Hallo Ihr MercyWing1 KappaPride MercyWing2
[21:42:16] <%+JanD0ppelpunktP> ihhh eine Julezmeister_ :P
[21:42:20] <@+Aval0nTV> hier sind ja auch die ganzen cuten @Julezmeister_ ^^
[21:42:43] <@+recklessGreed> Hallo Julezmeister_ Kappa
[21:42:44] <@%+Julezmeister_> @jand0ppelpunktp pfff :D
[21:43:08] <%+JanD0ppelpunktP> ach Julezmeister_ mag dich doch wann bekomme ich mein Döner?
[21:43:21] <@%+Julezmeister_> @jand0ppelpunktp wat fürn döner?
[21:43:31] MOD: Julezmeister_
[21:43:33] <~%earliboy> döner!
[21:43:44] <%+JanD0ppelpunktP> genau Döner!
[21:43:47] <@%+Julezmeister_> @earliboy bringe dir einen vorbei
[21:43:48] <@+Aval0nTV> hab ich döner gehört?? Oo aval0n auch döner will ^^
[21:43:49] <@%+Mod4YouBOT>* Der heutige Stream läuft über GamingClerks - Deswegen ist es leider nicht möglich Subs & Spenden direkt im Stream anzuzeigen. Earli wird sich dennoch bei euch bedanken! - Der Stream auf YouTube: https://youtu.be/oFwauBJQcHU
[21:44:24] <$randomjani> Wo döner o.o
[21:44:25] <KartoffelEintopf13> hab grade aus 3 kisten:scar,ch6ck jug,granatenwerfer bekommdn LUL
[21:45:47] <%$Gameover44TV> Hier macht es mehr Spaß
[21:46:06] <@+Aval0nTV> hier sind ja auch die coolen kids @Gameover44TV Kappa
[21:46:13] <@%+Mod4YouBOT>* Der heutige Stream läuft über GamingClerks - Deswegen ist es leider nicht möglich Subs & Spenden direkt im Stream anzuzeigen. Earli wird sich dennoch bei euch bedanken! - Der Stream auf YouTube: https://youtu.be/oFwauBJQcHU
[21:46:29] <%$Gameover44TV> Ava du meinst aber nicht dich oder Kappa gameov11Hype
[21:46:41] <@+Aval0nTV> nee, bin ja auch kein "kid" ^^
[21:46:47] <KartoffelEintopf13> dbi aan fallshadeen gestorben xDdd
[21:46:57] <%$Gameover44TV> Gute Antwort er hat es geschnallt
[21:47:39] UNMOD: Julezmeister_
[21:48:43] <@%+Mod4YouBOT>* Der heutige Stream läuft über GamingClerks - Deswegen ist es leider nicht möglich Subs & Spenden direkt im Stream anzuzeigen. Earli wird sich dennoch bei euch bedanken! - Der Stream auf YouTube: https://youtu.be/oFwauBJQcHU
[21:48:47] <%$Gameover44TV> gameov11Hype gameov11Hype gameov11Hype gameov11Hype gameov11Hype
[21:49:10] <%+JanD0ppelpunktP> ach der Gameover xD
[21:49:43] MOD: Julezmeister_
[21:49:52] <%$Gameover44TV> ach der JanD0ppelpunktP xD
[21:49:59] <%$Gameover44TV> nachher paar runden Fortnite xD
[21:50:36] UNMOD: Julezmeister_
[21:50:49] <%$Gameover44TV> @earliboy wieso keine facecam Kappa
[21:51:12] <@%+Mod4YouBOT>* Der heutige Stream läuft über GamingClerks - Deswegen ist es leider nicht möglich Subs & Spenden direkt im Stream anzuzeigen. Earli wird sich dennoch bei euch bedanken! - Der Stream auf YouTube: https://youtu.be/oFwauBJQcHU
[21:51:24] <@+Aval0nTV> @Gameover44TV es ist ja ein restream von gamingclerks! deshalb wahrscheinlich keine facecam
[21:51:38] <%$Gameover44TV> @Aval0nTV okay ;)
[21:53:15] [Notification] hubinho just subscribed with Twitch Prime. hubinho subscribed for 3 months in a row! [Hab euch lieb #noHomo]
[21:53:20] <@+Aval0nTV> !hype
[21:53:21] <@%+Mod4YouBOT> earliHype earliHype earliHype earliHype earliHype earliHype earliHype earliHype earliHype earliHype earliHype earliHype earliHype earliHype earliHype earliHype earliHype earliHype earliHype earliHype
[21:53:42] <@%+Mod4YouBOT>* Der heutige Stream läuft über GamingClerks - Deswegen ist es leider nicht möglich Subs & Spenden direkt im Stream anzuzeigen. Earli wird sich dennoch bei euch bedanken! - Der Stream auf YouTube: https://youtu.be/oFwauBJQcHU
[21:53:49] <~%earliboy> <3 hubinho danke für den resub! earliHype
[21:53:55] [Notification] randomjani just subscribed with a Tier 1 sub. randomjani subscribed for 6 months in a row! [yeet]
[21:53:59] <%+hubinho> jajaja :D
[21:54:03] <@+Aval0nTV> !hype
[21:54:04] <%+hubinho> is ja pflicht ;)
[21:54:04] <@%+Mod4YouBOT> earliHype earliHype earliHype earliHype earliHype earliHype earliHype earliHype earliHype earliHype earliHype earliHype earliHype earliHype earliHype earliHype earliHype earliHype earliHype earliHype
[21:54:11] <%$Gameover44TV> !hype
[21:54:12] <@%+Mod4YouBOT> earliHype earliHype earliHype earliHype earliHype earliHype earliHype earliHype earliHype earliHype earliHype earliHype earliHype earliHype earliHype earliHype earliHype earliHype earliHype earliHype
[21:54:18] <M4iik> lul
[21:54:25] <~%earliboy> randomjani danke für den resub! <3 earliHype
[21:54:31] Viewerstats (21:24-21:54): avg:44 min:24 max:58 [16/29-1-4+5+14+2-6+10+6+3-1-6+3-1-2+0]
[21:55:01] <%$randomjani> mmh warum steht da 6 monate LUL
[21:55:03] <%+hubinho> Sowas wie Freelancer wäre mal wieder Hammerst
[21:55:10] <%+hubinho> is aber glaub ich nix geplant
[21:55:14] <%$Gameover44TV> @JanD0ppelpunktP habe dir mal eine anfrage gesenden
[21:55:52] <%+hubinho> Bin mal wieder weg.. haut rein
[21:55:56] <%+JanD0ppelpunktP> Gameover44TV wo?
[21:55:59] <%$Gameover44TV> caio hubinho
[21:56:01] <%+hubinho> und viel Spaß noch
[21:56:06] <%$Gameover44TV> Bei Epic Games xD
[21:56:12] <@%+Mod4YouBOT>* Der heutige Stream läuft über GamingClerks - Deswegen ist es leider nicht möglich Subs & Spenden direkt im Stream anzuzeigen. Earli wird sich dennoch bei euch bedanken! - Der Stream auf YouTube: https://youtu.be/oFwauBJQcHU
[21:56:21] <%+JanD0ppelpunktP> oh ja bin aber grade am raft zocken
[21:56:26] <%+Masterofdennis> @earliboy xboxdach hat auf unser tweet geantwortet^^
[21:57:05] <KartoffelEintopf13> @masterofdennis LUL
[21:58:42] <@%+Mod4YouBOT>* Der heutige Stream läuft über GamingClerks - Deswegen ist es leider nicht möglich Subs & Spenden direkt im Stream anzuzeigen. Earli wird sich dennoch bei euch bedanken! - Der Stream auf YouTube: https://youtu.be/oFwauBJQcHU
[22:00:54] <KartoffelEintopf13> geil,2 kisten 2 scars....
[22:01:12] <@%+Mod4YouBOT>* Der heutige Stream läuft über GamingClerks - Deswegen ist es leider nicht möglich Subs & Spenden direkt im Stream anzuzeigen. Earli wird sich dennoch bei euch bedanken! - Der Stream auf YouTube: https://youtu.be/oFwauBJQcHU
[22:01:33] <%$mika057> ich schaue zu und es geht los LUL Kappa
[22:01:43] <%$mika057> earliPingw
[22:01:44] <%$mika057> ich schaue zu und es geht los LUL Kappa
[22:02:43] <@+Aval0nTV> zufall? wer weiss das schon Kappa
[22:02:49] <%lpmwolfsherz> Halo
[22:02:57] <%+Masterofdennis> Halooooooooo
[22:03:02] <$Marinchen08> naa iht zanzarLove
[22:03:07] <%$mika057> Halo earliRage2
[22:03:10] <@+Aval0nTV> huhu Marinchen08
[22:03:15] <%$mika057> zanzarHi Marinchen08 lpmwolfsherz
[22:03:18] <%lpmwolfsherz> Hey Marinchen ^^ zanzarLove
[22:03:39] <$Marinchen08> heii @mika057 @lpmwolfsherz
[22:03:42] <@%+Mod4YouBOT>* Der heutige Stream läuft über GamingClerks - Deswegen ist es leider nicht möglich Subs & Spenden direkt im Stream anzuzeigen. Earli wird sich dennoch bei euch bedanken! - Der Stream auf YouTube: https://youtu.be/oFwauBJQcHU
[22:06:13] <@%+Mod4YouBOT>* Der heutige Stream läuft über GamingClerks - Deswegen ist es leider nicht möglich Subs & Spenden direkt im Stream anzuzeigen. Earli wird sich dennoch bei euch bedanken! - Der Stream auf YouTube: https://youtu.be/oFwauBJQcHU
[22:06:30] <Jojo310897> lebt earli noch
[22:07:45] <@+Aval0nTV> earli ist geflasht und weiss nicht, was er sagen soll ;)
[22:08:03] <%lpmwolfsherz> Ori <3
[22:08:03] <KartoffelEintopf13> was hat er gewonnen? LUL
[22:08:42] <@%+Mod4YouBOT>* Der heutige Stream läuft über GamingClerks - Deswegen ist es leider nicht möglich Subs & Spenden direkt im Stream anzuzeigen. Earli wird sich dennoch bei euch bedanken! - Der Stream auf YouTube: https://youtu.be/oFwauBJQcHU
[22:08:52] <%+Masterofdennis> 18 alter ich brech weg....
[22:09:05] <%lpmwolfsherz> Maaaan und ich hab noch nicht mal den ersten durchgerupt xD
[22:09:17] <%+Masterofdennis> xD
[22:09:44] <%+Masterofdennis> hoffe du hast die nächste zeit nix anderes vor xD
[22:09:49] <%lpmwolfsherz> Ach geil :D
[22:11:12] <@%+Mod4YouBOT>* Der heutige Stream läuft über GamingClerks - Deswegen ist es leider nicht möglich Subs & Spenden direkt im Stream anzuzeigen. Earli wird sich dennoch bei euch bedanken! - Der Stream auf YouTube: https://youtu.be/oFwauBJQcHU
[22:12:04] <%lpmwolfsherz> Lass ma raten wie Dark Souls...
[22:12:41] <%+Masterofdennis> jaaaa Falout
[22:12:50] <%+Masterofdennis> fallout
[22:13:42] <@%+Mod4YouBOT>* Der heutige Stream läuft über GamingClerks - Deswegen ist es leider nicht möglich Subs & Spenden direkt im Stream anzuzeigen. Earli wird sich dennoch bei euch bedanken! - Der Stream auf YouTube: https://youtu.be/oFwauBJQcHU
[22:13:54] <BlockCrafter__HD> Hat Earli nicht auch irgendein Fallout 4 Paket bekommen?
[22:14:39] <@+Aval0nTV> ich glaube ja @BlockCrafter__HD
[22:15:02] <KartoffelEintopf13> @earliboy hast du ne xbox?oder nur ne ps?
[22:15:21] <%lpmwolfsherz> Vault 76 kam doch auch schon in Teil 3 vor wenn ich mich recht erinnere :/
[22:15:41] <BlockCrafter__HD> @kartoffeleintopf13 er hat ne ps?
[22:16:12] <@%+Mod4YouBOT>* Der heutige Stream läuft über GamingClerks - Deswegen ist es leider nicht möglich Subs & Spenden direkt im Stream anzuzeigen. Earli wird sich dennoch bei euch bedanken! - Der Stream auf YouTube: https://youtu.be/oFwauBJQcHU
[22:16:25] <KartoffelEintopf13> @blockcrafter__hd ja
[22:17:31] <%lpmwolfsherz> Also ist es vom Prinzip her Teil 1 sozusagen das Fallout 76
[22:17:57] <KartoffelEintopf13> ich kenn bis jetzt nich 1 spiel davon LUL
[22:18:09] <%$Gameover44TV> @KartoffelEintopf13 ich auch nicht xD
[22:18:22] <KartoffelEintopf13> @earliboy hast du ne xbox?
[22:18:22] <@+Aval0nTV> ihr kennt die fallout reihe nicht?
[22:18:32] <%$Gameover44TV> @Aval0nTV nein xD
[22:18:42] <@+Aval0nTV> das ist hart Gameover44TV
[22:18:42] <@%+Mod4YouBOT>* Der heutige Stream läuft über GamingClerks - Deswegen ist es leider nicht möglich Subs & Spenden direkt im Stream anzuzeigen. Earli wird sich dennoch bei euch bedanken! - Der Stream auf YouTube: https://youtu.be/oFwauBJQcHU
[22:18:44] <KartoffelEintopf13> @gameover44tv ich kenn nur fortnite Kappa TheThing
[22:18:59] <%$Gameover44TV> @Aval0nTV wieso hart ich spiele sowas nicht
[22:19:01] MOD: Mrduckspace
[22:19:24] <@+Aval0nTV> fallout ist so mega gut, das is schon fast pflicht
[22:19:49] <KartoffelEintopf13> crack?
[22:19:56] <KartoffelEintopf13> Kappa
[22:20:24] <KartoffelEintopf13> @earliboy hast du ne xbox?
[22:20:35] <%lpmwolfsherz> Mit Borderland Design? Deren ernst -.-
[22:21:08] <~%earliboy> natürlich hab ich ne xbox :D
[22:21:12] <@%+Mod4YouBOT>* Der heutige Stream läuft über GamingClerks - Deswegen ist es leider nicht möglich Subs & Spenden direkt im Stream anzuzeigen. Earli wird sich dennoch bei euch bedanken! - Der Stream auf YouTube: https://youtu.be/oFwauBJQcHU
[22:21:40] <KartoffelEintopf13> @earliboy hätte mich gewundert wenn nich Lul pls mal en video wo du auf konsole spielst LUL
[22:21:59] <%$Gameover44TV> @KartoffelEintopf13 was hoffst du das er da mehr kann Kappa ;)
[22:22:00] <%lpmwolfsherz> Nier Automata ist mir zu traurig als das ich es je spielen werde :(
[22:23:15] <%+Masterofdennis> @earliboy das du Fallout streamen wirst ist ja wohl keine frage oder?
[22:23:28] <~%earliboy> weiß ich noch nicht :D
[22:23:29] <KartoffelEintopf13> @gameover44tv nö Kappa einfach aus prinzip weil er denkt konsolenspieler sind schlecht(auch wenn ich quasi immer joke wenn ich mit andrren spiele LUL
[22:23:32] <~%earliboy> hab fallout 4 auch nicht gespielt xD
[22:23:41] <@+Aval0nTV> waaaaaaaaas
[22:23:42] <@%+Mod4YouBOT>* Der heutige Stream läuft über GamingClerks - Deswegen ist es leider nicht möglich Subs & Spenden direkt im Stream anzuzeigen. Earli wird sich dennoch bei euch bedanken! - Der Stream auf YouTube: https://youtu.be/oFwauBJQcHU
[22:23:50] <@+Aval0nTV> earli ich bin schwer enttäuscht!!
[22:23:53] <@+Aval0nTV> ;p
[22:23:59] <%$Gameover44TV> @earliboy konsolen spieler sind nicht schlechter als Pc spieler xD
[22:24:31] Viewerstats (21:56-22:24): avg:57 min:49 max:64 [15/59-5+3+1+4-4+4+2-1-7-1-4+0-2+10]
[22:24:52] <%+Masterofdennis> @earliboy @Aval0nTV und ich üben mit dir... Das bekommen wir hin keine angst
[22:25:31] <%lpmwolfsherz> Jawohlla ^^
[22:25:51] <%$Gameover44TV> Ja Nice endlich mal ein geiles spiel xD
[22:26:03] <%lpmwolfsherz> Aber echt ^^
[22:26:12] <@%+Mod4YouBOT>* Der heutige Stream läuft über GamingClerks - Deswegen ist es leider nicht möglich Subs & Spenden direkt im Stream anzuzeigen. Earli wird sich dennoch bei euch bedanken! - Der Stream auf YouTube: https://youtu.be/oFwauBJQcHU
[22:26:13] <KartoffelEintopf13> was ist das? LUL kenne immer noch keins bis jetzt xD
[22:26:24] <@+Aval0nTV> das ist kingdom hearts
[22:26:30] <%lpmwolfsherz> Ach wie geil. Ick freu mir jetzt schon :D
[22:26:33] <KartoffelEintopf13> oha,mein lieblingsspiel Kappa
[22:26:35] <%$Gameover44TV> @lpmwolfsherz habe gehört wir haben ein neues spiel zu suchten xD
[22:27:14] <%lpmwolfsherz> Wenn ich keinen Toaster mehr hab als Rechner oder wenn ich bald mal ne Xe hab ^^
[22:27:19] UNMOD: Zanzarah
[22:27:54] <KartoffelEintopf13> @gameover44tv hast du auch ne xbox?
[22:28:02] <%lpmwolfsherz> Ach lol die 13 kommen zurück? O_O
[22:28:24] <%$Gameover44TV> @KartoffelEintopf13 bald ja meine derzeitige ist Putt xD
[22:28:27] <%lpmwolfsherz> Und sie auch? HAMMER
[22:28:40] <KartoffelEintopf13> @gameover44tv FeelsBadMan
[22:28:42] <@%+Mod4YouBOT>* Der heutige Stream läuft über GamingClerks - Deswegen ist es leider nicht möglich Subs & Spenden direkt im Stream anzuzeigen. Earli wird sich dennoch bei euch bedanken! - Der Stream auf YouTube: https://youtu.be/oFwauBJQcHU
[22:28:49] <%lpmwolfsherz> Sea of Thief
[22:28:57] <%$Gameover44TV> och nöö bitte nicht sea of Thiefe für xbox
[22:29:12] <KartoffelEintopf13> @gameover44tv gibts doch schon?
[22:29:23] <%$Gameover44TV> @KartoffelEintopf13 glaube nicht
[22:29:25] <$Marinchen08> sea of thieves <3
[22:29:29] <%lpmwolfsherz> War aber angekündigt. Wohl mit Verknüpfung zur PC version
[22:29:31] <KartoffelEintopf13> @gameover44tv doch
[22:29:43] <KartoffelEintopf13> eigentlich schon ^^
[22:29:56] <KartoffelEintopf13> gibts glaube immernoch sogar mit gold free
[22:30:44] MOD: Homie20006
[22:31:12] <@%+Mod4YouBOT>* Der heutige Stream läuft über GamingClerks - Deswegen ist es leider nicht möglich Subs & Spenden direkt im Stream anzuzeigen. Earli wird sich dennoch bei euch bedanken! - Der Stream auf YouTube: https://youtu.be/oFwauBJQcHU
[22:31:27] <%lpmwolfsherz> Ach BF5 interessiert ma nich
[22:31:28] <%$Gameover44TV> Yeah Neues Teil wird auch zeit
[22:31:43] UNMOD: Homie20006
[22:32:56] <%lpmwolfsherz> VW Käfer wie cool xD
[22:33:28] <Flopro1403> îch würde sagen England
[22:33:38] <%GimpelPlays> the crew 3 ?
[22:33:42] <@%+Mod4YouBOT>* Der heutige Stream läuft über GamingClerks - Deswegen ist es leider nicht möglich Subs & Spenden direkt im Stream anzuzeigen. Earli wird sich dennoch bei euch bedanken! - Der Stream auf YouTube: https://youtu.be/oFwauBJQcHU
[22:36:12] <@%+Mod4YouBOT>* Der heutige Stream läuft über GamingClerks - Deswegen ist es leider nicht möglich Subs & Spenden direkt im Stream anzuzeigen. Earli wird sich dennoch bei euch bedanken! - Der Stream auf YouTube: https://youtu.be/oFwauBJQcHU
[22:38:05] <%lpmwolfsherz> Ich würde für mich 1 Problem sehen für das Game... ich müsste schon wieder Englisch schreiben :/
[22:38:42] <@%+Mod4YouBOT>* Der heutige Stream läuft über GamingClerks - Deswegen ist es leider nicht möglich Subs & Spenden direkt im Stream anzuzeigen. Earli wird sich dennoch bei euch bedanken! - Der Stream auf YouTube: https://youtu.be/oFwauBJQcHU
[22:41:22] <@%+Mod4YouBOT>* Der heutige Stream läuft über GamingClerks - Deswegen ist es leider nicht möglich Subs & Spenden direkt im Stream anzuzeigen. Earli wird sich dennoch bei euch bedanken! - Der Stream auf YouTube: https://youtu.be/oFwauBJQcHU
[22:43:42] <@%+Mod4YouBOT>* Der heutige Stream läuft über GamingClerks - Deswegen ist es leider nicht möglich Subs & Spenden direkt im Stream anzuzeigen. Earli wird sich dennoch bei euch bedanken! - Der Stream auf YouTube: https://youtu.be/oFwauBJQcHU
[22:44:47] <LPmitMo_TV> hey
[22:44:50] <%lpmwolfsherz> Neuer Bioshock Teil?
[22:45:37] <%lpmwolfsherz> Ah na dann :/
[22:45:50] <%GimpelPlays> lol
[22:45:53] <%GimpelPlays> hahahahah pubg XD
[22:46:00] <%lpmwolfsherz> Und wieder ein Game wo ich raus bin -.-
[22:46:10] <%+Masterofdennis> xDxDxD
[22:46:13] <@%+Mod4YouBOT>* Der heutige Stream läuft über GamingClerks - Deswegen ist es leider nicht möglich Subs & Spenden direkt im Stream anzuzeigen. Earli wird sich dennoch bei euch bedanken! - Der Stream auf YouTube: https://youtu.be/oFwauBJQcHU
[22:46:36] <%GimpelPlays> darf ich mit euch die games beurteilen ? :D
[22:47:36] <@+Aval0nTV> nur wenn du pubg ne schlechte bewertung gibst ;p
[22:47:49] <%lpmwolfsherz> Ach Klass :D <3
[22:47:52] <LPmitMo_TV> xD
[22:47:53] <%GimpelPlays> @earliboy wo seid ihr !
[22:48:12] MOD: Julezmeister_
[22:48:36] <Sinus301> @Aval0nTV niemals pubg ist und bleibt besser
[22:48:42] <@%+Mod4YouBOT>* Der heutige Stream läuft über GamingClerks - Deswegen ist es leider nicht möglich Subs & Spenden direkt im Stream anzuzeigen. Earli wird sich dennoch bei euch bedanken! - Der Stream auf YouTube: https://youtu.be/oFwauBJQcHU
[22:49:15] <@+Aval0nTV> besser als was @Sinus301 ?
[22:49:29] <Sinus301> @Aval0nTV fortnite
[22:49:39] <%GimpelPlays> ist das dass neue minecraft ?
[22:49:59] <@+Aval0nTV> das is keine frage!! dennoch ist es ultra mies von der performance her
[22:50:31] <LPmitMo_TV> was ist das?
[22:50:40] <%GimpelPlays> the division
[22:50:43] <%GimpelPlays> ist das !
[22:50:46] <Flopro1403> Division 2
[22:50:49] <%+JanD0ppelpunktP> ihhh ein GimpelPlays :D
[22:50:50] <%GimpelPlays> so geil kauf ich mir !
[22:51:12] <@%+Mod4YouBOT>* Der heutige Stream läuft über GamingClerks - Deswegen ist es leider nicht möglich Subs & Spenden direkt im Stream anzuzeigen. Earli wird sich dennoch bei euch bedanken! - Der Stream auf YouTube: https://youtu.be/oFwauBJQcHU
[22:52:43] <@+Aval0nTV> ich mag the division nicht!
[22:53:44] <@%+Mod4YouBOT>* Der heutige Stream läuft über GamingClerks - Deswegen ist es leider nicht möglich Subs & Spenden direkt im Stream anzuzeigen. Earli wird sich dennoch bei euch bedanken! - Der Stream auf YouTube: https://youtu.be/oFwauBJQcHU
[22:53:47] <%lpmwolfsherz> Wenigstens mal wieder ein richtiger Taktikshooter
[22:54:32] Viewerstats (22:26-22:54): avg:51 min:45 max:59 [15/51+3-4+6-5+1-5+4+8-3-3-8+4+1-2]
[22:54:39] <Xalathan> The Division war mega geil ;) Ich hab es gemocht^^ Hab über 300h gespielt, das war den Preis wert :D
[22:56:12] <@%+Mod4YouBOT>* Der heutige Stream läuft über GamingClerks - Deswegen ist es leider nicht möglich Subs & Spenden direkt im Stream anzuzeigen. Earli wird sich dennoch bei euch bedanken! - Der Stream auf YouTube: https://youtu.be/oFwauBJQcHU
[22:58:42] <@%+Mod4YouBOT>* Der heutige Stream läuft über GamingClerks - Deswegen ist es leider nicht möglich Subs & Spenden direkt im Stream anzuzeigen. Earli wird sich dennoch bei euch bedanken! - Der Stream auf YouTube: https://youtu.be/oFwauBJQcHU
[23:01:13] <@%+Mod4YouBOT>* Der heutige Stream läuft über GamingClerks - Deswegen ist es leider nicht möglich Subs & Spenden direkt im Stream anzuzeigen. Earli wird sich dennoch bei euch bedanken! - Der Stream auf YouTube: https://youtu.be/oFwauBJQcHU
[23:03:42] <@%+Mod4YouBOT>* Der heutige Stream läuft über GamingClerks - Deswegen ist es leider nicht möglich Subs & Spenden direkt im Stream anzuzeigen. Earli wird sich dennoch bei euch bedanken! - Der Stream auf YouTube: https://youtu.be/oFwauBJQcHU
[23:06:12] <@%+Mod4YouBOT>* Der heutige Stream läuft über GamingClerks - Deswegen ist es leider nicht möglich Subs & Spenden direkt im Stream anzuzeigen. Earli wird sich dennoch bei euch bedanken! - Der Stream auf YouTube: https://youtu.be/oFwauBJQcHU
[23:06:22] <%GimpelPlays> yeah
[23:06:26] <%GimpelPlays> tony hawk !
[23:06:37] <%GimpelPlays> skate royal ? :d
[23:07:06] <@+Aval0nTV> das würde ich tatsächlich auch mal wieder spielen!! OHNE royale!! ^^
[23:08:42] <@%+Mod4YouBOT>* Der heutige Stream läuft über GamingClerks - Deswegen ist es leider nicht möglich Subs & Spenden direkt im Stream anzuzeigen. Earli wird sich dennoch bei euch bedanken! - Der Stream auf YouTube: https://youtu.be/oFwauBJQcHU
[23:10:05] UNMOD: Mrduckspace
[23:10:43] <%lpmwolfsherz> Wie bescheuert sieht dort bitte Nero aus? -.-
[23:11:02] MOD: Mrduckspace
[23:11:13] <@%+Mod4YouBOT>* Der heutige Stream läuft über GamingClerks - Deswegen ist es leider nicht möglich Subs & Spenden direkt im Stream anzuzeigen. Earli wird sich dennoch bei euch bedanken! - Der Stream auf YouTube: https://youtu.be/oFwauBJQcHU
[23:11:29] <%lpmwolfsherz> Wenigstens die Grafik aus Teil 4 :)
[23:13:28] <%lpmwolfsherz> Und Dante auch -.- Boah Leute von DMC: Bitte einmal ein Kleidungsstil, ein Gesichtsstil behalten und nicht immer kiffen und sagen: "Jepp, sieht gut aus." -.-
[23:13:42] <@%+Mod4YouBOT>* Der heutige Stream läuft über GamingClerks - Deswegen ist es leider nicht möglich Subs & Spenden direkt im Stream anzuzeigen. Earli wird sich dennoch bei euch bedanken! - Der Stream auf YouTube: https://youtu.be/oFwauBJQcHU
[23:13:49] <+l_barny> Nabend
[23:14:10] <@+Aval0nTV> naja, der typ rechts sieht auf jeden fall so aus, als hätte er sich noch was gegönnt vor der show
[23:14:18] <@+Aval0nTV> nabend l_barny
[23:15:17] UNMOD: Julezmeister_
[23:15:53] <%lpmwolfsherz> Das schlimme ist seit DMC 3 haben sie zugegeben, dass sie gekifft hatten für die Idee. DMC 3 war Klasse, aber irgendwann reicht es auch einem DMC Fan wie mir, mit dem Design ändern -.-
[23:16:13] <@%+Mod4YouBOT>* Der heutige Stream läuft über GamingClerks - Deswegen ist es leider nicht möglich Subs & Spenden direkt im Stream anzuzeigen. Earli wird sich dennoch bei euch bedanken! - Der Stream auf YouTube: https://youtu.be/oFwauBJQcHU
[23:17:16] MOD: Mrdavuille, Julezmeister_
[23:18:42] <@%+Mod4YouBOT>* Der heutige Stream läuft über GamingClerks - Deswegen ist es leider nicht möglich Subs & Spenden direkt im Stream anzuzeigen. Earli wird sich dennoch bei euch bedanken! - Der Stream auf YouTube: https://youtu.be/oFwauBJQcHU
[23:19:54] <%lpmwolfsherz> -.- Ok, nun krieg ich nen Kotzreiz. Sind die so Geldverzweifelt -.-
[23:21:12] <@%+Mod4YouBOT>* Der heutige Stream läuft über GamingClerks - Deswegen ist es leider nicht möglich Subs & Spenden direkt im Stream anzuzeigen. Earli wird sich dennoch bei euch bedanken! - Der Stream auf YouTube: https://youtu.be/oFwauBJQcHU
[23:23:32] MOD: Rexentietv
[23:23:42] <@%+Mod4YouBOT>* Der heutige Stream läuft über GamingClerks - Deswegen ist es leider nicht möglich Subs & Spenden direkt im Stream anzuzeigen. Earli wird sich dennoch bei euch bedanken! - Der Stream auf YouTube: https://youtu.be/oFwauBJQcHU
[23:24:32] Viewerstats (22:56-23:24): avg:44 min:40 max:48 [15/45+2+1-3+1+0-3-1+0+0+3+2-7+1+6]
[23:26:17] <@%+Mod4YouBOT>* Der heutige Stream läuft über GamingClerks - Deswegen ist es leider nicht möglich Subs & Spenden direkt im Stream anzuzeigen. Earli wird sich dennoch bei euch bedanken! - Der Stream auf YouTube: https://youtu.be/oFwauBJQcHU
[23:28:42] <@%+Mod4YouBOT>* Der heutige Stream läuft über GamingClerks - Deswegen ist es leider nicht möglich Subs & Spenden direkt im Stream anzuzeigen. Earli wird sich dennoch bei euch bedanken! - Der Stream auf YouTube: https://youtu.be/oFwauBJQcHU
[23:29:26] <%lpmwolfsherz> Boah danke fürs Verarschen von Gears of War -.-
[23:30:17] <@+Aval0nTV> wieso geben die für dying light kein release datum an?! *grummel*
[23:30:42] <%lpmwolfsherz> Gears Tactics sieht schon mal gut aus ^^
[23:31:09] <%lpmwolfsherz> Und Gears 5 xD Dann zeigt mal her
[23:31:13] <@%+Mod4YouBOT>* Der heutige Stream läuft über GamingClerks - Deswegen ist es leider nicht möglich Subs & Spenden direkt im Stream anzuzeigen. Earli wird sich dennoch bei euch bedanken! - Der Stream auf YouTube: https://youtu.be/oFwauBJQcHU
[23:31:57] UNMOD: Julezmeister_
[23:33:22] <%lpmwolfsherz> Oh Geil :D Endlich wird es aufgelöst ^^
[23:33:42] <@%+Mod4YouBOT>* Der heutige Stream läuft über GamingClerks - Deswegen ist es leider nicht möglich Subs & Spenden direkt im Stream anzuzeigen. Earli wird sich dennoch bei euch bedanken! - Der Stream auf YouTube: https://youtu.be/oFwauBJQcHU
[23:34:52] UNMOD: Mrduckspace
[23:35:51] <%lpmwolfsherz> Alles klar ^^ Neuer Gears incoming :D
[23:35:53] MOD: Julezmeister_
[23:36:12] <@%+Mod4YouBOT>* Der heutige Stream läuft über GamingClerks - Deswegen ist es leider nicht möglich Subs & Spenden direkt im Stream anzuzeigen. Earli wird sich dennoch bei euch bedanken! - Der Stream auf YouTube: https://youtu.be/oFwauBJQcHU
[23:36:20] <@%+Julezmeister_> wann kommt endlich countersteike 76?
[23:36:28] <@%+Julezmeister_> counterstrike*
[23:37:30] <%lpmwolfsherz> Ist doch auch schon recht ausgelutscht ;) xD
[23:37:37] <@%+Julezmeister_> hallo?
[23:37:40] <@%+Julezmeister_> ah
[23:37:50] <@%+Julezmeister_> da is ja doch wer :D
[23:37:54] <enno123> Julez ich bin auch für Counter Strike 76 xd
[23:38:21] <@%+Julezmeister_> @enno123 MEINE REDE :D
[23:38:21] <%lpmwolfsherz> Immer diese CS Spieler xD
[23:38:28] <@+Aval0nTV> @Julezmeister_ ich ärger mich immernoch, das es für dying light 2 kein release datum gibt ^^
[23:38:32] <enno123> isso xd
[23:38:43] <@%+Mod4YouBOT>* Der heutige Stream läuft über GamingClerks - Deswegen ist es leider nicht möglich Subs & Spenden direkt im Stream anzuzeigen. Earli wird sich dennoch bei euch bedanken! - Der Stream auf YouTube: https://youtu.be/oFwauBJQcHU
[23:39:08] <+Zickzackboy> hallo earliboy
[23:39:18] <@%+Julezmeister_> dibge die ich sehen will: witcher 4, neues pokémongame, counterstrike 76, kylo ren simulator
[23:39:37] <@%+Julezmeister_> na gut, neues pokemongame gibts ja schon
[23:40:15] MOD: Zanzarah
[23:41:14] <@%+Mod4YouBOT>* Der heutige Stream läuft über GamingClerks - Deswegen ist es leider nicht möglich Subs & Spenden direkt im Stream anzuzeigen. Earli wird sich dennoch bei euch bedanken! - Der Stream auf YouTube: https://youtu.be/oFwauBJQcHU
[23:42:25] UNMOD: Rexentietv
[23:42:33] <@%+Julezmeister_> warum machen die witcher nicht weiter? 😭
[23:42:46] <~%earliboy> hey Zickzackboy :D
[23:42:55] <~%earliboy> Julezmeister_ ich glaub da brauchen die noch bisschen :D
[23:43:03] <~earliboy> FALLS die es weiter machen - bin da 0 im bild :D
[23:43:43] <@%+Mod4YouBOT>* Der heutige Stream läuft über GamingClerks - Deswegen ist es leider nicht möglich Subs & Spenden direkt im Stream anzuzeigen. Earli wird sich dennoch bei euch bedanken! - Der Stream auf YouTube: https://youtu.be/oFwauBJQcHU
[23:44:09] <@%+Julezmeister_> @earliboy ne, die machen das nicht weiter
[23:44:10] <@+Aval0nTV> ja, witcher 4 wäre mega
[23:44:46] <%lpmwolfsherz> Witcher wurde nach den Büchern her programmiert und ab Teil 3 ist/war halt Ende weil die Bücherserie zuende war.
[23:44:53] <@%+Julezmeister_> gronkh hatte mal sonen producer da zum zocken vom dlc und der sagte, dass das spiel nicht weitergehen wird weil es quasi "nicht besser werden kann" und man das nicht auslutschen will
[23:45:13] <@%+Julezmeister_> hätte nichts dagegen das auszulutschen 😂
[23:45:16] <@+Aval0nTV> echt jetzt?? das wäre mega sad
[23:45:22] <@%+Julezmeister_> aber vielleicht ganz gut so
[23:45:32] <@+Aval0nTV> da könnte man noch so viele geile sachen machen mit der serie
[23:45:57] <@%+Julezmeister_> @aval0ntv ja, aber wird nicht passieren. jedenfalls nicht mit den gleichen leuten die das damals gemacht haben
[23:46:13] <@%+Mod4YouBOT>* Der heutige Stream läuft über GamingClerks - Deswegen ist es leider nicht möglich Subs & Spenden direkt im Stream anzuzeigen. Earli wird sich dennoch bei euch bedanken! - Der Stream auf YouTube: https://youtu.be/oFwauBJQcHU
[23:46:18] <@+Aval0nTV> jetzt machst du mich traurig!!! :(
[23:46:28] <~%earliboy> 2021 soll was kommen
[23:46:29] MOD: Rexentietv
[23:46:31] <%+Masterofdennis> leider kein Halo6 aber dafür halo Infiniti und fallout
[23:46:51] <@%+Julezmeister_> @aval0ntv bin auch schon traurig gewesen deswegen :'D
[23:47:04] <@%+Julezmeister_> hab nie fallout gespielt, steinigt mich
[23:47:19] <~%earliboy> das setting muss einem halt gefallen :D
[23:47:20] <@+Aval0nTV> solltest du nachholen. zumindest fallout 4
[23:47:29] Viewerstats (23:26-23:46): avg:61 min:38 max:81 [11/42-4+4+0-1+40-2-2+4-2-4]
# Log closed: 2018-06-10 23:47:29 +0200
-
