# Log started: 2018-08-18 10:45:16 +0200
[10:45:16] Trete #wolfi_wr bei..
[10:45:16] ~Ranken bis Paris Major anfängt <3 (Tom Clancy's Rainbow Six: Siege)~
[10:45:16] #wolfi_wr beigetreten
[10:45:55] <+recklessGreed> und? Wie Groß ist die Losing Streak? 
[10:46:27] <NF717> Irgendwie hab ich die streams vermisst SeemsGood
[10:46:31] <+recklessGreed> Also unendlich KappaHD
[10:46:44] MOD: Mod4youbot, Wolfi_wr
[10:46:51] <+recklessGreed> Warte
[10:46:56] <+recklessGreed> https://bit.ly/2vKky6c
[10:46:59] <+recklessGreed> Hier 
[10:47:01] <NF717> 13:00 stahrtets
[10:47:04] <+recklessGreed> Streamfängtum 13 Uhr an
[10:47:23] <+recklessGreed> Erstes Spiel ist um15 Uhr
[10:47:33] <hoschi2310> wolfi du musst uns nochmal erklären wie das mit den Charms geht Kappa
[10:47:35] <NF717> 15:00
[10:47:42] <NF717> Ist das erste match
[10:47:57] <+recklessGreed> hoschi2310 bitte nicht... bin immernoch geschädigt von gestern FeelsBadMan
[10:48:01] <ibaa> Guten Morgen HeyGuys
[10:48:08] <hoschi2310> @recklessGreed lol
[10:48:30] <+recklessGreed> huh FailFish ... 
[10:48:39] <+BenneLeBoz> moin moin zusammen! FunRun schönen stream leute PokPikachu ich muss jetzt dann leider auf arbeit FailFish
[10:48:41] <hoschi2310> xd
[10:48:47] <+recklessGreed> Ich werd keine Frage zu den Charms beantworten. Das darf ich nachher noch lang genug machen
[10:48:47] <NF717> penguPOGGERS
[10:48:55] <hoschi2310> sha77eFail
[10:49:02] <+BenneLeBoz> danke xD
[10:49:08] <+recklessGreed> @Wolfi_wr nicht nur du bist durchgedreht ... ich und Pavi auch ^^ 
[10:49:13] <+recklessGreed> FICK DICH! 
[10:49:17] <hoschi2310> @recklessGreed dann viel spaß
[10:49:20] <+recklessGreed> ._.
[10:49:21] [Info] Unrecognized command: /_.
[10:49:23] <+BenneLeBoz> LUL
[10:49:24] <+delysian95> moooin koreyKonCha
[10:49:32] ~Wie geht das mit den Charms? Ranken (Tom Clancy's Rainbow Six: Siege)~
[10:49:32] ~Wie geht das mit den Charms? Ranken (Tom Clancy's Rainbow Six: Siege)~
[10:49:46] <+recklessGreed> 10 Stunden 22 Minuten
[10:50:20] <+Herrison_> !dropcharms
[10:50:24] <+recklessGreed> ^^ Vielen Dank :)
[10:50:29] <%+passlo> Ich habe es bis jetzt auch nicht geschafft meinen Account zu verbinden :( KappaHD
[10:50:29] <+recklessGreed> Stirb Herrison_ FeelsBadMan
[10:50:37] <+Herrison_> hi na :D
[10:50:48] <NF717> NotLikeThis
[10:50:58] <+recklessGreed> Ich bin heut erst zum 2ten Halbfinale da ^^ 
[10:51:02] <hoschi2310> !charms
[10:51:11] <+Herrison_> Die waren glaube ich nur ein bisschen abgefuckt
[10:51:17] <+TimDerVin> Hab dich gestern im chat gesehen @Wolfi_WR
[10:51:20] <NF717> LUL
[10:51:21] <+recklessGreed> Herrison_ minimal ^^ 
[10:51:31] <Gollowan> Die Scene für ingame is ehrlichgesagt komisch :/ wieso hast du kein standard vollbild gamescreen und die cam in die ecke ? @Wolfi_WR
[10:51:37] <+recklessGreed> Ama war gestern bisschen genervt von dir ^^ 
[10:51:41] <damon3105> Bleibt dein Stream so gesplittet
[10:51:55] <+Herrison_> ama ist von jedem genervt
[10:52:05] <+recklessGreed> Herrison_ stimmt schon auch
[10:52:32] <Gollowan> Ok dann hat sich meine frage auch geklärt xd
[10:52:46] Requesting moderator list..
[10:52:46] [Info] The moderators of this channel are: alphag121, aysli, earliboy, elli_is_me, letsfabs, mod4youbot, moobot, mrduckspace, silberbirkehd, t1t4nw0lf, zanderlp, zanzarah
[10:52:46] There are 12 mods for this channel.
[10:52:55] <%maicon51288> moin
[10:53:03] <damon3105> Cool danke
[10:53:31] <+Herrison_> ja
[10:53:34] <+recklessGreed> jo genau
[10:53:45] <Seratix> Moin moin
[10:54:30] <Xhenningxx> hey
[10:54:41] <totomunchies> servus
[10:54:59] <%+passlo> Man bekam von denen ein Timeout, wenn man ein bisschen trollen wollte und geschrieben hatte: "Kann Qtm auch mal ein Game gewinnen?" :D
[10:54:59] <+recklessGreed> Schick mir mal den Namen von dem Dude... ich prüf das mal gegen.
[10:55:10] <+recklessGreed> So nach der Runde oder so
[10:55:10] <totomunchies> pause vom Rasen mähen, zigarette und rainbow6. passt.
[10:55:19] <Seratix> Wie ist das zu eigentlich mit den Charms von Ubisoft?
[10:55:20] <+recklessGreed> Morgen totomunchies ^^ nachher wieder am start? 
[10:55:35] <+recklessGreed> Seratix frag das am besten nachher bei den Majors
[10:55:42] <totomunchies> @recklessgreed na selbstverständlich! guten Morgen!
[10:55:43] <+recklessGreed> Dann gib mir den TwitterName ^^ 
[10:56:36] <+recklessGreed> grr jetzt hängt mein Stream -.-
[10:57:40] <totomunchies> @recklessgreed hast nur einen PJSalt Amerikaner verpasst FunRun
[10:57:48] <+recklessGreed> totomunchies passiert ^^ 
[10:58:09] <NF717> Wolfi liebt sein soloq LUL
[10:59:04] <NF717> Ich weis wir haben die miras in der strat auch so edward21FACT
[10:59:13] <NF717> Ich kenn das
[10:59:35] <%+passlo> Sei Froh das die überhaupt reden, auf Ps4 pimmeln die alle in ihre Ps4 Partys und niemand im Spielchat kassFAIL
[11:00:31] <totomunchies> auf der Xbox kannst du den Teamchat im talked hören, auch wenn du in einer Party bist. das ist ganz gut.
[11:00:41] <totomunchies> *ranked
[11:00:52] <NF717> Doch
[11:00:55] <NF717> Glaubs mir
[11:01:05] [Notification] jasi_g_nonen just subscribed with a Tier 1 sub!
[11:01:11] <NF717> Wenns deutsche sind die ragen zum teil komplett NotLikeThis
[11:01:14] <~%Wolfi_WR> wolfiLovee wolfiLovee wolfiLovee wolfiLovee
[11:01:15] <~%Wolfi_WR> wolfiHype wolfiHype wolfiHype wolfiHype
[11:01:15] <~%Wolfi_WR> wolfiLovee wolfiLovee wolfiLovee wolfiLovee
[11:01:15] <~%Wolfi_WR> wolfiHype wolfiHype wolfiHype wolfiHype
[11:01:40] <%jasi_g_nonen> wolfiHi wolfiLovee da bin ich wieder
[11:01:57] <%jasi_g_nonen> ging endlich wieder bruder juhuuuu
[11:02:08] <fe372lixb> Auf welchen Musik Geschmack stehst du
[11:02:17] <NF717> Ich habe mein 5 monate sub da bei dir verloren
[11:02:35] <totomunchies> FunRun StinkyCheese PJSalt
[11:03:36] <%jasi_g_nonen> Hör dir mal Our Last Night an und sag wie du die findest wolfiHype
[11:04:06] <fe372lixb> Ah ok ich höre nur deutsch rap aber z.b jbb wegen dem fronts und das reitzt mich halt
[11:04:08] <%jasi_g_nonen> Stell den spasst mal stumm wolfi hahaha
[11:04:22] You have left #wolfi_wr
[11:04:22] Viewerstats (10:45-11:03): avg:26 min:10 max:41 [10/10+8-1+0+5+8+0+9+2+0]
# Log closed: 2018-08-18 11:04:22 +0200
-
