# Log started: 2018-08-19 08:29:12 +0200
[08:29:12] Trete #rainbow6de bei..
[08:29:12] #rainbow6de beigetreten
[08:29:12] ~Stream offline~
[08:29:12] ~Stream offline~
[08:29:27] You have left #rainbow6de
# Log closed: 2018-08-19 08:29:27 +0200
-
# Log started: 2018-08-19 12:48:47 +0200
[12:48:47] Trete #rainbow6de bei..
[12:48:47] ~[GER] Paris Major - Finale - G2 vs. EG (Tom Clancy's Rainbow Six: Siege)~
[12:48:47] #rainbow6de beigetreten
[12:48:47] MOD: Mod4youbot, Likecid, Moobot, Julian_r6, recklessGreed, Fewo11, Murks42, Brille45, T2n_mo, Digitalthundertv
[12:48:47] MOD: Lulatschman
[12:48:48] <domerabi124124> moin
[12:48:52] <eiskalt97> kann jemand den link dazu Posten?
[12:48:59] You have left #rainbow6de
[12:48:59] Viewerstats (12:48-12:48): avg:955 min:955 max:955 [1/955]
# Log closed: 2018-08-19 12:48:59 +0200
-
# Log started: 2018-08-19 19:59:27 +0200
[19:59:27] Trete #rainbow6de bei..
[19:59:27] ~Stream offline~
[19:59:27] ~Stream offline~
[19:59:27] #rainbow6de beigetreten
[19:59:27] MOD: Jaypi5, Digitalthundertv, Mod4youbot, Moobot, Fewo11, Ployl, Likecid
[19:59:27] <+mytribute> @labertasche10 wann später?
[20:02:29] <+Nozo_tv> es ist alles gelauben, das paris major ist vorbei mytribute labertasche10
[20:02:32] MOD: recklessGreed
# Log closed: 2018-08-19 20:06:41 +0200
-
