# Log started: 2018-06-18 19:59:24 +0200
[19:59:24] Trete #sfatsch bei..
[19:59:24] #sfatsch beigetreten
[19:59:25] ~Pen and Paper | Ein neues Aborea Abenteuer mit Nocargon, Hálarán Dúrpeth, Namine S'heer und Riom Whitree (IRL)~
[19:59:25] ~Pen and Paper | Ein neues Aborea Abenteuer mit Nocargon, Hálarán Dúrpeth, Namine S'heer und Riom Whitree (IRL)~
[20:01:37] Viewerstats (19:59-20:00): avg:9 min:9 max:10 [2/10-1]
# Log closed: 2018-06-18 20:01:37 +0200
-
# Log started: 2018-06-18 20:20:06 +0200
[20:20:06] Trete #sfatsch bei..
[20:20:06] ~Pen and Paper | Ein neues Aborea Abenteuer mit Nocargon, Hálarán Dúrpeth, Namine S'heer und Riom Whitree (IRL)~
[20:20:06] ~Pen and Paper | Ein neues Aborea Abenteuer mit Nocargon, Hálarán Dúrpeth, Namine S'heer und Riom Whitree (IRL)~
[20:20:06] #sfatsch beigetreten
[20:23:24] MOD: Nightbot, Sfatsch, Schronstein, Aysli
[20:33:03] <%ohbrianx> HeyGuys
[20:33:21] <@+aysli> hey ohbrianx
[20:33:45] <%ohbrianx> @aysli HeyGuys
[20:34:16] <%ohbrianx> Wie sexy Tarosh aussieht Kappa
[20:35:25] <%ron_rockwell> Wie kein Busfahren heute ? :)
[20:35:43] <%ohbrianx> Bernd hat frei Kappa @ron_rockwell
[20:36:10] <%bugisamstart> alter das zweite level in bus sim ... erstma die strecke 5000 mal fahren damit man 180 mitfahrer hat
[20:36:52] <%ron_rockwell> ???
[20:37:31] <%ron_rockwell> Thor
[20:37:47] <%ohbrianx> Wenn ich so eine in meiner Gruppe hätte, die die ganze Zeit klimpert, ganz ehrlich ich würde die umboxen sfatscNice
[20:39:38] <@+aysli> nicht nett ohbrianx :(
[20:40:12] <%ohbrianx> sfatscNice @aysli
[20:47:55] <%bugisamstart> sfatsch benutz deine ult !
[20:48:04] <%bugisamstart> IHR SCHAFFT DAS
[20:49:37] <%bugisamstart> game be like : bist du auch stark genug zum aufstehen
[20:50:05] Viewerstats (20:20-20:50): avg:7 min:5 max:11 [16/7+0+0+0+1-1+0-1+0+2+2-1+2-4-2+0]
[20:55:04] <%+atikin03> Hello sfatscNice sfatscNice
[20:55:08] <%+atikin03> na ?
[20:55:40] <%+atikin03> Alles fit und selbst ?
[21:00:39] <%+atikin03> Tarosh mit seinen Caps im hintergrund LUL
[21:04:01] <fabian1> Wie sauber fühlst du dich nach der Benutzung von Cotonelle Toilettentücjern
[21:04:50] <fabian1> Kommt immer in werbung
[21:05:52] <%+atikin03> Ich erinere mich an die zeiten wo man vor jedem stream werbung bekommen hat
[21:05:59] <~%+Sfatsch> https://twitter.com/hydra_universe
[21:06:03] <%+atikin03> Aber danke Twitch prime
[21:06:32] <monsterr17> oh look 3 retards
[21:06:46] <%+atikin03> hahhah stimmt
[21:06:57] <monsterr17> xD
[21:07:02] <monsterr17> sehr stimmt
[21:11:09] <RainersWeltYoutube> hi zusammen
[21:13:12] <@+aysli> huhu ^^
[21:14:40] <lNNO> !multi
[21:14:40] <@%^Nightbot> Supportet uns beide unter: http://www.multitwitch.tv/Dyri/Sfatsch
[21:14:56] <@+aysli>* Wenn ihr beide Ansichten der Streamer sehen wollt : https://multistre.am/tarosh/sfatsch/layout4/
[21:14:59] <~%+Sfatsch> https://multistre.am/tarosh/sfatsch/layout4/
[21:20:05] Viewerstats (20:52-21:20): avg:7 min:5 max:9 [15/5+1-1+1+0+0+0+2+0+0+0+1+0+0-2]
[21:44:24] <@Wass3rFee> Hey ihr hübschen Menschis, Achso und hey Johannes :3 xd <3
[21:46:17] <@Wass3rFee> Ja alles supi dupi und bei dir? x3
[21:46:51] MOD: Wass3rFee
[21:48:30] <@Wass3rFee> Können wir machen, meld dich einfach :3 Danki werd ich haben, kann ja hübsche Menschen und dich sehen :3 Oke sry xd <3
[21:49:31] <@Wass3rFee> Ich hab dich auch lieb xd
[21:50:05] Viewerstats (21:22-21:50): avg:7 min:6 max:10 [15/8-2+0+0+0+0+0+0+0+0+2+0+0+2-1]
[21:54:14] <%Danisaaa> Hiiiiiiiii SfatschiiMatschii tatschii datschii rest und chät
[21:54:18] <%Danisaaa> <3
[21:54:51] <%Danisaaa> ja alles okay und bei dir??
[21:55:01] <@Wass3rFee> Hallu dani :3
[21:55:23] <%Danisaaa> Hallo karla ^^
[22:02:48] UNMOD: Wass3rFee
[22:03:33] <%ohbrianx> Was hältst du eigentlich von den Artikel 13 ? sfatscNice
[22:04:14] <%ohbrianx> Jo bist du dann später noch frei ? Kappa JonCarnage
[22:04:57] <%ohbrianx> @aysli hat ja richtig Bock
[22:04:58] <%ohbrianx> Kappa
[22:05:20] <%Danisaaa> Die Jungfrau in nöten retten ^^
[22:05:24] <%Danisaaa> ???
[22:07:09] <%Danisaaa> habs verpasst :(
[22:07:29] <%bugisamstart> pause ? LUL
[22:07:38] <%bugisamstart> oder schon aus LULZ
[22:08:28] <%Danisaaa> <3
[22:08:34] <%ohbrianx> sfatscNice
[22:08:39] <%ohbrianx> Nicer Song
[22:08:44] <%ohbrianx> Kappa
[22:09:23] <%ohbrianx> Erstmal hosten, nur für den Song sfatscNice
[22:11:05] <%Danisaaa> fragt der man nicht eher.... war ich gut??
[22:11:09] <%Danisaaa> *mann
[22:11:42] <%Danisaaa> keine ahnung.... bin etwas matschig gerade
[22:11:56] UNMOD: aysli
[22:11:56] MOD: Tarosh
[22:13:46] UNMOD: Schronstein
[22:14:55] <%bugisamstart> kommt dann noch was oder ist danach aus ? LUL Plebg Kappa
[22:15:36] MOD: Schronstein
[22:18:21] <%ohbrianx> Klau mir NICHT MEIN WORT Kappa @bugisamstart
[22:18:35] <%bugisamstart> @ohbrianx <3
[22:19:05] <%ohbrianx> TwitchUnity @bugisamstart
[22:19:29] <%Cr3xy> moin
[22:19:40] <%bugisamstart> hay @Cr3xy
[22:20:05] Viewerstats (21:52-22:20): avg:10 min:9 max:12 [15/9+1+0+0+0+1-2+2-2+2-1+2-2+1+0]
[22:20:22] <%Cr3xy> geht bissl schwindelig und selbst?
[22:20:58] <%Cr3xy> an versteht dich kaum
[22:21:04] <%Cr3xy> man*
[22:21:37] <%ohbrianx> Ne du bist auch so ein bissle leise DBstyle
[22:21:40] <%bugisamstart> sfatschi man hört dich nukk
[22:21:43] <%bugisamstart> null *
[22:21:46] <%bugisamstart> garnicht
[22:21:51] <%bugisamstart> du bist 10 mal leiser wie die
# Log closed: 2018-06-18 22:21:51 +0200
-
