# Log started: 2018-08-19 08:29:16 +0200
[08:29:16] Trete #sfatsch bei..
[08:29:17] ~Stream offline~
[08:29:17] MOD: Sfatsch, Nightbot
[08:29:17] ~Stream offline~
[08:29:17] #sfatsch beigetreten
[08:29:27] You have left #sfatsch
# Log closed: 2018-08-19 08:29:27 +0200
-
# Log started: 2018-08-19 12:48:51 +0200
[12:48:51] Trete #sfatsch bei..
[12:48:52] ~Stream offline~
[12:48:52] ~Stream offline~
[12:48:52] #sfatsch beigetreten
[12:48:59] You have left #sfatsch
# Log closed: 2018-08-19 12:48:59 +0200
-
# Log started: 2018-08-19 12:49:00 +0200
[12:49:00] Trete #sfatsch bei..
[12:49:00] ~Stream offline~
[12:49:00] ~Stream offline~
[12:49:00] MOD: Nightbot, Sfatsch
[12:49:00] #sfatsch beigetreten
[12:49:02] You have left #sfatsch
# Log closed: 2018-08-19 12:49:02 +0200
-
# Log started: 2018-08-19 19:59:32 +0200
[19:59:32] Trete #sfatsch bei..
[19:59:32] ~Stream offline~
[19:59:32] ~Stream offline~
[19:59:32] #sfatsch beigetreten
[20:01:25] MOD: Nightbot, Sfatsch
[20:06:15] Unknown command: setdir (Remember you can also enter Twitch Chat Commands with a point in front: ".mods")
# Log closed: 2018-08-19 20:06:41 +0200
-
