# Log started: 2018-06-22 20:36:32 +0200
[20:36:32] Trete #sfatsch bei..
[20:36:32] #sfatsch beigetreten
[20:36:33] ~Pen and Paper | Ein neues Aborea Abenteuer mit Nocargon, Hálarán Dúrpeth, Namine S'heer und Riom Whitree (IRL)~
[20:36:33] ~Pen and Paper | Ein neues Aborea Abenteuer mit Nocargon, Hálarán Dúrpeth, Namine S'heer und Riom Whitree (IRL)~
[20:38:19] MOD: Nightbot, Aysli, Schronstein, Sfatsch
[20:41:10] <%timmy4live> Hallo
[20:45:26] <%+simke112> hallo zusammen :)
[20:47:54] <%AraNisaka> halloo :)
[20:48:43] <%AraNisaka> mir geht's gut :D ich wünsche euch viel Spaß
[20:53:39] <%+Bad_Spyro> Servus
[20:57:21] <%+Bad_Spyro> wo gibt es das spiel ?
[20:59:18] <%+Bad_Spyro> von aborea ? das
[21:01:14] <@+Schronstein> einfach bei amazon aborea eingeben, das set kostet 18,99
[21:02:21] <%+Bad_Spyro> @Schronstein brauch man da das würfelset extra ?
[21:02:39] <@+Schronstein> 2 w10 sind mit dabei, also 10 seitige würfel
[21:03:00] <%+Bad_Spyro> ok
[21:03:10] <%+Bad_Spyro> habs mir gegönnt :D
[21:03:22] <@+Schronstein> oh nice! :-D
[21:05:29] <@+Schronstein> machst du dann den spielleiter? oder wer hat die viele arbeit? :-D
[21:06:31] Viewerstats (20:36-21:06): avg:7 min:4 max:11 [16/4+0+2-1+2-1+4-2+0+0+1+0+1+0+1-2]
[21:08:25] <%+Bad_Spyro> ich werde spielleiter sein und später kann man sich mal abwechseln
[21:08:37] <%+Bad_Spyro> bin schon hype :D
[21:09:58] <%+Bad_Spyro> wie lang kann eigentlich so eine runde dauern
[21:11:31] <@+Schronstein> es kommt auf eure Spielweise an
[21:11:55] <%+Bad_Spyro> ok
[21:12:43] <@+Schronstein> also das erste abenteuer hier hat 3 runden mit ca. 3 std gedauert, das hieer ist die 3. session für dieses Abenteuer
[21:14:29] <%+Bad_Spyro> sfatscNice nacht durch machen :D :D
[21:17:58] <%+Bad_Spyro> nur noch eine sache weil nicht dauernt stören will hat jeder eigentlich so eine art charakter beschreibung vor sich um zu wissen was man kann
[21:18:43] <%+Bad_Spyro> krass
[21:18:53] <%+Bad_Spyro> danke fürs zeigen
[21:18:57] <%+Bad_Spyro> <3
[21:27:37] [Notification] hansololp just subscribed with a Tier 1 sub. hansololp subscribed for 2 months in a row! [Den Resub bekommst du nur weil Aysli dabei is !! :P]
[21:27:54] <@+aysli> :>
[21:28:07] <+recklessGreed> LauchLP <3
[21:28:22] <%+hansololp> :>
[21:36:31] Viewerstats (21:08-21:36): avg:9 min:8 max:12 [15/9+1-1-1+0+1-1+1-1+0+2+2-2+0+0]
[21:39:19] <raiconhd> hii
[22:06:37] Viewerstats (21:38-22:06): avg:10 min:9 max:12 [15/12-2+1+0+0-1+0-1+0+1+0+0-1+1+1]
[22:33:18] [Notification] nextfelix just subscribed with a Tier 1 sub. nextfelix subscribed for 5 months in a row!
[22:34:23] <%+nextfelix> Mir geht's gut :D Hab leider nicht mehr so viel Zeit um vorbei zu schauen
[22:36:37] Viewerstats (22:08-22:36): avg:8 min:8 max:10 [15/9+0+0-1+1+1-1+0-1+1-1+0+0+1+1]
[22:37:53] <+driwx420> Hallo ihr süßen Jungs und aysli
[22:38:46] <+driwx420> tarosh mit Hemd sehr süß
[22:38:54] <+driwx420> so förmlich
[22:39:58] <@+aysli> huhu driwx420
[22:40:25] <+driwx420> Guten Hunger aysli
[22:40:38] <@+aysli> danke
[22:41:32] <+driwx420> was gibts zu essen?
[22:42:07] <+driwx420> @aysli
[22:45:08] UNMOD: aysli
[22:46:12] <+driwx420> ich verstehe nix irgendwas von Orcs und Vorhang und Dolch LUL
[22:57:18] MOD: aysli
[23:06:37] Viewerstats (22:38-23:06): avg:9 min:7 max:13 [15/9+1+3-3+0+1-2-1+1+2-1+0-2-1+0]
[23:20:02] <%+Bad_Spyro> ich wünsche euch einen schönen rest abend und viel spaß noch ich geh pennen <3 :)
[23:20:40] <%+Bad_Spyro> <3 jo
[23:36:42] Viewerstats (23:08-23:36): avg:7 min:6 max:10 [15/7+0+0+0+3-4+0+2+0-1-1+1+0-1+0]
