# Log started: 2017-10-05 19:24:46 +0200
[19:24:46] Joining #catberry..
[19:24:46] ~[Ger] Emote Commissions und chillen - schluffig im Kopf (Creative)~
[19:24:47] You have joined #catberry
[19:24:56] <%+0x2F7C37> da bist du noch zu jung für Finstermoor
[19:25:19] <%+Finstermoor> wow Jung hat mich lange nieman genannt mit meinen 38 Lenzen
[19:25:24] <@%deadlydoener> a) schweineteuer und b) ein full Motion Simulationssystem, welches sich technisch nicht mehr von der Realität unterscheiden lässt
[19:25:54] <%+0x2F7C37> Finstermoor 38 PogChamp alter sack LUL
[19:26:06] MOD: deadlydoener, Botberry, Darkravi, Catberry
[19:26:10] <@%deadlydoener> Und dazu ist unser Sim einer der technologisch fortgeschrittensten weltweit
[19:26:23] <haexxa> moin zusammen captTreat
[19:26:23] <%+0x2F7C37> bitte? LUL
[19:26:35] <%Little_Kazu> Dönerteller am Start Kappa
[19:26:36] <%+Finstermoor> ok Döner , ich glaube den kannste mir geben , den verticke ich dann und kann mir einige neue RC-Trucks kaufen
[19:27:05] <%+0x2F7C37> ich meine du machst dat schon inzKlug
[19:27:11] <%Little_Kazu> Döner, gib mir den, Dann kann ich mein Auto endlich so umbauen, wie ich das will und Finster neue RC-Trucks holen KappaHD
[19:27:21] <%+Finstermoor>* ist nicht kreativ im Moment
[19:27:26] <@%deadlydoener> Finstermoor, wenn du die Kiste verkaufen würdest, könntest du dir auch ohne Probleme nen kompletten Fuhrpark richtiger Trucks zulegen...
[19:27:31] <%Little_Kazu>* ist nie kreativ
[19:27:43] <+hisjessiii> Triggered ist echt schwer :-o
[19:27:55] <@%deadlydoener> aber du müsstest dazu das komplette Gebäude mitnehmen, und das steht bei uns aufm Firmengelände :P
[19:28:07] <%+Finstermoor> Ne dann müsste ich ja nen Führerschein machen , reicht ja schon das ich Führungskraft bin , da muss ich nicht noch auf alle Menschen losgelassen werden
[19:28:13] <%+0x2F7C37> triggered ist doch einfach, einfach nen wütenden fischi
[19:28:26] <%Little_Kazu> Finster, ich fahre!
[19:28:40] <haexxa> triggered mit zähneknirschen und zuckendem augenlid?
[19:28:52] <%+Finstermoor> Vorschlag Nimm den fisch der Hinter einen roten Fadenkreuz ist
[19:28:57] <%+0x2F7C37> tipG <- triggered
[19:28:57] Viewerstats (19:26-19:28): avg:21 min:19 max:22 [3/22+0-3]
# Log closed: 2017-10-05 19:28:57 +0200
-
