# Log started: 2018-01-28 18:26:59 +0100
[18:26:59] Joining #dargozino..
[18:26:59] You have joined #dargozino
[18:27:00] <MichaelFruitTea> Guten Tach :P
[18:27:00] ~Stream offline~
[18:27:03] <+Goestreet> Hallo
[18:27:04] <LetsFabs> naaa
[18:27:06] <@Drummer1846> hallo
[18:27:06] <+recklessGreed> Steven Stinkt ! 
[18:27:08] Unknown command: hype (Remember you can also enter Twitch Chat Commands with a point in front: ".mods")
[18:27:15] <+Goestreet> Macht jemand ein Feuer? :(
[18:27:15] <+sunniglp> Goestreet ihh was bist du den
[18:27:17] <+LpmitMarc_tv> @MichaelFruitTea Ihh non prime und sub D: @LetsFabs
[18:27:21] <+SilberBirkeHD> Servutzen
[18:27:27] <+sunniglp> Ihhhh Goestreet
[18:27:35] <MichaelFruitTea> @LpmitMarc_tv Anzeige Kappa
[18:27:37] <+sunniglp> zinusHerz zinusHerz zinusHerz zinusHerz
[18:27:41] <+TerrarionChris> Kokusnüsse für jedermann =D
[18:27:44] <+Goestreet> @sunniglp raus. Stinkender Anwärter WutFace
[18:27:52] MOD: Mod4youbot, Dargozino
[18:27:55] <+SilberBirkeHD> @Goestreet Isso :D
[18:28:00] <MichaelFruitTea> @Goestreet zanderWTF
[18:28:04] <+SilberBirkeHD> Hi
[18:28:09] <MichaelFruitTea> Ich kassier den Bann
[18:28:09] <+LpmitMarc_tv> Hiiii
[18:28:15] <+sunniglp> zinusTraurig
[18:28:16] <+SilberBirkeHD> Ban micg :D
[18:28:19] <+SilberBirkeHD> LUL
[18:28:24] <+Goestreet> Ich habe da mal 'ne Frage
[18:28:26] <LetsFabs> !voteban sunniglp
[18:28:27] <+LpmitMarc_tv> @MichaelFruitTea Ja hoffe ich dich LUL
[18:28:29] <+SilberBirkeHD> JAaaaaaa
[18:28:32] BAN: SilberBirkeHD (1s)
[18:28:36] <+SilberBirkeHD> :(
[18:28:36] <+HerrWurstwasser> Haha @SilberBirkeHD
[18:28:37] <+recklessGreed> zanderHype zanderLove zanderHype zanderLove zanderHype zanderLove zanderHype zanderLove zanderHype zanderLove zanderHype zanderLove zanderHype zanderLove zanderHype zanderLove zanderHype zanderLove zanderHype zanderLove zanderHype zanderLove zanderHype zanderLove zanderHype zanderLove
[18:28:37] <+SilberBirkeHD> :D
[18:28:44] <+recklessGreed>* Die moderative Arbeit in meinem Stream kommt von Mod4You. Ein Zusammenschluss von vielen Moderatoren, welches unteranderem geleitet wird von mir. Mehr info's findet ihr auf unserer Webseite (http://mod4you.de/). Auch könnt ihr unseren Teamspeak für Fragen oder zum Zocken nutzen (Ts³: mod4you.de).
[18:28:44] <+SilberBirkeHD> @HerrWurstwasser Immer ich :D
[18:28:46] <+sunniglp> PokPikachu PokPikachu PokPikachu PokPikachu PokPikachu PokPikachu PokPikachu PokPikachu
[18:28:49] <MichaelFruitTea> @LpmitMarc_tv Anzeige
[18:28:51] <+Goestreet> ist das ein Fidget Spinner in seinem offline Banner?
[18:28:51] <+recklessGreed> I BIMS 1 BIT
[18:28:53] <+HerrWurstwasser> Recki ist ja auch da :P
[18:28:55] <MichaelFruitTea> Ehm
[18:28:57] <+recklessGreed> BOT :D 
[18:29:00] <+LpmitMarc_tv> HAcker ! LUL
[18:29:01] <+SilberBirkeHD> @recklessGreed LUL
[18:29:08] <+sunniglp> Goestreet Ja klar Kappa
[18:29:08] <MichaelFruitTea> !uptime @recklessGreed LUL
[18:29:16] Unknown command: zanderuptime (Remember you can also enter Twitch Chat Commands with a point in front: ".mods")
[18:29:16] <+Goestreet> ist das ein Fidget Spinner in seinem offline Banner?!?!
[18:29:25] <MichaelFruitTea> Ja
[18:29:30] <+recklessGreed> Mein Uptime ist nur für Zander eingestellt :(
[18:29:31] <+Goestreet> Oh Gott
[18:29:34] <+LpmitMarc_tv> @Goestreet Ja LUL
[18:29:38] <+sunniglp> Ein Spidget Finner
[18:29:38] <MichaelFruitTea> 3/4 Spinner
[18:29:40] <+Goestreet> Tschüss, schönen Abend noch Kappa
[18:29:49] <+SilberBirkeHD> @Goestreet Be
[18:29:49] <+sunniglp> Okay bye
[18:29:50] <+LpmitMarc_tv> Ja Hau ab LUL @Goestreet
[18:29:51] <+sunniglp> xD
[18:29:59] <+Goestreet> Marc, mach das weg. Schnell.
[18:30:06] <~+Dargozino> !kappa
[18:30:07] <@+Mod4YouBOT> MiniK MiniK MiniK MiniK MiniK MiniK
[18:30:07] <@+Mod4YouBOT> HEY Kappa Kappa HEY Kappa Kappa HEY
[18:30:07] <@+Mod4YouBOT> JETZT IST TWITCH-CHAT ANARCHIE
[18:30:08] <@+Mod4YouBOT> HEY Kappa Kappa HEY Kappa Kappa HEY
[18:30:08] <@+Mod4YouBOT> NIEDER MIT DEM BOT-SYSTEM!
[18:30:09] <@+Mod4YouBOT> HEY Kappa Kappa HEY Kappa Kappa HEY
[18:30:09] <@+Mod4YouBOT> ALL DIE MODS DIE KÖNNEN GEHN
[18:30:09] <@+Mod4YouBOT> HEY Kappa Kappa HEY Kappa Kappa HEY
[18:30:10] <@+Mod4YouBOT> ALLE SCHREIEN GREYFACE NO SPACE
[18:30:10] <@+Mod4YouBOT> MiniK MiniK MiniK MiniK MiniK MiniK
[18:30:17] <+sunniglp> spielt er Cities Skylines? Kappa
[18:30:23] <+LpmitMarc_tv> @Goestreet Nö :P
[18:30:24] <~+Dargozino> Kappa
[18:30:27] <+HerrWurstwasser> Wie geht es euch denn so?
[18:30:34] <MichaelFruitTea> Greyface no space
[18:30:36] <MichaelFruitTea> und jetzt
[18:30:37] <+Goestreet> @LpmitMarc_tv WutFace
[18:30:40] <MichaelFruitTea> :(
[18:30:41] <+sunniglp> Ein Spidget Finner
[18:30:54] <+Goestreet> Echt Mika? Wo denn :)
[18:30:54] <+HerrWurstwasser> @sunniglp Was ist das?
[18:31:03] <+LpmitMarc_tv> @Goestreet Ja Hau ab du penner dich meine ich alter... geh aus mein sichtfeld.... ich mag dich nicht mehr BibleThump
[18:31:04] <+SilberBirkeHD> jaja
[18:31:05] <MichaelFruitTea> CarlSmile
[18:31:12] <+sunniglp> Als Wurstwasser bezeichnet man ein erquickendes Getränk, das oft auch mit Tee verwechselt wird. Eignet sich sehr gut für homöopathische Anwendungen
[18:31:12] <+recklessGreed>* Der stream läuft seit .
[18:31:19] <+HerrWurstwasser> Was ist eine NAS? clymYay
[18:31:28] <+sunniglp> HerrWurstwasser xD
[18:31:33] <MichaelFruitTea> SeriousSloth
[18:31:37] <+Goestreet> @LpmitMarc_tv Warum sagst du sowas? D:
[18:31:37] BAN: HerrWurstwasser
[18:31:40] <MichaelFruitTea>* bann
[18:31:41] <LetsFabs> xD
[18:31:42] <+sunniglp> Goestreet da!!!!!!!
[18:31:50] <+sunniglp> Als Wurstwasser bezeichnet man ein erquickendes Getränk, das oft auch mit Tee verwechselt wird. Eignet sich sehr gut für homöopathische Anwendungen
[18:31:52] <+SilberBirkeHD> Bum Bum Bum Tam tam tam tam
[18:32:00] <+recklessGreed>* Nicht spammen sunniglp ! 
[18:32:07] <+LpmitMarc_tv>* @Goestreet Weil du gemein bist!! HAU AB
[18:32:08] <+SilberBirkeHD> Isso
[18:32:16] <+Goestreet> :(
[18:32:21] <+HerrWurstwasser> Heyho
[18:32:22] Trying to clear channel..
[18:32:22] [Info] You don't have permission to perform that action.
[18:32:30] <+Goestreet> @LpmitMarc_tv dich habe ich noch nie geärgert
[18:32:30] <MichaelFruitTea>* RecklessGreed Hallo Daniel :* (mrdav)
[18:32:31] <+sunniglp> recklessGreed zinustraurig
[18:32:34] <+LpmitMarc_tv> Du hast mein Herz gebrochen FeelsBadMan @Goestreet
[18:32:34] Channel was cleared by a moderator.
[18:32:37] <+Goestreet> NomNom
[18:32:45] <+Goestreet> Schönen guten Abend
[18:32:48] <+sunniglp> ScaredyCat
[18:32:56] <+LpmitMarc_tv> IHHH
[18:32:58] <@Drummer1846> @Goestreet Guten Abend! :)
[18:33:07] <+LpmitMarc_tv> @Goestreet Nein hab dich ganz doll lieb zanderLove
[18:33:11] <+HerrWurstwasser> Heyho an Euch!
[18:33:13] <MichaelFruitTea> Gehts schon los? LUL
[18:33:13] <+SilberBirkeHD> Servus :D
[18:33:14] <~+Dargozino> Guten Abend eguyHi
[18:33:22] <+HerrWurstwasser> @Drummer1846 Bist du neu hier?
[18:33:22] <MichaelFruitTea> Okey, sieht danach aus
[18:33:24] <+recklessGreed> Streamer du hast da Kohle übersehen
[18:33:24] <+Goestreet> Ich habe erstmal "Dummer1846" gelesen LUL
[18:33:24] <+SilberBirkeHD> Ihr hurensöhne alter fickt euch
[18:33:27] <+sunniglp> Goestreet Ich mag Fidget Spinners dings
[18:33:33] <+LpmitMarc_tv> @SilberBirkeHD Du dich alter!
[18:33:33] <MichaelFruitTea> Was wird heute gestreamt?
[18:33:36] <+Goestreet> @LpmitMarc_tv <3
[18:33:36] <@Drummer1846> @MichaelFruitTea Der Stream geht gleich los!
[18:33:42] <+HerrWurstwasser> @Goestreet Ich auch...
[18:33:43] <+sunniglp> SilberBirkeHD zinusTraurig
[18:33:43] <+LpmitMarc_tv> @MichaelFruitTea Deine Eltern :D
[18:33:47] <+SilberBirkeHD> @LpmitMarc_tv Willst du beef du Arisches Kind ?
[18:33:49] <+Goestreet> Es rappelt im Karton
[18:33:54] <MichaelFruitTea> @LpmitMarc_tv Du willst also Beef
[18:34:00] <@Drummer1846> @HerrWurstwasser Bin seit heute neu hier! Heey ho :)
[18:34:01] <MichaelFruitTea> komm 1v1
[18:34:02] <+LpmitMarc_tv> @SilberBirkeHD Sei mal leise du stück Birke
[18:34:03] <+Goestreet> Eine Bootsfahrt die ist lustig
[18:34:10] <+Goestreet> !kanal
[18:34:11] <@+Mod4YouBOT>* Meinen YouTube Kanal findet ihr unter: https://www.youtube.com/Dargozino :)
[18:34:12] BAN: SilberBirkeHD (600s)
[18:34:15] <+LpmitMarc_tv> @MichaelFruitTea Ja ich schick dir @Dargozino ^^ xD
[18:34:16] <+recklessGreed> LpmitMarc_tv besser als ein stück Eiche KappaHD
[18:34:18] <+HerrWurstwasser> Heyho @Drummer1846 ;)
[18:34:20] <+sunniglp> Goestreet Eine Bootsfahrt die ist schön
[18:34:23] <+LpmitMarc_tv> @recklessGreed LUL
[18:34:23] <+Goestreet> Hat er kein Twitter?
[18:34:27] <+SilberBirkeHD> @LpmitMarc_tv Halt deine Fresse
[18:34:32] <MichaelFruitTea> <Nachricht gelöscht>
[18:34:32] <+HerrWurstwasser> @Goestreet Schade... :(
[18:34:37] <+Goestreet> @sunniglp holla die holla
[18:34:38] <+SilberBirkeHD> Man ihr Hitler Kindler
[18:34:40] <+LpmitMarc_tv> @SilberBirkeHD selber alter... hau ab ihr
[18:34:41] <+sunniglp> Ja da kann man was erleben kann man Goestreets laufen sehen
[18:34:42] <+recklessGreed> Sach ma Leute habt ihr immer so Beef untereinander? 
[18:34:44] <+Goestreet> !anal
[18:34:45] <@Drummer1846> @SilberBirkeHD Keine Beleidigungen oder rassistische Äußerungen!
[18:34:49] <+Goestreet> Ups
[18:34:49] <+HerrWurstwasser> *Tastaturgeräusche von @Drummer1846 *
[18:34:50] <MichaelFruitTea> Warscheinlich wurde meine Nachricht von nem anderen raus gelöscht LUL
[18:34:53] <~+Dargozino> FailFish Goestreet
[18:34:56] MOD: Drummer1846
[18:35:00] <+SilberBirkeHD> @LpmitMarc_tv Jetzt erstrecht nicht
[18:35:04] BAN: SilberBirkeHD (3600s)
[18:35:07] <+recklessGreed> Bei mir laggts ._. 
[18:35:08] <+sunniglp> Goestreet du bist komisch
[18:35:10] <+Goestreet> @Dargozino keiner hat’s gesehen :)
[18:35:16] <+LpmitMarc_tv> @SilberBirkeHD Bist du doch auch.. also hau ab du voll idiot!! Ich will dich nicht mehr sehen... ( eigentlich hab ich dich ganz doll lieb <3 FeelsBadMan
[18:35:18] <MichaelFruitTea> Gibt es heute auch Legend? LUL Kappa
[18:35:24] <+Goestreet> @sunniglp ja! Schon das ganze Wochenende!
[18:35:24] <+HerrWurstwasser> !lobe @TerrarionChris
[18:35:27] <+recklessGreed> STREAMER dein Stream laggt ._. 
[18:35:27] <+HerrWurstwasser> !love @TerrarionChris
[18:35:28] <+LpmitMarc_tv> @MichaelFruitTea Bin ja da :D
[18:35:28] <+sunniglp> Cities Skylines ist langweilig ..
[18:35:28] <@+Mod4YouBOT> Immerhin, herrwurstwasser und @TerrarionChris haben 79% und sind damit voll im Durchschnitt CoolCat
[18:35:30] <+SilberBirkeHD> @LpmitMarc_tv Ich dich nicht
[18:35:34] <+sunniglp> Goestreet xD
[18:35:35] <+LpmitMarc_tv> !liebe LpmitMarc_tv
[18:35:39] <+HerrWurstwasser> Ohoo
[18:35:47] <MichaelFruitTea> @LpmitMarc_tv Ich hab nicht "looser" geschrieben :(
[18:35:50] <+SilberBirkeHD> Hilffeeeeeeeee man scheiß mod Helf mir mal
[18:35:51] <+Goestreet> Liebe wird hier im Chat nicht gemacht
[18:35:53] <+sunniglp> !love @Goestreet
[18:35:53] <@+Mod4YouBOT> Netter Versuch sunniglp. Du hast mit @Goestreet ganze 15% BrokeBack
[18:35:57] <@Drummer1846> @recklessGreed Du könntest mit F5 probieren deine Seite neu zu laden!
[18:35:59] <+Goestreet> Uff
[18:36:02] <+HerrWurstwasser> Tschau Fabsi
[18:36:05] <+sunniglp> xD
[18:36:05] <~+Dargozino> Wie lange geht der Streum heute?
[18:36:06] <+LpmitMarc_tv> Ich hab euch alle lieb D: <3 LUL
[18:36:08] <~+Dargozino> *Stream
[18:36:10] <MichaelFruitTea> !love Dargozino
[18:36:10] <@+Mod4YouBOT> Erleben wir heute noch eine Romanze? michaelfruittea und Dargozino haben 95% MiniK
[18:36:13] <+SilberBirkeHD> Haaallolllooooooo Hilfe !!!!
[18:36:17] <~+Dargozino> Uuuuh eguyNice
[18:36:19] <MichaelFruitTea> HAHAHA NIEMALS
[18:36:23] <+LpmitMarc_tv> @Dargozino Bist du ein lieber oder ein böser Drache LUL
[18:36:23] <MichaelFruitTea> LUL
[18:36:23] <+sunniglp> Ich will doch lieber Minekraft sehen
[18:36:26] <+recklessGreed> Das  hab ich doch schon 4128543 mal gemacht @Drummer1846 DansGame ... 
[18:36:29] <+HerrWurstwasser> clymHype ryoleHype clymYay
[18:36:30] <+Goestreet> @recklessGreed hast du schon eine Ahnung, was in die Mod4You Stadt gebaut werden soll?
[18:36:35] <MichaelFruitTea> Bug? @Mod4YouBOT
[18:36:36] <~+Dargozino> eguyWhat LpmitMarc_tv
[18:36:41] <+Goestreet> Ping
[18:36:43] <@Drummer1846> @Dargozino Es ist noch nicht sicher wie lange heute gestreamt wird :)
[18:36:47] <+Goestreet> Pong
[18:36:47] <+LpmitMarc_tv> Hier suche Nudes 0800 495789 danke :D
[18:36:48] <+sunniglp> I sing Wap bab
[18:36:49] <+recklessGreed> @Goestreet eine rießige recklessGreed Statue natürlich! 
[18:36:49] <MichaelFruitTea> Achja, der Bot antwortet nicht :(
[18:36:51] <+SilberBirkeHD> Man die mods von dem Drecks Stream hier HIIILLLLLLFFFFFEEEEE
[18:37:00] <+sunniglp> badadidada wab bab
[18:37:01] <+HerrWurstwasser> @MichaelFruitTea Der @Mod4YouBOT wird die nicht antworten... Das ist ein BOT!!!
[18:37:02] <+Goestreet> @recklessGreed oh, geil!
[18:37:03] <MichaelFruitTea> @LpmitMarc_tv Jo ich schick gleich ma los
[18:37:11] <+LpmitMarc_tv> Ja GEIL @MichaelFruitTea
[18:37:18] <+sunniglp> dadadidada thats just how it is
[18:37:22] <+SilberBirkeHD> Was ist den mit dir @Drummer1846 Hilf mir man scheiß mal auf die anderen
[18:37:25] <MichaelFruitTea> @HerrWurstwasser Du willst also.. Nudeln? zanderWTF
[18:37:30] <+Goestreet> Kennt jemand ein gutes GFS Thema?
[18:37:36] <+HerrWurstwasser> @MichaelFruitTea Ich mag Nudeln
[18:37:36] <+Goestreet> !abo
[18:37:38] <+recklessGreed> Sach ma @STREAMER kannst du mal DOTTO DOTTO spielen? ._.
[18:37:42] <MichaelFruitTea> Gibts hier Moderatoren?
[18:37:43] <+sunniglp> Was ist GFS
[18:37:44] <+LpmitMarc_tv>* Hier suche Nudes 0800 495789 danke :D
[18:37:45] <+Goestreet> !abbo
[18:37:46] <+sunniglp> Hilfe
[18:37:46] <+HerrWurstwasser> Bite kein Screenshot davon xD
[18:37:47] <@Drummer1846> @recklessGreed Liegt es denn an deinem Internet? :)
[18:37:48] <+sunniglp> Kappa
[18:37:52] <+Goestreet> Warum geht das nicht
[18:37:53] <+LpmitMarc_tv> LUL
[18:37:55] <+LpmitMarc_tv>* Hier suche Nudes 0800 495789 danke :D
[18:37:58] <+Goestreet> AR
[18:38:03] <+SilberBirkeHD> MAAAAAANNNNNNNNNN!!!!!!!
[18:38:09] <+HerrWurstwasser> @LpmitMarc_tv Immer gerne <3
[18:38:12] <+Goestreet> Bei mir gibt es essen, tschau
[18:38:13] <MichaelFruitTea>* @LpmitMarc_tv Ich schick gleich los
[18:38:15] <+recklessGreed> @Drummer1846 also wenns an meinem Internet liegen würde könnte ich ja hier nicht schreiben oder DansGame DansGame
[18:38:17] <@Drummer1846> @SilberBirkeHD Ich bin auch kein Roboter! Bei was benötigst du denn Hilfe?
[18:38:21] <+SilberBirkeHD>* Genau schreibt ihr mal
[18:38:22] <+LpmitMarc_tv> @HerrWurstwasser Jay @MichaelFruitTea zanderLove
[18:38:30] <+LpmitMarc_tv>* was? @SilberBirkeHD
[18:38:31] <+HerrWurstwasser> So ein bunter Chat hier! Lange nicht gesehen
[18:38:34] <@Drummer1846> @LpmitMarc_tv Heey ho :)
[18:38:34] <+sunniglp> Ich will MINEKRAFT und kein Pleier Onon Bettel krouns
[18:38:41] <+LpmitMarc_tv> @Goestreet Hat kein bock mehr D:
[18:38:53] <+SilberBirkeHD> @Drummer1846 Mein Stream läggt du Otto hat ja auch lang genug gedauert
[18:38:56] <MichaelFruitTea> 卐
[18:39:01] <@Drummer1846> @recklessGreed Der Streamer entscheidet selbst, was er gerne spielen möchte :) Nimm bitte darauf Rückstick, danke!
[18:39:07] <+LpmitMarc_tv> Abgehoben!! Was nen voll spast alter ich hasse ihn
[18:39:07] <+sunniglp> SilberBirkeHD Nichts gegen Ottos!
[18:39:09] <+sunniglp> Kappa
[18:39:13] <MichaelFruitTea> Cool, hier kann man ja schreiben, was man will :o
[18:39:19] <+recklessGreed> .
[18:39:19] BAN: LpmitMarc_tv (1s)
[18:39:19] [Info] Your message was not sent because it contained too many unprocessable characters. If you believe this is an error, please rephrase and try again.
[18:39:24] <+LpmitMarc_tv> @MichaelFruitTea Ich weiß geil oder :D
[18:39:24] <+sunniglp> Wo bleibt MINEKRAFT?!??!?
[18:39:26] <+HerrWurstwasser> Krasse Leistung @Drummer1846
[18:39:28] <+SilberBirkeHD> @sunniglp Maul du drecks minecraft Kiddy
[18:39:31] <MichaelFruitTea> 7BANN ALL
[18:39:39] <+sunniglp> SilberBirkeHD :0
[18:39:45] <+recklessGreed> !kappa
[18:39:45] <@+Mod4YouBOT> MiniK MiniK MiniK MiniK MiniK MiniK
[18:39:46] <@+Mod4YouBOT> HEY Kappa Kappa HEY Kappa Kappa HEY
[18:39:46] <@+Mod4YouBOT> JETZT IST TWITCH-CHAT ANARCHIE
[18:39:47] <@+Mod4YouBOT> HEY Kappa Kappa HEY Kappa Kappa HEY
[18:39:47] <@+Mod4YouBOT> NIEDER MIT DEM BOT-SYSTEM!
[18:39:47] <@+Mod4YouBOT> HEY Kappa Kappa HEY Kappa Kappa HEY
[18:39:48] <+SilberBirkeHD> @sunniglp xD
[18:39:48] <+LpmitMarc_tv> ... /clear Kappa
[18:39:48] <@+Mod4YouBOT> ALL DIE MODS DIE KÖNNEN GEHN
[18:39:48] <@+Mod4YouBOT> HEY Kappa Kappa HEY Kappa Kappa HEY
[18:39:49] <@+Mod4YouBOT> ALLE SCHREIEN GREYFACE NO SPACE
[18:39:49] <@+Mod4YouBOT> MiniK MiniK MiniK MiniK MiniK MiniK
[18:39:51] <+recklessGreed> !diggy
[18:39:51] <@+Mod4YouBOT> I am a dwarf,
[18:39:52] <@+Mod4YouBOT> and I'm digging a hole
[18:39:52] <@+Mod4YouBOT> Diggy diggy hole
[18:39:52] <+LpmitMarc_tv> Kappa
[18:39:53] <@+Mod4YouBOT> diggy diggy hole
[18:39:53] <@+Mod4YouBOT> I am a dwarf,
[18:39:53] <@+Mod4YouBOT> and I'm digging a hole
[18:39:54] <@+Mod4YouBOT> Diggy diggy hole
[18:39:54] <@+Mod4YouBOT> digging a hole!
[18:39:54] <+HerrWurstwasser> !kappa
[18:39:55] <@+Mod4YouBOT> MiniK MiniK MiniK MiniK MiniK MiniK
[18:39:55] <@+Mod4YouBOT> HEY Kappa Kappa HEY Kappa Kappa HEY
[18:39:55] <@+Mod4YouBOT> JETZT IST TWITCH-CHAT ANARCHIE
[18:39:56] <@+Mod4YouBOT> HEY Kappa Kappa HEY Kappa Kappa HEY
[18:39:56] <@+Mod4YouBOT> NIEDER MIT DEM BOT-SYSTEM!
[18:39:57] <@+Mod4YouBOT> HEY Kappa Kappa HEY Kappa Kappa HEY
[18:39:57] <+SilberBirkeHD> djndjkfndjkn
[18:39:57] <@+Mod4YouBOT> ALL DIE MODS DIE KÖNNEN GEHN
[18:39:58] <@+Mod4YouBOT> HEY Kappa Kappa HEY Kappa Kappa HEY
[18:39:58] <@+Mod4YouBOT> ALLE SCHREIEN GREYFACE NO SPACE
[18:39:58] <@+Mod4YouBOT> MiniK MiniK MiniK MiniK MiniK MiniK
[18:40:02] <+LpmitMarc_tv> !kappa
[18:40:02] <@+Mod4YouBOT> MiniK MiniK MiniK MiniK MiniK MiniK
[18:40:02] <+sunniglp> !WabBab
[18:40:03] <@+Mod4YouBOT> HEY Kappa Kappa HEY Kappa Kappa HEY
[18:40:03] <@+Mod4YouBOT> JETZT IST TWITCH-CHAT ANARCHIE
[18:40:03] <@+Mod4YouBOT> HEY Kappa Kappa HEY Kappa Kappa HEY
[18:40:04] <@+Mod4YouBOT> NIEDER MIT DEM BOT-SYSTEM!
[18:40:04] <@+Mod4YouBOT> HEY Kappa Kappa HEY Kappa Kappa HEY
[18:40:04] <+LpmitMarc_tv> D:
[18:40:05] <@+Mod4YouBOT> ALL DIE MODS DIE KÖNNEN GEHN
[18:40:05] <+sunniglp> schade
[18:40:05] <@+Mod4YouBOT> HEY Kappa Kappa HEY Kappa Kappa HEY
[18:40:05] <@+Mod4YouBOT> ALLE SCHREIEN GREYFACE NO SPACE
[18:40:06] <@+Mod4YouBOT> MiniK MiniK MiniK MiniK MiniK MiniK
[18:40:12] <+sunniglp> STOP
[18:40:13] <+LpmitMarc_tv> !kappa
[18:40:13] <@+Mod4YouBOT> MiniK MiniK MiniK MiniK MiniK MiniK
[18:40:13] <@+Mod4YouBOT> HEY Kappa Kappa HEY Kappa Kappa HEY
[18:40:14] <@+Mod4YouBOT> JETZT IST TWITCH-CHAT ANARCHIE
[18:40:14] <@+Mod4YouBOT> HEY Kappa Kappa HEY Kappa Kappa HEY
[18:40:15] <@+Mod4YouBOT> NIEDER MIT DEM BOT-SYSTEM!
[18:40:15] <+HerrWurstwasser>* STOP KAPPA
[18:40:15] <@+Mod4YouBOT> HEY Kappa Kappa HEY Kappa Kappa HEY
[18:40:15] <@+Mod4YouBOT> ALL DIE MODS DIE KÖNNEN GEHN
[18:40:16] <@+Mod4YouBOT> HEY Kappa Kappa HEY Kappa Kappa HEY
[18:40:16] <@+Mod4YouBOT> ALLE SCHREIEN GREYFACE NO SPACE
[18:40:17] <@+Mod4YouBOT> MiniK MiniK MiniK MiniK MiniK MiniK
[18:40:20] <+sunniglp> ________________________________________
[18:40:25] Unknown command: subtimed (Remember you can also enter Twitch Chat Commands with a point in front: ".mods")
[18:40:29] <+SilberBirkeHD> Nö
[18:40:29] <+recklessGreed> !sub timed 10
[18:40:30] [Info] This room is now in subscribers-only mode.
[18:40:31] <@+Mod4YouBOT>* 10 Minuten Submode, bis um 18:50 Uhr.
# Log closed: 2018-01-28 18:43:11 +0100
-
