# Log started: 2018-03-12 23:16:43 +0100
[23:16:43] Joining #derkunga..
[23:16:43] ~Fortnite daddeln! | Kunga (Fortnite)~
[23:16:43] You have joined #derkunga
[23:16:53] <@+recklessGreed> IHNEN! 
[23:17:27] <@+recklessGreed> Lebt hier sonst noch wer? 
[23:18:16] MOD: recklessGreed, Derkunga, Mod4youbot
[23:19:06] <@+recklessGreed> okay hier im Chat sind wohl alle Tot FeelsBadMan
[23:19:34] <@+recklessGreed> Ich mach doch schon Parteyyyy
[23:19:41] <@+recklessGreed> WUbb Wubb Wubbb
[23:19:45] <@+recklessGreed> Siehst du mich Tanzen :D 
[23:20:41] <trytoconnectsimulator> @all hi was geht?
[23:20:59] <@+recklessGreed> Aktuell nicht so viel :/ @trytoconnectsimulator
[23:21:12] <DasLuftMaedchen> moin
[23:21:19] <@+recklessGreed> Moin @DasLuftMaedchen 
[23:21:29] <DasLuftMaedchen> könntest du vlt einem Kollegen hosten wäre nice
[23:21:31] <trytoconnectsimulator> @recklessgreed läuft :)
[23:21:54] <DasLuftMaedchen> der fäng an und braucht Motivation haha
[23:22:26] Trying to timeout dasluftmaedchen (5s)
[23:22:26] BAN: DasLuftMaedchen (5s)
[23:22:26] MOD_ACTION: recklessgreed (timeout dasluftmaedchen 5 )
[23:22:26] [Info] DasLuftMaedchen has been timed out for 5 seconds.
[23:22:39] <@+recklessGreed> Bitte keine Werbung machen ... Kommt immer nicht so gut ... 
[23:23:23] <Calabrese069> Jo Kunga wann kommt wieder ne Folge "jodel mir einen"
[23:24:56] <Laus_Barbie> Seien Sie wohlweißlich gegrüßt!
[23:26:50] <@+recklessGreed> Ich muss weiter mein Eselreitender Freund. Wir hören! 
[23:26:53] Viewerstats (23:16-23:26): avg:21 min:20 max:23 [6/22-1-1+0+3-1]
# Log closed: 2018-03-12 23:26:53 +0100
-
