# Log started: 2018-03-14 21:00:20 +0100
[21:00:20] Joining #dustinnaujokat..
[21:00:20] ~Fortnite ESKALATION  // FORTNITE DUO mit Vladi (Fortnite)~
[21:00:20] You have joined #dustinnaujokat
[21:00:38] <@+Mod4YouBOT>* Du möchtest Ryole unterstützen und eine Nachricht im Stream hinterlassen? https://www.tipeeestream.com/ryolehd/donation
[21:00:47] <+recklessGreed> Guten Abend der Herr
[21:01:25] <@%+TerrarionChris> Hiho @recklessGreed naa =)
[21:01:58] <+recklessGreed> Fortnite hat immernoch Connectivity Probleme
[21:02:04] MOD: Mod4YouBOT, TerrarionChris, Dustinnaujokat
[21:04:10] MOD: Easyskaterboy
[21:04:58] <Mikederrusse> Hey
[21:05:05] <@%+TerrarionChris> Hallu @Mikederrusse
[21:05:38] <@+Mod4YouBOT>* Ihr wollt Ryole kostenlos unterstützen? PogChamp Dann nutzt doch Loots! Den Link dazu gibt es hier: http://loots.com/ryole
[21:05:41] <Mikederrusse> Nicht viel bei dir
[21:06:39] <Mikederrusse> Okay
[21:08:02] <yoadstar__> moin
[21:08:12] <@%+TerrarionChris> Hellou @yoadstar__ =)
[21:08:17] <Mikederrusse> Bleib lieber bei deinem Kollegen
[21:08:43] <yoadstar__> hi @terrarionchris KappaPride CoolCat KappaPride CoolCat KappaPride CoolCat KappaPride CoolCat KappaPride CoolCat KappaPride CoolCat KappaPride CoolCat KappaPride CoolCat KappaPride
[21:09:27] <@%+TerrarionChris> @yoadstar__ Übertreibs nicht mit den Emotes bitte xDD
[21:09:58] <yoadstar__> @terrarionchris ok BloodTrail FunRun BloodTrail FunRun BloodTrail FunRun BloodTrail FunRun BloodTrail FunRun BloodTrail FunRun BloodTrail FunRun
[21:10:07] BAN: yoadstar__ (1s)
[21:10:08] <samuelmirna> hi @dustinnaujokat
[21:10:25] <@%+TerrarionChris> @yoadstar__ Ich habs grade gesagt oder? | Nabend @samuelmirna =)
[21:10:38] <@+Mod4YouBOT>* Den aktuellen Podcast findet ihr hier: https://www.youtube.com/watch?v=-5Nx6M6VlbE , auf ITunes und Spotify folgt er noch =)
[21:10:44] <erickokus> !coininfo
[21:10:45] <@+Mod4YouBOT>* Das Coin-System addiert jedem aktiven Zuschauer 0,1 Coin pro Minute, sodass nach 10 Minuten 1 Coin gebucht wurde. |-| Die aktuellen TOP 50 kannst du hier sehen: https://www.mod4you.de/coins/dustinnaujokat |-| Wenn du dich rechts oben anmeldest, siehst du deinen aktuellen Stand.
[21:10:45] <yoadstar__> @terrarionchris ok jetzt hör ich auf
[21:10:57] <@%+TerrarionChris> Danke =)
[21:11:24] <samuelmirna> seit wann heißt der channel @dustinnaujokat
[21:11:38] <@%+TerrarionChris> @samuelmirna Seid gestern also noch ganz frisch =D
[21:11:55] <samuelmirna> thx @terrarionchris
[21:12:01] <yoadstar__> @terrarionchris darf man in caps schreiben
[21:12:33] <%xmisty13x> @yoadstar__ ich würds net tun :D
[21:12:45] <@%+TerrarionChris> @yoadstar__ Nicht zu übertrieben wie in den meißten anderen Chats nunmal auch ;)
[21:13:01] <yoadstar__> @terrarionchris ok gut zu wissen
[21:13:14] <yoadstar__> ist bei jedem chat anders
[21:13:28] <+gamer0012_hd> !regeln
[21:13:59] <@%+TerrarionChris> Den Command gibts nicht @gamer0012_hd
[21:14:18] <%vroni5sos> Wie schnell ist dein Red Bull bitte aus gegangen
[21:14:35] <@%+TerrarionChris> @yoadstar__ Die Chats die von Mod4You betreut werden da kannst dich drauf einstellen das in den meißten davon caps nicht zu gern gesehen ist ;)
[21:14:53] <+gamer0012_hd> Hab ich auch gerade gemerkt komme immer durcheinander wenn ich erst nen anderen Stream geguckt habe und es da Commander gab die es hier nicht gibt xD
[21:15:20] <@%+TerrarionChris> @gamer0012_hd Immer wieder herrlich nech xD
[21:15:32] <@%+TerrarionChris> Aber mach dir nichts draus geht mir genau so xD
[21:15:33] <+gamer0012_hd> Jo xD
[21:15:38] <@+Mod4YouBOT>* Coole Hoodies und Shirts findet ihr bei: https://m4u.link/ryolehdshop TwitchUnity
[21:15:40] <yoadstar__> @dustinnaujokat freust du dich schon auf sea of thieves
[21:16:25] <+gamer0012_hd> @terrarionchris ich glaub das geht ganz vielen so xD
[21:16:44] <yoadstar__> bin schon voll gehyped
[21:18:17] <+batzschaut> Hi
[21:18:39] <@%+TerrarionChris> Nabend @batzschaut
[21:18:57] <yoadstar__> hey @batzschaut HeyGuys
[21:19:38] <yoadstar__> schon mitbekommen das stephen hawking gestorben ist
[21:20:27] <yoadstar__> voll schade
[21:20:28] <+batzschaut> Natürlich?
[21:20:38] <@+Mod4YouBOT>* Schaut doch mal bei meinen Daily Vlogs vorbei : https://m4u.link/ryolehd/yt
[21:21:16] UNMOD: Easyskaterboy
[21:22:27] <+batzschaut> Er ist an einer "Atemlehmung" gestorben durch seine Krankheit "ALS"
[21:23:32] <%+Chronoek> mipp
[21:23:50] <yoadstar__> @dustinnaujokat was hältst du von dem milch ist gift skandal
[21:24:05] <@%+TerrarionChris> Was geht @Chronoek =)
[21:24:11] <xx_cyb3r_xx> hey
[21:24:17] <@%+TerrarionChris> Hellou @xx_cyb3r_xx
[21:24:39] <yoadstar__> der vlog ?
[21:24:45] <xx_cyb3r_xx> wieso geht dein donation ding net? :P
[21:25:03] <@%+TerrarionChris> @xx_cyb3r_xx Ist noch der alte link
[21:25:06] <@%+TerrarionChris> !spenden
[21:25:07] <@+Mod4YouBOT>* Du möchtest Ryole unterstützen und eine Nachricht im Stream hinterlassen? https://www.tipeeestream.com/dustinnaujokat/donation
[21:25:13] <xx_cyb3r_xx> aso
[21:25:33] <@%+TerrarionChris> @DustinNaujokat Nur der Commandlink funktioniert was unten ist der funktioniert nicht der führt noch zu RyoleHD
[21:25:38] <@+Mod4YouBOT>* Das Coin-System addiert jedem aktiven Zuschauer 0,1 Coin pro Minute, sodass nach 10 Minuten 1 Coin gebucht wurde. |-| Die aktuellen TOP 50 kannst du hier sehen: https://www.mod4you.de/coins/dustinnaujokat |-| Wenn du dich rechts oben anmeldest, siehst du deinen aktuellen Stand.
[21:25:54] <@%+TerrarionChris> Jetzt werde ich schon als Sandmann abgestempelt xDD
[21:26:02] <%xmisty13x> xD
[21:26:19] <@%+TerrarionChris> o.O
[21:26:33] <yoadstar__> PogChamp
[21:26:33] <@+Mod4YouBOT>* Cyb3r hat €2.00 gespendet! Vielen Dank imGlitch
[21:26:39] <xx_cyb3r_xx> :D
[21:26:50] <xx_cyb3r_xx> kd
[21:27:05] <xx_cyb3r_xx> Auf die geilen Vlogs :D
[21:27:17] <zoe_lodge> Hi :)
[21:27:22] <Pixelmage_LP> @DustinNaujokat kann man auch mit dir zusammen spielen?
[21:27:41] <%vroni5sos> @zoe_lodge hey :)
[21:27:50] <@%+TerrarionChris> @Pixelmage_LP Es ist mal ein game mit zuschauern geplant aber heute gibbet Duo mti Vladi
[21:27:59] <samuelmirna> cam
[21:27:59] <@%+TerrarionChris> @zoe_lodge huhu =D
[21:28:00] <zoe_lodge> @vroni5sos hii :)
[21:28:08] <Pixelmage_LP> Danke @TerrarionChris
[21:28:17] <zoe_lodge> @terrarionchris naaaa
[21:28:37] <zoe_lodge> @dustinnaujokat hi 👋🏼
[21:29:11] <zoe_lodge> Seit wann hast du deinen Namen geändert haha? War schon viel zu lange nicht mehr bei deinen streams..😪
[21:29:34] <@%+TerrarionChris> Gestern @zoe_lodge =)
[21:30:17] <%Manultzen> Dustin! Können Luisa und ich uns nach der Runde Euch anschließen?
[21:30:26] <zoe_lodge> @terrarionchris ahh danke ^^
[21:30:27] <%Manultzen> Habibi ich küss deine Augen
[21:30:38] <@+Mod4YouBOT>* Du möchtest Ryole unterstützen und eine Nachricht im Stream hinterlassen? https://www.tipeeestream.com/dustinnaujokat/donation
[21:30:41] <@%+TerrarionChris> Ach guten Abend @Manultzen Alles gut? D=
[21:30:44] <@%+TerrarionChris> =D
[21:30:49] <%Manultzen> Jo und bei dir Chris?
[21:30:59] <@%+TerrarionChris> Ja klar =D
[21:31:12] <%Manultzen> Bei mir ist alles korall! ryoleThumb
[21:31:15] <+aboutdomi> gute nacht ihr lieben .)
[21:31:21] Viewerstats (21:00-21:31): avg:22 min:18 max:29 [17/22-2+2+3+4+0-8+2+0-5+5-1+0+1+0-5+6]
[21:32:06] <@%+TerrarionChris> Gute Nacht @aboutdomi =)
[21:32:08] <yoadstar__> nacht @aboutdomi HeyGuys
# Log closed: 2018-03-14 21:32:18 +0100
-
# Log started: 2018-05-27 18:21:50 +0200
[18:21:50] Trete #dustinnaujokat bei..
[18:21:50] ~ENDLICH WIEDER LIVE! // Fortnite mit Zander! (Fortnite)~
[18:21:50] #dustinnaujokat beigetreten
[18:22:26] <paul_4head> @xaver_y ja da sagts du nichts mehr
[18:22:41] <+KilianLuca> ist der stream nur bei mir so ein bisschen laggy?
[18:22:56] <xaver_y> @paul_4head Ich bin auch Beamter - ich denke da muss man sich nichts drauf einbilden.
[18:23:13] <+recklessGreed> Guten Tag Chat :) Hallo Dustin!
[18:23:19] <+KilianLuca> ach so :) danke
[18:23:21] <$vroni5sos> @recklessgreed hey :)
[18:23:36] <+KilianLuca> ist jetz schon besser :)
[18:23:39] <paul_4head> @xaver_y das heißt ja das wir uns nicht streiten müssen.
[18:24:08] <Moonovski> Ersten Videos von deinem gaming Kanal ^^
[18:24:24] <xaver_y> @paul_4head Streite mich nicht mit Dir. Ich finde nur diese Fragen an Youtuber komisch, von was man lebt und wie viel man verdient. Geht doch keinen was an.
[18:24:27] <%$deletrixLP> oh ja kenia vlogs war mal eine nette abwechslung und geniale bilder
[18:24:29] <@+recklessGreed> !timer list
[18:24:45] [Notification] recklessGreed just subscribed with Twitch Prime!
[18:25:00] <$erickokus> könnte man mal zusammen spielen ?
[18:25:07] <@+recklessGreed> !timer on !daily 300
[18:25:08] <@+Mod4YouBOT>* Schaut doch mal bei meinen Daily Vlogs vorbei: https://m4u.link/dustinnaujokat/yt
[18:25:19] <Wolfi_WR> bist 9 Tgw in der sonne und bist immer noch weiß wtf
[18:25:35] <%GammelSami> habe noch keinen der namibia-vlogs gesehen, weil ich selber im urlaub war.
[18:25:41] <$erickokus> und adden ?
[18:25:49] <Russpelz_> hallo dustin hier kimmt das nachtfischi hab schon 37 h voll
[18:25:54] <$erickokus> heisse fortniteytgut
[18:25:56] <$vroni5sos> @gammelsami was warst du im Urlaub?
[18:26:00] Viewerstats (18:22-18:25): avg:23 min:20 max:27 [3/20+4+3]
# Log closed: 2018-05-27 18:26:00 +0200
-
# Log started: 2018-05-27 18:26:17 +0200
[18:26:17] Joining #dustinnaujokat..
[18:26:17] ~ENDLICH WIEDER LIVE! // Fortnite mit Zander! (Fortnite)~
[18:26:18] You have joined #dustinnaujokat
[18:26:21] Viewerstats (18:26-18:26): avg:24 min:24 max:24 [1/24]
# Log closed: 2018-05-27 18:26:21 +0200
-
# Log started: 2018-05-27 18:26:42 +0200
[18:26:42] Trete #dustinnaujokat bei..
[18:26:42] ~ENDLICH WIEDER LIVE! // Fortnite mit Zander! (Fortnite)~
[18:26:43] #dustinnaujokat beigetreten
[18:26:49] <$vroni5sos> @gammelsami uhhh klingt nice
[18:27:17] <Russpelz_> ja logo top fitt komm von zander hab zanders stream schön durchgesuchtet @dustinnaujokat
[18:27:34] <%$deletrixLP> campen is immer nice. wobei momentan isses doch übel heiß immer im zelt
[18:27:36] <%GammelSami> @vroni5sos stell dir einfach vor du chillst ne woche an nem baggersee rum... naja ist ganz okay.
[18:27:44] <@%+recklessGreed> Grüße an alle die von Zander rübergekommen sind :D Könnt ihr noch ?
[18:27:57] <Russpelz_> @recklessgreed klar
[18:28:18] <$vroni5sos> @gammelsami naja waren auch schon mal am See campen, war nur kein Baggersee xd
[18:28:37] <+sidusfort> mehr glück als skill hab ich auch immer 😇
[18:29:41] <Russpelz_> naja aber mein nachtbern mein auch die ganz nacht laut musik zu hören da kann man eh nicht schlafen @dustinnaujokat
[18:29:42] <@%+recklessGreed> Jetzt holste erstmal den Win und dann sehen wir weiter ! 
[18:30:01] <$erickokus> @dustinnaujokat kannst du schon meine fa annehmen ?
[18:30:08] <@+Mod4YouBOT>* Schaut doch mal bei meinen Daily Vlogs vorbei: https://m4u.link/dustinnaujokat/yt
[18:30:34] <+Tyrangamer> the forest, payday 2, frotnite war schon ganz geil... ja am ende haha er hat sich oft verklickt
[18:30:46] <+Tyrangamer> fortnite*
[18:31:27] MOD: Mod4YouBOT, Dustinnaujokat, Aysli
[18:32:31] <Russpelz_> fortnit ,the forest ,pay day2 ,?,fortnite und ja am ende war er mude von dem eibem spiel weiß ich den namen net @dustinnaujokat
[18:33:07] <%nokchen1993> @russpelz_ vielleicht arma?
[18:33:20] <Russpelz_> @nokchen1993 ne arma war net
[18:34:08] <+blackpurplex> @DustinNaujokat magstn bisschen zusammen fortnite spieln?
[18:34:57] <%$deletrixLP> solo im duo ;) auch noch hard
[18:34:57] <@%+recklessGreed> Welcher Skill LUL
[18:35:08] <@+Mod4YouBOT>* Schaut doch mal bei meinen Daily Vlogs vorbei: https://m4u.link/dustinnaujokat/yt
[18:35:53] <+blackpurplex> heir
[18:35:55] <+blackpurplex> hier
[18:35:56] <@%+recklessGreed> 26,5 Stunden ^^ 
[18:36:06] <%$deletrixLP> 45min ;)
[18:36:07] <+blackpurplex> 24 stunden
[18:36:25] <@%+recklessGreed> Hab (fast) den kompletten Stream von Zander mit dem Team moderiert und jetzt noch hier ^^ 
[18:36:49] <$vroni5sos> hab nicht zugeschaut xd
[18:39:05] <Russpelz_> kein ahnung bin schon 37 h ublbd 38 min auf den beinen ca 24 h weil ich mal versucht hab zu pennen was aber wegen den nachbern nicht ging ( zu laute musik) @dustinnaujokat
[18:39:06] <mlchi04> gestern ne Stunde und gerade in der letzten Minute erst wieder gekommen
[18:39:12] <meymun01> servus
[18:39:49] <Russpelz_> deswegen sibd ja auch die 37 h wach zu stande gekommen
[18:40:08] <@+Mod4YouBOT>* Schaut doch mal bei meinen Daily Vlogs vorbei: https://m4u.link/dustinnaujokat/yt
[18:40:28] <$vroni5sos> Ich will mir endlich essen machen können
[18:41:06] <%$deletrixLP> @vroni5sos hier gibt's spaghetti mit käse lauch sauce...
[18:41:06] <Russpelz_> das beste das es genau die nachbern sind due sich beschweren wen unser hund bällt
[18:41:59] <$vroni5sos> @deletrixlp klingt lecker ^^ hatte heute nur bisschen Reis mit Pilzen und hab gestern auch schon nur ein Croissant gegessen 😅 also bin ziemlich hungrig :D
[18:43:06] <%$deletrixLP> mir is zu warm zum essen, zu viel heut gearbeitet und noch essen steht hier :|
[18:43:13] <Russpelz_> bei mir gibt es gleich frikandeln und nein das ist kein tipp fehler ich mein frikandel ubd nicht frikadellen
[18:43:42] <$vroni5sos> @deletrixlp mir ist zu warm und ich bin krank, deswegen ess ich nicht so viel
[18:44:15] <$vroni5sos> Ich ess auch mega wenig momentan
[18:44:34] Verbindung unterbrochen
[18:44:34] Attempting to reconnect in 1 seconds.. (1/40)
[18:44:35] Versuche mit irc.chat.twitch.tv:6697 zu verbinden (verschlüsselt)
[18:44:37] Trete #dustinnaujokat bei..
[18:44:37] #dustinnaujokat beigetreten
[18:44:48] <meymun01> hab auch mega hunger :( bin aber am fasten...ramadan
[18:45:08] <@+Mod4YouBOT>* Schaut doch mal bei meinen Daily Vlogs vorbei: https://m4u.link/dustinnaujokat/yt
[18:45:10] <$vroni5sos> Ich bin froh wenn ich meine Schiene endlich abnehmen kann
[18:45:12] <Russpelz_> gg bei mir ist es am gewitter jesss endluch
[18:46:24] <Russpelz_> also ich will 40h + wach sein
[18:46:43] <~%DustinNaujokat> Check meinen VLOG Kanal aus: http://youtube.com/DustinNaujokat ryoleRyole
[18:46:44] <~%DustinNaujokat> Check meinen VLOG Kanal aus: http://youtube.com/DustinNaujokat ryoleRyole
[18:47:25] MOD: recklessGreed, Aysli, DustinNaujokat, Mod4YouBOT
[18:48:05] <$vroni5sos> "link ist in der Videobeschreibung" wir sind hier nicht auf YouTube Dustin
[18:48:33] <Russpelz_> ou mein kabelosen headset sind gleich leer naja hab ja noch ca 4 kopfhörer
[18:50:08] <@+Mod4YouBOT>* Schaut doch mal bei meinen Daily Vlogs vorbei: https://m4u.link/dustinnaujokat/yt
[18:50:59] <$vroni5sos> Ach die guten Contis xd
[18:51:27] <Russpelz_> ??
[18:52:04] <Russpelz_> was sind Contis ?
[18:52:15] <$vroni5sos> Die container xd
[18:52:49] <Russpelz_> @vroni5sos ouh hätt ich wissen mußen ..
[18:54:01] <$vroni5sos> Bei meiner Schiene hält ein Klettverschluss langsam nicht mehr und ich hab die noch 5 Wochen :/
[18:54:17] <PainTrain96> wie war Afrika?
[18:54:20] <%+EkoMagic> RIP hahaha
[18:54:41] <~%DustinNaujokat> Check meinen VLOG Kanal aus: http://youtube.com/DustinNaujokat ryoleRyole
[18:54:41] <~%DustinNaujokat> Check meinen VLOG Kanal aus: http://youtube.com/DustinNaujokat ryoleRyole
[18:54:45] <+itza84> huhu^^
[18:55:07] <PainTrain96> hab ich doch :D
[18:55:08] <@+Mod4YouBOT>* Schaut doch mal bei meinen Daily Vlogs vorbei: https://m4u.link/dustinnaujokat/yt
[18:55:44] <PainTrain96> xD
[18:55:48] <%+EkoMagic> Jetzt selber zocken :D
[18:56:24] <%+EkoMagic> Morgen arbeiten :0
[18:56:40] <Russpelz_> ich spiel seit letzt woche do fortnite bin ein nupp habs am lepi mit controler gezokt mit meinem freund mal er mal ich unf er macht 1kill unf lutet 1 lama und ne chest und dann is er vereckt
[18:56:48] Viewerstats (18:26-18:56): avg:174 min:30 max:287 [16/30+257-60-11-15-11+9-31+1+4-16+5-6+0-2-5]
[18:57:15] <$vroni5sos> Freitag Abend mit Freunden bisschen was getrunken und nen schönen Abend gehabt, Samstag und Sonntag nur noch krank im Bett gelegen
[18:57:19] <%$deletrixLP> 2 Büsche ausgegraben und begonnen meinen Grill zu mauern... hoffe das wird was
[18:57:20] <%+EkoMagic> Russpelz_ ohhh tut mir leid für dich... Keinen eigenen PC?
[18:58:19] <$Charlie_youtubefan2> Ich war die Woche arbeiten, dann war ich die Woche beim Zahnarzt und heute war ich im Schwimmbad
[18:58:23] <Russpelz_> am wochenende ? nix aus zanders stream zu gucken weil mir do die weißheitzahne gezogen wurdrn
[18:59:03] <$vroni5sos> Ich hoffe, dass es jetzt bald wieder Gewittern wird
[18:59:06] <%+EkoMagic> Ouu nice pures Gold gibts jetzt in SOLO
[18:59:08] <Russpelz_> @ekomagic noch nich bekomm denäst ein eigenen mit 2 monitiren etc
[18:59:32] <%+EkoMagic> Russpelz_ nice freut mich :D Ich hatte als Schüler auch mit einem Laptop angefangen :D
[19:00:08] <@+Mod4YouBOT>* Schaut doch mal bei meinen Daily Vlogs vorbei: https://m4u.link/dustinnaujokat/yt
[19:00:10] <$Charlie_youtubefan2> !coininfo
[19:00:11] <@+Mod4YouBOT>* Das Coin-System addiert jedem aktiven Zuschauer 0,1 Coin pro Minute, sodass nach 10 Minuten 1 Coin gebucht wurde. |-| Die aktuellen TOP 50 kannst du hier sehen: https://www.mod4you.de/coins/dustinnaujokat |-| Wenn du dich rechts oben anmeldest, siehst du deinen aktuellen Stand.
[19:00:22] <Russpelz_> also mir wurden die unter nakose gezogen aber jetzt danach war schlim ich sag nur Schmermitell und kühlpack
[19:00:59] <+NitroDuc> Dustin das Headset das du hast kaufe ich mir die Tage auch
[19:01:05] <Russpelz_> @ekomagic ich bin eine sie ...
[19:03:01] <%$deletrixLP> so leute, wünsch euch was... ich bin nun erstmal raus. duschen, und dann gehts noch mal unter leute...
[19:03:51] <Russpelz_> oh lol bin jetzt 38 h auf ..läuft
[19:05:08] <@+Mod4YouBOT>* Schaut doch mal bei meinen Daily Vlogs vorbei: https://m4u.link/dustinnaujokat/yt
[19:05:56] <Russpelz_> wöde auch mega gerne suben aber geht bei keinem ihrgentwie wird die zahlungsmetode nicht abzebktirt aber haubtsache man is dabei
[19:06:14] <$vroni5sos> WLAN geht nicht mehr, sorry bin raus :/ euch einen schönen Abend und stream noch
[19:06:49] <@%+recklessGreed> Bis dann vroni5sos 
[19:07:28] <Russpelz_> bis dann @vroni5sos
[19:09:24] <Russpelz_> genau :)
[19:09:45] UNMOD: Aysli
[19:10:08] <@+Mod4YouBOT>* Schaut doch mal bei meinen Daily Vlogs vorbei: https://m4u.link/dustinnaujokat/yt
[19:12:06] <@%+recklessGreed> Computer sagt auch Noooooiiiiin :D 
[19:12:48] <@%+recklessGreed> Wie stehst du eigentlich zu Arma3 RP ? 
[19:13:26] <%nokchen1993> muss gleich kochen... wie lange wirst du noch streamen?
[19:13:45] <Russpelz_> jetzt ein kaffee oder energy wer toll
[19:14:01] <@%+recklessGreed> Klingt gut. Wenn du Medizinische Hilfe brauchst einfach nach Matt Rogers fragen ;) 
[19:14:34] <@%+recklessGreed> !daily
[19:14:35] <@+Mod4YouBOT>* Schaut doch mal bei meinen Daily Vlogs vorbei: https://m4u.link/dustinnaujokat/yt
[19:14:40] <~%DustinNaujokat> Check meinen VLOG Kanal aus: http://youtube.com/DustinNaujokat ryoleRyole
[19:14:40] <~%DustinNaujokat> Check meinen VLOG Kanal aus: http://youtube.com/DustinNaujokat ryoleRyole
[19:15:08] <@+Mod4YouBOT>* Schaut doch mal bei meinen Daily Vlogs vorbei: https://m4u.link/dustinnaujokat/yt
[19:15:15] <@%+recklessGreed> !timer off !daily
[19:15:59] <Russpelz_> so dann schau ich jetzt noch ein film
[19:16:04] <@%+recklessGreed> Bis dann Chat :)
[19:16:09] <@%+recklessGreed> Bis morgen Dustin ^^ 
[19:16:18] <@%+recklessGreed> Ich muss jedes mal aufpassen nicht Ryole zu schreiben xD
[19:16:37] <Russpelz_> schau chat schau dustin
[19:17:24] Viewerstats (18:58-19:16): avg:132 min:113 max:147 [10/147-7-7+4-1+2-11-1-3-10]
# Log closed: 2018-05-27 19:17:24 +0200
-
