# Log started: 2018-05-26 22:21:15 +0200
[22:21:15] Trete #recklessgreed bei..
[22:21:16] #recklessgreed beigetreten
[22:21:16] [Info] Now hosting ZanderLP.
[22:21:16] ~Stream offline~
[22:21:16] ~Stream offline~
[22:21:17] Trying to clear channel..
[22:21:17] Channel was cleared by a moderator.
[22:21:17] MOD_ACTION: recklessgreed (clear)
[22:21:19] Trying to clear channel..
[22:21:20] Channel was cleared by a moderator.
[22:21:20] MOD_ACTION: recklessgreed (clear)
[22:21:21] <~+recklessGreed> !coininfo
[22:21:23] <~+recklessGreed> !prime
[22:21:25] Trying to clear channel..
[22:21:25] Channel was cleared by a moderator.
[22:21:25] MOD_ACTION: recklessgreed (clear)
# Log closed: 2018-05-26 22:21:27 +0200
-
# Log started: 2018-05-26 22:24:23 +0200
[22:24:23] Trete #recklessgreed bei..
[22:24:23] #recklessgreed beigetreten
[22:24:24] [Info] Now hosting ZanderLP.
[22:24:24] ~Stream offline~
[22:24:24] ~Stream offline~
[22:24:25] <~+recklessGreed> !uptime
[22:24:26] <@+Mod4YouBOT> reckless ist aktuell auf Schatzsuche.
[22:27:07] MOD: recklessGreed, Mod4YouBOT
# Log closed: 2018-05-26 22:41:38 +0200
-
# Log started: 2018-05-26 22:49:58 +0200
[22:49:58] Trete #recklessgreed bei..
[22:49:58] #recklessgreed beigetreten
[22:49:58] [Info] Now hosting ZanderLP.
[22:49:58] ~Stream offline~
[22:49:58] ~Stream offline~
[22:49:59] <~+recklessGreed> !coininfo
[22:50:00] <~+recklessGreed> !mod
[22:50:01] <~+recklessGreed> !prime
[22:50:01] <@+Mod4YouBOT>* Möchtest du dich bei Mod4You als Moderator bewerben? Einen Entbannungsantrag schicken? Hier im Ticketsystem findest du alle Themen |*| https://support.mod4you.de/ |*|
[22:50:03] Trying to clear channel..
[22:50:03] Channel was cleared by a moderator.
[22:50:03] MOD_ACTION: recklessgreed (clear)
[22:50:04] <~+recklessGreed> !timer list
[22:53:08] MOD: recklessGreed, Mod4YouBOT
# Log closed: 2018-05-26 23:00:33 +0200
-
# Log started: 2018-05-26 23:11:46 +0200
[23:11:46] Trete #recklessgreed bei..
[23:11:46] #recklessgreed beigetreten
[23:11:46] [Info] Now hosting ZanderLP.
[23:11:46] ~Stream offline~
[23:11:46] ~Stream offline~
[23:12:01] <greedyandreckless> asidlfzhjkasdf
[23:12:14] Trying to timeout greedyandreckless (600s/10m 0s)
[23:12:14] BAN: greedyandreckless (600s)
[23:12:14] [Info] greedyandreckless has been timed out for 600 seconds.
[23:12:14] MOD_ACTION: recklessgreed (timeout greedyandreckless 600 )
# Log closed: 2018-05-26 23:12:40 +0200
-
# Log started: 2018-05-26 23:13:23 +0200
[23:13:23] Trete #recklessgreed bei..
[23:13:23] #recklessgreed beigetreten
[23:13:23] [Info] Now hosting ZanderLP.
[23:13:23] ~Stream offline~
[23:13:23] ~Stream offline~
[23:13:30] Trying to unban greedyandreckless..
[23:13:31] [Info] greedyandreckless is no longer timed out in this channel.
[23:13:31] MOD_ACTION: recklessgreed (untimeout greedyandreckless)
[23:13:37] <greedyandreckless> sfggwertwasfsdfa
[23:13:40] <greedyandreckless> fwerfasdfasgf
[23:13:47] Trying to timeout greedyandreckless (86400s/1d 0h)
[23:13:48] [Info] greedyandreckless has been timed out for 86400 seconds.
[23:13:48] BAN: greedyandreckless (86400s)
[23:13:48] MOD_ACTION: recklessgreed (timeout greedyandreckless 86400 )
[23:13:54] Trying to unban greedyandreckless..
[23:13:54] [Info] greedyandreckless is no longer timed out in this channel.
[23:13:54] MOD_ACTION: recklessgreed (untimeout greedyandreckless)
[23:15:01] Trying to timeout greedyandreckless (86400s/1d 0h)
[23:15:01] BAN: greedyandreckless (86400s)
[23:15:01] [Info] greedyandreckless has been timed out for 86400 seconds.
[23:15:01] MOD_ACTION: recklessgreed (timeout greedyandreckless 86400 )
[23:15:09] MOD: recklessGreed, Mod4youbot
# Log closed: 2018-05-26 23:15:25 +0200
-
# Log started: 2018-05-27 10:56:39 +0200
[10:56:39] Trete #recklessgreed bei..
[10:56:40] #recklessgreed beigetreten
[10:56:40] [Info] Now hosting ZanderLP.
[10:56:40] ~Stream offline~
[10:56:40] ~Stream offline~
[10:56:58] <~+recklessGreed> tpExodiaarmL tpExodiaface tpExodiaarmR                                                                 tpExodialegL tpExodialegR
[10:57:15] <~+recklessGreed> tpExodiaarmL tpExodiaface tpExodiaarmR                                                                . tpExodialegL tpExodialegR
[10:59:14] MOD: recklessGreed, Mod4youbot
[11:19:17] <~+recklessGreed> Willkommen bei ${room}
[11:20:01] Unknown command: hallo (Remember you can also enter Twitch Chat Commands with a point in front: ".mods")
[11:20:06] Unknown command: hello (Remember you can also enter Twitch Chat Commands with a point in front: ".mods")
[11:20:25] Unknown command: hallo (Remember you can also enter Twitch Chat Commands with a point in front: ".mods")
[11:21:56] <~+recklessGreed> Herzlich Willkommen bei recklessgreed! Viel Spaß euch :)
[11:25:21] Custom command 'lagerfeuer': Calling another custom command ('lagerfeuer1') is not allowed
[16:05:54] Verbindung unterbrochen
[16:05:54] Attempting to reconnect in 1 seconds.. (1/40)
[16:05:57] Versuche mit irc.chat.twitch.tv:6697 zu verbinden (verschlüsselt)
[16:05:58] Trete #recklessgreed bei..
[16:05:58] #recklessgreed beigetreten
[16:05:58] [Info] Now hosting ZanderLP.
[16:08:28] MOD: Mod4youbot, recklessGreed
[18:24:00] You have left #recklessgreed
# Log closed: 2018-05-27 18:24:00 +0200
-
