# Log started: 2018-05-26 15:28:58 +0200
[15:28:58] Joining #rocketbeanstv..
[15:28:58] ~Bada Binge E33 - Alles rund um Serien mit Daniel und Donnie (Talk Shows)~
[15:28:59] You have joined #rocketbeanstv
[15:28:59] MOD: Kohbrax, Nightbot, Beansplan, Colonel_hoganv2, Rocketbeanstv
[15:30:46] <Yalor0s> SabaPing
[15:34:36] <+nik013> is die serie echt so geil?
[15:34:45] <+nik013> überleg ob ich mir die kauf auf amazon prime
[15:36:18] <tonywoodcock> nach "Afroamerikaner" schon nicht mehr zugehört
[15:36:35] <tonywoodcock> spass
[15:37:02] <+nik013> witze über rassismus in 2k18 LUL
[15:37:27] <Yalor0s> dem ist nicht so
[15:39:51] Viewerstats (15:28-15:39): avg:450 min:441 max:459 [6/453+6-5-13+5+1]
# Log closed: 2018-05-26 15:39:51 +0200
-
# Log started: 2018-05-27 19:30:14 +0200
[19:30:14] ~Retro Klub S02E48 - GameCube-Geheimtipps (Talk Shows)~
[19:30:14] Trete #rocketbeanstv bei..
[19:30:14] #rocketbeanstv beigetreten
[19:30:28] <DarkmanSC2> also ich hätte nix dagegen, wenn kino+ auf sonntag verschoben wird... kann auch gerne um 4 uhr früh laufen OneHand
[19:30:40] <%+Fr3ddi123> cmonBruh
[19:30:42] <%flatulenzenundpartner> Jebaited
[19:30:45] Viewerstats (19:30-19:30): avg:736 min:736 max:736 [1/736]
# Log closed: 2018-05-27 19:30:45 +0200
-
