# Log started: 2018-01-05 22:00:03 +0100
[22:00:03] Joining #streamingwithheart..
[22:00:04] You have joined #streamingwithheart
[22:00:04] MOD: Mrduckspace, Derpasilo, Mod4youbot, Zanzarah76, Hansololp, Moobot, Seriumtv, Streamingwithheart
[22:00:04] ~24 Stunden Live aus dem Meltdown | Streaming with Heart (Super Mario Odyssey)~
[22:00:23] Whisper feature not enabled (<Main - Settings - Advanced>)
[22:00:48] <Noobs_am_Limit> Moin moin, habe eben erst eingeschaltet, wieso wird den auf japanisch gespielt? Gibt es da einen Unterschied zu anderen Versionen?
[22:00:49] <DragonCooky> kannst das eig lesen was da steht oder drückst du einfach nur ^^
[22:00:52] <@+hansololp> Peksen86 vlt kommt noch einer
[22:00:59] <+Peksen86> ❤️
[22:01:07] <+TinyTarkus> @Noobs_am_Limit weniger Zeichen = spart Zeit :D
[22:01:08] <+Medddaaa> #zandertime
[22:01:12] <schatzmaus5> #ZanderTime
[22:01:12] <domschkal> #zandertime
[22:01:12] <Schnuef> #zANDERtIME
[22:01:12] <+killednobody> #ZanderTime :D
[22:01:13] <legend_suchti> #zandertime
[22:01:13] <bjj_nick> #Zandertime
[22:01:13] <supreme_azz> #zandertime
[22:01:15] <+DSCFreak05> #zandertime
[22:01:15] <CrapLive> dann sind die tecte kürzer
[22:01:15] <Fabianstyle6_> #Zandertime
[22:01:16] <zicki04> #Zandertime
[22:01:16] <Sarahalexandra241> #zandertime
[22:01:16] <+Pikachu_Fangirl> #ZanderTime
[22:01:17] <SubTixYT> #zandertime
[22:01:17] <+Litzzi> #zandertime
[22:01:17] <dragonfiregd10> #ZanderTime
[22:01:18] <twitcherghg> #zandertime
[22:01:18] <strawbecci23> #zandertime
[22:01:18] <b4nsi> #zandertime
[22:01:18] <MLG_P4nd4_> #zandertime
[22:01:18] <sxwolfsx> #Zandertime
[22:01:18] <plane_jo> #Zandertime
[22:01:18] <ilovebrudii> #zandertime
[22:01:18] <+izizockt> 'zandertime
[22:01:18] <CyberShotGaming> #Zandertime
[22:01:18] <Shuntanos> #zandertime
[22:01:19] <+tunies86> #zandertime
[22:01:19] <+noobgamerslp> #zandertime
[22:01:20] <@+mrduckspace> Herzlcih WIllkommen an alle von zander
[22:01:20] <turnnow> 'ZAndertime
[22:01:20] <GigaEmerald> #zandertime
[22:01:20] <Chinaboz> #zandertime
[22:01:20] <ianni8812> #Zandertime
[22:01:20] <PayorNay> #zandertime
[22:01:20] <Mummer420> #zandertime
[22:01:21] <Icegreen98> #Zandertime
[22:01:21] <+TrichterkopfHD> #Zandertime
[22:01:21] <+lKoRn_> #zandertime
[22:01:21] <Splaserlp> #Zandertime
[22:01:21] <Ignitor2001> #Zandertime
[22:01:21] <Jade5858> #zandertime
[22:01:21] <UnlogischerPC> #Zandertime
[22:01:21] <+angel_6_9_6> #zandertime
[22:01:21] <andyzach> #zandertime
[22:01:22] <+heftleiste> #zandertime
[22:01:22] <grubalex> #ZanderTime
[22:01:22] <+janakla> #Zandertime
[22:01:22] <+iceshadow_> #Zandertime
[22:01:22] <modernsld> #zandertime
[22:01:22] <masterbudd> #Zandertime
[22:01:22] <wabi_lp> #Zandertime
[22:01:22] <xscottxc> zanderHype zanderHype zanderHype zanderHype zanderHype zanderHype zanderHype zanderHype zanderHype zanderHype zanderLove zanderLove zanderLove zanderLove zanderLove zanderLove zanderLove zanderLove zanderLove zanderLove zanderHype zanderHype zanderHype zanderHype zanderHype #Zandertime
[22:01:23] <@+Mod4YouBOT>* Vielen Dank kirdrey, dass du die Deutsche Krebshilfe mit €5.00 unterstützt RaccAttack
[22:01:23] <sabaid33> #zandertime
[22:01:23] <+Aval0nTV> #zandertime
[22:01:23] <twiti17> #ZanderTime
[22:01:23] <reeezn> #Zandertime
[22:01:23] <TrenikTV> #zandertime
[22:01:23] <perrie> #zandertime
[22:01:24] <@+hansololp> hallo an alle von Zander und Gtime
[22:01:24] <+momobabo31> 'zander time
[22:01:24] <edgar_yt> #zandertime
[22:01:24] <+killednobody> #Zandertime
[22:01:24] <mehmetmor1> #zandertimr
[22:01:24] <+Terrorkeksiii> #zandertime
[22:01:25] <rillefifa123> #Zandertime
[22:01:25] <04_tomi> #zandertime
[22:01:25] <dxtr_r> #zandertime
[22:01:25] <Letsknalfi> #zandertime
[22:01:25] <jannis3105> #Zandertime
[22:01:26] <wolfskrieger21> #zandertime
[22:01:26] <herby2803> #ZanderTime
[22:01:26] <iTz_La3er_TV> #ZanderTime
[22:01:26] <+Try2lP> #ZanderTime
[22:01:26] <pedezockt> #ZanderTime
[22:01:26] <jannes214> #zandertime
[22:01:26] <marvinmeister14> #ZANDERTIME
[22:01:26] <FrankerFranF> #zandertime
[22:01:27] <nick090504> #Zandertime
[22:01:27] <+Silver_chaos21> #zandertime
[22:01:27] <+AUTsid> #zandertime
[22:01:28] <GuiliHD> #zandertime
[22:01:28] <Oqi_> #zandertime
[22:01:28] <raider46> #Zandertime
[22:01:28] <okgamermt> #Zandertime
[22:01:28] <+RaFimU> #zandertime
[22:01:28] <PandaEye2004> #Zandertime
[22:01:28] <Xplosiv36> #zandertime
[22:01:29] <+liveaways> #zanderTime
[22:01:29] <+killednobody> #zandertime
[22:01:30] <+andal9> #zandertime
[22:01:30] <itzthorin1107> #ZanderTime
[22:01:30] <Fubaki2003> #zandertime
[22:01:30] <turnnow> 'ZAmdertime
[22:01:30] <+Adysator> #Zandertime
[22:01:30] <Losowanya> #zandertime
[22:01:30] <routnet> #zandertime
[22:01:30] <Noop300> #zandertime
[22:01:30] <papiertuetenman> #zandertime
[22:01:30] <+TinyTarkus> ciroMONEY ciroGEIL ciroMONEY ciroHYPE ciroHYPE ciroGS ciroGS ciroMONEY ciroGEIL ciroMONEY ciroHYPE ciroHYPE ciroGS ciroGS ciroMONEY ciroGEIL ciroMONEY ciroHYPE ciroHYPE ciroGS ciroGS
[22:01:30] <+Chriz2k13> #Zandertime
[22:01:31] <SE_Woodbrush> #zandertime
[22:01:31] <Daniel02koblenz> #zandertime
[22:01:31] <kaimagkekse> #Zandertime
[22:01:31] <inatafinn> #zandertime
[22:01:31] <fabi12314> #zandertime
[22:01:31] <Thad1307> #Zandertime
[22:01:31] <Manu_Style001> #Zandertime
[22:01:31] <+vipk1lller> #Zandertime
[22:01:32] <derfenchelhd> #Zandertime
[22:01:32] <Marethy_> #Zandertime
[22:01:32] <j0omla> #zandertime
[22:01:32] <@+mrduckspace> HErzlich WIllkommen an ale von Zander und Gtime
[22:01:32] <jennifershr_> #zandertime
[22:01:32] <Mokado72> #zandertime
[22:01:32] <phosphenboy> #Zandertime
[22:01:32] <+Sirniki2002> #zandertime
[22:01:32] <LimiTedCrAShEr1> #ZanderTime
[22:01:33] <MaxStach21> #zandertime
[22:01:33] <konvertieren0> #Zandertime
[22:01:33] <+moewenkind> #zandertime
[22:01:33] <quantifant> #zandertime
[22:01:33] <daniel_marini> zandertime
[22:01:34] <xscottxc> #zandertime
[22:01:34] <Derlangecoole> #zandertime
[22:01:34] <@+mrduckspace> HErzlich WIllkommen an ale von Zander und Gtime
[22:01:34] <Stxphii> #zandertime
[22:01:34] <+seelenlicht87> #zandertime
[22:01:34] <kingofcod09> #zandertime
[22:01:34] <Endbossjrgaming> #Zandertime
[22:01:34] <beavnot> #zandertime
[22:01:34] <Scoday_> #zandertime
[22:01:35] <steffi_vfr> #Zandertime
[22:01:35] <Antonderbabo> #zandertime
[22:01:35] <+APG_Croc> #zandertime
[22:01:35] <Tewader> #zandertime
[22:01:35] <Mirrins95> 'zandertime
[22:01:35] <streamsucht_> #zandertime
[22:01:35] <Mxrvin__> #zandertime
[22:01:36] <yolostile44> #zandertime
[22:01:36] <+killednobody> zandertime
[22:01:36] <Soldat489110> #zandertime
[22:01:36] <05Teko> #zandertime
[22:01:36] <SubTixYT> #zandertimr
[22:01:36] <Illehup> #Zudertime
[22:01:37] <originalzjulian> #zandertime
[22:01:37] <D151l> #zander time
[22:01:38] <+PSNTigeryt> #ZanderTime
[22:01:38] <Amajog1> #ZanderTime
[22:01:38] <xxjustinhd> #Zandertime
[22:01:38] <cookicrafterhd_> #Zandertime
[22:01:38] <naschitia> #zandertime
[22:01:38] <jumax_020> #zandertime
[22:01:38] <Skopcraft> #zandertime
[22:01:39] <tagbot_hd> #zandertime
[22:01:39] <GrueneGurke27> #Zandertiem
[22:01:39] <+kedis87> 'zsanfdertim
[22:01:40] <candy2899> #zandertime
[22:01:40] <paul17052003> #zandertime
[22:01:40] <Antonia1301> #zandertime
[22:01:40] <xman12mx> #Zandertime
[22:01:40] <Zastem> #zandertime
[22:01:41] <sgt_hartm4n> #zandertime
[22:01:41] <Jade5858> #ZanderTime
[22:01:41] <medin09> #zandertime
[22:01:42] <Shuntanos> #Zandertime
[22:01:42] <riicoo8> #Zandertime
[22:01:42] <tom_pz9> #zandetime
[22:01:42] <+izizockt> #raid <3
[22:01:43] <derfenchelhd> #ZanderTime
[22:01:43] <Janluca1978> #Zandertime
[22:01:43] <+Benjamin160601> #Zandertime
[22:01:43] <alphap0p0> #zandertime
[22:01:44] <SE_Woodbrush> #Zandertime
[22:01:44] <okgamermt> #zandertime
[22:01:44] <cookie2401> #zandertime
[22:01:44] <Marlonh2004> #zandertime
[22:01:45] <masterbudd> Zandertime
[22:01:45] <itsssfabitvv> #Zandertime
[22:01:45] <Gameboy23232323> #zandertime
[22:01:46] <schatzmaus5> #ZanderTime
[22:01:46] <pay_man> #Zandertime
[22:01:46] <+JC_JORDAN_> #zandertime
[22:01:46] <ytfirecraftyt> #Zandertime
[22:01:46] <+eselhundkatze> #zandertime
[22:01:47] <turnnow> 'ZAndertime
[22:01:47] <+kedis87> #zandertime
[22:01:47] <Losowanya> #ZanderTime
[22:01:47] <vonDutch4> #Zandertime
[22:01:48] <edgar_yt> #Zandertime
[22:01:48] <strawbecci23> #zandertime
[22:01:48] <shadowfighter2468> #zandertime
[22:01:49] <sxwolfsx> #Zandertime
[22:01:49] <presuid> #ZandertimeTV XD
[22:01:49] <Jonig_ghg> #zandertime
[22:01:49] <Etbo203> #gtime
[22:01:49] <samuelmirna> #zandertime
[22:01:50] <+owe08> #zandertime
[22:01:50] <Mokado72> #ZanderTime
[22:01:50] <Reneside> #zandertime
[22:01:51] <+momobabo31> #zande time
[22:01:51] <okgamermt> #Zandertime
[22:01:51] <Derrealetechzone> #Zandertime
[22:01:51] <@+Derpasilo> zanderLove zanderLove
[22:01:51] <alexander230306> zandertime
[22:01:51] <durchgehendonlin3> #Zandertime
[22:01:52] <Leochenchris> #zandertim
[22:01:52] <+Aval0nTV> ZANDER UND GAMERSTIME RAID!!!
[22:01:52] BAN: Aval0nTV (1s), Aval0nTV (1s)
[22:01:53] <PayorNay> #Zandertime
[22:01:53] <Hammerbruder2> #ZanderTime
[22:01:53] <FrankerFranF> #Zandertime
[22:01:53] BAN: Aval0nTV (1s)
[22:01:53] <zicki04> #Zandertime
[22:01:54] <ianni8812> #Zandertime
[22:01:54] <AlphaX200> #zandertime
[22:01:54] <Markgamingpro> #zandertime
[22:01:54] <aley2> #zandertime
[22:01:54] <paddi157> #Zandertime
[22:01:54] <Splaserlp> #Zandertime
[22:01:55] <plane_jo> #Zandertime
[22:01:56] <Pferdnand> #zandertime
[22:01:56] <D151l> 'zandertime
[22:01:56] <Dennis_3090> #Zandertime
[22:01:57] <jannes214> #zandertime
[22:01:57] <trackbacks16> #Zandertime
[22:01:57] <Mummer420> #Zandertime
[22:01:58] <~streamingwithheart> Encounters ist die erste große Erweiterung für Everspace™. Beeindrucke deine Freunde mit dem neuen Colonial Sentinel. Spiele jetzt! https://loots.com/t/SkrJ4Ua7G
[22:01:58] <Master2000LP> #zandertime
[22:01:58] <ICE_Hockey05> Zandertime
[22:01:58] <klexer707> #Zandertime
[22:01:59] <+Kristallopyr> #zandertime
[22:01:59] <routnet> #ZanderTime
[22:01:59] <TotoLP111> #zandertime
[22:01:59] <Olski598> #Zandertime
[22:02:00] <TheDavid_XD> #Zandertime
[22:02:00] <JOKOHL> #Zandertime
[22:02:01] <+RaFimU> #zandertimer
[22:02:01] <Nightrider324> #zandertime
[22:02:01] <Sandrogaming07> #Zandertime
[22:02:01] <+mickyyt> #Zandertime
[22:02:01] <+maaaaaaaaaaaaaaax_hd> #zandertime
[22:02:02] <itzthorin1107> #ZanderTime
[22:02:02] <michi130857> #Zandertiime
[22:02:02] <Derrealetechzone> #ZanderTime
[22:02:02] <YoutubeGamerKai> #Zandertime
[22:02:02] <@+hansololp> hi an alle von Zander und Gtime
[22:02:03] <okgamermt> 'zandertime
[22:02:03] <@+zanzarah76> #zandertime zanderHype
[22:02:03] <twiti17> #ZanderTime
[22:02:03] <KaLiisha> #ZanderTime
[22:02:03] <+Aval0nTV> ZANDER und GAMERSTIME raid
[22:02:03] BAN: Aval0nTV (1s)
[22:02:03] <Marethy_> #Zandertime
[22:02:03] BAN: Aval0nTV (1s)
[22:02:04] <gurkenbrot19> #zandertime
[22:02:04] <luff_you> #Zandertime
[22:02:04] BAN: Aval0nTV (1s)
[22:02:05] <ytfirecraftyt> #ZanderTime
[22:02:06] <b4nsi> #zandertime
[22:02:06] <haborym616> #zandertime
[22:02:07] <+flo_1511> #zandertime
[22:02:07] <dh2489> #zandertime
[22:02:07] <aktiverhund> #Zandertime
[22:02:07] <Nessie_29> #zandertime
[22:02:07] <Icegreen98> #Zandertime
[22:02:07] <MLG_P4nd4_> #zandertime
[22:02:07] <+hisjessiii> #zandertime
[22:02:08] <floriancoco010> # Zandertime
[22:02:08] <@+mrduckspace> Herzlich WIllkommen an alle <3<3
[22:02:09] <james19979> #Zandertime
[22:02:10] <+ScarBeewater> #zandertime
[22:02:10] <05Teko> #zandertime
[22:02:10] <slingo2312> #zandertime
[22:02:10] <abi03012004> #zandertime
[22:02:11] <SaltyAimbOtter> Zander + GTime
[22:02:11] <GuiliHD> #ZanderTime
[22:02:11] <zicki04> Zander und Gtime
[22:02:11] <routnet> #Zandertime
[22:02:12] <Soldat489110> #zandertime
[22:02:12] <+RaFimU> #zandertime
[22:02:13] <+kili__> #zandertime
[22:02:14] <Losowanya> #Zandertime
[22:02:16] <sgt_hartm4n> #zandertime
[22:02:16] <jannis3105> #Zandertime
[22:02:16] <alphap0p0> #zandertime
[22:02:16] <mariusstark> #ZanderTime
[22:02:16] <Jade5858> #Zandertime
[22:02:16] <nick090504> #Zandertime
[22:02:17] <ottopoperchen> #Zandertime
[22:02:17] <+Medddaaa> zandertime = zander + GTIME
[22:02:18] <killer_ftp> #ZanderTime
[22:02:18] <Luni_2000> #zandertime
[22:02:19] <Nukularr> #Zandertime
[22:02:19] <Mokado72> #Zandertime
[22:02:20] <Pro_Yolo22> #zandertime
[22:02:21] <PandaEye2004> Zander und GTime
[22:02:21] <Leochenchris> #zandertime
[22:02:21] <schwarzbrotmitte> #zandertime
[22:02:21] <ICE_Hockey05> Zander Gtime
[22:02:22] <ilovebrudii> #zandertime
[22:02:22] <Haraldpett> #ZANDERTIME
[22:02:22] <papsi94> #zandertime
[22:02:23] <@+Mod4YouBOT>* Vielen Dank WTF_Benjiton, dass du die Deutsche Krebshilfe mit €10.00 unterstützt RaccAttack
[22:02:23] <sxwolfsx> #Zandertime
[22:02:23] <Aranthir26> #GTIme
[22:02:23] <Pro_Yolo22> #zander
[22:02:24] <schatzmaus5> #ZanderTime
[22:02:24] <domschkal> #zandertime
[22:02:25] <Spax81> zandertime
[22:02:25] <killer_ftp> #ZanderTime#ZanderTime
[22:02:25] <j0omla> #zandertime
[22:02:26] <+liveaways> #zandertime
[22:02:27] <okgamermt> #Zandertime
[22:02:27] <Icegreen98> Zander und Gtime Raid :3
[22:02:27] <killer_ftp> #ZanderTime
[22:02:28] <Kenya1414> #zandertime
[22:02:28] <Riflayyt> #ZanderTime
[22:02:28] <floriancoco010> zander + GTime
[22:02:29] <DerEinzigeMarc> #zandertime
[22:02:30] <Pferdnand> #zandertime
[22:02:30] <benni226> #zandertime
[22:02:30] <Fubaki2003> #zandertime
[22:02:30] <candy2899> #zandertime
[22:02:31] <+TinyTarkus> ciroMONEY ciroGEIL ciroMONEY ciroHYPE ciroHYPE ciroGS ciroGS ciroMONEY ciroGEIL ciroMONEY ciroHYPE ciroHYPE ciroGS ciroGS ciroMONEY ciroGEIL ciroMONEY ciroHYPE ciroHYPE ciroGS ciroGS ciroMONEY ciroGEIL ciroMONEY ciroHYPE ciroHYPE ciroGS ciroGS
[22:02:31] <SubTixYT> #gtime
[22:02:31] <sebakuem> #zandertime
[22:02:31] <sallyup98> #zandertime
[22:02:32] <klexer707> #Zandertime
[22:02:33] <@+Mod4YouBOT>* Vielen Dank Yumetooo, dass du die Deutsche Krebshilfe mit €5.00 unterstützt RaccAttack
[22:02:34] <Cobra1504> #zandertime
[22:02:34] <Etbo203> #gtime
[22:02:34] <aley2> #zandertime
[22:02:35] <+Shakhburz> #ZanderTime
[22:02:35] <Derrealetechzone> #ZanderTime
[22:02:36] <Jennadeee> #zandertime
[22:02:36] <glindi03> #zandertime
[22:02:36] <Daniel02koblenz> #zandertime
[22:02:36] <LoloPlaylp> #zandertime
[22:02:37] <markni90> #Zandertime
[22:02:38] <Livioplay> #zandertime$
[22:02:39] <killer_ftp> #ZanderTime#ZanderTime
[22:02:40] <killer_ftp> #ZanderTime
[22:02:40] <+mickyyt> #Zandertime
[22:02:40] <+PSNTigeryt> #ZanderTime zanderOhh zanderOhh zanderOhh
[22:02:40] <Meleth_Tinnu> #zandertime
[22:02:40] <KompetenterSaiyajin> 2D Skip!!
[22:02:41] <xlatico> Zandertime
[22:02:41] <loOpPhilipp02> #Zandertime
[22:02:41] <+iceshadow_> #Zandertime
[22:02:42] <perrie> #zandertime
[22:02:43] <@+Mod4YouBOT>* Vielen Dank Angel696, dass du die Deutsche Krebshilfe mit €5.00 unterstützt RaccAttack
[22:02:43] <Tomi000000> #zandertime
[22:02:43] <+noobgamerslp> #zandertime
[22:02:44] <darknessyt13> #Zandertime
[22:02:44] <yoadstar__> #zandertime
[22:02:44] <+iceshadow_> #Zandertime#Zandertime
[22:02:45] <cookie2401> gtimearmy
[22:02:45] <+TinyTarkus> ciroMONEY ciroGEIL ciroMONEY ciroHYPE ciroHYPE ciroGS ciroGS ciroMONEY ciroGEIL ciroMONEY ciroHYPE ciroHYPE ciroGS ciroGS ciroMONEY ciroGEIL ciroMONEY ciroHYPE ciroHYPE ciroGS ciroGS
[22:02:46] <Livioplay> gt.time
[22:02:47] <@+hansololp> danke an alle die gerade spenden :)
[22:02:47] <durchgehendonlin3> #Zandertime
[22:02:48] <Gameboy23232323> #zandertime
[22:02:48] <+JC_JORDAN_> #Zandertime
[22:02:48] <Reisi224488> #zandertime
[22:02:49] <ytfirecraftyt> #zandertime
[22:02:49] <+RaFimU> #zandertime
[22:02:49] <janoster> #zandertime
[22:02:50] <DASSCHWEIZERKIND> #Zandertime
[22:02:52] <Soldat489110> #zanedertime
[22:02:53] <LimiTedCrAShEr1> #Zandertime#Zandertime#Zandertime#Zandertime
[22:02:53] <@+Mod4YouBOT>* Vielen Dank fabianstyle6_, dass du die Deutsche Krebshilfe mit €1.00 unterstützt RaccAttack
[22:02:54] <xscottxc> Zander + Gtime
[22:02:54] <slingo2312> !donation
[22:02:55] <plane_jo> #zandertime
[22:02:55] <Felix2073> #zandertime
[22:02:55] <Leochenchris> #zandertim
[22:02:57] <Derlangecoole> #zandertime
[22:02:57] <+kirdrey> dennsenHype dennsenHype dennsenHype dennsenHype dennsenHype dennsenHype dennsenHype dennsenHype dennsenHype dennsenHype dennsenHype dennsenHype dennsenHype dennsenHype
[22:02:58] <Arthur12131> #gtime
[22:02:58] <Splaserlp> #Zander+Gtime
[22:02:58] <schatzmaus5> #ZanderTime+GTIME
[22:02:58] <candy2899> zander & GTime
[22:02:59] <Spax81> #zandertime
[22:03:00] <Soldat489110> #zandertime
[22:03:01] <@+mrduckspace> Herzlich WIllkommen an alle von Zander und Gtime
[22:03:01] <+drumm004> Moin Moin Dennsen dennsenHype dennsenHype dennsenHype dennsenHype dennsenHype dennsenHype dennsenHype dennsenHype dennsenHype dennsenHype dennsenHype dennsenHype dennsenHype dennsenHype dennsenHype dennsenHype dennsenHype dennsenHype dennsenHype dennsenHype dennsenHype dennsenHype
[22:03:02] <okgamermt> #Zandertime
[22:03:03] <@+mrduckspace> !spenden
[22:03:03] <@+Mod4YouBOT>* Vielen Dank Tarosh, dass du die Deutsche Krebshilfe mit €5.00 unterstützt RaccAttack
[22:03:03] <MLG_P4nd4_> Zandertime = zander und gamerstimetv
[22:03:03] <@+Mod4YouBOT>* Möchtest du eine Spende für die Deutsche Krebshilfe da lassen ? https://www.tipeeestream.com/streamingwithheart/donation
[22:03:03] <Biobio28> #Zandertime und Gtime
[22:03:04] <Marinchen08> #zandertime
[22:03:04] <Pferdnand> #zandertime
[22:03:04] <+TrichterkopfHD> #Zandertime
[22:03:05] <+Sirniki2002> Zander+Gtimetv= #ZanderTime
[22:03:07] <Leochenchris> #unge
[22:03:07] <+Adysator> gtimetvDurchgeknallt zanderOhh
[22:03:07] <itzthorin1107> #ZanderTime
[22:03:08] <shadowfighter2468> #zandertime
[22:03:08] <@+mrduckspace> !spenden
[22:03:09] <@+Mod4YouBOT>* Möchtest du eine Spende für die Deutsche Krebshilfe da lassen ? https://www.tipeeestream.com/streamingwithheart/donation
[22:03:09] <+ecki10> 1k
[22:03:09] <erikbetk> Zandertime
[22:03:10] <aley2> #zandertime
[22:03:11] <+Kristallopyr> zanderHype zanderHype zanderHype zanderHype zanderHype zanderHype zanderHype zanderHype zanderHype zanderHype zanderHype
[22:03:12] <AlphaX200> #zandertime
[22:03:13] <@+Mod4YouBOT>* Vielen Dank Fischarmee Jessi, dass du die Deutsche Krebshilfe mit €1.00 unterstützt RaccAttack
[22:03:13] <presuid> xD
[22:03:14] <missyakumo> #ZanderTime
[22:03:14] <+killednobody> ZanderTime :D
[22:03:15] <Janluca1978> #Zandertime =Zander+Gtime
[22:03:16] <klexer707> #Zandertime
[22:03:18] <Aranthir26> #Zander+GTime
[22:03:19] <sxwolfsx> #Fischarmy
[22:03:20] <+Medddaaa> zandertime = zander + GTIME
[22:03:20] <loOpPhilipp02> #Zandertime
[22:03:21] <@+aysli> zanderHi zanderHi zanderHi zanderHi
[22:03:23] <@+Mod4YouBOT>* Vielen Dank Tagbot, dass du die Deutsche Krebshilfe mit €5.00 unterstützt RaccAttack
[22:03:23] <Marinchen08> #Zandertime
[22:03:23] <janoster> #zandertime
[22:03:23] <+Adysator> zanderOhh gtimetvDurchgeknallt zanderOhh gtimetvDurchgeknallt zanderOhh gtimetvDurchgeknallt
[22:03:24] <Meleth_Tinnu> #zandertime
[22:03:25] <ShadowPhonix24> Zandertime
[22:03:25] <xbts> #zandertime
[22:03:26] <Reneside> Zander und Gtime zusammen :D
[22:03:28] <@+hansololp> !loots looten nich vergessen wer nich donaten kann :D
[22:03:28] <@+Mod4YouBOT>* Ihr wollt SWH kostenlos unterstützen? Dann nutzt doch Loots! Den Link dazu gibt es hier: https://loots.com/en/tip-jars/streamingwithheart
[22:03:28] <+Old_dirt_dog> #zandertime
[22:03:30] <+DrTriox> #Zandertime
[22:03:32] <+owe08> #zandertime gtimetvCool
[22:03:32] <okgamermt> #Zandertime
[22:03:33] <LimiTedCrAShEr1> #Zandertime#Zandertime#Zandertime#Zandertime
[22:03:34] <erikbetk> #zandertime
[22:03:35] <Pferdnand> #zandertime#zandertime
[22:03:36] <+kirdrey> dennsenHype dennsenHype dennsenHype dennsenHype dennsenHype dennsenHype dennsenHype dennsenHype dennsenHype dennsenHype dennsenHype dennsenHype dennsenHype
[22:03:36] <05Teko> Das sind Zander + Gtime
[22:03:38] <ShadowPhonix24> #Zandertime
[22:03:38] <Arthur12131> #Zandertime
[22:03:39] <+ScittYT> #Zandertime
[22:03:39] <xscottxc> zanderHype zanderHype zanderHype zanderHype zanderHype zanderHype zanderHype zanderHype zanderHype zanderHype zanderLove zanderLove zanderLove zanderLove zanderLove zanderLove zanderLove zanderLove zanderLove zanderLove zanderHype zanderHype zanderHype zanderHype zanderHype #Zandertime
[22:03:42] <JOKOHL> hype
[22:03:42] <+noobgamerslp> #zandertime gtimetvCool gtimetvCool gtimetvCool
[22:03:43] <Pferdnand> #zandertime#zandertime#zandertime#zandertime
[22:03:43] <Felix2073> #zandertime
[22:03:44] <iloveyoudiggi> #Zandertime
[22:03:45] <Pferdnand> #zandertime
[22:03:46] <erikbetk> Zandertime
[22:03:47] <+Adysator> gtimetvDurchgeknallt gtimetvDurchgeknallt gtimetvDurchgeknallt gtimetvDurchgeknallt gtimetvDurchgeknallt gtimetvDurchgeknallt gtimetvDurchgeknallt gtimetvDurchgeknallt gtimetvDurchgeknallt gtimetvDurchgeknallt gtimetvDurchgeknallt gtimetvDurchgeknallt gtimetvDurchgeknallt gtimetvDurchgeknallt gtimetvDurchgeknallt gtimetvDurchgeknallt gtimetvDurchgeknallt
[22:03:48] <Illehup> #zandertime
[22:03:49] <+PSNTigeryt> zanderLOL zanderLOL zanderLOL zanderLOL zanderLOL zanderLOL
[22:03:49] <Janluca1978> #Zandertime =Zander+Gtime
[22:03:49] <+diontixx14> Zandertime
[22:03:51] <Icegreen98> #Zandertime #Fischarmy #Gtimearmy
[22:03:53] <@+Mod4YouBOT>* Vielen Dank Kaabp, dass du die Deutsche Krebshilfe mit €2.00 unterstützt RaccAttack
[22:03:53] <perrie> Zander + GTime :D
[22:03:53] <alphap0p0> #zandertime
[22:03:54] <Marinchen08> #zandertime
[22:03:57] <klexer707> #Zandertime
[22:03:57] <sxwolfsx> #Fischarmy
[22:03:57] <+kirdrey> dennsenHype dennsenHype dennsenHype dennsenHype dennsenHype dennsenHype dennsenHype dennsenHype dennsenHype dennsenHype dennsenHype dennsenHype
[22:03:57] <aley2> #zandertime
[22:03:57] <erikbetk> #Zandertime
[22:03:57] <ICE_Hockey05> Gtime
[22:04:01] <paul17052003> gtimearmy
[22:04:03] <@+Mod4YouBOT>* Vielen Dank DoKulix, dass du die Deutsche Krebshilfe mit €11.11 unterstützt RaccAttack
[22:04:04] <Soldat489110> #zandertime
[22:04:04] <TotoLP111> zandertime sind zander und gamerstime
[22:04:04] <Spax81> #zandertime
[22:04:07] <erikbetk> Zander und gtime
[22:04:08] <@+zanzarah76> #zandertime zanderHype
[22:04:09] <+xAkamaru21> dennsenYatta dennsenYatta dennsenYatta dennsenYatta dennsenYatta
[22:04:09] <jjjjj875kk> zander+getime
[22:04:10] <@+hansololp> zanderHype
[22:04:10] <@+mrduckspace> Willkommen euch allen ;) nehmt euch einen kaltes Getränk und genießt den Stream
[22:04:10] <Pferdnand> #zandertime#zandertime#zandertime
[22:04:11] <raider46> gtimetvDurchgeknallt gtimetvDurchgeknallt gtimetvDurchgeknallt
[22:04:11] <DerEinzigeMarc> #zandertime=zander+gtime
[22:04:12] <Pferdnand> #zandertime
[22:04:13] <@+Mod4YouBOT>* Vielen Dank papsi94, dass du die Deutsche Krebshilfe mit €5.00 unterstützt RaccAttack
[22:04:14] <YoutubeGamerKai> Zander und Gtime Zuschauer sind da xD!!!
[22:04:14] <itzthorin1107> #ZanderTime
[22:04:16] <+kirdrey> dennsenHype dennsenHype dennsenHype dennsenHype dennsenHype dennsenHype dennsenHype dennsenHype dennsenHype dennsenHype dennsenHype dennsenHype dennsenHype dennsenHype
[22:04:18] <erikbetk> Zandertime
[22:04:19] MOD: aysli
[22:04:20] <@+aysli> #zandertime
[22:04:21] <Miriam_pe> #Zandertime
[22:04:22] <paul17052003> gtime + zander
[22:04:23] <@+Mod4YouBOT>* Vielen Dank Cybershot, dass du die Deutsche Krebshilfe mit €5.00 unterstützt RaccAttack
[22:04:24] <Chinaboz> Zander+Gtime
[22:04:25] <+Prinzessin_Jummi> akamaru <3
[22:04:26] <+angel_6_9_6> #zandertime
[22:04:27] <Felix2073> #zandertime
[22:04:30] <+PSNTigeryt> #zandertime zanderLove zanderLove zanderLove
[22:04:32] <sxwolfsx> #Fischarmy
[22:04:33] <@+Mod4YouBOT>* Vielen Dank Jennadeee, dass du die Deutsche Krebshilfe mit €5.00 unterstützt RaccAttack
[22:04:33] <erikbetk> Gtime und Zander
[22:04:33] <@+mrduckspace> Vielen Dank an alle <
[22:04:37] <@+Mod4YouBOT>* Ihr wollt SWH kostenlos unterstützen? Dann nutzt doch Loots! Den Link dazu gibt es hier: https://loots.com/en/tip-jars/streamingwithheart
[22:04:37] <+drumm004> dennsenHype dennsenHype dennsenHype dennsenHype dennsenHype
[22:04:37] <+Nerfus_Dean> grad gehts ab xD
[22:04:38] <Fruchtkebab184> #Zandertimr zanderHype zanderHype zanderChicken
[22:04:39] <aley2> #zandertime
[22:04:39] <MaxStach21> Gtime+Zander
[22:04:42] <xbts> #zandertime
[22:04:42] <Illehup> #zandertime
[22:04:42] <+Nerfus_Dean> was da los :D
[22:04:43] <@+Mod4YouBOT>* Vielen Dank Shadowhunt3r153, dass du die Deutsche Krebshilfe mit €1.00 unterstützt RaccAttack
[22:04:43] <erikbetk> ##
[22:04:46] <@+hansololp> danke leute <3 :D
[22:04:49] <+Mottek83> dennsenOdyssey dennsenOdyssey dennsenOdyssey dennsenOdyssey dennsenOdyssey dennsenOdyssey dennsenOdyssey dennsenOdyssey dennsenHype dennsenHype dennsenHype dennsenHype dennsenHype dennsenHype dennsenHype
[22:04:50] <erikbetk> Zandertime
[22:04:51] <Alazia85> dennsenHype dennsenHype dennsenHype dennsenHype dennsenHype dennsenHype dennsenHype dennsenHype dennsenHype dennsenHype dennsenHype dennsenHype dennsenHype dennsenHype dennsenHype dennsenHype dennsenHype dennsenHype dennsenHype
[22:04:52] <+Prinzessin_Jummi> Deano nerfusHeart
[22:04:52] <Jo_kook> timkaTion timkaTion timkaTion
[22:04:53] <@+Mod4YouBOT>* Vielen Dank Patrick, dass du die Deutsche Krebshilfe mit €5.00 unterstützt RaccAttack
[22:04:53] <@+mrduckspace> och tarosh :P
[22:04:54] <PandaEye2004> Das sind Zander und GTime
[22:04:55] <+kirdrey> dennsenHype dennsenHype dennsenHype dennsenHype dennsenHype dennsenHype dennsenHype dennsenHype dennsenHype dennsenHype dennsenHype dennsenHype dennsenHype dennsenHype
[22:04:58] <+Nerfus_Dean> huhu jummi
[22:04:59] <Arthur12131> #Zandertime
[22:05:01] <Alazia85> dennsenOdyssey dennsenHype dennsenOdyssey dennsenHype dennsenOdyssey dennsenHype dennsenOdyssey dennsenHype dennsenOdyssey dennsenHype dennsenOdyssey dennsenHype dennsenOdyssey
[22:05:01] <xbts> <3 <3
[22:05:01] <hallooooooood> zandertime
[22:05:02] <klexer707> #Zandertime
[22:05:03] <@+Mod4YouBOT>* Vielen Dank Aval0nTV, dass du die Deutsche Krebshilfe mit €2.00 unterstützt RaccAttack
[22:05:03] <perrie> Zander + Gtime
[22:05:04] <sxwolfsx> #Fischarmy
[22:05:05] <+Brisingi> Holycow der Raid! PogChamp
[22:05:06] <+Nerfus_Dean> nerfusHeart nerfusHeart nerfusHeart
[22:05:07] <Achja2017> dennsenHype dennsenHype dennsenHype dennsenHype dennsenHype dennsenHype dennsenHype dennsenHype dennsenHype dennsenHype dennsenHype
[22:05:08] <serhatlinde> #zandertime
[22:05:12] <erikbetk> #Zandertime
[22:05:12] <Alazia85> dennsenHype dennsenOdyssey dennsenHype dennsenOdyssey dennsenHype dennsenOdyssey dennsenHype dennsenOdyssey dennsenHype dennsenOdyssey dennsenHype dennsenOdyssey dennsenHype dennsenOdyssey dennsenHype dennsenOdyssey
[22:05:13] <@+Mod4YouBOT>* Vielen Dank haborym616, dass du die Deutsche Krebshilfe mit €5.00 unterstützt RaccAttack
[22:05:14] <recklessGreed> Da kommt jetzt einiges Zusammen :D : D
[22:05:16] <05Teko> das war der Zander + Gtime Raid
[22:05:17] <Gameboy23232323> #zandertime
[22:05:17] <+kirdrey> dennsenHype dennsenHype dennsenHype dennsenHype dennsenHype dennsenHype dennsenHype dennsenHype dennsenHype dennsenHype dennsenHype dennsenHype dennsenHype dennsenHype dennsenHype
[22:05:20] <+Medddaaa> zandertime = zander + GTIME
[22:05:20] <Marinchen08> Zander + Gtime = Zandertime ;D
[22:05:20] <+RaFimU> #zandertime
[22:05:22] <Antonia1301> #Zander+GTime
[22:05:22] <+PSNTigeryt> #ZanderTime !!!!!!
[22:05:23] <@+Mod4YouBOT>* Vielen Dank Daewoo8812, dass du die Deutsche Krebshilfe mit €5.00 unterstützt RaccAttack
[22:05:24] <hallooooooood> gtime und zamder
[22:05:28] <+TrichterkopfHD> zanderOhh zanderOhh zanderOhh zanderOhh
[22:05:33] <@+Mod4YouBOT>* Vielen Dank AUTsid, dass du die Deutsche Krebshilfe mit €1.00 unterstützt RaccAttack
[22:05:33] <+kirdrey> dennsenHype dennsenHype dennsenHype dennsenHype dennsenHype dennsenHype dennsenHype dennsenHype dennsenHype dennsenHype dennsenHype dennsenHype dennsenHype dennsenHype
[22:05:34] <itzthorin1107> #ZanderTime
[22:05:34] <Icegreen98> #Zandertime #Fischarmy #Gtimearmy
[22:05:37] <perrie> #zandertime = Zander + GTime
[22:05:39] <turnnow> Das ist ZanderLP
[22:05:40] <Soldat489110> zander
[22:05:42] <+TrichterkopfHD> Das sind gtime und Zander
[22:05:43] <@+mrduckspace> <3 <3 <3
[22:05:45] <sn200> wer macht den speedrun?
[22:05:45] <jumax_020> Zander+G-time
[22:05:46] <GrueneGurke27> Zander + Gtime
[22:05:46] <+Knetzel2002> #GTimearmy
[22:05:46] <+ecki10> Der heißt nicht Zandertime xD
[22:05:48] <s1lent_d3ath> ZanderLP
[22:05:48] <Arthur12131> #Zandertime
[22:05:53] <Soronchus> Zander
[22:05:54] <sxwolfsx> #Fischarmy
[22:05:54] <JOKOHL> Zander & GTime
[22:05:55] <+Prinzessin_Jummi> timnist bisschen überfordert ^^
[22:05:55] <@+aysli> !aktuell
[22:05:57] <klexer707> Zander+Gtime
[22:05:58] <+Medddaaa> zandertime = ZanderLP + GTIME
[22:05:59] <Jennadeee> zanderlp
[22:05:59] <~streamingwithheart> Brawl of Ages: Erstelle ein legendäres Deck und beweise deine strategische Überlegenheit - jetzt kostenlos spielen! https://loots.com/t/HJc~8m6mM
[22:06:03] <@+Mod4YouBOT>* Vielen Dank Kalltt1, dass du die Deutsche Krebshilfe mit €2.00 unterstützt RaccAttack
[22:06:04] <+Nerfus_Dean> xD
[22:06:06] <PandaEye2004> das sind zwei streamer
[22:06:08] <turnnow> Zandertime sind Gamerstime und ZAnderLP
[22:06:08] <ShadowPhonix24> zander+ GTime
[22:06:10] <xbts> das sin zander und Gtime
[22:06:13] <@+hansololp> !location
[22:06:13] <@+Mod4YouBOT>* Vielen Dank Kristallopyr, dass du die Deutsche Krebshilfe mit €1.00 unterstützt RaccAttack
[22:06:13] <daniel_marini> zander + Gtime
[22:06:13] <@+Mod4YouBOT>* Aktuell befinden wir uns im MeltDown in Köln: https://www.meltdown.bar/cologne
[22:06:13] <hallooooooood> #zandertime
[22:06:16] <Soldat489110> #zandertime
[22:06:17] <+kirdrey> dennsenHype dennsenHype dennsenHype dennsenHype dennsenHype dennsenHype dennsenHype dennsenHype dennsenHype dennsenHype dennsenHype dennsenHype dennsenHype dennsenHype
[22:06:22] <PandaEye2004> zander und GTime
[22:06:23] <@+Mod4YouBOT>* Vielen Dank BigBigBaeng, dass du die Deutsche Krebshilfe mit €10.00 unterstützt RaccAttack
[22:06:32] <turnnow> ZAndertime sind ZanderLP und Gamerstime
[22:06:33] <@+Mod4YouBOT>* Vielen Dank Syn4pZ_, dass du die Deutsche Krebshilfe mit €3.00 unterstützt RaccAttack
[22:06:37] <Alazia85> dennsenOtto dennsenOtto dennsenOtto dennsenOtto dennsenOtto dennsenOtto dennsenOtto
[22:06:37] <YoutubeGamerKai> Zander + G time support ist da!!
[22:06:37] <+PSNTigeryt> Alle Zandaren Mall loten !!!!
[22:06:37] <logischenadin> #zandertime
[22:06:43] <@+Mod4YouBOT>* Vielen Dank Dennis_3090, dass du die Deutsche Krebshilfe mit €1.00 unterstützt RaccAttack
[22:06:45] <+Elliott80> dennsenOtto dennsenOtto dennsenOtto dennsenOtto dennsenOtto dennsenOtto dennsenOtto dennsenOtto
[22:06:45] <Illehup> #zandertime
[22:06:47] <hallooooooood> #zandertime
[22:06:49] <+Flummse> kirdrey mrtwicRly eguyHi
[22:06:50] <+PSNTigeryt> !loot
[22:06:51] <Arthur12131> #Zandertime
[22:06:53] <@+Mod4YouBOT>* Vielen Dank ZanderLP, dass du die Deutsche Krebshilfe mit €1.00 unterstützt RaccAttack
[22:07:00] <klexer707> #Zandertime
[22:07:01] <PinguinHockey> !loots
[22:07:01] <Alazia85> Flummse dennsenHeart
[22:07:01] <@+Mod4YouBOT>* Ihr wollt SWH kostenlos unterstützen? Dann nutzt doch Loots! Den Link dazu gibt es hier: https://loots.com/en/tip-jars/streamingwithheart
[22:07:07] <+kirdrey> hi Flummse brownyCute brownyHeart
[22:07:08] <+TinyTarkus> ciroMONEY ciroGEIL ciroMONEY ciroHYPE ciroHYPE ciroGS ciroGS ciroMONEY ciroGEIL ciroMONEY ciroHYPE ciroHYPE ciroGS ciroGS ciroMONEY ciroGEIL ciroMONEY ciroHYPE ciroHYPE ciroGS ciroGS ciroMONEY ciroGEIL ciroMONEY ciroHYPE ciroHYPE ciroGS ciroGS
[22:07:08] <+Amacado> dennsenOtto dennsenOtto dennsenOtto dennsenOtto dennsenOtto dennsenOtto dennsenOtto dennsenOtto
[22:07:09] <@+hansololp> Gamerstime <3
[22:07:10] <+kirdrey> dennsenHype dennsenHype dennsenHype dennsenHype dennsenHype dennsenHype dennsenHype dennsenHype dennsenHype dennsenHype dennsenHype dennsenHype dennsenHype dennsenHype dennsenHype dennsenHype dennsenHype dennsenHype dennsenHype dennsenHype dennsenHype dennsenHype dennsenHype dennsenHype dennsenHype dennsenHype dennsenHype dennsenHype
[22:07:13] <@+Mod4YouBOT>* Vielen Dank Pikachu_Fangirl, dass du die Deutsche Krebshilfe mit €1.00 unterstützt RaccAttack
[22:07:13] <+Medddaaa> zandertime = ZanderLP + GTIME
[22:07:16] <+Flummse> huhu alazia85 kaeinLove ceyLove
[22:07:17] <Icegreen98> #Zandertime #Fischarmy #Gtimearmy
[22:07:18] <itzthorin1107> #ZanderTime
[22:07:20] <raider46> gtimetvGeld gtimetvGeld gtimetvGeld
[22:07:23] <+Lirolas> ciroMONEY ciroMONEY ciroMONEY ciroMONEY ciroMONEY ciroMONEY ciroMONEY ciroMONEY ciroMONEY ciroMONEY ciroMONEY ciroMONEY ciroMONEY ciroMONEY ciroMONEY ciroMONEY ciroMONEY ciroMONEY ciroMONEY ciroMONEY ciroMONEY ciroMONEY ciroMONEY ciroMONEY ciroMONEY
[22:07:25] <+Elliott80> dennsenHype dennsenHype dennsenHype dennsenHype dennsenHype dennsenHype dennsenHype dennsenHype dennsenHype dennsenHype dennsenHype dennsenHype dennsenHype dennsenHype dennsenHype dennsenHype
[22:07:26] <Achja2017> dennsenHerz dennsenHerz dennsenHerz dennsenHerz dennsenHerz dennsenHerz dennsenHerz dennsenHerz dennsenHerz dennsenHerz dennsenHerz dennsenHerz dennsenHerz dennsenHerz
[22:07:30] <turnnow> ZAndertime = ZAnderLP und GAmerstime
[22:07:33] <@+Mod4YouBOT>* Vielen Dank Mirrins, dass du die Deutsche Krebshilfe mit €1.00 unterstützt RaccAttack
[22:07:36] <Achja2017> dennsenOtto dennsenOtto dennsenOtto dennsenOtto dennsenOtto dennsenOtto dennsenOtto dennsenOtto dennsenOtto
[22:07:36] MOD: Bearmaster66
[22:07:37] <+ecki10> Gamerstime ist einer der Streamer , die euch geraidet haben
[22:07:43] <@+Mod4YouBOT>* Vielen Dank RiflayYT, dass du die Deutsche Krebshilfe mit €1.78 unterstützt RaccAttack
[22:07:49] <Achja2017> dennsenYatta dennsenYatta dennsenYatta dennsenYatta dennsenYatta dennsenYatta dennsenYatta dennsenYatta dennsenYatta
[22:07:53] <@+Mod4YouBOT>* Vielen Dank n1lz, dass du die Deutsche Krebshilfe mit €1.00 unterstützt RaccAttack
[22:07:56] <+Knetzel2002> nice
[22:08:03] <@+Mod4YouBOT>* Vielen Dank nerfus_dean, dass du die Deutsche Krebshilfe mit €1.00 unterstützt RaccAttack
[22:08:05] <maki2017> bb
[22:08:06] <Felix2073> #zandertime
[22:08:10] <Daewoo8812> <3 Nice <3
[22:08:10] <+kirdrey> dennsenHype dennsenHype dennsenHype dennsenHype dennsenHype dennsenHype dennsenHype dennsenHype dennsenHype dennsenHype dennsenHype dennsenHype dennsenHype dennsenHype
[22:08:12] <@+mrduckspace> Danke für alle Spenden und das Ihr zuschaut <3
[22:08:12] <@+Mod4YouBOT>* Vielen Dank Olddirtdog, dass du die Deutsche Krebshilfe mit €5.00 unterstützt RaccAttack
[22:08:14] <Mirrins95> #zandertime
[22:08:15] <ilovebrudii> #zandertime
[22:08:21] <Alazia85> dennsenHype dennsenHype dennsenHype dennsenHype dennsenHype dennsenHype dennsenHype dennsenHype dennsenHype dennsenHype dennsenHype dennsenHype dennsenHype dennsenHype dennsenHype dennsenHype dennsenHype dennsenHype dennsenHype dennsenHype dennsenHype
[22:08:21] <+Flummse> kaeinHype kaeinHype kaeinHype kaeinHype kaeinHype kaeinHype kaeinHype kaeinHype kaeinHype
[22:08:22] <Kixi_> dennsenHype dennsenHype dennsenHype dennsenHype dennsenHype dennsenHype dennsenHype dennsenHype dennsenHype dennsenHype dennsenHype dennsenHype dennsenHype dennsenHype dennsenHype
[22:08:23] <@+Mod4YouBOT>* Vielen Dank paddi157, dass du die Deutsche Krebshilfe mit €5.00 unterstützt RaccAttack
[22:08:26] <missyakumo> Danke das ihr den Stream macht, meine Tante ist vor 2 Jahren an Brustkrebs gestorben <3 Danke das ihr was dagegen machen wollt
[22:08:28] <+Gory_Angel> dennsenHype dennsenHype dennsenHype dennsenHype dennsenHype dennsenHype dennsenHype dennsenHype dennsenHype dennsenHype dennsenHype dennsenHype dennsenHype dennsenHype dennsenHype dennsenHype
[22:08:29] <maki2017> nice
[22:08:29] <@+mrduckspace> !location
[22:08:30] <@+Mod4YouBOT>* Aktuell befinden wir uns im MeltDown in Köln: https://www.meltdown.bar/cologne
[22:08:32] <+hisjessiii> zanderHype
[22:08:33] <@+Mod4YouBOT>* Vielen Dank Wolfi_WR, dass du die Deutsche Krebshilfe mit €100.00 unterstützt RaccAttack
[22:08:35] <@+mrduckspace> mein beileid missyakumo
[22:08:35] <+PSNTigeryt> #ZanderTime !
[22:08:40] <Alazia85> #Dennsen+TimKalationTime!
[22:08:43] <@+Mod4YouBOT>* Vielen Dank Dekalliver, dass du die Deutsche Krebshilfe mit €6.66 unterstützt RaccAttack
[22:08:45] <blackpurplex> hallo
[22:08:48] <Alazia85> dennsenHype dennsenHype dennsenHype dennsenHype dennsenHype dennsenHype dennsenHype dennsenHype dennsenHype dennsenHype dennsenHype dennsenHype dennsenHype dennsenHype dennsenHype dennsenHype dennsenHype dennsenHype dennsenHype dennsenHype dennsenHype dennsenHype dennsenHype
[22:08:49] <@+aysli> clymYay earliHype zanderHype
[22:08:50] <recklessGreed> Läuft bei dir Wolfi_wr :3 
[22:08:54] <+kirdrey> dennsenHype dennsenHype dennsenHype dennsenHype dennsenHype dennsenHype dennsenHype dennsenHype dennsenHype dennsenHype dennsenHype dennsenHype dennsenHype dennsenHype dennsenHype dennsenHype dennsenHype dennsenHype dennsenHype dennsenHype dennsenHype dennsenHype dennsenHype dennsenHype dennsenHype dennsenHype dennsenHype dennsenHype
[22:08:55] <~streamingwithheart> Encounters ist die erste große Erweiterung für Everspace™. Beeindrucke deine Freunde mit dem neuen Colonial Sentinel. Spiele jetzt! https://loots.com/t/By3A986XG
[22:08:59] <missyakumo> @mrduckspace danke
[22:09:03] <maki2017> tschö
[22:09:05] <Achja2017> dennsenHype dennsenHype dennsenHype dennsenHype dennsenHype dennsenHype dennsenHype dennsenHype dennsenHype dennsenHype dennsenHype dennsenHype dennsenHype dennsenHype
[22:09:08] <sn200> kann mir jemand sagen wie der er heißt der denn speedrun gemacht hat?
[22:09:08] <+marvemmarvem> tschau dennsen!!!!!
[22:09:09] <+Nayfal> bye bye
[22:09:13] <@+Mod4YouBOT>* Vielen Dank Falarino, dass du die Deutsche Krebshilfe mit €5.00 unterstützt RaccAttack
[22:09:13] <Jo_kook> war sehr schön mit euch!
[22:09:21] <Wolfi_WR> @recklessGreed muss muss mal^^
[22:09:21] <Alazia85> @sn200 Dennsen86
[22:09:29] <geromonix> gute arbeit ihr zwei
[22:09:34] <+TinyTarkus> @sn200 dennsen86
[22:09:34] <sn200> @Alazia85 ty <3
[22:09:37] <@+Mod4YouBOT>* Du kannst auf dieser Seite: https://m4u.link/swhgleam am Gewinnspiel teilnehmen.
[22:09:37] <maniyoo11> timkaGruss
[22:09:38] <@SeriumTV> seriHype ciroGS seriHype seriHype ciroGS
[22:09:43] <@+Mod4YouBOT>* Vielen Dank derpasilo, dass du die Deutsche Krebshilfe mit €50.00 unterstützt RaccAttack
[22:09:44] <Alazia85> dennsenDaumen
[22:10:03] <@+Mod4YouBOT>* Vielen Dank X_mineator_X, dass du die Deutsche Krebshilfe mit €5.00 unterstützt RaccAttack
[22:10:12] <+Flummse> seriHype brownyHeart seriHype brownyCute seriHype
[22:10:13] <@+Mod4YouBOT>* Vielen Dank blackpurplex, dass du die Deutsche Krebshilfe mit €1.00 unterstützt RaccAttack
[22:10:17] <JackMcGoven> #zandertime
[22:10:18] <+TinyTarkus> Alter Verwalted die Donations eskalieren völlig ciroGS ciroADORE ciroGS
[22:10:18] <+Ishbary> dennsenRestart dennsenRestart dennsenRestart dennsenRestart dennsenRestart dennsenRestart dennsenRestart dennsenRestart dennsenRestart dennsenRestart dennsenRestart dennsenRestart
[22:10:28] <+Ishbary> dat dennsen xD
[22:10:46] MOD: Lttwinters
[22:10:49] <Alazia85> dennsenYatta
[22:11:01] <+drumm004> dennsenHype dennsenHype
[22:11:11] <+kirdrey> dennsenHype dennsenHype dennsenHype dennsenHype dennsenHype dennsenHype dennsenHype dennsenHype dennsenHype dennsenHype dennsenHype
[22:11:12] <KompetenterSaiyajin> dennsenDaumen dennsenDaumen dennsenDaumen
[22:11:21] <Alazia85> dennsenHype dennsenHype dennsenHype dennsenHype dennsenHype dennsenHype dennsenHype
[22:11:29] <+Ishbary> dennsenHype dennsenHype dennsenHype dennsenHype dennsenHype dennsenHype dennsenHype dennsenHype dennsenHype dennsenHype
[22:11:35] <@SeriumTV> seriHype ciroGS seriHype seriHype ciroGS
[22:11:44] <+drumm004> dennsenHype dennsenHype dennsenHype dennsenHype dennsenHype dennsenHype dennsenHype dennsenHype dennsenHype dennsenHype
[22:11:53] UNMOD: Lttwinters
[22:11:57] <@SeriumTV> Ja hören dich wieder
[22:12:03] <@+Mod4YouBOT>* Vielen Dank Relentless139, dass du die Deutsche Krebshilfe mit €10.00 unterstützt RaccAttack
[22:12:05] <@+aysli> zanderHype zanderLove :> earliLove earliHype clymYay clym10v10
[22:12:07] <+Amacado> dennsenHype dennsenHype dennsenHype dennsenHype dennsenHype dennsenHype dennsenHype dennsenHype dennsenHype dennsenHype dennsenHype
[22:12:11] <+Flummse> ceyHype seriHype ceyHype seriHype ceyHype seriHype ceyHype seriHype ceyHype seriHype
[22:12:11] <+kirdrey> wir hören dich^^
[22:12:12] <+Peksen86> Nice
[22:12:13] <+wessi_2601> jokaHype jokaHype jokaHype jokaHype jokaHype
[22:12:17] <+kirdrey> jetzt nicht mehr xD
[22:12:22] <maki2017> ja tuen wir
[22:12:24] <+jhesistv> Man hört wieder nichts mehr
[22:12:26] <+kirdrey> doch wieder
[22:12:29] <+jhesistv> jetzt wieder
[22:12:29] <Alazia85> ja hör dich
[22:12:31] <+Lirolas> ciroHYPE ciroMONEY ciroHYPE ciroMONEY ciroHYPE ciroMONEY ciroHYPE ciroMONEY ciroHYPE ciroMONEY ciroHYPE ciroMONEY
[22:12:37] <maki2017> ja verlosung
[22:12:40] <+Flummse> Hilfe ich höre Stimmen
[22:12:41] <Imyvis> Wollte Cirouss sich nicht auch noch sehen lassen? ciroTHINK
[22:12:44] <james19979> moin moin #zandertime
[22:12:49] <Alazia85> dennsenHype dennsenHype dennsenHype dennsenHype dennsenHype dennsenHype dennsenHype dennsenHype dennsenHype dennsenHype dennsenHype dennsenHype dennsenHype dennsenHype dennsenHype
[22:12:50] <@SeriumTV> Sehr cool PogChamp
[22:12:51] <Gnome4K> spenden
[22:12:54] UNMOD: Derpasilo
[22:12:54] <+kirdrey> Mit Autogrammen :O OMG
[22:12:56] <+Prinzessin_Jummi> cool <3
[22:12:57] <Wikea> @Imyvis er ist schüchtern Kappa
[22:12:59] <+kirdrey> muss ich haben :O :O
[22:13:00] <sebastiankubik> #zanderarmy <3
[22:13:01] <Gnome4K> !spenen
[22:13:01] <Nukularr> dann kann man das niemals auspacken :D
[22:13:03] <@Multidissimo> Viel Glück an alle :P
[22:13:05] <+ecki10> Lol Ryole ist auch da
[22:13:08] <+marvemmarvem> wow!!!
[22:13:12] <missyakumo> Nice
[22:13:13] <@+Mod4YouBOT>* Vielen Dank x_Peppermint_x, dass du die Deutsche Krebshilfe mit €10.00 unterstützt RaccAttack
[22:13:15] <@SeriumTV> Viel Erfolg an die Teilnehmer :)
[22:13:19] <@+aysli> ecki10 war er ist wieder weg
[22:13:20] <+TinyTarkus> @Imyvis Der is schüchtern Kappa
[22:13:20] <sebastiankubik> <3
[22:13:23] <@+Mod4YouBOT>* Vielen Dank bournyfilm, dass du die Deutsche Krebshilfe mit €10.00 unterstützt RaccAttack
[22:13:23] <+DrTriox> Multidissimo <3
[22:13:23] <sebastiankubik> 3<
[22:13:29] <@+hansololp>* !nintendo wenn ihr das Game Fire Emblem Warriors gewinnen wollt. Es ist signiert :)
[22:13:30] <Wolfi_WR> @aysli einmal bitte in die cam gucken und winken :D
[22:13:32] <Cobra1504> #zanderarmy
[22:13:33] <+IbanezXli> ey kaein kaeinPleb
[22:13:37] <+TrichterkopfHD> !nintendo
[22:13:40] <Skopcraft> !nintendo
[22:13:40] <+Peksen86> !nintendo
[22:13:41] <+Prinzessin_Jummi> !nintendo
[22:13:41] <m0nst3r110_LP> !nintendo
[22:13:41] <+Gory_Angel> !nintendo
[22:13:41] <missyakumo> !nintendo
[22:13:42] <+Nayfal> !nintendo
[22:13:43] <CrapLive> !nintendo
[22:13:44] <braten6> !nintendo
[22:13:44] <Losowanya> !nintendo
[22:13:45] <+xlunacrysis> !nintendo
[22:13:45] <+DerKiller1239> !nintendo
[22:13:46] <edgar_yt> !nintendo
[22:13:46] <occap> !nintendo
[22:13:46] <+marvemmarvem> !nintendo
[22:13:46] <Alazia85> !nintendo
[22:13:46] <xKimBaXx> !nintendo
[22:13:46] <+kirdrey> !nintendo
[22:13:46] <TheGreenPuzzles> !nintendo
[22:13:46] <Shuntanos> !nintendo
[22:13:47] <TastyHype> !nintendo
[22:13:47] <FrankerFranF> !nintendo
[22:13:47] <Amajog1> !nintendo
[22:13:47] <x_peppermint_x> !nintendo
[22:13:48] <+Das_Zotin> !nintendo
[22:13:48] <+Elliott80> !nintendo
[22:13:48] <presuid> !!nitendo
[22:13:48] <+jhesistv> !nintendo
[22:13:48] <b4nsi> !nintendo
[22:13:48] <+katiCore> !nintendo
[22:13:49] <+Amacado> !nintendo
[22:13:49] <+southpOint_99> !nintendo
[22:13:49] <SE_Woodbrush> !nintendo
[22:13:50] <Domee_Zockt> !nintendo
[22:13:50] <+Loik_TV> !nintendo
[22:13:50] <Nukularr> !nintendo
[22:13:51] <+Mehro2000> !nintendo
[22:13:51] <schatzmaus5> !nintendo
[22:13:51] <+xStoneEater> !nintendo
[22:13:51] <s1lent_d3ath> !nintendo
[22:13:51] MOD: Derpasilo
[22:13:51] <+Hypnon> !nintendo
[22:13:52] <Jade5858> !nintendo
[22:13:52] <+lexitritra> !nintendo
[22:13:53] <@+mrduckspace> Die Mods winken :)
[22:13:53] <Etbo203> !nintendo
[22:13:54] <CalvinTab> !nintendo
[22:13:54] <+DarkKnuffel> !nintendo
[22:13:54] <+vipk1lller> !nintendo
[22:13:54] <+Nerfus_Dean> !nintendo
[22:13:54] <+IbanezXli> !nintendo
[22:13:55] <KekskillerBM> !nintendo
[22:13:55] <feli3112> !nintendo
[22:13:55] <logischenadin> !nintendo
[22:13:55] <PittyPlayz> !nintendo
[22:13:55] <berlinthunder9279> !nintendo
[22:13:55] <+Diplomats1990> !nintendo
[22:13:55] <sallyup98> !ninted
[22:13:56] <presuid> !nitendo
[22:13:56] <+paddyp91> !nintendo
[22:13:56] <Mummer420> !nintendo
[22:13:56] <@+aysli> wolfi hat daniel erledigt
[22:13:57] <routnet> !nintendo
[22:13:58] <+drumm004> !nintendo
[22:13:59] <KompetenterSaiyajin> !nintendo
[22:13:59] <Nessie_29> !nintendo
[22:14:00] <sebastiankubik> !nintendo
[22:14:00] <+TinyTarkus> !nintendo
[22:14:00] <Kixi_> !nintendo
[22:14:00] <edu2002tv> !nintendo
[22:14:00] <+ecki10> !nintendo
[22:14:02] <+ihatamachii> !nintendo
[22:14:02] <sallyup98> !nintendo
[22:14:02] <Obiknobi88> !nintendo
[22:14:02] <LoloPlaylp> !nitendo
[22:14:03] <naschitia> !nintendo
[22:14:03] <PayorNay> !nintendo
[22:14:04] <PandaEye2004> !nintendo
[22:14:04] <Mokado72> !nintendo
[22:14:04] <luff_you> !nintendo
[22:14:05] <+seb_22601> !nintendo
[22:14:06] <RiBer_Liners> !nintendo
[22:14:06] <+Januschko1896> !nintendo
[22:14:06] <+noobgamerslp> !nintendo
[22:14:07] <tagbot_hd> !nintendo
[22:14:07] <Sophie2106> !nintendo
[22:14:07] <+goettlicher_lp> !nintendo
[22:14:07] <raider46> !nintendo
[22:14:09] <+WTF_Benjiton> !nintendo
[22:14:09] <+Kapfi2000> !nintendo
[22:14:09] <Risa_Senpai> !nintendo
[22:14:10] <+killerhexe82> !nintendo
[22:14:11] <+Daisho21> !nintendo
[22:14:11] <+illuminatii23> !Sony
[22:14:11] <turnnow> !nintendo
[22:14:12] <+Lirolas> !nintendo
[22:14:13] <+hisjessiii> !nintendo
[22:14:15] <+PixelCutDE> !nintendo
[22:14:15] <logischenadin> !nintendo#
[22:14:16] <Wolfi_WR> @aysli wüßte garn nicht das du ein mann geworden bist siehst aber nicht schlecht aus <3 :D
[22:14:16] <+Noagal> !nintendo
[22:14:18] <logischenadin> !nintendo
[22:14:18] <JackMcGoven> !nintendo
[22:14:19] <Maxiking2081> !nintendo
[22:14:19] <iKNOO> !nintendo
[22:14:20] <+TinyTarkus> @Imyvis da isser doch :D
[22:14:22] <+TrichterkopfHD> !nintendo
[22:14:22] <Luisatrue> !nintendo
[22:14:22] <SpackenSP> !nintendo
[22:14:22] <+Bumfi> !playstation
[22:14:23] <DasPvPS> !uptime
[22:14:24] <@+Mod4YouBOT> StreamingWithHeart ist online seit 4 Stunden 9 Minuten.
[22:14:24] <MLG_P4nd4_> !playstation
[22:14:24] <james19979> #zins
[22:14:25] <ivymelisandre> !nintendo
[22:14:25] <+Cerbyyy> !nintendo
[22:14:25] <+Bumfi> !xbox
[22:14:27] <PittyPlayz> gg
[22:14:28] <Snakeebeat> !Sega
[22:14:30] <+Phoenixdmx> !nintendo
[22:14:31] <+thoma554> !nintendo
[22:14:32] <schatzmaus5> !nintendo
[22:14:33] <ReborNxWave> #zandertime
[22:14:33] <+G4njay> !nintendo
[22:14:34] <TrenikTV> !nintendo
[22:14:35] <+misterdenisman> !nintendo
[22:14:35] <PittyPlayz> !nintendo
[22:14:37] <@+Mod4YouBOT>* Möchtest du eine Spende für die Deutsche Krebshilfe da lassen ? https://www.tipeeestream.com/streamingwithheart/donation
[22:14:37] <tagbot_hd> !nintendo
[22:14:38] <+Bumfi> !C64
[22:14:39] <+Lucipherus> !nintendo
[22:14:39] <aquaqq> !nintendo
[22:14:41] <Nukularr> !nintendo
[22:14:42] <turnnow> !nintendo
[22:14:42] <+tea_3008> !nintendo
[22:14:43] <+Falarino> !nintendo
[22:14:44] <Amajog1> !nintendo
[22:14:44] <NoShield_GHG> !nintendo
[22:14:45] <Risa_Senpai> !C64
[22:14:47] <+illuminatii23> !nintendo
[22:14:48] <@+hansololp>* !nintendo wenn ihr das Game Fire Emblem Warriors gewinnen wollt. Es ist signiert :)
[22:14:48] <logischenadin> !nintendo
[22:14:49] <+Flummse> !popcorn
[22:14:50] MOD: Multidissimo
[22:14:51] <Lynnfeea> !nintendo
[22:14:52] <+DoKulix> #Zins
[22:14:52] <derfenchelhd> Zins ist der Beste! wohoo zanderHype zanderHype zanderHype
[22:14:53] <Gnome4K> !nintendo
[22:14:55] <+Bumfi> !NES
[22:14:56] <sinecrime> !nintendo
[22:14:59] <salatLP1> !nintendo
[22:15:00] <+Kapfi2000> !nintendo
[22:15:02] <Noobs_am_Limit> !nintendo
[22:15:04] <Nukularr> !amiga
[22:15:04] <+marvemmarvem> !nintendo
[22:15:06] <dirk1999> !nintendo
[22:15:07] <PittyPlayz> !nintendo
[22:15:07] <MLG_P4nd4_> !xboxone
[22:15:08] <Gnome4K> !spenden
[22:15:09] <schatzmaus5> !nintendo
[22:15:10] <+illuminatii23> !milka
[22:15:10] <+Amacado> !nintendo
[22:15:10] <Sophie2106> !nintendo
[22:15:11] <TrenikTV> !nintendo
[22:15:13] <@+Mod4YouBOT>* Vielen Dank seelenlicht87, dass du die Deutsche Krebshilfe mit €25.00 unterstützt RaccAttack
[22:15:15] <AntonioKlh> Es heisst ZINUS nicht ZIns
[22:15:16] <+Bumfi> !Atari
[22:15:17] <tagbot_hd> !nintendo
[22:15:17] <@+mrduckspace> !spenden
[22:15:17] <@+Mod4YouBOT>* Möchtest du eine Spende für die Deutsche Krebshilfe da lassen ? https://www.tipeeestream.com/streamingwithheart/donation
[22:15:21] <+Koerkmaster> !nintendo
[22:15:21] <Snakeebeat> !Sega Megadrive
[22:15:21] <CrapLive> !nintendo
[22:15:22] <logischenadin> !nintendo
[22:15:26] <jonas_1233> !nintendo
[22:15:30] <+DerKiller1239> !nintendo
[22:15:30] <curtis_san> oh hi
[22:15:31] <xKimBaXx> !nintendo
[22:15:31] <+noobgamerslp> !nintendo
[22:15:36] <schatzmaus5> !ps4
[22:15:36] <+TinyTarkus> ciroMONEY ciroMONEY ciroHYPE ciroGS ciroGS ciroMONEY ciroMONEY ciroHYPE ciroGS ciroGS ciroMONEY ciroMONEY ciroHYPE ciroGS ciroGS ciroMONEY ciroMONEY ciroHYPE ciroGS ciroGS ciroMONEY ciroMONEY ciroHYPE ciroGS ciroGS
[22:15:37] <@+hansololp>* !nintendo wenn ihr das Game Fire Emblem Warriors gewinnen wollt. Es ist signiert :)
[22:15:43] <Tickit_> !nintendo
[22:15:46] <+Noagal> !famicom
[22:15:47] <turnnow> !nintendo
[22:15:47] <salatLP1> !nintendo
[22:15:48] <+Kapfi2000> !nintendo
[22:15:49] <Illehup> #Zandertime
[22:15:50] <+marvemmarvem> dennsenHype dennsenHype dennsenHype dennsenHype dennsenHype dennsenHype dennsenHype dennsenHype dennsenHype dennsenHype dennsenHype dennsenHype dennsenHype dennsenHype dennsenHype dennsenHype dennsenHype dennsenHype dennsenHype dennsenHype dennsenHype dennsenHype dennsenHype dennsenHype
[22:15:50] <schatzmaus5> zanderLove zanderHype zanderLove zanderHype
[22:15:51] <+Flummse> kaeinHi kaeinHype kaeinHi kaeinHype kaeinHi kaeinHype kaeinHi kaeinHype kaeinHi kaeinHype kaeinHi kaeinHype kaeinHi kaeinHype kaeinHi kaeinHype kaeinHi kaeinHype
[22:15:51] <tagbot_hd> !nintendo
[22:15:53] <logischenadin> !nintendo
[22:15:53] <+Belori> kaein danBad
[22:15:54] <DeDe2403> !nintendo
[22:15:56] <missyakumo> einmal reicht xD
[22:15:57] <Amajog1> !nintendo
[22:15:57] <+thoma554> !nintendo
[22:16:02] <dirk1999> @Flummse kaeinHi
[22:16:03] <@+Mod4YouBOT>* Vielen Dank Zins, dass du die Deutsche Krebshilfe mit €1.00 unterstützt RaccAttack
[22:16:05] <+Amacado> !nintendo
[22:16:08] <Sophie2106> !nintendo
[22:16:10] <+TrichterkopfHD> zanderHype zanderHype zanderHype zanderHype zanderHype zanderHype zanderHype zanderHype zanderHype zanderHype zanderHype zanderHype zanderHype zanderHype zanderHype zanderHype zanderHype zanderHype zanderHype
[22:16:10] <+Daisho21> !nintendo
[22:16:13] <curtis_san> Hi Johnny
[22:16:13] <berlinthunder9279> !nintendo
[22:16:14] <+illuminatii23> !atari
[22:16:18] <@+hansololp>* !nintendo wenn ihr das Game Fire Emblem Warriors gewinnen wollt. Es ist signiert :) Das Gewinnspiel geht bis 22:30
[22:16:19] <SE_Woodbrush> !nintendo
[22:16:20] <+Flummse> dirk1999 kaeinHi kaeinLove
[22:16:21] <hecht103> !nitendo
[22:16:22] <+TrichterkopfHD> gtimetvCool gtimetvCool gtimetvCool gtimetvCool gtimetvCool gtimetvCool gtimetvCool gtimetvCool gtimetvCool gtimetvCool gtimetvCool gtimetvCool gtimetvCool gtimetvCool gtimetvCool gtimetvCool
[22:16:23] <Gnome4K> ich kann irgendwie nicht spenden
[22:16:25] <routnet> !nintendo
[22:16:26] <PandaEye2004> !nintendo
[22:16:27] <salatLP1> !nintendo
[22:16:29] <Gnome4K> kommt nur ein bild
[22:16:35] <dirk1999> @streamingwithheart kaeinHi
[22:16:37] <logischenadin> !nintendo
[22:16:40] <ReborNxWave> noch einmal leute #zandertime
[22:16:46] <+Samuplayz> !nintendo
[22:16:51] <@Bearmaster66> da ist ein wilder JohnnyCDerp!
[22:16:51] <+DrTriox> gtimetvZwinkern gtimetvGrinsen gtimetvAuslachen gtimetvGluecklich
[22:16:53] <+ecki10> Der mit dem Hut bitte das Mikro ein wenig näher zum Mund :o
[22:16:54] <+noobgamerslp> !nintendo
[22:16:57] <Domee_Zockt> !nintendo
[22:17:09] <Riflayyt> !nintendo
[22:17:11] <tagbot_hd> !nintendo
[22:17:12] <+vipk1lller> PokPikachu
[22:17:13] <+Flummse> Hilfe Stimmen
[22:17:13] <hecht103> !nintendo
[22:17:13] <+Belori> ne kaein danBad
[22:17:14] <luff_you> <3
[22:17:14] <Kixi_> huhu
[22:17:14] <@SeriumTV> Ihr seid zu leise
[22:17:14] <hallooooooood> !Nintendo hane keine switch
[22:17:16] <Snakeebeat> !SEGA
[22:17:17] <+Pikachu_Fangirl> Der gute alte Zins xD
[22:17:18] <@SeriumTV> Macht euch etwas lauter :)
[22:17:18] <+Koerkmaster> Wach ohne Ende ^^
[22:17:18] <+shgholly> sicherlich ^^
[22:17:21] <+TinyTarkus> ciroHI
[22:17:21] <m0nst3r110_LP> !nintendo
[22:17:21] <+Mehro2000> hallo
[22:17:21] <ReneMauriceCst> hi Leute
[22:17:22] <+Phoenixdmx> Was wer ist wach? wie wo ne schlafen alle
[22:17:24] <+Lirolas> ciroGEIL ciroHI
[22:17:28] <@+hansololp>* !nintendo wenn ihr das Game Fire Emblem Warriors gewinnen wollt. Es ist signiert :) Das Gewinnspiel geht bis 22:30
[22:17:28] <Sahades> Kein bart. Ich musste 10x hinschauen!
[22:17:29] <+Prinzessin_Jummi> nein....
[22:17:29] <presuid> hallu
[22:17:29] <s1lent_d3ath> joo
[22:17:33] <dirk1999> Belori kaeinDerp
[22:17:33] <+illuminatii23> !3tagewach
[22:17:36] <curtis_san> oh Johnny ohne Bart
[22:17:40] <+Belori> dirk kaeinDerp
[22:17:41] <+angel_6_9_6> #zandertime
[22:17:43] <@+Mod4YouBOT>* Vielen Dank Maltanaa, dass du die Deutsche Krebshilfe mit €10.00 unterstützt RaccAttack
[22:17:43] <+Phoenixdmx> Musik leiser dann ist gut :D
[22:17:46] <+ihatamachii> !nintendo
[22:17:47] <Feuerherz1989> bin noch wach. Cirouss ist jetzt endlich mit am start :D
[22:17:51] <+TinyTarkus> ciroMONEY ciroMONEY ciroHYPE ciroGS ciroGS ciroMONEY ciroMONEY ciroHYPE ciroGS ciroGS ciroMONEY ciroMONEY ciroHYPE ciroGS ciroGS
[22:17:53] <+ecki10> Besser <3
[22:17:54] <+Drach3nfreund> kaeinHi kaeinHi
[22:17:54] ~24 Stunden Live aus dem Meltdown | Streaming with Heart (Mario Kart 8)~
[22:17:59] <+Gory_Angel> spiel leiser machen
[22:18:09] <dirk1999> Drach3nfreund kaeinHi kaeinHi
[22:18:11] <@+mrduckspace> Danke an alle die Spenden oder Loots benutzen <3
[22:18:11] <@SeriumTV> Jetzt Game ticken leisen dann haben wirs :D
[22:18:13] <@+mrduckspace> !loots
[22:18:14] <@+Mod4YouBOT>* Ihr wollt SWH kostenlos unterstützen? Dann nutzt doch Loots! Den Link dazu gibt es hier: https://loots.com/en/tip-jars/streamingwithheart
[22:18:16] <Tickit_> henkenSwag
[22:18:21] <Feuerherz1989> den Bierbauch von Cirouss erkennt man echt überall ciroLOL
[22:18:27] <+TinyTarkus> besser
[22:18:27] <+ecki10> ja
[22:18:28] <luff_you> ja so ist sehr gut
[22:18:29] <+kirdrey> jo is besser^^
[22:18:33] <@+Mod4YouBOT>* Vielen Dank Noobs_am_Limit, dass du die Deutsche Krebshilfe mit €5.00 unterstützt RaccAttack
[22:18:35] <@SeriumTV> So ist gut
[22:18:35] <Snakeebeat> Ich hab was gehört von wegen Pinker Bart was wurde denn aus der Geschichte ? LUL hat man das durch bekommen ?
[22:18:37] <+Antihero_FX> da is ja Cirouss der Lappen Keepo
[22:18:40] <presuid> ja
[22:18:44] <+IbanezXli> sehr gut malti
[22:18:45] <+TinyTarkus> @Feuerherz1989 die Haltung vom Schluck Wasser in der Kruve meist du wohl :D
[22:19:00] <tagbot_hd> !nintendo
[22:19:02] <@+hansololp>* !nintendo wenn ihr das Game Fire Emblem Warriors gewinnen wollt. Es ist signiert :) Das Gewinnspiel geht bis 22:30
[22:19:08] <+maltanaa> wat gehtn bane? kaeinPleb
[22:19:16] <Feuerherz1989> @TinyTarkus ja so in etwa...ob er deswegen ein Bierbauch hat?
[22:19:21] <+IbanezXli> ey kaein kaeinPleb 8. ist nicht erster kaeinPleb
[22:19:23] <m0nst3r110_LP> !nintendo
[22:19:33] <DeDe2403> !nintendo
[22:19:35] <+Falarino> !nintendo
[22:19:37] <@+Mod4YouBOT>* Ihr wollt SWH kostenlos unterstützen? Dann nutzt doch Loots! Den Link dazu gibt es hier: https://loots.com/en/tip-jars/streamingwithheart
[22:19:38] <Keksfanboy00> !nintendo
[22:19:38] <+IbanezXli> malti bier im meltdown kaeinPleb
[22:19:39] <+Souhirai> !nintendo
[22:19:42] <@SeriumTV> Haaren? Du meinst mitm Bart? LUL
[22:19:43] <@+Mod4YouBOT>* Vielen Dank Flummse, dass du die Deutsche Krebshilfe mit €5.00 unterstützt RaccAttack
[22:19:45] <dirk1999> IbanezXli kaeinHi
[22:19:49] <+TinyTarkus> @Feuerherz1989 machts auf jeden Fall nich besser... jetz wissen wir wieso die Cam immer frontal ist Kappa
[22:19:51] <+maltanaa> geil bane PogChamp
[22:19:52] <+IbanezXli> dirk moin
[22:20:02] <Snakeebeat> PogChamp Ja nice
[22:20:02] <@SeriumTV> Bleedpuprle und so LUL
[22:20:04] <DasPvPS> KappaPride
[22:20:09] <+Peksen86> !nintendo
[22:20:10] <+IbanezXli> ja man VÜGGÜ ist auch da malti
[22:20:14] <Feuerherz1989> @TinyTarkus ja, jetzt wundert es mich auch nicht mehr LUL
[22:20:16] <m0nst3r110_LP> !nintendo
[22:20:24] <SharkMacGyver> palim palim derplingHey derplingH
[22:20:25] <@+hansololp> leute will keiner gewinnen über 600 zuschauer aber nur 65 die sich registrieren das kann nich sein !nintendo und gogo es gibt Fire Emblem Warriors für die switch. Das spiel is signiert !
[22:20:26] <@SeriumTV> Bart wird nicht weg gemacht! Wenn die Summe erreicht wird dann gefärbt :)
[22:20:29] <+TinyTarkus> ciroLOL
[22:20:39] <Wikea> Seri Pinkebart !
[22:20:40] <+ecki10> !nintendo
[22:20:42] <+MadPepper> Mensch da ist er ja wieder xD
[22:20:48] <+Phoenixdmx> Îch dachte erst das ist die TV Total Werbungs Musik xD
[22:20:51] <+Peksen86> Hansolo hau raus :)
[22:20:54] <m0nst3r110_LP> !nintendo
[22:20:56] <@SeriumTV> Tja hätte hätte Fahrradkette
[22:20:56] <Sophie2106> !nintendo
[22:20:57] <@Bearmaster66> @MadPepper derplingHey
[22:21:01] MOD: Hoffnung91
[22:21:02] <@SeriumTV> LUL
[22:21:02] <Keksfanboy00> !uptime
[22:21:02] <+Antihero_FX> !nintendo
[22:21:03] <@+Mod4YouBOT> StreamingWithHeart ist online seit 4 Stunden 15 Minuten.
[22:21:03] <+Flummse> ich hab keine Switch *schulterzuck*
[22:21:05] <@+mrduckspace> Peksen86 auflösung ist um halb
[22:21:06] <Mainfranke> hoffiGasm
[22:21:12] <+rotznasiii> !nintendo
[22:21:12] <s1lent_d3ath> joo
[22:21:14] <+MadPepper> Hey @bearmaster66 derplingHey
[22:21:20] <dirk1999> eyyy kaein wo haste deine freundin gelassen kaeinThink
[22:21:20] <SharkMacGyver> Maddy derplingHey
[22:21:20] <tagbot_hd> !nintendo
[22:21:28] <s1lent_d3ath> mongo
[22:21:35] <+Dark_link89> oh gott, JohnnycDerp ohne bart o.O
[22:21:39] <s1lent_d3ath> komm mal
[22:21:44] <@Bearmaster66> lieber JohnnyCDerp schau mal auf dein WhatsApp! derplingHey LUL
[22:21:45] <s1lent_d3ath> xxxthemongoxxx?
[22:21:50] <m0nst3r110_LP> !nintendo
[22:21:53] <occap> !nintendo
[22:21:55] <xcrodominic> !nintendo
[22:22:07] <+MadPepper> Hi @sharkmacgyver derplingHey
[22:22:09] <+TinyTarkus> ciroMONEY ciroMONEY ciroHYPE ciroGS ciroGS ciroMONEY ciroMONEY ciroHYPE ciroGS ciroGS ciroMONEY ciroMONEY ciroHYPE ciroGS ciroGS ciroMONEY ciroMONEY ciroHYPE ciroGS ciroGS
[22:22:12] <@Bearmaster66> nice one Imyvis!
[22:22:13] <@SeriumTV> seriHype ciroGS seriHype seriHype ciroGS
[22:22:13] <+Belori> ich seh dich kaein danBad danCreep
[22:22:16] BAN: s1lent_d3ath (1s)
[22:22:17] <Feuerherz1989> ciroMONEY ciroMONEY ciroMONEY ciroMONEY
[22:22:18] <+TinyTarkus> @Imyvis du geile Sau!
[22:22:22] <@Multidissimo> multidL multidL multidL multidL
[22:22:22] <+Antihero_FX> ciroMONEY ciroMONEY ciroMONEY ciroMONEY ciroMONEY
[22:22:26] <+Lirolas> ciroGS ciroGS ciroGS ciroGS ciroGS ciroGS ciroGS ciroMONEY ciroMONEY ciroMONEY ciroMONEY ciroMONEY ciroMONEY ciroMONEY ciroMONEY ciroMONEY ciroMONEY ciroMONEY ciroMONEY ciroMONEY ciroMONEY ciroMONEY ciroMONEY ciroMONEY ciroGEIL ciroGEIL ciroGEIL ciroGEIL ciroGEIL ciroGEIL
[22:22:28] <Feuerherz1989> @Imyvis LUL LUL
[22:22:28] <+Flummse> ceyHype seriHype brownyHype ravaYay brownyHype seriHype ceyHype
[22:22:29] <@Bearmaster66> derplingHype derplingHype derplingHype
[22:22:32] <@+hansololp>* !nintendo wenn ihr das Game Fire Emblem Warriors gewinnen wollt. Es ist signiert :) Das Gewinnspiel geht bis 22:30
[22:22:35] <+IbanezXli> belo kaeinPleb
[22:22:47] <m0nst3r110_LP> zanderChicken zanderChicken
[22:22:49] <Keksfanboy00> sparkRage
[22:22:55] <+MadPepper> Wo hast du den isaac gelassen?
[22:22:59] <+Belori> bane kaeinPleb
[22:23:13] <+IbanezXli> mad der steht hier bei mir :D
[22:23:20] <curtis_san> wida da von handy hab leichte margen kräüfe
[22:23:27] <curtis_san> krämpfe
[22:23:32] <+Kaylania> Hallooo Chris :D
[22:23:37] <+MadPepper> @ibanezxli haha sehr gut derplingBeutelino
[22:23:47] <SharkMacGyver> Krissy derplingHey
[22:23:49] <Keksfanboy00> sparkVanille sparkKaktus sparkRage sparkRage
[22:23:56] <@+Derpasilo> @curtis_san na dann gute Besserung :D
[22:24:00] <curtis_san> hi krissy sahrky und maddy
[22:24:02] <m0nst3r110_LP> !nintendo
[22:24:04] <curtis_san> danke
[22:24:06] <@Bearmaster66> bist du etwa daheim Maddy?
[22:24:20] <+Flummse> die spielen ohne uns ceyS
[22:24:24] <+Bumfi> sehen wir auch das game?
[22:24:28] <@Bearmaster66> und hi again an curtis_san und SharkMacGyver derplingHey
[22:24:29] <2008Anna> hiiiii
[22:24:30] <@+mrduckspace> Noch6 Minuten Leute! alle am gewinnspiel teilnehmen
[22:24:31] <@SeriumTV> Geduld :)
[22:24:37] <@+Mod4YouBOT>* Du kannst auf dieser Seite: https://m4u.link/swhgleam am Gewinnspiel teilnehmen.
[22:24:40] <+ecki10> ahhh
[22:24:42] <m0nst3r110_LP> Bild ahhhh
[22:24:47] <DasPvPS> RaccAttack
[22:24:49] <+MadPepper> Hey krissy und Curtis derplingHey derplingH
[22:24:49] <+Bumfi> oooooohhh
[22:24:51] <Wikea> #seribärtchenfärben
[22:24:53] <@+Mod4YouBOT>* Vielen Dank Imyvis, dass du die Deutsche Krebshilfe mit €77.45 unterstützt RaccAttack
[22:25:00] <+TinyTarkus> ciroMONEY ciroMONEY ciroHYPE ciroGS ciroGS ciroMONEY ciroMONEY ciroHYPE ciroGS ciroGS ciroMONEY ciroMONEY ciroHYPE ciroGS ciroGS ciroMONEY ciroMONEY ciroHYPE ciroGS ciroGS ciroMONEY ciroMONEY ciroHYPE ciroGS ciroGS
[22:25:01] <@SeriumTV> seriHype ciroGS seriHype seriHype ciroGS
[22:25:04] <@Multidissimo> multidL multidL multidL multidL multidL
[22:25:09] <+Kaylania> Maddy, Curtis, Dennis kaylanHUG
[22:25:10] <+Antihero_FX> ciroMONEY ciroMONEY ciroMONEY ciroMONEY ciroMONEY ciroMONEY
[22:25:10] <Sahades> Ich grüße einfach mal alle Hutträger derplingHey derplingGasm derplingGasm
[22:25:13] MOD: Lpmitmarc_tv
[22:25:14] <+MadPepper> Spielt ihr online?
[22:25:15] <+Lirolas> ciroMONEY ciroMONEY ciroMONEY ciroMONEY ciroMONEY ciroMONEY ciroMONEY ciroMONEY ciroMONEY ciroMONEY ciroMONEY ciroMONEY ciroMONEY ciroMONEY ciroMONEY ciroMONEY ciroMONEY ciroMONEY ciroMONEY ciroMONEY ciroMONEY ciroMONEY ciroMONEY
[22:25:15] <@Bearmaster66> Imyvis PogChamp ! derplingHype derplingHype derplingHype derplingHype
[22:25:23] <+Peksen86> Macht euch mal nach unten rechts damit man den Player oben rechts sieht
[22:25:24] <+Flummse> kaeinHype halliHeip ceyHype halliHeip kaeinHype
[22:25:26] <Jo_kook> timkaTion timkaTion timkaTion timkaTion timkaTion timkaLove
[22:25:26] <m0nst3r110_LP> zanderGeGe zanderGeGe
[22:25:28] <+Das_Zotin> ciroMONEY ciroMONEY ciroMONEY ciroMONEY ciroMONEY ciroMONEY ciroMONEY ciroMONEY ciroMONEY ciroMONEY ciroMONEY ciroMONEY ciroMONEY
[22:25:37] <+Drach3nfreund> kaeinHype kaeinHype
[22:25:40] <curtis_san> möge der derplingLoot derplingLoot mit euch sein in mario
[22:25:55] <Feuerherz1989> @Imyvis ohh dann bekomme ich nächsten Monat bestimmt kein supp geschenkt ciroSAD ciroGS ciroGS
[22:26:04] <@Bearmaster66> derplingHey @Kaylania
[22:26:06] <@+hansololp>* noch wenige minuten dann is das Giveaway zu ende !nintendo für ein signiertes Fire Emblem Warriors :)
[22:26:11] <missyakumo> !nintendo
[22:26:17] <@Bearmaster66> Sahades derplingHey
[22:26:20] <+Flummse> ich hör nen backseatgamer
[22:26:22] <+Kaylania> @Bearmaster66 derplingDAB
[22:26:27] <+TinyTarkus> @Feuerherz1989 du kannst deine Seele immernoch an Falkenbach verkaufen ciroSMIRK
[22:26:29] <SharkMacGyver> !nintendo
[22:26:31] You have left #streamingwithheart
[22:26:31] Viewerstats (22:00-22:25): avg:698 min:502 max:975 [14/561+10-10+414-59-39-107-31+21-61-34-36-78-49]
# Log closed: 2018-01-05 22:26:31 +0100
-
# Log started: 2018-01-07 14:33:52 +0100
[14:33:52] Joining #streamingwithheart..
[14:33:52] ~Feeden mit EisMelone | Streaming with Heart (League of Legends)~
[14:33:53] You have joined #streamingwithheart
[14:33:53] MOD: Hansololp, Lttwinters, Lpmitmarc_tv, Ooportgasdaceoo, Mod4youbot, Itsplyr, Moobot, Streamingwithheart, Tydusstv, Bearmaster66
[14:34:03] <+KleinePrinzessin92> der kühlschrank kann bestimmt reden und erzählt die ganze zeit bad jokes WutFace
[14:34:03] <chris__95> KleinePrinzessin92 Echt toll melonWelp
[14:34:16] <Botlvl10> @chris__95 davon schimmeln die lebensmittel aber gut
[14:34:20] <Evilnick123> ich will ja nicht gemein sein aber mid ist lost Kappa
[14:34:20] <msf_fate> Castellan basoL
[14:34:23] <xCrasy> chris__95 du fehlst noch basoK
[14:34:25] <Evilnick123> grüße an A1p1n3x
[14:34:26] <+KleinePrinzessin92> castiii lisHug
[14:34:27] <xCrasy> Kadse basoL
[14:34:32] Viewerstats (14:33-14:34): avg:692 min:683 max:701 [2/683+18]
# Log closed: 2018-01-07 14:34:32 +0100
-
