# Log started: 2018-01-17 18:42:16 +0100
[18:42:16] Joining #tarosh..
[18:42:16] ~Ich surfe eure Lieder. YÜAH! || twitter: @dertarosh (Audiosurf 2)~
[18:42:16] You have joined #tarosh
[18:42:22] <bournyfilm> ausnutzung der rechte hilfe admin :o
[18:42:52] <~%+tarosh> Wählen Sie 110
[18:42:54] <@recklessGreed> Willst du die Dinger jetzt im Chat oder als Whisper? 
[18:42:57] MOD: tarosh, Mod4youbot
[18:43:08] <~%+tarosh> Egal
[18:43:13] <derfenchelhd> Nabend ^^
[18:43:24] <xscottxc> Nabend
[18:43:34] <@recklessGreed> Lied 02: https://www.youtube.com/watch?v=psXRP_H_ZDw
[18:43:37] <bournyfilm> erstmal nen super song raussuchen ^^
[18:43:43] <~%+tarosh> zdistrixx schickt 0 Leute rüber! Danke!
[18:44:00] <@recklessGreed> Gott siehst du scheiße aus o.O 
[18:44:07] <@recklessGreed> Hab dich hübscher in Erinnerung <3
[18:44:45] <zdistrixx> kenn das game
[18:45:14] <bournyfilm> whisp is raus ^^
[18:45:20] <Sgt_OssiPlayZ> Ohh der ist ja auch mal wieder am streamen ^^
[18:45:27] <@recklessGreed> Lied 03: https://www.youtube.com/watch?v=M7jrzoef-38
[18:45:49] <derfenchelhd> aha. Das sieht interessant aus :O
[18:45:57] <~%+tarosh> xscottxc schickt 0 Leute rüber! Danke!
[18:46:09] <bournyfilm> Zander müffelt kappa100 und er hat Banana als Aimbrot lul ^^
[18:46:12] <~%+tarosh> bournyfilm cheert 100 bits!
[18:46:12] <@recklessGreed> Ja maaaa ;3 
[18:46:31] <zdistrixx> dann lehn ich mich zurück und rauch mal weiter am dampfer
[18:46:41] <$bournyfilm> rawr :* @tarosh
[18:47:07] [Notification] Apfelmuss7034 just subscribed with a $4.99 sub. Apfelmuss7034 subscribed for 2 months in a row!
[18:47:09] <~%+tarosh> apfelmuss7034 mit dem Sub!
[18:48:03] <%$Apfelmuss7034> Ja MOIN
[18:48:11] <zdistrixx> wer blickt da noch durch :o
[18:48:13] <%$Apfelmuss7034> taroshAloha
[18:48:46] <derfenchelhd> wenn man jetzt schlager an machen würde, wäre es dann einfacher?
[18:48:52] <@recklessGreed> Dies ist eine total nette sache! 
[18:49:02] <Sgt_OssiPlayZ> Oder Brian Power ^^ das ist och geilo ^^
[18:49:05] MOD: recklessGreed
[18:49:11] <xscottxc> Voll das geile game zanderHype zanderHype zanderHype zanderHype zanderHype zanderHype
[18:49:17] <$bournyfilm> wir und lieb ? warte daran erinnere ich mich nicht ^^
[18:49:29] <@recklessGreed> WAS ?!? Jetzt hab ich aber eine Beleidigung frei!
[18:49:33] <zdistrixx> haha ne waldfrucht xD
[18:49:46] <$bournyfilm> zanderGeGe @recklessGreed
[18:50:10] <%$Apfelmuss7034> D
[18:50:12] <%$Apfelmuss7034> xD
[18:50:14] <zdistrixx> du musst noch mit singen xD
[18:50:45] <@recklessGreed> Leute ihr dürft Tarosh gerne Songs Whispern! 
[18:50:46] <zdistrixx> mach mal aus spass das lied von katja xD
[18:50:54] <%$Apfelmuss7034> uhh
[18:50:57] <awakenedpredator> sers :D
[18:51:03] <@recklessGreed> Okay in demfall dürft ihr mir die Links whispern :D 
[18:51:20] <$bournyfilm> da kannst du doch mitsingen ;) @tarosh
[18:51:37] <zdistrixx> kam erst von arbeit will was zu lachen haben xD
[18:52:06] <+near_write> yooooooooooo :D
[18:52:13] <@recklessGreed> OHA .-. 
[18:52:15] <+near_write> was geht :D
[18:52:18] <derfenchelhd> near_write nabend ;) <3
[18:52:33] <+near_write> derfenchelhd hey :D
[18:52:39] <+near_write> ich zocke grad minecraft ^^
[18:52:48] <$bournyfilm> nearwrite müffelt ^^
[18:53:08] <derfenchelhd> etwa auf dem winter harvest server? near_write ;) :O
[18:53:15] <zdistrixx> du musst das mal mut dem malen oder was das ist machen
[18:53:17] <%$Apfelmuss7034> Von MC.Zander
[18:53:17] <+near_write> derfenchelhd nö xDD
[18:53:18] <Sgt_OssiPlayZ> recklessGreed hab dir dann och ma a link gewispert ^^
[18:53:22] <derfenchelhd> :(
[18:53:24] <%$Apfelmuss7034> Der 2 Boss xD
[18:53:32] <$bournyfilm> in audiosurf 1 schon doch ^^ an silvester 2015 auf 16 Happy Maylin und ich bei mir am PC ^^
[18:53:38] <@recklessGreed> Schon weiter gegeben :D 
[18:53:42] <+near_write> LOL :D
[18:53:53] <$bournyfilm> zanderHype
[18:54:02] <@recklessGreed>* Nicht vergessen! Ihr schickt mir die Youtube Links zu Songs die Tarosh Surfen soll! 
[18:54:08] <%$Apfelmuss7034> Das ist ja wirklich von zander LUL
[18:54:19] <$bournyfilm> lul ^^
[18:54:20] <%$Apfelmuss7034> zanderTroll
[18:54:29] <$bournyfilm> old but gold Kappa @Apfelmuss7034
[18:55:00] <$bournyfilm> eike zockt ^^
[18:55:11] <derfenchelhd> Erschreckend das ich noch Auswendig kann. Ich habe echt Probleme xD
[18:55:43] <+near_write> haha was jetzt xDD
[18:55:44] <Lazraa> hast du dir ernst die haare gefärbt alter?
[18:55:48] <Lazraa> dek
[18:55:52] <Lazraa> dein ernst?
[18:55:54] <Lazraa> xD
[18:55:56] <+near_write> sieht sexy aus <3 :D
[18:55:58] <%Wolfi_WR> er hat zuviel gegessen heute da is der stuhl broken
[18:56:10] <%$Apfelmuss7034> @Wolfi_WR xD
[18:56:11] <xscottxc> Moin Lazraa
[18:56:17] <%$Apfelmuss7034> so true xD
[18:56:23] <$bournyfilm> lol ^^ @Wolfi_WR
[18:56:30] <Lazraa> Du soehst alt aus dude
[18:56:35] <%Wolfi_WR> :D
[18:56:37] <%Wolfi_WR> wow
[18:56:41] <$bournyfilm> mhmm runtime :3
[18:56:52] <Lazraa> jo moin
[18:56:58] <Lazraa> <3
[18:57:12] <%$Apfelmuss7034> @Wolfi_WR immer noch sad wegen dem kind? :O xD
[18:57:13] <awakenedpredator> 30? nicht 40?! Kappa LUL
[18:57:28] <Lazraa> er könnte obiwankenobi sein xD
[18:57:35] <%$Apfelmuss7034> Tarosh! Wir müssen mal wieder OW spielen!
[18:57:41] <awakenedpredator> nö LUL
[18:57:47] <@recklessGreed> Nett?!? Zu dir??? keizeWho
[18:57:50] <zdistrixx> wtf ich dachte du bist paar 20 xDDDD
[18:57:51] <@recklessGreed> keizaWho
[18:57:51] <%$Apfelmuss7034> Wolfi kann bezeugen wie nett ich heute schon war Kappa
[18:57:58] <Sgt_OssiPlayZ> Also kommt schon! aussehen tut er wie 50 :D LUL Kappa
[18:58:11] <%$Apfelmuss7034> Nyan Cat!
[18:58:28] <%$Apfelmuss7034> Doch!
[18:58:32] <@recklessGreed> Nyan Cat ist Lied 05 :P 
[18:58:52] <Sgt_OssiPlayZ> Tarosh oke ich bin jetzt nett! Du kannst das game ziemlich gut Kappa
[18:59:00] <Lazraa> ok deine Nase sieht i.O. aus
[18:59:06] <$bournyfilm> und den aim von nem 60 jährigen ?
[18:59:09] <Lazraa> zwar riesig
[18:59:13] <Lazraa> aber i.O.
[18:59:18] <+OsirisPhoenix> 4€+
[18:59:32] <$bournyfilm> lul @OsirisPhoenix
[18:59:33] <@recklessGreed> Tarosh ohne Cap siehst fast normal aus KappaHD
[18:59:42] <+OsirisPhoenix> lul² @bournyfilm
[18:59:42] <Sgt_OssiPlayZ> Ich meine auf deiner Nase können Flugzeuge landen aber JAA deine nase sieht gut aus ^^
[18:59:56] <$bournyfilm> i bims lizardmaaaaaan
[19:00:26] <$bournyfilm> was ? das sag ich zander :o
[19:00:33] <+OsirisPhoenix> der lizardsong und borkensumbs, das waren noch zeiten
[19:00:35] <Sgt_OssiPlayZ> Spätestens nach meinen Musik wunsch hat er kein bock mehr ^^
[19:00:53] <@recklessGreed> Das ist BrokenThumps von früher ^^ :D :D 
[19:00:58] <$bournyfilm> der da wäre ? @Sgt_OssiPlayZ
[19:01:14] <%$Apfelmuss7034> Wie wäre es mit "Gibs mir Doggy" Kappa
[19:01:21] <+OsirisPhoenix> einen wunderschönen ebenso
[19:01:39] <@recklessGreed>* Nicht vergessen! Ihr schickt mir die Youtube Links zu Songs die Tarosh Surfen soll! 
[19:01:39] [Notification] REDDE4D just subscribed with a $4.99 sub. REDDE4D subscribed for 6 months in a row! [Whoho endlich resuben :P]
[19:01:43] <awakenedpredator> Naja bei einem Autounfall kann man auch nicht wecksehen Kappa LUL
[19:01:56] <+WTF_Benjiton> zanderHi
[19:01:59] <Sgt_OssiPlayZ> bournyfilm es ist Brain Power ^^ da wird ehr sich denken WTF ^^ Weil je schneller der Beat desto schneller ist es auch im game haha ^^
[19:02:12] <xscottxc> zanderHi zanderHi
[19:02:14] <@recklessGreed> Das wird so eine Katastrope ^^ 
[19:02:18] <$bournyfilm> ähm ? okay ? @Sgt_OssiPlayZ
[19:02:36] <Sgt_OssiPlayZ> bournyfilm ist wirklich so ^^ hab dat game auch ^^
[19:02:54] <$bournyfilm> und was gehört mir ? @tarosh
[19:03:04] <%+REDDE4D> :P
[19:03:08] <%$Apfelmuss7034> Grüße von sabse @tarosh
[19:03:08] <$bournyfilm> ich kenn den song nichtmal ^^ @Sgt_OssiPlayZ
[19:03:25] <xscottxc> Du bist der bit coin der noch geschliffen werden muss @tarosh
[19:03:34] <%+SimbahRP> Grüße Zurück LUL
[19:03:43] <Sgt_OssiPlayZ> bournyfilm WTF?! wirklich? O.o
[19:03:45] <$bournyfilm> ein staubkorn? :o
[19:03:50] <$bournyfilm> japü @Sgt_OssiPlayZ
[19:04:07] <$bournyfilm> @SimbahRP sabse müffelt :3 lul
[19:04:08] <Sgt_OssiPlayZ> NOMA - Brain Power
[19:04:14] <%+SimbahRP> äh ok
[19:04:20] <@recklessGreed> Das ist nicht das richtige.. 
[19:04:20] <Sgt_OssiPlayZ> Dat lied ist NOMA - Brain Power du naab ^^
[19:04:41] <Sgt_OssiPlayZ> kassFP kassFP kassFP
[19:04:48] <$bournyfilm> lol ^^
[19:05:27] <Sgt_OssiPlayZ> PS: du kannst auch nach dem link glaube suchen ^^
[19:05:51] <@recklessGreed> Da steht glaube ich Fett "Youtube URL" ... 
[19:05:56] <%$Apfelmuss7034> dieses Lied wtf xD
[19:06:12] <$bournyfilm> wtf ... der song ^^
[19:06:33] <Sgt_OssiPlayZ> Wie gesagt ich habe NOMA - Brain Power gewünscht ^^ aber hay ^^
[19:07:15] <+WTF_Benjiton> immer dieses WTF gerufe hier Kappa
[19:07:25] <Sgt_OssiPlayZ> Ich hab die andere version gespielt ^^
[19:08:06] <Sgt_OssiPlayZ> ATOMIC
[19:08:19] <@+kaetzchn> honyHALLO
[19:08:34] MOD_ACTION: automod (automod_rejected awakenedpredator mit nem fagott Kappa identity)
[19:08:44] <Sgt_OssiPlayZ> xD
[19:08:47] [Notification] Sinus301 just subscribed with a $4.99 sub. Sinus301 subscribed for 2 months in a row! [es lebt wieder :) <3]
[19:09:03] <$bournyfilm> wer kennt sie nicht ? die neue Guitar Hero Flöte \m/
[19:09:04] <@recklessGreed>* Nicht vergessen! Ihr schickt mir die Youtube Links zu Songs die Tarosh Surfen soll! 
[19:09:05] MOD: kaetzchn
[19:09:41] <Sgt_OssiPlayZ> 6 Minuten Tarosh ^^
[19:09:45] <@+kaetzchn> oben links siehst dus :D
[19:10:29] <awakenedpredator> osu hat meine letzte maus gekillt xD
[19:10:32] <%Sinus301> moin moin @Sgt_OssiPlayZ
[19:10:39] <$bournyfilm> angst vor osu ? ^^ ähm ? jagut
[19:10:43] <Sgt_OssiPlayZ> sers Dome
[19:10:44] <@recklessGreed> Man kann Osu auch super per Tastatur spielen dann ists wie Guitar Hero
[19:10:49] <@+MrDaVuille> waaas ist das? :D <3
[19:11:28] <$bournyfilm> tarosh surft über audiodateien ^^
[19:11:29] <@recklessGreed> Heyooo Daniel
[19:12:05] MOD: MrDaVuille
[19:12:09] <$bournyfilm> Hab gehört wir gehen in Freiburg mal ins Irishpub ? <3 kappa100
[19:12:12] <~%+tarosh> bournyfilm cheert 100 bits!
[19:12:13] Viewerstats (18:42-19:10): avg:14 min:3 max:18 [15/3+5+4+0+3+2-1+1+0+1-4+4-1+1-4]
[19:12:24] <Sgt_OssiPlayZ> Wie konzentriert Tarosh ist xD ^^
[19:12:38] <$bournyfilm> follow ?
[19:12:51] <@+kaetzchn> wahrscheinlich gleiche sounds
[19:12:52] <%Sinus301> hahahah
[19:12:54] <$bournyfilm> Tarosh am schwitzen was ? ^^
[19:13:05] <$bournyfilm> maybe ^^
[19:13:29] <$bournyfilm> was ein finish ^^
[19:13:34] <Mattchen09> kann man songs requesten ? KappaPride
[19:13:41] <@recklessGreed>* Nicht vergessen! Ihr schickt mir die Youtube Links zu Songs die Tarosh Surfen soll! 
[19:14:03] <awakenedpredator> das instrument meine güte xD
[19:14:48] <~%+tarosh> SimbahRP trinkgelded €50.00! Bezahlung für die Anstrengung Kappa
[19:14:50] <%Sinus301> in ein oder 2 wochen sind es schon 3 monate
[19:15:07] <$bournyfilm> baustellen gibts in freiburg auch viele ja ^^
[19:15:16] <@recklessGreed> GG! 
[19:15:17] <Mattchen09> @recklessgreed per dm?
[19:15:24] <@+MrDaVuille> GG
[19:15:25] <@recklessGreed> Mattchen09 per Whisprt
[19:15:28] <Sgt_OssiPlayZ> HAHA ^^ er hat mich nicht überboten xD Und ich habs auch nur ein mal gespielt xD ^^
[19:15:29] <$bournyfilm> gönn dir sabse :o
[19:16:05] <%+SimbahRP> :D
[19:16:12] <@+MrDaVuille> zockst du nachher noch was anderes oder was läuft bei dir heute? :)
[19:17:05] <@recklessGreed> Sind aktuell bei Lied 14 in der Liste ^^ 
[19:17:27] UNMOD: kaetzchn
[19:17:38] <Sgt_OssiPlayZ> Leute und wenn ihr Tarosh ärgern wollt, nehmt lieder die einen schnellen beat haben! :D
[19:17:44] <@recklessGreed> Ich dachte bei Zander kam grad ne Donation xDD
[19:17:56] <awakenedpredator> ich hab das bei zander schon zu oft gehört x.x
[19:18:14] <@+MrDaVuille> ohne witz ich dachte auch Daniel xD es ist grauenvoll
[19:18:53] <$bournyfilm> Donation Hypetrain im Zanderstream ? @recklessGreed @MrDaVuille
[19:19:17] <Mattchen09> das ist so langsam DansGame GingerPower
[19:19:41] <@recklessGreed> Nee ich war gnädig und hab dir nur die 4 Minuten Version gegeben :D 
[19:19:50] <awakenedpredator> Macht das es aufhört T.T
[19:20:05] <Mattchen09> spiel ultimate true ninja pls
[19:20:15] <@recklessGreed> xD
[19:20:50] <%Sinus301> kotz aber in regenbogenfarben hahaha
[19:21:16] <%+SimbahRP> ich lieg seit fast 2 wochen wegen durchgehenden Kopfschmerzen im Bett.. das lied machts nicht grad besser LUL
[19:22:03] <$bournyfilm> beruhigungs lied kommt noch ^^
[19:23:48] <Mattchen09> das ist ein kokuspflücker KappaPride KappaPride KappaPride KappaPride KappaPride
[19:24:33] <darkrose362> guten abend
[19:26:06] <@recklessGreed> Leute ich muss leider für ne kurze weile weg :/ Heißt keine Weiteren Songs ertmal :(
[19:26:12] <+itzjanina> mooin
[19:26:20] <+itzjanina> höö keine cap? D:
[19:26:26] <+WTF_Benjiton> Hat er doch schon öfters gemacht
[19:26:27] <@recklessGreed> Bis nachher o/
[19:26:28] <+WTF_Benjiton> :D
[19:26:34] <Mattchen09> was is mit den requests die schon gemacht wurden
[19:26:39] <$bournyfilm> wie kannst du nur ? @recklessGreed
[19:26:41] <+itzjanina> die leute gehen live ultra hart ab, geb dir das mal :D
[19:26:54] <$bournyfilm> lul @itzjanina huhu :3
[19:27:05] MOD: Aysli
[19:27:11] <$bournyfilm> erscheine mal aufm ts @itzjanina
[19:27:13] <%Sinus301> moin moin @itzjanina
[19:27:22] Viewerstats (19:12-19:26): avg:16 min:14 max:18 [8/17+0+1-2-1+0+1-2]
# Log closed: 2018-01-17 19:27:23 +0100
-
