# Log started: 2018-03-14 20:35:07 +0100
[20:35:07] Joining #toadswoot..
[20:35:07] ~Zelda: The Minish Cap 100% Speedruns (now on WiiU and 60fps) | FAQ: https://pastebin.com/JJXNFMWJ (The Legend of Zelda: The Minish Cap)~
[20:35:08] You have joined #toadswoot
[20:35:13] <@tecul1> never ever
[20:35:14] <@%Karrecod> Skip the heart piece, it saves time Kappa
[20:36:05] MOD: tecul1, Hopeisnotlost, Karrecod, Sttaner93, Toadswoot
[20:37:20] <TestRunner> am i crazy or did you skip a HP
[20:37:25] <@tecul1> no
[20:37:30] <TestRunner> ok
[20:37:32] <+recklessGreed> Not yet Kappa
[20:38:36] <@tecul1> nice
[20:38:45] <TestRunner> nice jump rng
[20:39:16] <@tecul1> all manip obv
[20:40:54] <@tecul1> strimmer don't reset
[20:40:55] <@tecul1> Kappa
[20:41:11] MOD: Yadra121
[20:41:22] <TestRunner> if you S+Q here, is this fusion permanantly missed?
[20:41:31] <@tecul1> best music
[20:42:01] <@%Karrecod> Yeah it's gone then
[20:42:09] <@tecul1> no
[20:42:22] <@Hopeisnotlost> yeah the guy will be in the cafe and you can fuse there
[20:42:22] <@%Karrecod> Oh nvm
[20:44:32] <@tecul1> 🤔
[20:44:41] <@Hopeisnotlost> dude thats not worth going for
[20:44:42] <@Hopeisnotlost> lol
[20:45:15] UNMOD: Yadra121
[20:45:33] <@Hopeisnotlost> if you want to save frames do the cloud jump at the end of PoW
[20:45:37] <@Hopeisnotlost> TehePelo
[20:46:10] MOD: Yadra121
[20:46:31] <@Hopeisnotlost> oh you dont go there in hundo too?
[20:46:40] <@Hopeisnotlost> isnt there a heart piece in the 2nd half of the dungeon
[20:47:02] <@Hopeisnotlost> oh
[20:47:25] <@Hopeisnotlost> this is why glitchless is the better category
[20:48:41] <@Hopeisnotlost> cant wait for glitchless to get into sgdq
[20:49:08] <@Hopeisnotlost> yea quo submitted it
[20:49:23] UNMOD: Sttaner93
[20:49:43] <@Hopeisnotlost> nope it's better than hundo
[20:49:58] <@%Karrecod> It's refreshing to see all the things we normally skip
[20:50:22] <@%Karrecod> I forgot so many caves and stuff even existed
[20:50:23] <@Hopeisnotlost> hundo has more stuff thats bad
[20:50:59] <@Hopeisnotlost> and its too long (for me)
[20:51:21] UNMOD: tecul1
[20:51:48] <@Hopeisnotlost> when are we setting up a bounty for figurines skip
[20:51:58] <@Hopeisnotlost> gotta motivate people to glitch hunt
[20:52:20] <@Hopeisnotlost> you gotta give a dollar amount though!!!
[20:52:27] <@Hopeisnotlost> cant say "all the money in my bank"
[20:53:34] <+SnoocheeBoochees> Oh good some quality content to watch while at work.
[20:53:56] <@Hopeisnotlost> no because you could have like 2 cents in your account
[20:54:41] [Notification] Blixen7 just subscribed with Twitch Prime!
[20:54:47] <+SnoocheeBoochees> Jebaited
[20:55:04] <@Hopeisnotlost> welcome to minish village
[20:55:06] <@Hopeisnotlost> to the*
[20:55:10] <%+Blixen7> (Y)
[20:55:43] <@Hopeisnotlost> i gotta come up with bad names for your sub group
[20:55:48] <@Yadra121> I thought it was clear that Hope is your official manager
[20:56:01] <@Hopeisnotlost> toad's turnpike is still a better name though
[20:56:40] <+SnoocheeBoochees> Wow that fight almost looked like you practiced it MiniK
[20:58:29] <$Whalerynth> Toads streaming I must be going mad
[20:59:24] <$Whalerynth> Internet Kreygasm
[20:59:33] <@Hopeisnotlost> just change the split background
[20:59:47] <$Whalerynth> No way
[20:59:54] <@Hopeisnotlost> tingle
[21:00:19] <@Hopeisnotlost> wtf
[21:00:28] <$Whalerynth> Best background is none other than giant octo
[21:00:30] <@Hopeisnotlost> tingle is a majestic human being
[21:00:33] <@Hopeisnotlost> dont hate on him
[21:00:54] <TestRunner> replace octo with a different identical octo
[21:01:45] <@Hopeisnotlost> need a lady octo
[21:01:51] <@Hopeisnotlost> give big octo some lipstick
[21:02:39] <@%Karrecod> Nice spit though
[21:04:10] <$Fir3turtle> hi gl
[21:05:20] Viewerstats (20:35-21:05): avg:33 min:20 max:47 [16/22-2+7-1+4+3+0-2+1+2+1+6+2+1+3-2]
[21:06:15] <@Hopeisnotlost> your strat is bad
[21:06:44] <@Hopeisnotlost> toadswEep
[21:07:04] <atxmartin> omg he is a minish
[21:07:14] <atxmartin> just like jesterday
[21:07:18] <atxmartin> y
[21:07:26] <@%Karrecod> Plot twist!
[21:09:47] <atxmartin> i thoughet save and quit is faster
[21:10:01] <atxmartin> or only any%
[21:10:29] <@Hopeisnotlost> rip kinstone
[21:12:54] <+quoooo> ⊂༼ ◕_◕ ༽つ PUSH THE BOULDER ⊂༼ ◕_◕ ༽つ
[21:13:27] <@%Karrecod> This soundtrack PogChamp
[21:14:01] <@Hopeisnotlost> i changed my mind
[21:14:06] <@Hopeisnotlost> replace big octo background with beedle
[21:14:44] <@Hopeisnotlost> gross
[21:14:53] <@Yadra121> hot
[21:15:23] <+quoooo> so how far are you into the 100% tas?
[21:15:49] <brndn> glhf
[21:16:21] <@Hopeisnotlost> brenDANK
[21:16:33] <brndn> hope deadnaming me...
[21:16:35] <M0errek> imagine living in a world where everybody just goes "ooooooooh PogChamp " and "haaaaaaaah! SwiftRage " when you try to talk...
[21:16:38] <@Hopeisnotlost> TehePelo
[21:16:39] <+quoooo> not getting water
[21:16:40] <+quoooo> wild
[21:18:16] <+Sickolas> oooh thank you!
[21:21:37] <@Hopeisnotlost> soooo close
[21:22:18] <@Hopeisnotlost> depends on your setup
[21:22:29] <@Hopeisnotlost> my setup was kind of janky lol
[21:23:24] <@Hopeisnotlost> yea janky as in questionable/unreliable
[21:23:28] <SlimyYoshi> YOU DIDN'T LIE raysShock
[21:23:56] <SlimyYoshi> now you just need to do one more day
[21:24:09] <TheZeldaChapter> I missed the end of the run yesterday, did you get wr?
[21:24:16] <SlimyYoshi> *poof* gone for a few months
[21:24:44] <SlimyYoshi> I think you streamed Mario for 2 days
[21:25:21] <@%Karrecod> I still think BK skip is one of the best glitches in the game
[21:25:22] <@Hopeisnotlost> alright so cya in june
[21:25:23] <SlimyYoshi> you're a man of 2
[21:25:30] <SlimyYoshi> raysL
[21:26:04] <@Hopeisnotlost> looking forward to the umihara kawase casual stream
[21:26:15] <brndn> hes a man of 2hu 2018
[21:26:24] <@Hopeisnotlost> brendan pls
[21:26:25] <+SnoocheeBoochees> How did he know PogChamp
[21:26:51] <Literalbacon> wowee
[21:26:58] <@Hopeisnotlost> dude the game is so fun
[21:27:02] <+pkmn03> PokLucario
[21:27:04] <+pkmn03> PokPikachu
[21:27:04] <@Hopeisnotlost> you will play it and you will love every second of it
[21:27:16] <+quoooo> that's what I say about pokemon snap
[21:27:25] <+SnoocheeBoochees> Looking forward to Phantasy Star 1 casual stream
[21:27:35] <SlimyYoshi> only in hundo raysT
[21:28:03] <@Hopeisnotlost> name one good thing about pokemon snap
[21:28:05] <@Hopeisnotlost> i bet you cant
[21:28:09] <+quoooo> pokemon
[21:28:12] <@Hopeisnotlost> bad
[21:28:16] <+quoooo> pictures of pokemon
[21:28:19] <Literalbacon> you take pictures of pokemon
[21:28:19] <@Hopeisnotlost> no
[21:28:21] <brndn> PokCroagunk
[21:28:26] <+quoooo> I have wr
[21:28:28] <SlimyYoshi> apple throwing
[21:28:30] <@Hopeisnotlost> no
[21:28:40] <SlimyYoshi> oh FeelsBadMan
[21:28:40] <+quoooo> throwing balls of poison at pokemon
[21:28:47] <Literalbacon> venemoth
[21:28:47] <@Hopeisnotlost> no
[21:28:48] <+Sickolas> beating the shit out of ditto
[21:28:51] <TheZeldaChapter> good luck by the way
[21:28:55] <+Sickolas> making electrodes explode
[21:29:05] <@Hopeisnotlost> alright bullying dittos is pretty good
[21:30:01] <SlimyYoshi> we did it team, we found something good in pokemon snap raysP
[21:30:34] <Literalbacon> how does this actually work
[21:30:51] <Bikee> do do do doo
[21:30:52] <@%Karrecod> Du du du duuuuuuuu
[21:30:52] <+quoooo> you cut the bushes but they don't actually disappear so you can cut them again
[21:30:55] <+SnoocheeBoochees> BOI HE DOIN IT
[21:31:11] <Kenata8> HeyGuys Good luck with the run ToadsWoot
[21:31:38] <+mghtymth> Hello! I hope you are all doing well today because youa re all very wonderful1 mghtymLove
[21:31:49] <TheZeldaChapter> no wonder hundo takes 4 hours
[21:32:03] <@Hopeisnotlost> this takes like no time
[21:32:04] <@Hopeisnotlost> lol
[21:32:07] <@%Karrecod> Hello @mghtymth !
[21:32:12] <Kenata8> What's going on atm? Kinstone farming?
[21:32:18] Viewerstats (21:07-21:31): avg:48 min:42 max:61 [13/43-1+3-1-1+2+3-3+4+2+10-4-1]
# Log closed: 2018-03-14 21:32:18 +0100
-
