# Log started: 2018-01-06 16:10:44 +0100
[16:10:44] Joining #wolfi_wr..
[16:10:44] ~Bissel gemütlich ranken 17 Uhr ESL (Tom Clancy's Rainbow Six: Siege)~
[16:10:44] You have joined #wolfi_wr
[16:10:48] <Cy4nider> einmal clubhaus
[16:10:55] <@%$AlphaG121> Hey Wolfi und Chat^^
[16:11:03] <%+kabarius> im shop geh die bundles durch da ist der drin
[16:11:04] <%Fairylea> Hay Alpha wolfiHI
[16:11:05] <Cy4nider> ja bank hast du gewonnen
[16:11:08] <@%+Swb007> kabarius das war ironie ^^
[16:11:15] <%Der_Chris_S> wolfiHI wolfiHI wolfiHI wolfiHI @AlphaG121
[16:11:21] MOD: Swb007, Wolfi_wr, Mod4youbot, AlphaG121, Moobot
[16:11:39] <@%+Swb007> Mey alpha ^^
[16:11:46] <Mootii_R6> Hello your fat fuck how was it fucking your mother?
[16:11:49] <%+kabarius> oh hehe ich bin grad nicht so aufmerksam wolfiWoW wolfiHype wolfiHype
[16:11:53] BAN: Mootii_R6 (600s) {12h}
[16:11:53] <Mootii_R6> Piece of shit
[16:11:54] BAN: Mootii_R6 {12h}
[16:12:17] MOD: Elli_is_me
[16:12:59] <%+kabarius> richtig krasser dude
[16:13:01] <noobkowalski> lol
[16:13:03] <overkill1505> moin wolfi
[16:13:08] <%Fairylea> der Typ hats drauf SeemsGood
[16:13:09] <@%+Swb007> den acc. gibts seit ganzen 12St. was ein dude
[16:13:12] <noobkowalski> KAPOW KAPOW KAPOW KAPOW
[16:13:14] <overkill1505> was hat er geschrieben?
[16:13:16] <@%$AlphaG121> Hey overkill1505 ^^
[16:13:16] <%Fairylea> Servus overkill1505
[16:13:23] <@%+Swb007> moin overkill1505
[16:13:31] <MStauffacher> habe gar nichts mitbekommen war so auf das match konzentriert
[16:13:58] <@%+Swb007> Wolfi ich glaub du sollst auf deren Ts wieder ^^
[16:14:05] <overkill1505> ach nix nix bei dir alles gut?
[16:15:26] <%ekim88mike> Hab da nen Tipp. Iss wat
[16:15:30] <%ibaturtle> dann wirst du zur Diva LuL
[16:15:37] <%Fairylea> wenn du Hunger hast triffst du nix :D
[16:15:38] <noobkowalski> dann werde ich zur diva...gönn dir lieber mnal nen Snickers
[16:15:43] <overkill1505> wann hast du mal kein hunger kappa
[16:16:02] <captainmrl58> immer first kill, wolfi
[16:16:03] <@%$AlphaG121> du bringst es auf den Punkt overkill1505 ;P :D
[16:16:08] <%Fairylea> Alpha du Anti, warum haste eigentlich overkill hallo geschrieben und mir nicht :O
[16:16:10] <%ekim88mike> Noch nen Tipp. Bestell was :DDD
[16:16:21] <overkill1505> :D :D
[16:16:59] <%ibaturtle> Geld ist teuer-wolfi 2018
[16:17:04] <overkill1505> twitch monny regelt kappa
[16:17:04] <%ekim88mike> Noch ein Tipp. Lass dich von deiner Freundinn verwöhenen :DDDDDD
[16:17:19] <%ekim88mike> Also bezogen darauf das sie was kocht
[16:17:29] <r6_jada> dat aim
[16:17:42] <@%+Swb007> wolfiPotato wolfiPotato
[16:17:55] <stvtwitch> junge mein aim gerade
[16:18:00] <stvtwitch> schlimm schlimm schlimm
[16:18:05] <%ekim88mike> Jz gehts los
[16:18:23] <overkill1505> irgenwie kochst immer nur du
[16:18:38] <%+manuel30120> mach einen kochstream xD
[16:18:39] <%ekim88mike> Echt. Du wirst ja voll ausgebeutet :DDDD
[16:18:45] <sturmdaniel27> wolfi hol dir ein döner 🤣
[16:18:48] <%+MatzeBrown> so ne Frage onstream ;)
[16:19:14] <%Fairylea> ekim88mike nicht so voreilig ;) Wahrscheinlich ist sie die einzige von beiden die Aufräumt und Wäsche wäscht etc.
[16:19:59] <MStauffacher> war wohl einer afk
[16:20:00] <%+MatzeBrown> also ich hätte mir eine gefangen wenn ich meine Freundin vor 80 Leuten gefragt hätte ob sie die Woche überhaupt schon was gemacht hat xD
[16:20:30] <%+kabarius> wolfiPotato wolfiPotato wolfiPotato
[16:20:36] <%ekim88mike> @ Fairylea nicht immer so ernst nehmen :DD
[16:20:42] <%+manuel30120> @matzebrown faL
[16:20:48] <%t1t4nw0lf> ja aber ich hab halt echt nix gemacht LuL MatzeBrown
[16:20:50] <%ekim88mike> Wir spaßen ja nur was rum
[16:21:00] <%ibaturtle> LuL t1t4nw0lf
[16:21:02] <%Der_Chris_S> wat is dat? schillich? Kappa
[16:21:03] <%+manuel30120> @matzebrown falsche Erziehung KappaHD
[16:21:11] <%ekim88mike> Dir natürlich nicht :DDDDDD
[16:21:18] <%t1t4nw0lf> ja das auch... manuel30120
[16:21:25] <%+MatzeBrown> hehe @t1t4nw0lf na dann geht's ja
[16:21:31] <%t1t4nw0lf> ^^
[16:21:42] <@%+Swb007> shots fired ^^
[16:21:58] <%Fairylea> ich finde es ist richtig, wenn es funktioniert
[16:21:58] <%ibaturtle> Was sind Germknödel ?? DansGame
[16:22:03] <%ekim88mike> Ich warte ja die ganze Zeit darauf das sie rüber kommt und dir eine Respektschelle gibt :DDDDD
[16:22:10] <%Fairylea> als ob du das nicht kennst :O ibaturtle
[16:22:18] <%ekim88mike> Frische Luft tut ihm gut :DDD
[16:22:20] <%ibaturtle> Ne Fairylea
[16:22:27] <%+manuel30120> es gibt doch in der Werbung so Aktionen: das alte raus, das neue her. gilt das eig auch für Frauen?
[16:22:30] <%Der_Chris_S> wenn wolfi rausgeht, ist alles zu spät Kappa
[16:22:31] <@%+Swb007> !clips
[16:22:32] <@+Mod4YouBOT>* habt ihr Clips die ihr im nächsten Highlight sehen wollt oder einen lustigen Moment für Wolfi festhalten wollt dan sendet ihn hier ein: https://m4u.link/wolfiClips
[16:22:35] <%t1t4nw0lf> mach ich vlt noch...wenn er sie nicht erwartet :D ekim88mike
[16:22:54] <%ekim88mike> :DDDDDD
[16:23:17] <%t1t4nw0lf> :O manuel30120 gilt das auch für dich? dann hätte ich gerne einen neuen Manuel Kappa
[16:23:23] <overkill1505> aber dann keine schelle sondern faust @t1t4nw0lf
[16:23:37] <%t1t4nw0lf> ja klar, immer doch LuL overkill1505
[16:23:39] <%+manuel30120> @t1t4nw0lf also alt bin ich ja noch nicht. mit 18 LUL
[16:23:41] <sizzleR6S> mit wem spielst du comcup SW4G?
[16:23:58] <%t1t4nw0lf> LuL ich bin nicht viel älter manuel30120
[16:24:09] <sizzleR6S> mit wem dann vielleicht trifft man sich :P
[16:24:13] <%ekim88mike> Also Repektschelle is ja wohl jz net dein Wort
[16:24:16] <justthezone> was ist esl ?
[16:24:21] <@%+Swb007> sizzleR6S mit m3x =Mechanix spielt er
[16:24:28] <%ekim88mike> Die hab ich oft genug bekommen dass ich das auch sage darf :P
[16:24:35] <stvtwitch> er spielt mit mir :-)
[16:24:36] <sizzleR6S> ah okay okay
[16:24:38] <%+manuel30120> @t1t4nw0lf Wer redet eig von dir mit der, das alte raus usw Aktion?
[16:25:00] <%t1t4nw0lf> jajaja manuel30120 Kappa
[16:25:34] <%Fairylea> manuel30120 eigentlich müsste dann Wolfi raus als Streamer und Titan rann als neue Streamerin DarkMode
[16:25:41] <%ekim88mike> SD ja ein Dontationgoal von 10 Euro machen un wenn das erreicht ist muss sie kochen
[16:25:44] <+HerrRedsnow> @manuel30120 fanboi
[16:25:45] <@%+Swb007> Er spielt mit Kai_tv, biz4trix, machsweg und Spider von m3x
[16:25:49] <%ekim88mike> Du kannst
[16:26:05] <%t1t4nw0lf> hättse wohl gerne :D Lea
[16:26:22] <%ekim88mike> :DDDDDDD
[16:26:45] <hanoku_jonas> Guten nachmittag ^^
[16:26:50] <%Fairylea> nene bin mit Wolfi ganz zufrieden
[16:27:20] <%t1t4nw0lf> ich koch erst bei 100 und das auch nur wenn ich dann das geld auch kriege xD ekim88mike
[16:27:40] <@%+Swb007> ok titan
[16:27:42] <%t1t4nw0lf> *für die Katze
[16:27:49] <whoselofix> Was für einen Rang hast du
[16:27:50] <%ekim88mike> @t1t4nw0lf Also das wäre ja dann SChwarzarbeit
[16:28:13] <@+Mod4YouBOT>* Für natürliche Power und Focus vertraut Wolfi auf eNgage BloodTrail Probiere es selber aus und erhalte 15% nachlass mit dem Code: " Wolfi " https://m4u.link/wolfifocus BloodTrail
[16:28:13] <@+Mod4YouBOT>* Ihr wollt Wolfi kostenlos unterstützen? BloodTrail Dann nutzt doch Loots! Den Link dazu gibt es hier: https://loots.com/en/tip-jars/wolfi_wr
[16:28:15] <%ekim88mike> Nein keine derecks Katze
[16:28:17] <@%+Swb007> whoselofix er ist dia auf dem Main und auf dem jeztigen acc. Plat. 3
[16:28:18] <%Fairylea> Wenn alle so High Quality Zeugs von sich geben wie du Wolfi wäre der Chat langweilig :D
[16:28:22] <%t1t4nw0lf> pssst, der zoll ist überall Kappa ekim88mike
[16:28:34] <%Der_Chris_S> 500€ Donation goal für die Katze? :D
[16:28:36] <%ekim88mike> :D
[16:28:51] <%t1t4nw0lf> ne, 180 €
[16:29:12] <@%+Swb007> Wow Der_Chris_S dan donatet doch eh keiner rein ... Für ne Katze NotLikeThis
[16:29:36] <%Der_Chris_S> :D
[16:29:40] <@%$AlphaG121> für nen Hund würde ich tuen LuL
[16:29:49] <%t1t4nw0lf> -.- alpha
[16:29:53] <%t1t4nw0lf> hi
[16:29:56] <@%+Swb007> ja für nen Hund würde ich auch donaten ^^
[16:30:10] <%t1t4nw0lf> ja dann halt für nen Hund Kappa
[16:30:21] <%ekim88mike> Also fürs Kochen würde ich mich aufs Rad schwingen un n psc holen fahren aber für n Kattze??? Da spring ich lieber ausem Fenster
[16:30:25] <@%+Swb007> wolfiWoW titan
[16:30:40] <%t1t4nw0lf> PogChamp ekim88mike
[16:30:45] <@%+Swb007> nice ekim88mike
[16:31:12] <%t1t4nw0lf> wir können ja nen straw poll dazu machen swb ;)
[16:31:25] <@%+Swb007> Ich glaub du weist nicht was PogChamp heist oder t1t4nw0lf ;) XD
[16:31:28] <%ekim88mike> Gute IDee
[16:31:40] <%t1t4nw0lf> doch abstimmen
[16:31:47] <worlock2> moin
[16:31:47] <%Der_Chris_S> nix gegen Katzen...
[16:31:56] <%Fairylea> Was habt ihr alle mit Hunden?! wolfiRage
[16:32:06] <@%$AlphaG121> Hunde sind eben toll, Lea :P
[16:32:12] <%ekim88mike> Wie wärs denn mit nem Wolf?
[16:32:14] <%Der_Chris_S> @Wolfi_WR Katzen donation goal...
[16:32:17] <%t1t4nw0lf> dann können die leute abstimmen was wir uns holen LuL swb
[16:32:18] <Ninja_inPyjama> Hund <3
[16:32:27] <%ekim88mike> Moin @AlphaG121
[16:32:37] <@%$AlphaG121> Hey ekim88mike ^^
[16:32:49] <%Fairylea> Mich haben schon mehrere in die Hand gebissen weil ich wie jeder normale Mensch an ihnen vorbei gegangen bin! Und sie stoßen mich auch gerne um wolfiRage
[16:32:52] <@%+Swb007> Hier könnt ihr für Titan's bzw. Wolfis zukünftiges haustier abstimmen https://strawpoll.de/fc6f2s4
[16:33:11] <%t1t4nw0lf> ja und jetzt noch das donationgoal LuL
[16:33:19] <%ekim88mike> Da fehlt noch keins von beide
[16:33:40] <worlock2> moin
[16:33:43] <%ekim88mike> Also ich bin ja für Wolf ooder nix!!!!!!!!!
[16:33:48] <%Der_Chris_S> Eidechse @t1t4nw0lf Kappa
[16:33:48] <@%+Swb007> Doch wolfi Titan hat entschieden ^^
[16:33:54] <%t1t4nw0lf> 180€ für Hund/Katze LuL swb
[16:33:59] <@%$AlphaG121> Heyho worlock2 ^^
[16:34:04] <%+passlo> ganz klar ein Nacktmull KappaHD
[16:34:10] <%t1t4nw0lf> ja is klar Der_Chris_S
[16:34:20] <%Fairylea> Alpha warum sind Hunde toll?!! wolfiRage
[16:34:24] <EssigGurke77> Kannst du mir tipps geben aus silber raus zu kommen nach gold ?
[16:34:56] <@%$AlphaG121> weil sie süß und knuffig sind, meistens zumindest, Lea :D
[16:35:11] <%Fairylea> und weil sie mich gerne beißen oder was FeelsBadMan
[16:35:13] <@+Mod4YouBOT>* Legend_Reaperz hat €3.00 gespendet! Vielen Dank <3
[16:35:24] <%t1t4nw0lf> wolfiLove wolfiLove wolfiLove wolfiLove wolfiLove wolfiLove wolfiLove
[16:35:26] <@%$AlphaG121> wolfiLove wolfiLove wolfiLove wolfiLove wolfiLove wolfiLove wolfiLove wolfiLove wolfiLove wolfiLove
[16:35:28] <@%+Swb007> wolfiLove wolfiLove wolfiLove wolfiLove wolfiLove wolfiLove wolfiLove wolfiLove wolfiLove wolfiLove wolfiLove wolfiLove wolfiLove wolfiLove wolfiLove wolfiLove wolfiLove wolfiLove wolfiLove wolfiLove wolfiLove wolfiLove wolfiLove wolfiLove
[16:35:30] <%Fairylea> wolfiLove wolfiLove wolfiLove wolfiLove wolfiLove wolfiLove wolfiLove wolfiLove wolfiLove wolfiLove wolfiLove wolfiLove wolfiLove wolfiLove wolfiLove wolfiLove
[16:35:31] <%Der_Chris_S> @AlphaG121 und Katzen nicht oder was?
[16:35:37] <%Fairylea> wolfiLove wolfiLove wolfiLove wolfiLove wolfiLove wolfiLove wolfiLove wolfiLove wolfiLove wolfiLove wolfiLove
[16:35:39] <%Der_Chris_S> wolfiLove wolfiLove wolfiLove wolfiLove wolfiLove wolfiLove wolfiLove wolfiLove wolfiLove wolfiLove wolfiLove wolfiLove wolfiLove wolfiLove wolfiLove wolfiLove
[16:35:39] <%+lionn20> wolfiLove wolfiLove wolfiLove wolfiLove wolfiLove wolfiLove wolfiLove wolfiLove wolfiLove wolfiLove
[16:35:42] <@%$AlphaG121> ne, Der_Chris_S Kappa
[16:35:47] <%Fairylea> wolfiLove wolfiLove wolfiLove wolfiLove wolfiLove wolfiLove wolfiLove wolfiLove wolfiLove wolfiLove wolfiLove wolfiLove wolfiLove wolfiLove wolfiLove
[16:35:50] <%Legend_ReApErZ> ja soll ja nicht da
[16:35:56] <%Legend_ReApErZ> wolfiLove <3 <3 <3 <3 <3
[16:35:59] <%Der_Chris_S> @AlphaG121 wow geh bitte Kappa
[16:36:27] <%ekim88mike> wolfiLove wolfiLove wolfiLove wolfiLove wolfiLove wolfiLove wolfiLove wolfiLove wolfiLove wolfiLove wolfiLove wolfiLove wolfiLove wolfiLove wolfiLove wolfiLove wolfiLove wolfiLove wolfiLove wolfiLove wolfiLove wolfiLove wolfiLove wolfiLove wolfiLove wolfiLove wolfiLove wolfiLove wolfiLove
[16:36:29] <@%$AlphaG121> hmmm....ich glaube ich bleibe lieber noch etas hier, Der_Chris_S :D
[16:36:34] <@%$AlphaG121> *etwas
[16:36:44] <@+Mod4YouBOT>* Swb007 hat €1.00 gespendet! Vielen Dank <3
[16:36:46] <%Der_Chris_S> @AlphaG121 ok... :(
[16:36:52] <%Der_Chris_S> wolfiLove wolfiLove wolfiLove wolfiLove wolfiLove wolfiLove wolfiLove wolfiLove wolfiLove wolfiLove wolfiLove wolfiLove
[16:37:09] <%+lionn20> wolfiLove wolfiLove wolfiLove wolfiLove wolfiLove wolfiLove wolfiLove wolfiLove wolfiLove
[16:37:13] <@%+Swb007> wolfiLove wolfiLove wolfiLove wolfiLove wolfiLove wolfiLove wolfiLove wolfiLove wolfiLove wolfiLove wolfiLove wolfiLove
[16:37:21] <@%$AlphaG121> wolfiLove wolfiLove wolfiLove wolfiLove wolfiLove wolfiLove wolfiLove wolfiLove wolfiLove wolfiLove
[16:37:24] <@%+Swb007> ja sry
[16:37:30] <%t1t4nw0lf> wolfiLove wolfiLove wolfiLove wolfiLove wolfiLove wolfiLove
[16:37:32] <%Der_Chris_S> ich will auch abstimmen...
[16:37:50] <@%+Swb007> Hier könnt ihr für Titan's bzw. Wolfis zukünftiges haustier abstimmen https://strawpoll.de/fc6f2s4
[16:38:00] <%Fairylea> wenn wir keinen an der Waffel hätten, wären wir nicht hier ;P
[16:38:20] <%t1t4nw0lf> xDD
[16:38:20] <%ekim88mike> Kannst von mir aus meine stimme haben @Der_Chris_S
[16:38:22] <@%+Swb007> :D ich habg doch schon nen Hund :D
[16:38:37] <%Der_Chris_S> @ekim88mike Katze!
[16:38:38] <%ekim88mike> @Fairylea shots fired
[16:38:40] <%+MatzeBrown> bringste mit
[16:38:51] <@%+Swb007> von Flens nach Brauschweig LUL
[16:38:58] <%ekim88mike> @Der_Chris_S neinbn :DDD Wolf oder nix :DDDDD
[16:39:04] <%Fairylea> ^^ ekim88mike
[16:39:11] <%Der_Chris_S> :D
[16:39:29] <@%+Swb007> !eslcup
[16:39:30] <@+Mod4YouBOT>* Hier alle Informationen zum laufenden ESL-Cup: https://m4u.link/wolfitbaum
[16:39:44] <DaschGulasch> hey
[16:39:51] <@%$AlphaG121> Hallu DaschGulasch wie gehts?^^
[16:39:52] <@%+Swb007> Wolfi der link ist immernoch nicht aktualisiert ;)
[16:39:57] <%+MatzeBrown> ist um Punkt 17:00 Startschuss?
[16:40:15] <%Fairylea> hiiii DaschGulasch wolfiHI wolfiHI
[16:40:23] <DaschGulasch> wie gehts so
[16:40:35] <Ninja_inPyjama> !wolfibaum
[16:40:40] <@%+Swb007> Dargozino war das ;)
[16:40:48] <%Fairylea> !b
[16:40:48] <%+MrsLilly25> hello again :P
[16:40:56] <%Fairylea> wb <3 <3 gSis <3 <3
[16:40:57] <@%$AlphaG121> Heyho MrsLilly25 :D
[16:41:09] Viewerstats (16:10-16:41): avg:80 min:72 max:90 [17/73-1+0+7+8-4-1-6+1+5+5+3-2-6-3+0+7]
[16:41:11] <%+MrsLilly25> AlphaG121 hay :P
[16:41:15] <%+MatzeBrown> Lilly macht Ernst ;)
[16:41:22] <DaschGulasch> huiiiiii
[16:41:24] <%+MrsLilly25> danke kleines wolfiLove wolfiLove
[16:41:35] <@%+Swb007> das war Dargozino der M4y Admin @Wolfi_WR
[16:41:36] <%+MrsLilly25> MatzeBrown immer doch :P
[16:41:36] <%Fairylea> Sean als ob Flens am Ende vom DE liegt und du da wohnst LuL
[16:41:54] <%Fairylea> Swb007 du Petze :O
[16:42:00] <@%+Swb007> Fairylea am anfang von DE wenn dann ;)
[16:42:24] <%Fairylea> mir doch egal
[16:43:14] <DaschGulasch> @fairylea hii
[16:43:41] <DaschGulasch> fuck
[16:43:44] <DaschGulasch> xnmf
[16:44:00] <@%+Swb007> DaschGulasch ?
[16:44:23] <@%$AlphaG121> wo bleibt das Donationgoal? ;P
[16:44:24] <%Fairylea> MrsLilly25 wann labern wir eigentlich mal wieder? ^^
[16:44:41] <@%+Swb007> 60 zu 40 Prozent für den Hund Wolfi ;)
[16:44:52] <%+MrsLilly25> Fairylea wann immer du labbern willst^^
[16:45:01] <%Fairylea> Aber Katzen sind viel weniger Arbeit als Hunde
[16:45:02] <%+MrsLilly25> ups xD
[16:45:50] <%ekim88mike> Weil die scheiß Katzen bei anderen in den Garten scheißne!!!!!!!!!1
[16:45:51] <%+passlo> @Fairylea dafür sind Hunde 8000 mal besser :p
[16:45:52] <@%+Swb007> Und was mit titan arbeitet die auch?
[16:45:59] <%Der_Chris_S> also doch Katze :D
[16:46:10] <%Fairylea> ich hätte gerne eine Katze aber ich bin allergikerin
[16:46:12] <@%$AlphaG121> willst du und damit drohen Wolfi? LuL
[16:46:17] <@%$AlphaG121> *uns
[16:46:19] <Ninja_inPyjama> kündigen? zum Amt und Hartz IV beantragen LUL Kappa
[16:46:28] <@%+Swb007> Eindeutig Hund LUL
[16:47:04] <MStauffacher> nimm lieber ne katze
[16:47:11] <%Der_Chris_S> @ekim88mike das passiert nicht, wenn man die Katze nicht als Freigänger hält...
[16:47:14] <@%+Swb007> wolfiPotato
[16:47:18] <%Fairylea> Saskia grad biste ja im Chat also geht es nicht :/
[16:47:27] <%ekim88mike> @Der_Chris_S aber das tut jeder
[16:47:29] <%+passlo> Goldfische sind auch ziemlich Pflegeleicht ...
[16:47:46] <@%+Swb007> Ja passlo :D
[16:47:48] <@%$AlphaG121> wolfiWoW wolfiWoW wolfiWoW Passlo
[16:47:49] <%Der_Chris_S> @ekim88mike was tut jeder?
[16:47:59] <MStauffacher> Goldfisch ist langweilig
[16:48:00] <%sw4g_c4pri_sun> Wir haben auch ne Katze, die hat aber nur noch 3 Beine :/
[16:48:01] <%+MrsLilly25> ach muss gehen kleines :P
[16:48:09] <@%+Swb007> Moin an alle von marley jess ^^
[16:48:20] <%+MrsLilly25> ja ich gehe arbeiten ;P
[16:48:25] <%+kabarius> gönn dir so nen richtig coolen papagei der dann immer potatoaim ruft :D
[16:48:27] <%+passlo> @sw4g_c4pri_sun wie Katzen haben mehr als 2 Beine? :o
[16:48:33] <%ekim88mike> @Der_Chris_S die draußen rum rennen lassen
[16:48:35] <%kai_tv_> Wolfi kommst du auf unseren ts?
[16:48:39] <%sw4g_c4pri_sun> @Wolfi_WR Achso
[16:48:57] <%kai_tv_> Ich war nich da xD
[16:48:59] <%sw4g_c4pri_sun> @passlo Jo für gewöhnlich :D
[16:49:34] <%Fairylea> MrsLilly25 ich muss heute noch irgendwann aufräumen... aber bis dahin hätte ich eigentlich Zeit <3
[16:49:36] <%sw4g_c4pri_sun> @Wolfi_WR Jojo
[16:49:38] <%sw4g_c4pri_sun> ^^
[16:49:40] <%Der_Chris_S> @ekim88mike nein, wir nicht, da uns unser Kater zu wertvoll ist und wir kein bock haben, dass er von irgendeinem Idioten eingepackt wird...
[16:50:10] <%+MrsLilly25> Fairylea kk :P
[16:50:28] <%+MrsLilly25> jaaaaa tinychat xD
[16:50:30] <%sw4g_c4pri_sun> @Wolfi_WR Wir hätten fast doch kein ESl spielen können^^
[16:50:38] <%+MrsLilly25> was für alde zeiten
[16:50:47] <@%+Swb007> Was ist tinychat ? LUL
[16:50:50] <%sw4g_c4pri_sun> Einer hat nämlich kurzfristig abgesagt :D
[16:50:57] <%+MrsLilly25> FailFish
[16:51:19] <%+FritzoBot> sw4g_c4pri_sun, dein "netter" Bruder LUL
[16:51:30] <%sw4g_c4pri_sun> Da hattest du aber schon ein Team deshalb konnten wir dich auch nemmer fragen :D
[16:51:53] <%sw4g_c4pri_sun> Dann ist Nerf doch zuhause geblieben :D
[16:51:57] <%+Chronoek> wolfiWoW wolfiWoW wolfiLoveG
[16:52:06] <%sw4g_c4pri_sun> Stabil hat abgesagt :D
[16:52:12] <@%$AlphaG121> Hallu Chronoek ^^
[16:52:19] <%+Chronoek> moin moin
[16:52:38] <%Der_Chris_S> wolfiGg wolfiGg wolfiGg wolfiGg wolfiGg wolfiGg wolfiGg wolfiGg wolfiGg wolfiGg wolfiGg wolfiGg wolfiGg wolfiGg wolfiGg wolfiGg
[16:52:40] <%+Chronoek> nicht soviel jetzt chillig stream gucken
[16:52:53] <%+FritzoBot> schillig
[16:53:02] <+Spirix1337> Was ist momentan Meta ?
[16:53:40] <@%+Swb007> !clips
[16:53:40] <@+Mod4YouBOT>* habt ihr Clips die ihr im nächsten Highlight sehen wollt oder einen lustigen Moment für Wolfi festhalten wollt dan sendet ihn hier ein: https://m4u.link/wolfiClips
[16:53:41] <KeTo_VeS> @sw4g_c4pri_sun Noobs
[16:53:50] <%sw4g_c4pri_sun> @KeTo_VeS Hacker
[16:53:51] <%Mrfrobro1_> wolfiHI wolfiHI
[16:53:57] <@%$AlphaG121> Heyho Mrfrobro1_ ^^
[16:53:58] <+Spirix1337> Klassen im Angriff die hat echt must have sind bzw recht stark
[16:53:59] <KeTo_VeS> @sw4g_c4pri_sun :^)
[16:54:06] <%sw4g_c4pri_sun> @KeTo_VeS :D
[16:54:07] <+Spirix1337> bzw Verteidigung
[16:54:10] <KeTo_VeS> @Spirix1337 Alle sind gut
[16:54:42] <KeTo_VeS> @sw4g_c4pri_sun Heute ESL oder was ?
[16:54:44] ~1.Runde ESL Com Cup (Tom Clancy's Rainbow Six: Siege)~
[16:54:49] <%sw4g_c4pri_sun> @KeTo_VeS Jo und ihr?
[16:54:57] <KeTo_VeS> @sw4g_c4pri_sun Natürlich nicht Kappa
[16:55:05] <%sw4g_c4pri_sun> @KeTo_VeS Jetzt echt
[16:55:28] <MStauffacher> wie heist euer team in ESL
[16:55:52] <KeTo_VeS> @sw4g_c4pri_sun Nö machen nicht mit, Aber @Wolfi_WR es gibt nen Team das heißt Wolfruder_FV
[16:56:02] <@%+Swb007> Das ist Wolfis heutiges ESL-Team: https://play.eslgaming.com/team/12036422/
[16:56:08] <%sw4g_c4pri_sun> @KeTo_VeS Hab ihn schon en Link davon geschickt :D
[16:56:26] <Ninja_inPyjama> hahahahahah
[16:56:37] <%sw4g_c4pri_sun> Geh mal auf FV_Wolf der hat ein Team des heißt :Wolfsrudel :D
[16:56:41] <%sw4g_c4pri_sun> Wolfrudel*
[16:56:44] <Ninja_inPyjama> wer ist das?
[16:57:10] <%+lukroenne> ihr spielt eh gegen gunners mixed
[16:57:56] <@%$AlphaG121> !ad
[16:57:56] <@+Mod4YouBOT>* Twitch wird durch Reklame finanziert und auch Wolfi kann damit unterstützt werden. Wir möchten euch bitten, euren Adblocker auszuschalten <3
[16:58:13] <@+Mod4YouBOT>* Für natürliche Power und Focus vertraut Wolfi auf eNgage BloodTrail Probiere es selber aus und erhalte 15% nachlass mit dem Code: " Wolfi " https://m4u.link/wolfifocus BloodTrail
[16:58:13] <@+Mod4YouBOT>* Ihr wollt Wolfi kostenlos unterstützen? BloodTrail Dann nutzt doch Loots! Den Link dazu gibt es hier: https://loots.com/en/tip-jars/wolfi_wr
[16:59:44] <%Fairylea> ich bekomme keine Werbung
[17:00:01] <%+lukroenne> ich auch nicht
[17:00:06] <jonCra> weil du sub bist
[17:00:15] <%+lukroenne> sehe nur das schöne spotify bild
[17:00:19] <ImNiax> ❤️
[17:00:33] <xxmagdeburgerxx> Wo ist die werbung? CoolStoryBob
[17:00:58] <%ekim88mike> Kann ma jemand den Tunierbaum Links senden. ich bin zum dummm den zu finden
[17:01:05] <%Fairylea> ah danke jonCra ^^
[17:01:12] <KeTo_VeS> Es gibt noch keinen Turnierbaum :D
[17:01:25] <%ekim88mike> ahhhh.... danke
[17:01:27] <KeTo_VeS> Bzw es gibt an sich keinen Turnierbaum
[17:01:42] <jonCra> @Fairylea kein problem
[17:01:47] <%ekim88mike> wo sieht man denn wer gegen wen spielt?
[17:01:55] <%+Caroun_R6> luk du pleb :D
[17:02:05] <KeTo_VeS> Auf Ergebnisse
[17:02:52] <@%$AlphaG121> wb Beta Wolf :P
[17:02:59] <%+Caroun_R6> moin wolfobert :p
[17:03:25] <@%$AlphaG121> Heyho Caroun_R6 wie gehts so? :)
[17:03:25] <MStauffacher> vielleicht sind die ja schwul und suchen einen partner
[17:03:44] <%+Caroun_R6> gut und dir @AlphaG121
[17:03:59] <%+MrsLilly25> MStauffacher das kann gut möglich sein^^
[17:03:59] <@%$AlphaG121> Auch gut, danke der Nachfrage Caroun :D
[17:03:59] <Technomen08> Moin
[17:04:08] <@%+Swb007> Moin Technomen08
[17:04:31] <%Fairylea> ich weiß was daran schlimm wäre
[17:05:12] <MStauffacher> wie war es noch bei den Simpsons Zitat von Lisa " Leute die andere der Homosexualität bezichtigen versuchen meist nur ihre eigenen Homosexuellen züge zu verbergen"
[17:05:39] <ImNiax> Jo so ist es @mstauffacher
[17:05:47] <%Der_Chris_S> oho sie haben es geschafft
[17:05:48] <Technomen08> hast du nich gesagt das die jaa schwul sein könnten @MStauffacher
[17:07:07] <MStauffacher> das war ne frage in bezug auf lisa s these
[17:07:22] <Technomen08> aso ja das ist richtig
[17:08:51] <%sw4g_c4pri_sun> Wir spielen auch chalet ;D
[17:09:04] <Frederiko6> ola espaniore
[17:09:05] <%Fairylea> sw4g_c4pri_sun du Stream Sniper Kappa
[17:09:10] BAN: Frederiko6 (600s)
[17:09:15] <%sw4g_c4pri_sun> Viel Spaß und gutes gelingen :)
[17:09:23] <%sw4g_c4pri_sun> @Fairylea Immer ^^
[17:09:29] <%Fairylea> ^^
[17:09:45] <@%+Swb007> Frederiko6 bitte nur Deutsch // please only German :D
[17:09:53] <@%$AlphaG121> 17:09 Mittagessen? o_O
[17:10:19] <milchschnitte2001> mit wem spielst du?
[17:10:49] <KeTo_VeS> @sw4g_c4pri_sun Ihr verliert eh
[17:11:09] Viewerstats (16:43-17:11): avg:95 min:75 max:124 [15/81-1-5+2+12+1+5+0-5+8+0+9+1+14+2]
[17:11:49] <MStauffacher> und was denkt ihr habt ihr Chancen das turnier zu gewinnen
[17:12:26] <Ninja_inPyjama> !baum
[17:12:35] <@%$AlphaG121> !esl
[17:12:39] <@%$AlphaG121> !eslcup
[17:12:39] <@+Mod4YouBOT>* Hier alle Informationen zum laufenden ESL-Cup: https://m4u.link/wolficup
[17:12:51] <Ninja_inPyjama> was ist WoM?
[17:13:08] <@%+Swb007> Ninja_inPyjama irgendein Team ^^
[17:13:12] <MStauffacher> gibt es in ESL Schiedsrichter
[17:13:35] <KeTo_VeS> @MStauffacher ESL Admins halt
[17:15:39] <+itz_savage> Maaaachsweg, ich bin dein größter Fan
[17:15:40] <%$kiimbo0815> wolfiHI wolfiHI wolfiHI @all
[17:16:03] <PGN_Marvin> das darf man aber nicht bei esl
[17:16:12] <@%+Swb007> wolfiHI wolfiHI kimbo
[17:16:13] <xxmagdeburgerxx> an ihrer Stelle hätte ich jetzt schon kein bock mehr xD
[17:16:51] <MStauffacher> ist halt erst die erste cuprunde
[17:16:54] <%Der_Chris_S> wolfiGg wolfiGg
[17:16:55] <%+kabarius> wolfiPotato wolfiPotato wolfiPotato
[17:16:59] <Bernd_lol> Die Gegner tun mir leid :D :D
[17:17:00] <%ekim88mike> ACEEEE wolfiGg wolfiGg wolfiGg wolfiGg wolfiGg wolfiGg wolfiGg wolfiGg wolfiGg wolfiGg wolfiGg wolfiGg wolfiGg
[17:17:12] <+itz_savage> Grüße vom Bagger
[17:17:20] <@%+Swb007> PGN_Marvin doch darf man man muss nur zeit gehabt haben sich vom Spawn weg zu bewegen und 30sec. nach dem beginn ist genug ;)
[17:17:36] <PGN_Marvin> ja schon
[17:17:59] <KeTo_VeS> @PGN_Marvin Spawnpeeken ist erlaubt, sollte man direkt am Anfang rausrennen und den gegnen keine Chance geben (zB. Bei Border) kann dies protestet werden
[17:18:01] <DerAdrian11> Ist das gerade die erste ESL runde ?
[17:18:10] <@%+Swb007> Ja DerAdrian11
[17:18:17] <PGN_Marvin> ich würde dafür halt gespert
[17:18:24] <sebastian_se> servus
[17:18:31] <@%+Swb007> moin sebastian_se
[17:18:38] <KeTo_VeS> @PGN_Marvin Dann hast du was falsch gemacht.
[17:18:48] <MStauffacher> gibt es eine Voraussetzung um am ESL Cup teilzunehmen oder kann jedes team mitmachen wie sie fröhlich sind
[17:18:51] <jonCra> lol
[17:19:04] <KeTo_VeS> @MStauffacher einen R6 Account, ESL Wire und Moss
[17:19:29] <KeTo_VeS> @MStauffacher Wenn du an Cups mitmachen möchtest bei denen du Geld gewinnst, musst du 18 Jahre als sein
[17:19:31] <%Fairylea> ich bin dann mal afk
[17:19:32] <@%+Swb007> kassHAX
[17:19:35] <+Don_Jon> nookyVac nookyVac nookyVac
[17:19:56] <%Der_Chris_S> 4:0 inc?
[17:20:05] <KeTo_VeS> @Der_Chris_S 5:0 Kappa
[17:20:07] <@%$AlphaG121> https://clips.twitch.tv/TawdryBadWrenchGrammarKing
[17:20:14] <@%+Swb007> Der_Chris_S man gewinnt erst ab nem 5:0 ;)
[17:20:15] <%ekim88mike> #abgehoben
[17:20:18] <%Der_Chris_S> mein ich ja :D
[17:20:33] <MStauffacher> mit anderen worten selbst vollnoobs können ESL spielen
[17:20:38] <+itz_savage> MIIIRRAAA
[17:20:38] <%ekim88mike> Danke @AlphaG121 wolfiGg wolfiGg wolfiGg
[17:20:48] <@%+Swb007> !clips @AlphaG121
[17:20:49] <@+Mod4YouBOT>* habt ihr Clips die ihr im nächsten Highlight sehen wollt oder einen lustigen Moment für Wolfi festhalten wollt dann sendet ihn hier ein: https://m4u.link/wolfiClips AlphaG121
[17:22:00] <theelite_ger> heyhey
[17:22:05] <ImNiax> Ich hätte auch mitgespielt, also ESL, mein Team hat aber keine Zeit☹️
[17:22:13] <+Don_Jon> wolfi throwt damit die pause zwischen den games nicht so lang wird Kappa
[17:22:13] <@%+Swb007> wolfiWoW #boosted like Alpha Kappa
[17:22:17] <MStauffacher> ich dachte die killcam ist ei ESL aus
[17:22:18] <@%$AlphaG121> Hallu theelite_ger ^^
[17:24:27] <MStauffacher> gbt wohl echt ein 5:0
[17:25:25] <@%+Swb007> MStauffacher die killcam gibts immer beim letzten kill ^^
[17:25:40] <%yves1886> so bin wieder am start wolfiHI
[17:26:04] <@%$AlphaG121> wb yves1886 ^^
[17:26:27] <DerAdrian11> Was bekommt ihr wenn ihr gewinnt ?
[17:26:43] <@%+Swb007> DerAdrian11 nichts es ist ein fun-cup
[17:26:46] <jonCra> ruhm und ehre
[17:28:13] <@+Mod4YouBOT>* Für natürliche Power und Focus vertraut Wolfi auf eNgage BloodTrail Probiere es selber aus und erhalte 15% nachlass mit dem Code: " Wolfi " https://m4u.link/wolfifocus BloodTrail
[17:28:13] <@+Mod4YouBOT>* Ihr wollt Wolfi kostenlos unterstützen? BloodTrail Dann nutzt doch Loots! Den Link dazu gibt es hier: https://loots.com/en/tip-jars/wolfi_wr
[17:28:17] <@%+Swb007> Wolfi biste jz eig. aufm Main wegen dia ;)
[17:28:23] <theelite_ger> wie sind eure Chancen den Cup zu gewinnen?
[17:28:25] <MStauffacher> so nen noob
[17:28:46] <KeTo_VeS> @Swb007 Er hat seinen Main in ESL angegeben, also muss er damit auch spielen
[17:28:50] <Lottilo> https://clips.twitch.tv/CrackyCaringFalconSaltBae
[17:28:54] <MStauffacher> also gegen dieses team würde ich ja noch gewinnen und ich bin echt schlecht in rainbow
[17:29:11] <KeTo_VeS> @MStauffacher sei dir da mal nicht so sicher ;)
[17:29:15] <%sw4g_c4pri_sun> Wir werden protestet :D
[17:29:22] <KeTo_VeS> @sw4g_c4pri_sun Warum :D
[17:29:39] <%Der_Chris_S> @sw4g_c4pri_sun jetzt schon? :D
[17:29:59] <%sw4g_c4pri_sun> @KeTo_VeS Wir haben es geschafft auf Chalet nen instant spawnpeek zu machen
[17:30:15] <%ekim88mike> SO einmal wiederholen bitte
[17:30:17] <%sw4g_c4pri_sun> Kappa
[17:30:21] <MStauffacher> was heist protestet
[17:30:55] <%sw4g_c4pri_sun> Die sind auf den Stein gegangen und wir haben sie vom Kitchen window weggeholt und des soll nen Instant peek sein :D
[17:31:00] <@%+Swb007> MStauffacher es heist das jemand ein Protest gegen dich bei der ESL eingreicht hat
[17:31:03] <%Der_Chris_S> man hört einfach nur ön
[17:31:05] <%Der_Chris_S> :D
[17:31:21] <@%$AlphaG121> wolfiGg
[17:31:24] <MStauffacher> das ist klar aber wie läuft das nachher ab
[17:31:27] <%sw4g_c4pri_sun> Jo
[17:31:31] <%sw4g_c4pri_sun> Aber die protesten :D
[17:32:09] <%sw4g_c4pri_sun> Gegen ADHS
[17:32:22] <@%$AlphaG121> !eslcup
[17:32:23] <@+Mod4YouBOT>* Hier alle Informationen zum laufenden ESL-Cup: https://m4u.link/wolficup
[17:32:29] <@%+Swb007> Dieser Teamname LUL
[17:32:30] <%sw4g_c4pri_sun> Du hast es gesehen :d
[17:33:06] <%sw4g_c4pri_sun> Du warst drauf
[17:33:10] <%sw4g_c4pri_sun> haha
[17:33:12] <%sw4g_c4pri_sun> ADHS angels
[17:33:47] <%sw4g_c4pri_sun> Die nedmal Wire :D
[17:33:50] <%sw4g_c4pri_sun> haben*
[17:34:44] ~2.Runde ESL Com Cup (Tom Clancy's Rainbow Six: Siege)~
[17:35:04] <@%+Swb007> !clips
[17:38:57] <@%+Swb007> !clips
[17:39:12] <@%+Swb007> :( bot wieder launisch
[17:39:45] <%sw4g_c4pri_sun> Si senior
[17:39:53] <MStauffacher> ein bischen viele 5:0
[17:40:11] <~%Wolfi_WR> Encounters ist die erste große Erweiterung für Everspace™. Beeindrucke deine Freunde mit dem neuen Colonial Sentinel. Spiele jetzt! https://loots.com/t/rJ7ojOAXG
[17:40:30] <%sw4g_c4pri_sun> WTF
[17:40:41] <%sw4g_c4pri_sun> Hab ich garned gesehen :D
[17:40:54] <%+DaAndii_> um was gehts?
[17:40:55] <%ekim88mike> warste eigentlich eben mvp?
[17:41:09] Viewerstats (17:13-17:41): avg:126 min:97 max:141 [15/128-7-2+4+4+1+6+0+1+3+3-10+3-28-9]
[17:41:15] <@+Mod4YouBOT>* Für natürliche Power und Focus vertraut Wolfi auf eNgage BloodTrail Probiere es selber aus und erhalte 15% nachlass mit dem Code: " Wolfi " https://m4u.link/wolfifocus BloodTrail
[17:41:15] <@%+Swb007> !clips
[17:41:15] <@+Mod4YouBOT>* Ihr wollt Wolfi kostenlos unterstützen? BloodTrail Dann nutzt doch Loots! Den Link dazu gibt es hier: https://loots.com/en/tip-jars/wolfi_wr
[17:41:17] <@+Mod4YouBOT>* habt ihr Clips die ihr im nächsten Highlight sehen wollt oder einen lustigen Moment für Wolfi festhalten wollt dann sendet ihn hier ein: https://m4u.link/wolfiClips
[17:41:26] <%sw4g_c4pri_sun> Die haben nicht mal wire also können die den Protest nicht gewinnen :D
[17:41:50] <@%+Swb007> bot ist back <3
[17:41:59] <%sw4g_c4pri_sun> Habn wir auch
[17:42:02] <%sw4g_c4pri_sun> Im WIre chat
[17:42:21] <%El_PabIo> wolfiHI wolfiHI wolfiHI wolfiHI
[17:42:32] <%sw4g_c4pri_sun> @El_PabIo wolfiHI wolfiHI
[17:42:36] <@%+Swb007> wolfiHI El_PabIo
[17:42:36] <MStauffacher> wie hoch habt ihr eigentlich gewonnen das die protesten
[17:42:40] <@%$AlphaG121> Hey Pablo^^
[17:42:50] <%Der_Chris_S> was ist der ESL wire?
[17:42:56] <%El_PabIo> wow soviel liebe hier :D wolfiLove wolfiLovesiv
[17:43:28] <@%+Swb007> Der_Chris_S das ist ein anti-cheat-programm
[17:43:34] <%Der_Chris_S> ah ok
[17:47:37] <KeTo_VeS> @Swb007 Mehr oder weniger, das checkt nur deinen Pc durch und guckt ob ein programm auf R6 zugreift
[17:47:59] <%sw4g_c4pri_sun> Der Keto kennt sich da aus
[17:48:01] <%sw4g_c4pri_sun> ^^
[17:48:21] <@%+Swb007> Ich merk schon ;) @sw4g_c4pri_sun
[17:48:52] <Frederiko6> hello guys
[17:48:56] <%maaarinho> hallo moin alle zusammen :-)
[17:49:11] <%maaarinho> lecker burger mit pommes *_*
[17:49:19] <@%$AlphaG121> Heyho Frederiko6 und maaarinho ^^
[17:49:23] <%sw4g_c4pri_sun> endlich bestätigt :D
[17:49:28] <%El_PabIo> hatten nen dc und das internet war broken
[17:49:36] <KeTo_VeS> @sw4g_c4pri_sun :DD
[17:49:37] <%El_PabIo> bei einem mate
[17:49:39] <Frederiko6> oh sry @wolfi_wr
[17:49:42] <%maaarinho> auch gut :-)
[17:49:54] <@%+Swb007> Frederiko6 noch 1 mal und wur sehen uns in nem Tag wieder
[17:50:09] <Frederiko6> english is ok
[17:50:14] <%sw4g_c4pri_sun> Funkt Costum Game wieder ? Kannst ja des wieder machen
[17:50:15] <Frederiko6> just espania
[17:50:20] <%El_PabIo> spielen heute auch mit drei leuten die noch nie esl gezockt haben
[17:50:21] <Frederiko6> ok,
[17:50:24] <Frederiko6> ok?
[17:50:24] BAN: Frederiko6 (3600s)
[17:50:39] <%sw4g_c4pri_sun> Asooouu
[17:50:45] <@%+Swb007> Der nervt :D
[17:50:56] <%sw4g_c4pri_sun> @Swb007 So wie du Kappa
[17:50:57] BAN: Frederiko6 (43200s)
[17:51:15] <@%+Swb007> sw4g_c4pri_sun wolfiWoW
[17:51:22] <%sw4g_c4pri_sun> wolfiHype
[17:53:09] <KeTo_VeS> Oh je
[17:53:21] <%sw4g_c4pri_sun> @KeTo_VeS Was los?
[17:53:28] <dercooleKevin111> hallo
[17:53:36] <@%+Swb007> dercooleKevin111 Moin
[17:53:45] <dercooleKevin111> @swb007 hi
[17:53:53] <%sw4g_c4pri_sun> @dercooleKevin111 wolfiHI
[17:54:07] <dercooleKevin111> sehr nett hier :)
[17:54:19] <@%+Swb007> :D
[17:54:20] <%sw4g_c4pri_sun> Jo wenn Wolfi weg ist schon Kappa
[17:54:28] <dercooleKevin111> @sw4g_c4pri_sun haha
[17:54:32] <%sw4g_c4pri_sun> ^^
[17:54:32] <@%+Swb007> immer dies shots LUL
[17:54:41] <%sw4g_c4pri_sun> @Swb007 Macht er auch immer :D
[17:54:51] <dercooleKevin111> ne kevin
[17:54:55] <dercooleKevin111> nicht kev
[17:55:05] <%sw4g_c4pri_sun> Lass es dir schmecken ^^ wolfiLove
[17:55:09] <%maaarinho> lass es dir schmecken :)
[17:55:13] <dercooleKevin111> kannst du was spielen
[17:55:20] <@%$AlphaG121> Guten Hunger Wolfi^^
[17:55:31] <dercooleKevin111> happy birthday
[17:55:37] <@%+Swb007> dercooleKevin111 er wartet auf das nächste ESL match
[17:55:40] <dercooleKevin111> BCWarrior BCWarrior
[17:55:47] <@%+Swb007> !eslcup
[17:56:10] <dercooleKevin111> wie alt seit ihr so
[17:56:30] <%sw4g_c4pri_sun> Seid*
[17:56:31] <%sw4g_c4pri_sun> ^^
[17:56:46] <@%$AlphaG121> niemand mag Besserwisser, sw4g_c4pri_sun :P
[17:56:48] <%maaarinho> danke @sw4g_c4pri_sun :D
[17:56:50] <%t1t4nw0lf> -.- sun
[17:56:57] <%sw4g_c4pri_sun> WOOPs
[17:57:02] <%maaarinho> ich wollte es auch gerade sagen :D
[17:57:04] <dercooleKevin111> wie alt nun,
[17:57:06] <dercooleKevin111> ?
[17:57:12] <%sw4g_c4pri_sun> @maaarinho Der versteht mich ^^
[17:57:14] <@%$AlphaG121> #Spoiler
[17:57:21] <@%+Swb007> #Spoiler !
[17:57:54] <dercooleKevin111> ok also nicht :(
[17:58:02] <~%Wolfi_WR> https://www.twitch.tv/catberry
[17:58:03] <~%Wolfi_WR> https://www.twitch.tv/catberry
[17:58:03] <~%Wolfi_WR> https://www.twitch.tv/catberry
[17:58:03] <~%Wolfi_WR> https://www.twitch.tv/catberry
[17:58:05] <~%Wolfi_WR> https://www.twitch.tv/catberry
[17:58:12] <~%Wolfi_WR> #Wolfsrudel
[17:58:13] <~%Wolfi_WR> #Wolfsrudel
[17:58:13] <~%Wolfi_WR> #Wolfsrudel
[17:58:14] <~%Wolfi_WR> #Wolfsrudel
[17:58:14] <~%Wolfi_WR> #Wolfsrudel
[17:58:14] <~%Wolfi_WR> #Wolfsrudel
[17:58:15] <~%Wolfi_WR> #Wolfsrudel
[17:58:26] <dercooleKevin111> ey spam nicht so
[17:58:28] <~%Wolfi_WR> #WirWollenNeueEmoji
[17:58:29] <~%Wolfi_WR> #WirWollenNeueEmoji
[17:58:29] <~%Wolfi_WR> #WirWollenNeueEmoji
[17:58:29] <~%Wolfi_WR> #WirWollenNeueEmoji
[17:58:30] <~%Wolfi_WR> #WirWollenNeueEmoji
[17:58:31] <~%Wolfi_WR> #WirWollenNeueEmoji
[17:58:56] <%sw4g_c4pri_sun> Wieso :D
[17:59:12] <dercooleKevin111> ich bin 10
[17:59:22] <dercooleKevin111> und ihr
[17:59:34] <%t1t4nw0lf> swb FailFish
[17:59:48] <@%+Swb007> was denn titan?
[18:00:00] <dercooleKevin111> @swb007 ?
[18:00:01] <@%$AlphaG121> du weißt aber schon das Twitch erst ab 13 ist, dercooleKevin111 ;)
[18:00:05] <%+FritzoBot> @Wolfi_WR du hast doch schon hi emote?
[18:00:23] <dercooleKevin111> ich bin von meinem papa auf dem handi
[18:01:00] <@%$AlphaG121> ändert nichts an der Altersbegrenzung, dercooleKevin111
[18:01:10] <dercooleKevin111> aber
[18:01:12] <dercooleKevin111> ey
[18:01:16] <dercooleKevin111> manno
[18:01:27] <dercooleKevin111> soll ich jetzt ausmachen?
[18:01:40] <%ekim88mike> @dercooleKevin111 un das spiel is ab 18 was gestreamt wird. also gut ich bin auch erst 17 aber hab ich gesagt
[18:01:45] <@%+Swb007> dercooleKevin111 hör doch einfach auf zu spamen :D
[18:02:05] <dercooleKevin111> he wie spamen
[18:02:36] <dercooleKevin111> oh wartet mein papa kommt muss jetzt gehen sonst kriege ich ärger tschüssie
[18:02:55] <@%$AlphaG121> tschaui dercooleKevin111 ;)
[18:03:32] <%ekim88mike> :DDDDDD
[18:03:44] <%ekim88mike> Alter was war das denn :DDDD
[18:03:46] <MarkWallpeng> was ist das denn für en Com Cup^^
[18:03:49] <+ibims1elias> was guckt er grad
[18:03:52] <%+FritzoBot> von wem hast du Hi machen lassen ? @Wolfi_WR
[18:03:56] <@%$AlphaG121> !eslcup MarkWallpeng
[18:04:22] <%ekim88mike> @FritzoBot catberry oder so
[18:05:16] <@%$AlphaG121> dann so, @MarkWallpeng https://m4u.link/wolficup
[18:05:17] <%ekim88mike> Ja die Emotes sind echt geil
[18:06:48] <%ekim88mike> Wie waärs denn mit nem Wolf der ein Herz in den Händen hält
[18:07:04] <MarkWallpeng> Herzchen DansGame
[18:07:10] <@%$AlphaG121> Vorschläge am besten in Berrys Chat, ekim88mike ^^
[18:07:17] <%ekim88mike> Stimmt ich depp
[18:07:24] <%+lionn20> ein wolf der in seiner Brust das herz hat
[18:07:27] <%t1t4nw0lf> xD
[18:07:43] <@%+Swb007> Wilfi sonst das Hype in Silber und Gold ?
[18:07:48] <@%+Swb007> Wolfi*
[18:07:48] <+itz_savage> Das Herz im Maul
[18:08:02] <MarkWallpeng> Wie wäre es Ein Wolf der ein Herz verzerrt?
[18:08:08] <%+lionn20> oder so
[18:08:09] <%Der_Chris_S> !eslcup
[18:08:26] <@%$AlphaG121> Bot ist aktuell down, Der_Chris_S ;)
[18:08:28] <MarkWallpeng> LUL
[18:08:35] <%Der_Chris_S> FeelsBadMan
[18:08:37] <@%$AlphaG121> Der_Chris_S https://m4u.link/wolficup
[18:09:07] <%Der_Chris_S> thx wolfiLove
[18:09:14] <@%$AlphaG121> np^^
[18:09:22] <@%+Swb007> Ja vor der Brust <3
[18:09:29] <%$Mustikel> Brust
[18:09:29] <%Der_Chris_S> Brust
[18:09:29] <%sw4g_c4pri_sun> Brust
[18:09:35] <@%$AlphaG121> Brust
[18:09:39] <%t1t4nw0lf> Brüste Keepo
[18:09:44] <%+lionn20> vor der Brust
[18:11:15] <@+Mod4YouBOT>* BloodTrail Spaß am Zocken? => Spiele bis zu 70% günstiger bekommst du bei InstantGaming: https://www.instant-gaming.com/de/?igr=suppendulli
[18:11:15] <@+Mod4YouBOT>* Ihr wollt Wolfi kostenlos unterstützen? BloodTrail Dann nutzt doch Loots! Den Link dazu gibt es hier: https://loots.com/en/tip-jars/wolfi_wr
[18:11:20] Viewerstats (17:43-18:11): avg:88 min:77 max:100 [15/97+3-14+4-7-6+8-4+5+9+0-9+6-5+5]
[18:11:49] UNMOD: Swb007
[18:12:53] MOD: Swb007
[18:13:49] <%Der_Chris_S> wie kann man an einem PC so gut zeichnen? :O
[18:14:05] <MrPerfectRed> Der_Chris_S grafiktablet ?
[18:14:12] <MrPerfectRed> ;)
[18:14:42] <MrPerfectRed> Der_Chris_S schaue einfach mal nach Wacom im internet
[18:14:45] <kloamcompass> Red cbyHey
[18:14:49] <+Gentek_R6> o/
[18:15:01] <%Der_Chris_S> ja gut... trotzdem extrem gut
[18:15:06] <MrPerfectRed> kloamcompass snowryHi
[18:15:08] <@%+Swb007> Hi Gentek_R6
[18:15:18] <+Gentek_R6> Redsnow bailed me :(
[18:15:30] <+HerrRedsnow> Gentek i batied you in the stream
[18:15:41] <@%+Swb007> feels bad LUL
[18:15:43] <+Gentek_R6> bailed*
[18:15:50] <+HerrRedsnow> stfu gentek
[18:15:55] <+HerrRedsnow> you just boosted
[18:16:11] <FyNeX26> Wann geht das nächste game?
[18:16:11] <clonerex501> BEEF
[18:16:13] <+Gentek_R6> Wolfi please take redsnow he is bullying me -.-'
[18:16:18] <+HerrRedsnow> :D
[18:16:25] <%+jenejensen> Wie war das erste Game
[18:16:39] <+HerrRedsnow> i just told gentek that i want to play against you cuz of mechanix
[18:16:42] <+HerrRedsnow> but he wont let me
[18:16:51] <@%+Swb007> Gentek_R6 he never would do something like that LUL
[18:17:24] <+Gentek_R6> But then we end up losin, sorry redsnow ur only good enough for the Dropshot academy team
[18:17:38] <+HerrRedsnow> thats mean
[18:17:42] <@%+Swb007> LUL XD
[18:17:48] <+Gentek_R6> Like read the Dropshot eSports description and you will see ur not good enough
[18:17:52] <dasparkhaus> In welchem Team speilst du?
[18:18:04] <dasparkhaus> spielst*
[18:18:28] <@%+Swb007> That shots Gentek_R6 shure that u dont mean urself XD
[18:18:29] <+HerrRedsnow> Gentek is toxic
[18:18:38] <+HerrRedsnow> ban him
[18:18:41] <+Gentek_R6> :O
[18:18:53] <@%+Swb007> Gentek_R6 <3
[18:18:54] <+HerrRedsnow> Gentek remember my words
[18:19:02] <%+lionn20> der love sind jetzt schon gut aus @Wolfi_WR
[18:19:07] <@%+Swb007> HerrRedsnow wich words ? ;)
[18:19:52] <+HerrRedsnow> @Swb007 not friendly for the stream these words LUL
[18:20:00] <@%+Swb007> ok XD
[18:20:55] <dercooleKevin111> hallo
[18:21:03] [Notification] MrPerfectRed gifted a $4.99 sub to CatBerry!
[18:21:11] <%ibaturtle> wolfiHype wolfiHype wolfiHype wolfiHype wolfiHype wolfiHype
[18:21:14] <@%+Swb007> wolfiHype wolfiHype wolfiHype wolfiHype wolfiHype wolfiHype wolfiHype wolfiHype wolfiHype wolfiHype wolfiHype wolfiHype wolfiHype wolfiHype wolfiHype wolfiHype wolfiHype wolfiHype wolfiHype wolfiHype wolfiHype wolfiHype wolfiHype
[18:21:15] <@%$AlphaG121> Hey dercooleKevin111 ;)
[18:21:18] <+HerrRedsnow> GentekHYPE
[18:21:20] <MrPerfectRed> Ups
[18:21:23] <@%$AlphaG121> wolfiHype wolfiHype wolfiHype wolfiHype wolfiHype wolfiHype wolfiHype wolfiHype wolfiHype wolfiHype wolfiHype wolfiHype wolfiHype wolfiHype wolfiHype wolfiHype wolfiHype wolfiHype wolfiHype wolfiHype wolfiHype wolfiHype wolfiHype wolfiHype wolfiHype wolfiHype wolfiHype wolfiHype wolfiHype
[18:21:29] <MrPerfectRed> LUL
[18:21:35] <@%+Swb007> wolfiHype wolfiHype wolfiHype wolfiHype wolfiHype wolfiHype wolfiHype wolfiHype wolfiHype wolfiHype wolfiHype wolfiHype wolfiHype wolfiHype wolfiHype wolfiHype wolfiHype wolfiHype wolfiHype wolfiHype wolfiHype wolfiHype wolfiHype
[18:21:36] <@%+Swb007> wolfiHype wolfiHype wolfiHype wolfiHype wolfiHype wolfiHype wolfiHype wolfiHype wolfiHype wolfiHype wolfiHype wolfiHype wolfiHype wolfiHype wolfiHype wolfiHype wolfiHype wolfiHype wolfiHype wolfiHype wolfiHype wolfiHype wolfiHype
[18:21:39] <@%$AlphaG121> wolfiHype wolfiHype wolfiHype wolfiHype wolfiHype wolfiHype wolfiHype wolfiHype wolfiHype wolfiHype wolfiHype wolfiHype wolfiHype wolfiHype wolfiHype wolfiHype wolfiHype wolfiHype wolfiHype wolfiHype wolfiHype wolfiHype wolfiHype wolfiHype wolfiHype
[18:21:42] <dercooleKevin111> ey
[18:21:50] <dercooleKevin111> spamt nicht so
[18:21:53] <%Der_Chris_S> wolfiHype wolfiHype wolfiHype wolfiHype wolfiHype wolfiHype wolfiHype wolfiHype wolfiHype wolfiHype wolfiHype wolfiHype wolfiHype wolfiHype wolfiHype wolfiHype wolfiHype wolfiHype wolfiHype wolfiHype wolfiHype wolfiHype wolfiHype wolfiHype wolfiHype wolfiHype wolfiHype
[18:21:57] <MrPerfectRed> ich wurde gebaitet von Berry
[18:22:13] <@%$AlphaG121> bei Subs und Donations ist das durchaus erlaubt, dercooleKevin111 ;)
[18:22:28] <dercooleKevin111> @alphag121 ok
[18:23:04] <MrPerfectRed> sie kann es nicht kapieren LUL
[18:23:17] <dercooleKevin111> ich hasse dich@mrperfectred
[18:23:31] <MrPerfectRed> dercooleKevin111 snowryCry
[18:23:40] <dercooleKevin111> spamer
[18:23:43] <@%$AlphaG121> bitte nicht so unhöfflich, dercooleKevin111 ;)
[18:23:53] <MrPerfectRed> nie mein lieber nie
[18:24:05] <dercooleKevin111> halt die klappe @alphag121
[18:24:12] <MrPerfectRed> jetzt habe ich hunger Kappa
[18:24:19] BAN: dercooleKevin111 (1s)
[18:24:29] <dercooleKevin111> ey
[18:24:34] <dercooleKevin111> wer war das
[18:24:35] <@%$AlphaG121> achte mal auf deine Wortwahl, sonst bist du für 10 Minuten weg, dercooleKevin111 ;)
[18:24:56] <dercooleKevin111> he ich geh doch garnicht weg
[18:25:05] BAN: dercooleKevin111 (600s)
[18:25:25] <@%+Swb007> dercooleKevin111 siehst du jetzt bist du für 10min. weg ;)
[18:25:50] <%+jenejensen> Bis später Kevin wolfiWoW
[18:25:53] <%mysticwoman2> Macht wohl der Name...kevin halt😜😜
[18:25:55] <+HerrRedsnow> Gewinnt das match mal.. und dann mal daumen drücken dass wir gegeneinader spielen LUL
[18:26:06] <@%+Swb007> Moin jens und mysitc ^^
[18:26:10] <%ibaturtle> Jetzt fühlt ihr Mods euch heftig oder ?? Kappa
[18:26:20] <%mysticwoman2> Hallo Swb😊
[18:26:22] <@%$AlphaG121> absolut ibaturtle :D
[18:26:24] <@%+Swb007> ibaturtle :D wolfiWoW
[18:26:59] <+HerrRedsnow> Doch für das Match werd ich mitspielen LUL @Wolfi_WR die anderen hab ich keine lust :D
[18:27:16] <@%+Swb007> Ich freu mich so auf das essn emote <3
[18:27:20] <@%+Swb007> essen*
[18:27:38] <+HerrRedsnow> sowas lass ich mir nicht entgehen ;)
[18:28:10] <kevinsrueckkehr> hey
[18:28:29] <@%$AlphaG121> Heyho kevinsrueckkehr ^^
[18:28:32] <NF717> Hi
[18:28:36] <MrPerfectRed> 🤔
[18:28:45] <kevinsrueckkehr> @alphag121 hals maul Kappa Kappa Kappa Kappa
[18:28:46] <@%+Swb007> hi NF717 und kevinsrueckkehr
[18:28:52] BAN: kevinsrueckkehr
[18:28:57] <MrPerfectRed> ich habe es gewusst LUL
[18:29:14] <@%+Swb007> kevinsrueckkehr die kappas helfen dir auch nicht -.-
[18:29:16] <kloamcompass> Wars der Selbe Red cbyWhy
[18:29:38] <MrPerfectRed> ja
[18:29:45] <MrPerfectRed> er hat mich angeschrieben LUL
[18:30:01] <NF717> Wie lange hast du noch vor R6 zu streamen? Und kommt zander auch noch mal R6?
[18:30:08] <MrPerfectRed> LUL
[18:30:13] <@%+Swb007> wolfiWoW Wolfi
[18:30:15] <@%$AlphaG121> DansGame DansGame DansGame
[18:30:18] <%+jenejensen> Der Kevin ist will ein Alpha Kevin
[18:30:35] <@%+Swb007> NF717 er hat schon mit Zander gezockt
[18:30:47] <NF717> Heute
[18:31:24] <MrPerfectRed> klooo snowryHi
[18:31:30] <noway4zubi> Wann ist der cup?
[18:31:39] <kloamcompass> Red cbyHfgl
[18:31:47] <MrPerfectRed> cbyHfgl
[18:31:51] <@%$AlphaG121> der läuft gerade schon, noway4zubi ;)
[18:31:56] <@%+Swb007> 1eslcup
[18:32:00] <@%+Swb007> !eslcup
[18:32:04] <noway4zubi> ohh xd
[18:32:17] <@%+Swb007>* Hier alle Informationen zum laufenden ESL-Cup: https://m4u.link/wolficup
[18:33:04] <%t1t4nw0lf> bot down? swb
[18:33:15] <@%+Swb007> ja i-wie komisch
[18:33:59] <@%$AlphaG121> -.-
[18:34:03] <%ibaturtle> Wolfi du ziehst Kevins an LuL
[18:34:03] <@%+Swb007> :D
[18:34:11] <@%$AlphaG121> FeelsBadMan
[18:34:18] <MrPerfectRed> AlphaG121 nicht weinen snowryHi *hug*
[18:34:19] <%mysticwoman2> du bist häufiger sch... Wolfi😎
[18:34:35] <@%+Swb007> *lachflash*
[18:34:38] <@%$AlphaG121> thx a lot MrPerfectRed :O :D
[18:35:25] <%+jenejensen> Der Baby Wolf ist häufiger scheiße
[18:36:03] <%luktv1> und wolfi sind schon die rocccat sachen ein geflogen
[18:36:59] <+HerrRedsnow> welche ränge haben die gegner?
[18:37:07] <%luktv1> hab doch vorher schon hei geschrieben kappa
[18:38:04] <@%+Swb007> wolfiPotato
[18:38:16] <+HerrRedsnow> "Fountain"
[18:38:20] <%luktv1> wolfiPotato wolfiPotato
[18:39:33] <%mysticwoman2> Du stirbst sofort...save call😜😎
[18:39:51] <@%+Swb007> ich sag wolfi stirbt innerhalb der 1. min.
[18:39:57] <%mysticwoman2> och
[18:39:59] <%t1t4nw0lf> jup
[18:40:03] <%mysticwoman2> jo
[18:41:15] <@+Mod4YouBOT>* Für natürliche Power und Focus vertraut Wolfi auf eNgage BloodTrail Probiere es selber aus und erhalte 15% nachlass mit dem Code: " Wolfi " https://m4u.link/wolfifocus BloodTrail
[18:41:15] <@+Mod4YouBOT>* Ihr wollt Wolfi kostenlos unterstützen? BloodTrail Dann nutzt doch Loots! Den Link dazu gibt es hier: https://loots.com/en/tip-jars/wolfi_wr
[18:41:20] Viewerstats (18:13-18:41): avg:87 min:79 max:99 [15/90-5-1+0+7+0-6+0-6+5-1+7+3+1+5]
[18:41:28] UNMOD: Elli_is_me
[18:42:17] <%+majawin> XD
[18:42:21] <%t1t4nw0lf> wolfiPotato wolfiPotato wolfiPotato wolfiPotato wolfiRIP
[18:42:32] <@%$AlphaG121> verabschiede mich erstmal, bis später :)
[18:42:37] You have left #wolfi_wr
# Log closed: 2018-01-06 18:42:37 +0100
-
