# Log started: 2018-05-26 16:11:56 +0200
[16:11:56] ~Chillo Millo Fortnite  - sa 24h Stream! pushr.me (Fortnite)~
[16:11:56] Trete #zanderlp bei..
[16:11:56] #zanderlp beigetreten
[16:11:59] <lordklehr1> Er braucht die 1000
[16:11:59] <linglingdrrndod> WhatsApp bot läst Grüßen
[16:11:59] Viewerstats (16:11-16:11): avg:254 min:254 max:254 [1/254]
# Log closed: 2018-05-26 16:11:59 +0200
-
# Log started: 2018-05-26 16:14:53 +0200
[16:14:53] Trete #zanderlp bei..
[16:14:53] ~24 h Live! Fortnite, The Forest, PayDay 2, Arma 3 u.v.m. :D Lets Go!!! - Sponsored by Runtime.GG (Fortnite)~
[16:14:53] #zanderlp beigetreten
[16:14:54] <xx_codbeast_xx55> !game
[16:14:56] Viewerstats (16:14-16:14): avg:284 min:284 max:284 [2/284+0]
# Log closed: 2018-05-26 16:14:56 +0200
-
# Log started: 2018-05-26 16:23:27 +0200
[16:23:27] ~24 h Live! Fortnite, The Forest, PayDay 2, Arma 3 u.v.m. :D Lets Go!!! - Sponsored by Runtime.GG (Fortnite)~
[16:23:27] Trete #zanderlp bei..
[16:23:27] #zanderlp beigetreten
[16:23:34] <@%+TerrarionChris> ja er zockt grade solo @tim_rathgeb
[16:24:00] <gamergirly09> moin moin zander - guckst du heute fußball CL? Wenn Ja für wen bist du denn? LG dein Gamergirl 😝
[16:24:06] <brahstayfluffy> ez
[16:24:16] <tim_rathgeb> @TerrarionChris war ironisch gemeint :)
[16:24:16] <+grabhenryooo> Zander kannst du nach der runde mal dien Spind zeigen also skinsA?
[16:24:16] <brahstayfluffy> xd
[16:24:20] <@%+Aval0nTV> @gamergirly09 das wird bei nem 24 stunden stream schwierig ^^
[16:24:20] <@%MrDuckSpace> Ich bin jetzt schon müde Kappa
[16:24:20] <@%+TerrarionChris> @gamergirly09 da er 24h Stream schaut er wohl nicht CL xD
[16:24:22] Viewerstats (16:23-16:23): avg:316 min:316 max:316 [1/316]
# Log closed: 2018-05-26 16:24:22 +0200
-
# Log started: 2018-05-26 18:47:21 +0200
[18:47:21] ~24 h Live! Fortnite, The Forest, PayDay 2, Arma 3 u.v.m. :D Lets Go!!! - Sponsored by Runtime.GG (Fortnite)~
[18:47:21] Trete #zanderlp bei..
[18:47:22] #zanderlp beigetreten
[18:47:22] MOD: Kaetzchn, Dargozino, Derjonmelsungen, Mrduckspace, Earthman2012, Zanderlp, Terrarionchris, Mod4youbot, Aval0ntv, Newcrafterhd
[18:47:22] MOD: recklessGreed, Moobot
[18:47:26] <linglingdrrndod> zanders neuer beruf Holzfäller
[18:47:33] <@%MrDuckSpace> gehört mrbike0 ?
[18:47:34] MOD: Sunniglp
[18:47:45] <mrbike0> Ja B) :)
[18:47:53] <mrbike0> danke!!!!!!
[18:48:06] <jamasiii> @zanderlp zockt mal alle 4 den pumpgun modus wer cool
[18:48:07] Not in a channel
[18:48:07]  - !timer list
[18:48:12] <@%+Aval0nTV>* Das Gewinnspiel ist jetzt beendet!! Der Gewinner wird in ein paar Minuten per Whatsapp kontaktiert!!
[18:48:13] <@%+Aval0nTV>* Das Gewinnspiel ist jetzt beendet!! Der Gewinner wird in ein paar Minuten per Whatsapp kontaktiert!!
[18:48:23] <mrbike0> Danke @mrduckspace und @zanderlp
[18:48:29] <jamasiii> @aval0ntv Oki ^^
[18:48:31] <@%MrDuckSpace> mrbike0 immer gerne ;)
[18:48:45] <linglingdrrndod> lieber gott bitte lass mich gewinnen
[18:49:15] <jamasiii> Wüache jeden viel Glück beim Gewinnspiel
[18:49:50] <%+angel_6_9_6> direkt 100 nachrichten "ich habe noch nie was gewonnen" XD
[18:49:51] <@%+Aval0nTV> !whatsapp
[18:49:52] <@%+Mod4YouBOT>* Ihr wollt auf dem neusten Stand bleiben? Dann holt euch den Newsletter auf euer WhatsApp! Weitere Infos dazu findet ihr hier: https://pushr.me/ zanderHype |-| Hier gibt es auch eine Video-Erklärung: https://m4u.link/zander/BotClip . Sollte der Bot bei euch nicht antworten, löscht einfach die Nummer, erstellt den Kontakt neu und schreibt ihn erneut mit !start an! zanderLachen
[18:49:53] <%Russpelz_> wunsche euch alle viel glück beim gewinnspiel
[18:50:37] Viewerstats (18:47-18:49): avg:349 min:333 max:357 [3/357+0-24]
# Log closed: 2018-05-26 18:50:37 +0200
-
# Log started: 2018-05-26 18:57:29 +0200
[18:57:29] ~24 h Live! Fortnite, The Forest, PayDay 2, Arma 3 u.v.m. :D Lets Go!!! - Sponsored by Runtime.GG (Fortnite)~
[18:57:29] Trete #zanderlp bei..
[18:57:30] #zanderlp beigetreten
[18:57:30] <%Russpelz_> wer hatt gewonnen ?
[18:57:32] <linglingdrrndod> herzlichen Glückwunsch an den gewinner @gewinner
[18:57:33] <%+angel_6_9_6> realy der @dner00 na dann GG
[18:57:35] <@%$recklessGreed> !timer list
[18:57:39] <@%MrDuckSpace> Russpelz_ kommt sofort ;) sek
[18:57:54] <Rnertv> !uptime
[18:57:56] <@%+Mod4YouBOT> Zander ist online seit 2 Stunden 57 Minuten.
[18:58:03] <%dner00> omg ich hab gewonnen
[18:58:05] <%+L_TV> !coins
[18:58:06] <@%+Mod4YouBOT> l_tv: 1140 Coins
[18:58:17] <%dner00> entlich mal glück gehabt
[18:58:38] <%+angel_6_9_6> @L_TV mal den namen geändert XD
[18:59:04] <%Russpelz_> @mrduckspace oky
[18:59:19] MOD: MrDuckSpace, Kaetzchn, recklessGreed, Sunniglp, Aval0ntv, Mod4YouBOT, Newcrafterhd, Zanderlp, Dargozino, Moobot
[18:59:19] MOD: Derjonmelsungen, Earthman2012, Terrarionchris
[18:59:37] <%+L_TV> ja xDD @angel_6_9_6
[19:00:00] <+mitternachtsbier> !uptime
[19:00:00] <@%+Mod4YouBOT> Zander ist online seit 2 Stunden 59 Minuten.
[19:00:07] <%+angel_6_9_6> @L_TV dann gehört das i_tv der vergangenheit an
[19:00:08] <%+L_TV> @EkoMagic Wie viele Minuten hast du eig bei zander schon zugeschaut?? :D
[19:00:12] <@%$Earthman2012> @ZanderLP Name habe ich dir geschrieben :D
[19:00:13] <%Dausk02> Wurde schon ausgelost
[19:00:29] <%+nessy2go> @earthman2012 habe ich wieder nen Job?
[19:00:29] <%dner00> @dausk02 ja
[19:00:29] <%+EkoMagic> L_TV moment ich schaue
[19:00:30] <@%MrDuckSpace> Dausk02 jap ;) gewinner wird gleich bekannt gegeben ;)
[19:00:31] <%+L_TV> ouhh ja xD @angel_6_9_6
[19:00:34] <%+nessy2go> LUL
[19:00:40] <%+nessy2go> Hey Chat zanderFlosse zanderHi
[19:00:46] <@%$Earthman2012> @nessy2go Digitaler Gewinn :D
[19:00:51] <@%MrDuckSpace> nessy2go naa du zanderFlosse und ja schlag ihn Kappa
[19:00:51] <@%+Aval0nTV> huhu liebe nessy2go :) <3
[19:00:54] <%+angel_6_9_6> Hey @nessy2go
[19:01:02] <%+nessy2go> @earthman2012 ok sehr gut 👌
[19:01:05] <%Russpelz_> @nessy2go hy nessy alles fit ?
[19:01:06] UNMOD: MrDuckSpace
[19:01:08] <%dner00> @mrduckspace ich hab Benachrichtigung und cod bekommen würde schon ausgeöst
[19:01:09] <@%MrDuckSpace> zanderGeGe
[19:01:16] <@%+Aval0nTV> zanderGeGe zanderGeGe zanderGeGe zanderGeGe
[19:01:16] <@%$Earthman2012> Auslosung beendet ja - aber keine Sorge, es gibt noch genug zu gewinnen ;) Einfach den WhatsApp Bot abonnieren ;)
[19:01:17] <%+AtommoehrenTV> Hey @nessy2go :P
[19:01:19] <%+nessy2go> Hey na ihr ? Alles gut bei euch ? zanderLove
[19:01:21] <%sohaila1> zanderGeGe zanderGeGe
[19:01:22] <@%$Earthman2012> @ZanderLP Name ausgelost
[19:01:22] <@%Jeff> EY GUCK MAL HANDY 09
[19:01:23] <%+EkoMagic> Aval0nTV kann ich den Link zur Coin seite mal haben :D
[19:01:25] <%+angel_6_9_6> Jawohl alter ...??? GG
[19:01:29] <@%+Mod4YouBOT>* zanderLachen Spaß am Zocken? => Spiele bis zu 70% günstiger bekommst du bei InstantGaming: http://www.instant-gaming.com/de/?igr=Zander |-| *PP*
[19:01:31] <@%+Aval0nTV> !coininfo
[19:01:31] <+SarahRosa> schau mal in den chat @ZanderLP von Jeff
[19:01:32] <@%+Mod4YouBOT>* Die Coins-Seite ist wieder verfügbar. Watchtime & Coins werden hier angezeigt https://www.mod4you.de/coins/zanderlp (Alle 10 Minuten bekommt ihr 1 coin) zanderPsycho
[19:01:36] <@%MrDuckSpace> dner00 i know ;) aber will noch warten bis zander es verbreitet :D
[19:01:39] <%$SythexHD> moin zanderLachen
[19:01:43] <%$Eichis2012> zanderGeGe zanderGeGe zanderGeGe zanderGeGe zanderGeGe zanderGeGe zanderGeGe zanderGeGe zanderGeGe zanderGeGe zanderGeGe zanderGeGe zanderGeGe zanderGeGe
[19:01:44] <%+EkoMagic> danke!
[19:01:44] <@%+Aval0nTV>* Der Gewinner des 20€ Amazon Gutscheins ist - dner00 !! Herzlichen Glückwunsch!!
[19:01:45] <@%+Aval0nTV>* Der Gewinner des 20€ Amazon Gutscheins ist - dner00 !! Herzlichen Glückwunsch!!
[19:01:46] <@%+Aval0nTV>* Der Gewinner des 20€ Amazon Gutscheins ist - dner00 !! Herzlichen Glückwunsch!!
[19:01:53] <@%MrDuckSpace> Herzlichen Glückwunsch ;)
[19:01:53] <@%$Earthman2012> !hype
[19:01:53] <TaurosHD> gg
[19:01:54] <@%+Mod4YouBOT> zanderHype zanderLove zanderHype zanderLove zanderHype zanderLove zanderHype zanderLove zanderHype zanderLove zanderHype zanderLove zanderHype zanderLove zanderHype zanderLove zanderHype zanderLove zanderHype zanderLove zanderHype zanderLove zanderHype zanderLove zanderHype zanderLove
[19:01:54] <%$Medddaaa> hgw
[19:01:55] <%$PSNTigeryt> FortOne FortOne FortOne FortOne FortOne
[19:01:56] <@%MrDuckSpace> !hype
[19:01:57] <@%+Mod4YouBOT> zanderHype zanderLove zanderHype zanderLove zanderHype zanderLove zanderHype zanderLove zanderHype zanderLove zanderHype zanderLove zanderHype zanderLove zanderHype zanderLove zanderHype zanderLove zanderHype zanderLove zanderHype zanderLove zanderHype zanderLove zanderHype zanderLove
[19:01:57] <%sohaila1> zanderGeGe zanderGeGe zanderHype zanderHype
[19:01:59] <@%+Aval0nTV> !hype
[19:01:59] <+ihvuuvu> gg
[19:01:59] <jamasiii> attack6Love attack6Love attack6Love attack6Love attack6Love attack6Love attack6Love
[19:01:59] <@%+Mod4YouBOT> zanderHype zanderLove zanderHype zanderLove zanderHype zanderLove zanderHype zanderLove zanderHype zanderLove zanderHype zanderLove zanderHype zanderLove zanderHype zanderLove zanderHype zanderLove zanderHype zanderLove zanderHype zanderLove zanderHype zanderLove zanderHype zanderLove
[19:02:00] <erickokus> hgw
[19:02:02] <%sohaila1> zanderLove zanderHype zanderLove zanderHype zanderLove zanderHype zanderLove zanderHype zanderLove zanderHype zanderLove zanderHype zanderLove zanderHype zanderLove zanderHype zanderLove zanderHype zanderLove zanderHype zanderLove zanderHype zanderLove zanderHype zanderLove zanderHype zanderLove zanderHype zanderLove zanderHype
[19:02:04] <%$Eichis2012> zanderGeGe zanderGeGe zanderGeGe zanderGeGe zanderGeGe zanderGeGe zanderGeGe zanderLove zanderLove zanderLove zanderLove zanderLove zanderLove zanderLove zanderLove zanderHype zanderHype zanderHype zanderHype zanderHype zanderGeGe zanderGeGe zanderHype zanderGeGe
[19:02:05] <%$SythexHD> zanderGeGe zanderGeGe zanderHype zanderGeGe zanderHype zanderGeGe zanderHype zanderGeGe zanderHype zanderGeGe zanderHype
[19:02:06] <Kocabandre> gg
[19:02:06] <%mrfreackso> zanderGeGe zanderGeGe zanderGeGe
[19:02:07] <$itsg52> !hype
[19:02:08] <@%+Mod4YouBOT> zanderHype zanderLove zanderHype zanderLove zanderHype zanderLove zanderHype zanderLove zanderHype zanderLove zanderHype zanderLove zanderHype zanderLove zanderHype zanderLove zanderHype zanderLove zanderHype zanderLove zanderHype zanderLove zanderHype zanderLove zanderHype zanderLove
[19:02:11] <%+nessy2go> !hype
[19:02:12] <@%+Mod4YouBOT> zanderHype zanderLove zanderHype zanderLove zanderHype zanderLove zanderHype zanderLove zanderHype zanderLove zanderHype zanderLove zanderHype zanderLove zanderHype zanderLove zanderHype zanderLove zanderHype zanderLove zanderHype zanderLove zanderHype zanderLove zanderHype zanderLove
[19:02:13] <%+EkoMagic> 133387 Minuten! L_TV
[19:02:13] <+tomst> GG
[19:02:14] <skil21go> s
[19:02:15] <%dner00> entlich mal glück gemacht
[19:02:16] <%+angel_6_9_6> @dner00 wie gesagt herzlichen glückwunsch
[19:02:18] <skil21go> gg
[19:02:19] <Betzy1> gg
[19:02:20] <Freaz0n> gg
[19:02:21] <%+L_TV> pff ja moin @EkoMagic
[19:02:24] <ibrahimsaad90> gg
[19:02:33] <%+L_TV> Junge junge @EkoMagic
[19:02:34] <%+EkoMagic> L_TV übel heftig
[19:02:35] <%stormtrooper_007> Ihr spielt heute noch the foredt
[19:02:35] <%+AtommoehrenTV> GG und Viel Spaß damit @dner00 ! So bitte bitte @ZanderLP ich bin mal Essen kochen <3 Bis später
[19:02:39] <%+L_TV> xDDD
[19:02:45] <%+L_TV> alter
[19:02:47] <%+angel_6_9_6> @EkoMagic gg
[19:02:50] <%Russpelz_> herzlichen glückwunsch @dner00
[19:02:52] <+ihvuuvu> omg geil hype endlich the forest
[19:03:07] <luca_lvt> @ZanderLP ich wollte dir einfach mal danken denn ich und mein team haben uns gestern bei rainbow für die sls qualifiziert und ich habe rainbow nur wegen dir angefangen :D
[19:03:10] <%mrfreackso> !coins
[19:03:13] <%+L_TV> diggah ich habe grade mal 14429 xDD
[19:03:16] <%+EkoMagic> Das sind über 2 tausend 200 stunden...
[19:03:16] <@%$Earthman2012> !coins
[19:03:21] <@%+Mod4YouBOT> mrfreackso: 1042 Coins | earthman2012: 1843 Coins
[19:03:21] <@%MrDuckSpace> luca_lvt GW ;)
[19:03:27] <%$SythexHD> !coins
[19:03:32] [Notification] lutschero03 just subscribed with Twitch Prime. lutschero03 subscribed for 4 months in a row! [Hi Zander and Crew immer wieder gerne auf dem Chanel wünsch euch noch frohes zocken und spec. grüße an Wolfi hammer mate ist immer wieder im beastmode ;)]
[19:03:32] <gsgamer05> !coins
[19:03:33] <@%$recklessGreed> !coins
[19:03:34] <%+EkoMagic> Wenn ich mich net verrechnet habe
[19:03:36] <@%+Mod4YouBOT> sythexhd: 1060 Coins | gsgamer05: 1 Coins | recklessgreed: 3915 Coins
[19:03:36] <@%+Aval0nTV> !hype
[19:03:37] <@%+Mod4YouBOT> zanderHype zanderLove zanderHype zanderLove zanderHype zanderLove zanderHype zanderLove zanderHype zanderLove zanderHype zanderLove zanderHype zanderLove zanderHype zanderLove zanderHype zanderLove zanderHype zanderLove zanderHype zanderLove zanderHype zanderLove zanderHype zanderLove
[19:03:38] <%+AtommoehrenTV> !coins
[19:03:39] <%+iche123> ich hab knapp 40 k
[19:03:42] <LordFrissMich> !conis
[19:03:43] <%mrfreackso> !coininfo
[19:03:43] <@%+Mod4YouBOT>* Die Coins-Seite ist wieder verfügbar. Watchtime & Coins werden hier angezeigt https://www.mod4you.de/coins/zanderlp (Alle 10 Minuten bekommt ihr 1 coin) zanderPsycho
[19:03:44] <%+EkoMagic> !coins
[19:03:51] <@%+Mod4YouBOT> atommoehrentv: 193 Coins | ekomagic: 14383 Coins
[19:03:54] <$itsg52> Hype hype endlich wieder 24 Stunden meines Lebens durch dich verschwendet Danke LUL <3 <3 <3 <3
[19:03:57] <+ihvuuvu> triggered
[19:04:00] <%+nessy2go> !coins
[19:04:03] <LordFrissMich> !coins
[19:04:05] <%$Anni__96> zanderHype zanderLove zanderHype zanderLove zanderHype zanderLove zanderHype zanderLove zanderHype zanderLove zanderHype zanderLove zanderHype zanderLove zanderHype zanderLove zanderHype zanderLove zanderHype zanderLove zanderHype zanderLove zanderHype zanderLove zanderHype zanderLove zanderHype zanderLove
[19:04:06] <@%+Mod4YouBOT> nessy2go: 2725 Coins | lordfrissmich: 64 Coins
[19:04:13] <%$lukakakakas> !coins
[19:04:14] <luca_lvt> @MrDuckSpace danke <3
[19:04:14] <%stormtrooper_007> !coins
[19:04:17] <%Dausk02> !coins
[19:04:21] <@%+Mod4YouBOT> lukakakakas: 5604 Coins | stormtrooper_007: 164 Coins | dausk02: 548 Coins
[19:04:21] <%blackforrest99> !coins
[19:04:21] <%+L_TV> Ich habe grade mal 14430 Min xDDD
[19:04:23] <%+angel_6_9_6> 65k
[19:04:25] <%+AtommoehrenTV> So machts gut bis später @ZanderLP
[19:04:26] <%Sgt__Lennox> !coininfo
[19:04:27] <@%+Mod4YouBOT>* Die Coins-Seite ist wieder verfügbar. Watchtime & Coins werden hier angezeigt https://www.mod4you.de/coins/zanderlp (Alle 10 Minuten bekommt ihr 1 coin) zanderPsycho
[19:04:28] <sabbe11> !coins
[19:04:30] <%+EkoMagic> Mehr als ich spielstunden in CS:GO habe xD
[19:04:36] MOD: MrDuckSpace
[19:04:36] <@%+Mod4YouBOT> blackforrest99: 2271 Coins | sabbe11: 779 Coins
[19:04:36] <$itsg52> !coins
[19:04:36] <luca_lvt> !coins
[19:04:39] <%+nessy2go> @atommoehrentv bis später :)
[19:04:45] Viewerstats (18:57-19:03): avg:342 min:338 max:353 [4/338+1+1+13]
# Log closed: 2018-05-26 19:04:45 +0200
-
# Log started: 2018-05-26 22:51:34 +0200
[22:51:34] ~24 h Live!  The Forest, PayDay 2, Arma 3 u.v.m. :D Lets Go!!! - Sponsored by Runtime.GG (The Forest)~
[22:51:34] Trete #zanderlp bei..
[22:51:34] #zanderlp beigetreten
[22:51:38] <%DonRaBauke44> Wollt ihr das spiel ldurchzocken
[22:51:42] <lukas_planet> dafür gibt es ein teller @zanderlp
[22:51:42] <Dudelnator> mit dem tablet zusammencraften und dan kannst du das tablet nehmen und ihm geben
[22:51:44] <Xplosiv36> @Aval0nTV Bester
[22:51:49] <%+buttman2811> Mit der Steinschleuder ist es echt angenehm Hasen zu jagen ^^
[22:51:52] <brahstayfluffy> @aval0ntv weißt du schon wann das nächste kommt?
[22:52:03] <%+trilican32> Zander du musst die Schale oben mit dem Item was du geben möchtest zusammencraften und dann in die Hand nehmen
[22:52:17] <MusicOffbeatTV> Haus flipper bin ich jtz 7h am Zocken
[22:52:21] <MusicOffbeatTV> Bockt übel!
[22:52:26] <collossus1234> "einkaufsregal"
[22:52:34] <@%+Aval0nTV> @brahstayfluffy nein. und geier mal nicht so ;)
[22:52:42] <+iTz_Nudelsuppe> @ZanderLP Wenn du Jeff Sachen geben willst, kannst du das in diese Schale packen, dann kann er das rausnehmen
[22:53:02] <IIIPinguinIII> medizin mit dem tablett zusammencraften
[22:53:03] <brahstayfluffy> @aval0ntv ok. haha sorry xD
[22:53:23] <collossus1234> Squid1 Squid2 Squid3 Squid3
[22:53:23] BAN: collossus1234 (1s) [Automated by Moobot.]
[22:53:23] MOD_ACTION: moobot (timeout collossus1234 1 Automated by Moobot.)
[22:53:31] <%$Kristallopyr> sie haben Post! Der Briefträger möchte ein Stückchen ihres linken Armes! :d
[22:53:36] <%ImFr0z3nYT> Wenn ihr eine Bank baut regenerierst du Ausdauer
[22:53:39] <%+L_TV> ey ich zieh hier gleich mein T-shirt aus
[22:53:44] <%+L_TV> mir is sooo warm
[22:53:46] <collossus1234> Squid1 Squid2 Squid3 Squid4
[22:53:46] BAN: collossus1234 (1s) [Automated by Moobot.]
[22:53:46] MOD_ACTION: moobot (timeout collossus1234 1 Automated by Moobot.)
[22:53:50] <collossus1234> hzh
[22:53:56] <%+bios01> geile Tür
[22:53:56] <collossus1234> Squid1 Squid2 Squid3 Squid4
[22:53:56] BAN: collossus1234 (1s) [Automated by Moobot.]
[22:53:56] MOD_ACTION: moobot (timeout collossus1234 1 Automated by Moobot.)
[22:53:58] <%MiracleEnP> #ZanderderRealLeiter
[22:54:05] <janikroet> stell die hasen fallen doch überall am rand des waldes auf
[22:54:06] MOD: Derjonmelsungen, Terrarionchris, Earthman2012, recklessGreed, Mrdavuille, Sunniglp, Kaetzchn, Mod4youbot, Moobot, Mrduckspace
[22:54:06] MOD: Zanderlp, Aval0nTV, Newcrafterhd
[22:54:07] <@%+TerrarionChris> @collossus1234 Titenfische sind hier nicht gerne gesehen also lass es bitte ihn in den CHat zu spammen
[22:54:19] <collossus1234> ja ok
[22:54:20] <jamasiii> @zanderlp wie weit seit ihr ?
[22:54:25] <+iTz_Nudelsuppe> @ZanderLP Wenn du Jeff Sachen geben willst, kannst du das in diese Schale packen, dann kann er das rausnehmen
[22:54:25] <%+trilican32> Zander du musst die Schale oben mit dem Item was du geben möchtest zusammencraften und dann in die Hand nehmen
[22:54:27] <jubelytgaming> !time
[22:54:28] <@%+Mod4YouBOT> Zander ist online seit 3 Stunden 37 Minuten.
[22:54:29] <collossus1234> wußte ich nicht sorry
[22:54:33] <+benjj975> !uptime
[22:54:34] <@%+Mod4YouBOT>* Zander ist online seit 26.05 16:00 Uhr! |-| Der 24h Stream läuft bis mindestens 27.05 16Uhr zanderHype
[22:54:51] <collossus1234> bin neu hier muss erstmal bisschen was ausprobieren
[22:55:02] <%ImFr0z3nYT> mach an deiner axt stoff dran... dann kannstr es anzünden
[22:55:06] <%$Anni__96> bei mir kühlt es sich gerade zum glück ab @L_TV
[22:55:08] <@%+Aval0nTV> !regeln @collossus1234
[22:55:09] <@%+Mod4YouBOT>* earliNana Regeln earliNana Unerwünscht sind: CAPS | Links | Backseat-Gaming | Beleidigungen | Spoiler | Spam jeglicher Art (auch farbig schreiben) | Werbung | pornografische/rassistische Inhalte |-| Bitte respektiert die anderen User & die Moderatoren. SeemsGood collossus1234
[22:55:34] <spyroflayer> was ist Mayday 2
[22:55:47] <%+bios01> an die Tür mal etwas Öl
[22:56:08] <%$Kristallopyr> zanderCry zanderFail
[22:56:29] <@%+Mod4YouBOT>* Das ist der Server von GermanGameForce in Kooperation mit Zander. |-| Anmeldung: https://m4u.link/zander/arma |-| Ihr benötigt dazu sowohl das Spiel "Arma 3", als auch das kostenpflichtige DLC "Arma 3 APEX" |-| Ab sofort ist der Server gestartet!
[22:56:39] <%ImFr0z3nYT> Zander, die gegner werden immer schlauer... die merken wo ihr seid etc..
[22:56:45] <%derfenchelhd> oh oh :O
[22:56:50] <drfox321> Gude Abend @chat Guten Abend Herr Lp @zanderlp ;)
[22:56:52] <%$Anni__96> GG
[22:56:54] <@%+MrDaVuille> rip xD
[22:56:57] <@%MrDuckSpace> drfox321 aloha ;)
[22:57:00] <@%+TerrarionChris> Warum fangt ihr denn auch Streit mit den armen Ureinwohnern an xD
[22:57:01] <%MiracleEnP> Brudi mach ein RP projekt bei The Forest #Zanderderladenbesitzer <3 (kappa)
[22:57:05] <%+bios01> naja
[22:57:06] <shlong_master> LOL
[22:57:07] <eliteagentniggggsch> fuck
[22:57:07] <apfelbaum3> lol xD
[22:57:12] <+benjj975> Hallo :)
[22:57:14] <%$Kristallopyr> zanderRip zanderRip
[22:57:17] <killmacster> Gg
[22:57:19] <drfox321> Hii @mrduckspace ;)
[22:57:23] <%+real_TeufelsPanda> Ich werde umgebracht,aber egal ich sehe boobs xD
[22:57:30] <%Fabianstyle6_> oh zum Glück xDDD
[22:57:34] <janikroet> warte hol das taplet
[22:57:39] <lukas_planet> ich auch xD
[22:57:49] <%derfenchelhd> Ich dachte das wars
[22:58:01] <+BuildingDetectiv> da wurde der entstehende edeka wohl ausgeraubt Kappa
[22:58:09] <schwarzerwolf1993> eigtl sollte im Lager sogar noch eure Ausrüstung sein die ihr wieder aufnehmen könnt @zanderlp
[22:58:26] <%ImFr0z3nYT> Zander, die gegner werden immer schlauer, die merken sich sll3s etc...
[22:58:32] <Schnacher> Die Hasenfalle wird sie töten
[22:58:33] <%$Kristallopyr> im Singleplayer hat man genau 2 Chancen danach müsste man komplett neu anfangen oder Reload machenxD
[22:58:36] <%+bios01> wenigstens war aufgeräumt, als Besuch kam
[22:58:42] <EpicZephos16> Moin! Den Spielen zu urteilen kann der Stream ja nur geil werden! :D
[22:58:51] <%$Eichis2012> !coins
[22:58:59] <%+msbella_> dieses loading triggert mich xD
[22:59:06] <@%+Mod4YouBOT> eichis2012: 375 Coins
[22:59:10] <%+Sgt_Maurice> @ZanderLP du kannst ja auch deinen Bogen benutzen
[22:59:32] <%MiracleEnP> das Feuer lockt sie nur an Brudi <3
[22:59:54] <%+itstimetosaybye> Moin
[22:59:55] <%+real_TeufelsPanda> ich erwarte es schon, in drei wochen oder so gibt es ein Community projekt von The Forest xD
[22:59:55] <%MiracleEnP> ihr speichert euren prozess und items
[23:00:07] <%$Kristallopyr> xD @msbella_
[23:00:17] <KaboLIVE> du kannst die Pfeile dann wieder aufheben
[23:00:31] <Dudelnator> Du musst speichern damit du den spielstand behälst wenn du das spiel schließt.Also die ganzen items und so
[23:00:35] <%$Homie20006> hi @all zanderFlosse zanderLove
[23:00:45] <%MiracleEnP> @real_TeufelsPanda gibt es doch schon =) #Tinycrew hat nen privaten Server
[23:00:47] <%$Kristallopyr> habe ich da eben in Zanders Fischspardose 2 € klingeln hören???
[23:00:47] <%$Anni__96> Hey @Homie20006
[23:00:50] <erickokus> @homie20006 hi
[23:00:56] <xStandart_> wie lange Streamst du schon??
[23:01:05] <%+itstimetosaybye> !uptime
[23:01:05] <@%+Mod4YouBOT>* Zander ist online seit 26.05 16:00 Uhr! |-| Der 24h Stream läuft bis mindestens 27.05 16Uhr zanderHype
[23:01:06] <%ImFr0z3nYT> zander, man hört die ganze zeit die windows sounds
[23:01:15] <+Tarek86> xStandart_ !uptime
[23:01:21] <+DerTraver> Hallo meine ganz lieben viele Freunde Kappa
[23:01:29] <soistdasgut> !uptime
[23:01:30] <@%+Mod4YouBOT>* Ihr wollt auf dem neusten Stand bleiben? Dann holt euch den Newsletter auf euer WhatsApp! Weitere Infos dazu findet ihr hier: https://pushr.me/ zanderHype |-| Hier gibt es auch eine Video-Erklärung: https://m4u.link/zander/BotClip . Sollte der Bot bei euch nicht antworten, löscht einfach die Nummer, erstellt den Kontakt neu und schreibt ihn erneut mit !start an! zanderLachen
[23:01:32] <JoJoDeluxePlus> @ZanderLP hi
[23:01:43] <theking_03> Gute Nacht!
[23:01:48] <%$Anni__96> nabend @DerTraver
[23:01:53] <@%MrDuckSpace> theking_03 gute nacht ;)
[23:01:57] <rager2018> !uptime
[23:01:59] <@%+Mod4YouBOT>* Zander ist online seit 26.05 16:00 Uhr! |-| Der 24h Stream läuft bis mindestens 27.05 16Uhr zanderHype
[23:02:14] <%+BuzzyGV> Nabend zusammen
[23:02:15] <jubelytgaming> @chat und @zanderlp was Kam alles schon dran nur Forest oder
[23:02:29] <%$Kristallopyr> aber gesungen hat er nicht
[23:02:36] <%$Anni__96> @jubelytgaming ja genau
[23:02:45] <theking_03> @mrduckspace was bedeutet diese Klappe vor deinem Namen?
[23:02:46] <jubelytgaming> okaydanke
[23:02:47] <+G27comp4ny> !uptime
[23:02:48] <@%+Mod4YouBOT>* Zander ist online seit 26.05 16:00 Uhr! |-| Der 24h Stream läuft bis mindestens 27.05 16Uhr zanderHype
[23:02:48] <%$Homie20006> @Kristallopyr würd ich den Tip zurückverlangen LUL
[23:02:49] <%+buttman2811> Am Ende von The Forest schläft ein riesen Meteorit ein aus dem Tilted Towers kommt
[23:02:58] <N1k1lp> hey schon den neuen fortnite modus gespiel? @ZanderLP
[23:02:59] <@%$recklessGreed> Oh gott da ist ein Homie20006 o.O
[23:03:10] <klvertran> Moinsen
[23:03:14] <%hobs111> Ich bin wieder daaaha hallp Stream Hallo Zander Hallo Chat zanderLachen
[23:03:17] <@%MrDuckSpace> theking_03 das bedeutet, dass im letzten Monat meine Clips von zanders stream mehr als 50 Aufrufe hatten
[23:03:20] <%$Homie20006> jup Daniel, und ich hab sogar hallo gesagt Kappa @recklessGreed
[23:03:23] <@%MrDuckSpace> hobs111 huhu
[23:03:23] <lukas_planet> mach das Reparatur Werkzeug !
[23:03:23] <%ImFr0z3nYT> damit kann man fische fange, Zander
[23:03:25] <%$Kristallopyr> auf jeden fall Homie20006 zanderOhh
[23:03:30] <%+lucas_noel2006> Sind momentan Gewinnspiele offen?
[23:03:39] <erickokus> @lucas_noel2006 ne
[23:03:44] <%MiracleEnP> kannst das auch werfen. rechtsklick halten und dann linksclick
[23:03:46] <theking_03> ok
[23:03:51] <Der__Flix> Zander du kannst die Leichen von den Eingeborenen verbrennen und aus deren Knochen Rüstung machen
[23:03:53] <%+lucas_noel2006> Ok
[23:03:57] <+addiddos> Essen!!!
[23:04:12] <%$Anni__96> das weiß zander @Der__Flix
[23:04:15] <drfox321> Zander auf ner Party „Oh nein jetzt hab ich Alkohol getrunken ich dumm Kopf“ :D :D
[23:04:15] <%+doggydustin> weis jemand wan pay day gespielt wird
[23:04:16] <%hobs111> @MrDuckSpace hallöle
[23:04:47] <SidePlayer> LUL
[23:04:52] <%$Anni__96> gibt keine genaue uhrzeit @doggydustin
[23:04:53] <+DerTraver> Wie gehts euch Bienchen? Kappa Ne falsch Lul
[23:04:59] <IIIPinguinIII> crafte es mit dem Tablett zusammen
[23:05:02] <%+Yoloboy02> @doggydustin banküberfälle und sehr viel mehr
[23:05:20] <%+Yoloboy02> PAYDAY hype
[23:05:20] <@%+MrDaVuille> hast es auch verdient :) <3
[23:05:27] <@%$Earthman2012> !whatsapp
[23:05:27] <@%+Mod4YouBOT>* Ihr wollt auf dem neusten Stand bleiben? Dann holt euch den Newsletter auf euer WhatsApp! Weitere Infos dazu findet ihr hier: https://pushr.me/ zanderHype |-| Hier gibt es auch eine Video-Erklärung: https://m4u.link/zander/BotClip . Sollte der Bot bei euch nicht antworten, löscht einfach die Nummer, erstellt den Kontakt neu und schreibt ihn erneut mit !start an! zanderLachen
[23:05:27] [Notification] simke112 just subscribed with Twitch Prime. simke112 subscribed for 5 months in a row! [...auf weitere Monate :)]
[23:05:28] <%+3llboy> @DerTraver gut, hab beim giveaway gewonnen :)
[23:05:33] <@%+Aval0nTV> !hype
[23:05:34] <@%+Mod4YouBOT> zanderHype zanderLove zanderHype zanderLove zanderHype zanderLove zanderHype zanderLove zanderHype zanderLove zanderHype zanderLove zanderHype zanderLove zanderHype zanderLove zanderHype zanderLove zanderHype zanderLove zanderHype zanderLove zanderHype zanderLove zanderHype zanderLove
[23:05:35] <lukas_planet> 600?490!
[23:05:39] <%+Logischerpate> zanderHype zanderLove zanderHype zanderLove zanderHype zanderLove zanderHype zanderLove zanderHype zanderLove zanderHype zanderLove zanderHype zanderLove zanderHype zanderLove zanderHype zanderLove zanderHype zanderLove zanderHype zanderHype zanderLove zanderHype zanderHype zanderLove zanderHype zanderLove zanderHype zanderLove zanderHype
[23:05:39] <ich0will0auffallen> !uptime
[23:05:40] <@%+Mod4YouBOT>* Zander ist online seit 26.05 16:00 Uhr! |-| Der 24h Stream läuft bis mindestens 27.05 16Uhr zanderHype
[23:05:41] <%$Anni__96> zanderHype zanderLove zanderHype zanderLove zanderHype zanderLove zanderHype zanderLove zanderHype zanderLove zanderHype zanderLove zanderHype zanderLove zanderHype zanderLove zanderHype zanderLove zanderHype zanderLove zanderHype zanderLove zanderHype zanderLove zanderHype zanderLove zanderHype zanderLove zanderHype zanderLove
[23:05:43] <%Dannyfinitiv> zanderHype zanderHype zanderHype zanderHype zanderHype
[23:05:46] <%+L_TV> zanderHype zanderLove zanderHype zanderLove zanderHype zanderLove zanderHype zanderLove zanderHype zanderLove zanderHype zanderLove zanderHype zanderLove zanderHype zanderLove zanderHype zanderLove zanderHype zanderLove zanderHype zanderLove zanderHype zanderLove zanderHype zanderLove
[23:05:49] <+DerTraver> 3llboy glücki wunschi :p
[23:05:55] <%$fetvlp> zanderTroll zanderTroll
[23:06:02] <%+doggydustin> Hölle
[23:06:05] <%+3llboy> @DerTraver danki danki
[23:06:06] <florian1278> nö daine etriem sind nur toll
[23:06:09] <%mrfreackso> real madrid hat soeben die Champions League gewonnen zanderCry
[23:06:15] <%+j0mpi> !uptime
[23:06:15] <IIIPinguinIII> er liest es nicht
[23:06:15] <@%+Mod4YouBOT>* Zander ist online seit 26.05 16:00 Uhr! |-| Der 24h Stream läuft bis mindestens 27.05 16Uhr zanderHype
[23:06:21] <Nanafalke> Moin :D
[23:06:25] <akarusse> Das Ding ist ich würd jz gerne selber zocken aber auch den Stream sehen weil der voll Unterhält alda @ZanderLP
[23:06:26] <%MLG_P4nd4_> am flugzeug liegt bestimmtm die passende uhr für deine Bombe
[23:06:29] <%$Homie20006> @3llboy echt? cool gz auch von mir zanderHype
[23:06:29] <@%+Mod4YouBOT>* Runtime-GGs Produkte sind speziell auf Gamer abgestimmt und nicht nur schnell und einfach zubereitet, sondern auch noch gesund und lecker zanderLove Hier gibt es weitere Infos: https://runtime.idevaffiliate.com/127.html *PP* |-| Der aktuelle RabattCode (10%) lautet: "zander"
[23:06:40] <%derfenchelhd> Nanafalke hey ;)
[23:06:41] <%+j0mpi> !coins
[23:06:44] <sturmkartoffel64> Spielt Zander nen Schwarzen?
[23:06:49] <alex007r> Hi
[23:06:51] <@%+Mod4YouBOT> j0mpi: 933 Coins
[23:07:00] <+TrintexGHG> !uptime
[23:07:01] <@%+Mod4YouBOT>* Zander ist online seit 26.05 16:00 Uhr! |-| Der 24h Stream läuft bis mindestens 27.05 16Uhr zanderHype
[23:07:05] <Nanafalke> @derfenchelhd Abend :D
[23:07:15] <%$Homie20006> Hast du dein Ladekabel? LUL
[23:07:20] <%Russpelz_> jey 7 h sind schon rum
[23:07:26] <%+3llboy> @Homie20006 danke :) hab glaub ich noch nie wo gewonne
[23:07:34] <jeyrobertson> !uptime
[23:07:40] <@%+MrDaVuille> direkt ^^
[23:07:40] <%+doggydustin> jo
[23:07:41] <%$SythexHD> auf jeden
[23:07:43] <soistdasgut> ja man
[23:07:44] <Sascha1620> ja
[23:07:45] <Takeitizz> ne
[23:07:46] <Lucaistco> ja
[23:07:46] <Nanafalke> Ja aber nur wenn es Wifi gibt Kappa
[23:07:47] <drfox321> Jooo
[23:07:47] <retanlive> nee
[23:07:48] <%+msbella_> definitiv
[23:07:49] <Tim1234myt> ja man
[23:07:49] <sturmkartoffel64> Nein, zu gruselig
[23:07:50] <florian1278> nain
[23:07:51] <%MLG_P4nd4_> schon witzig joa
[23:07:51] <lukas_planet> zu 2t ja
[23:07:51] <%+j0mpi> Nee
[23:07:51] <qu4ntumtv> nee
[23:07:52] <Lucaistco> !coins
[23:07:52] <Dudelnator> ja
[23:07:54] <janikroet> ne
[23:07:55] <%MiracleEnP> ne ohne pc kein tag alter
[23:07:57] <%$Anni__96> nein
[23:08:00] <alex007r> für ne Millionen schon kappa
[23:08:00] <%$Homie20006> @ZanderLP nur wenn ich Sagrotan mitnehmen kann LUL
[23:08:01] <+SargonaxTV> nabend =)
[23:08:02] <%Dannyfinitiv> Ohne deinen stream oha...
[23:08:03] <Tim1234myt> !coins
[23:08:05] <%Fabianstyle6_> is mir glaub auch zu Heftig xD
[23:08:05] <%+iTzStYILeX> ja
[23:08:06] <@%+Mod4YouBOT> lucaistco: 471 Coins | tim1234myt: 38 Coins
[23:08:07] <@%MrDuckSpace> SargonaxTV huhu
[23:08:07] <akarusse> Ja aber nur wenn ich dort Netz hätte AMK
[23:08:08] <+Erikx20> @ZanderLP bei respawn immer doch :P
[23:08:08] <+AvotroxGER> hat man dann bevor man sozusagen Stirbt die Schmerzen?
[23:08:09] <florian1278> alldie ist beser
[23:08:09] <%$Medddaaa> WB zanderLove zanderLove zanderHype zanderHype
[23:08:13] <%Dannyfinitiv> zanderLachen
[23:08:15] <%+lucas_noel2006> !coins
[23:08:16] <%+3llboy> Was war die frage?
[23:08:16] <@%+Aval0nTV> test
[23:08:19] <%$Kristallopyr> sofort, zwar mit köttel in der Hose overloaded aber Ja
[23:08:21] <%+L_TV> Kommt drauf an
[23:08:24] <%Russpelz_> kein ahnung ,was wenn ...
[23:08:24] <%Roukaan> niemals. da bleiben doch psychische schäden :D
[23:08:24] <@%+Mod4YouBOT> lucas_noel2006: 71 Coins
[23:08:28] <Lucaistco> Mit dir ja.
[23:08:31] <%+j0mpi> Ist die Kochstelle aus?
[23:08:32] <+emjeygaming> Sofort
[23:08:33] <panther_124> Ich wäre traumatisiert wahrscheinlich danach ^^#
[23:08:34] <Lucaistco> !hype
[23:08:34] <%MLG_P4nd4_> was habt ihr für n floß lol das ist n hausboot xD
[23:08:35] <@%+Mod4YouBOT> zanderHype zanderLove zanderHype zanderLove zanderHype zanderLove zanderHype zanderLove zanderHype zanderLove zanderHype zanderLove zanderHype zanderLove zanderHype zanderLove zanderHype zanderLove zanderHype zanderLove zanderHype zanderLove zanderHype zanderLove zanderHype zanderLove
[23:08:35] <%$schockladung1> gibt es auf der Insel Strom und Internet? Wenn ja vielleicht
[23:08:36] <%+buttman2811> Klar , was gibts besseres als irgendwelche Typen mit einer Axt abzuschlachten :D
[23:08:45] <Nanafalke> cmonBruh cmonBruh Kappa
[23:08:48] <zuschauerxd27> jo zander wann kommt mal wieder ein lego Stream weil dann kann mein kleiner auch mal dir zugucken
[23:08:48] <lukas_planet> allein würde keiner überleben...
[23:08:57] <xStandart_> klar wer will denn nicht mal zwei Baum Stämme tragen können xD
[23:08:57] <killmacster> Ne
[23:09:00] <%MiracleEnP> btw kurz ts chat wenn du zeit hast <3
[23:09:05] <+Markgamingpro> Hii
[23:09:11] <+sirmayer> Es ist nicht Bilbo Beutlin sonder Bimbo Beutlin
[23:09:20] <lukas_planet> @xstandart_ stimmt xD
[23:09:23] <%Russpelz_> also etw schon aber net alleine
[23:09:36] <florian1278> €
[23:09:41] <florian1278> e
[23:09:53] <@%+Mod4YouBOT>* Der__Flix hat €1.00 Trinkgeld in den Teich geworfen! Vielen Dank <3
[23:09:57] <%$Anni__96> jeff kann bis eins zählen LUL :D
[23:09:59] <sturmkartoffel64> Mit wem spielt Zander da?
[23:10:03] <akarusse> Klar würd ich das machen wenn ich genau so wie der einach easypeasy 2 Baumstämme tragen könnte und wenn ich nen Baum hacke dass der einfach in 4 Stämme springt alda @ZanderLP
[23:10:08] <@%+Aval0nTV> @sturmkartoffel64 mit dem lieben jeff
[23:10:13] <%MiracleEnP> @sturmkartoffel64 Jeff
[23:10:14] <soistdasgut> alter jeden tag menschen fresser abschlachten und verbrennen mach doch ihr auch nix anderes
[23:10:37] <sturmkartoffel64> Ma namn eh Jeff! xD
[23:10:40] <%$Homie20006> der rechte Arm haha Kappa
[23:10:41] Viewerstats (22:51-23:09): avg:611 min:566 max:650 [11/566+14+22+8+14-10+3+8-15+40-21]
# Log closed: 2018-05-26 23:10:41 +0200
-
# Log started: 2018-05-28 18:07:52 +0200
[18:07:52] ~RS:S TTS Testen :D (Tom Clancy's Rainbow Six: Siege)~
[18:07:52] Trete #zanderlp bei..
[18:07:52] #zanderlp beigetreten
[18:07:52] MOD: Moobot, Zanderlp, Tarosh, Derison, Mod4youbot, Earthman2012, Aval0ntv
[18:07:59] <+Herrison_> xEmmaLou powieKotz
[18:08:08] <%+todesschaumbad> lol
[18:08:14] Viewerstats (18:07-18:07): avg:365 min:365 max:365 [2/365+0]
# Log closed: 2018-05-28 18:08:14 +0200
-
# Log started: 2018-05-28 18:09:55 +0200
[18:09:55] ~RS:S TTS Testen :D (Tom Clancy's Rainbow Six: Siege)~
[18:09:55] Trete #zanderlp bei..
[18:09:55] #zanderlp beigetreten
[18:10:00] <%MLG_P4nd4_> mlg_kola = faker im the only real MLG squad
[18:10:12] Viewerstats (18:09-18:09): avg:372 min:372 max:372 [2/372+0]
# Log closed: 2018-05-28 18:10:12 +0200
-
# Log started: 2018-05-28 18:11:20 +0200
[18:11:20] ~RS:S TTS Testen :D (Tom Clancy's Rainbow Six: Siege)~
[18:11:20] Trete #zanderlp bei..
[18:11:20] #zanderlp beigetreten
[18:11:20] MOD: recklessGreed, Mod4youbot, Zanderlp, Moobot, Derison, Aval0ntv, Tarosh, Earthman2012
[18:11:20] <%papsi94> bb @xEmmaLou
[18:11:28] Viewerstats (18:11-18:11): avg:377 min:377 max:377 [2/377+0]
# Log closed: 2018-05-28 18:11:28 +0200
-
# Log started: 2018-05-28 18:14:16 +0200
[18:14:16] ~RS:S TTS Testen :D (Tom Clancy's Rainbow Six: Siege)~
[18:14:16] Trete #zanderlp bei..
[18:14:16] #zanderlp beigetreten
[18:14:31] Viewerstats (18:14-18:14): avg:415 min:415 max:415 [2/415+0]
# Log closed: 2018-05-28 18:14:31 +0200
-
# Log started: 2018-05-28 18:15:14 +0200
[18:15:14] ~RS:S TTS Testen :D (Tom Clancy's Rainbow Six: Siege)~
[18:15:14] Trete #zanderlp bei..
[18:15:14] #zanderlp beigetreten
[18:15:25] <%+hansololp> warte warte Digga_94 er war letzte nacht bei dir ? :O deshalb hatte er keine zeit für mich Kappa
[18:15:30] Viewerstats (18:15-18:15): avg:415 min:415 max:415 [1/415]
# Log closed: 2018-05-28 18:15:30 +0200
-
# Log started: 2018-05-28 18:16:45 +0200
[18:16:45] ~RS:S TTS Testen :D (Tom Clancy's Rainbow Six: Siege)~
[18:16:45] Trete #zanderlp bei..
[18:16:45] #zanderlp beigetreten
[18:16:45] MOD: Aval0ntv, recklessGreed, Tarosh, Moobot, Earthman2012, Zanderlp, Derison, Mod4youbot
[18:16:51] <Duendar> jo hi
[18:16:56] Viewerstats (18:16-18:16): avg:407 min:407 max:407 [1/407]
# Log closed: 2018-05-28 18:16:56 +0200
-
# Log started: 2018-05-28 18:17:06 +0200
[18:17:06] ~RS:S TTS Testen :D (Tom Clancy's Rainbow Six: Siege)~
[18:17:06] Trete #zanderlp bei..
[18:17:06] #zanderlp beigetreten
[18:17:10] Viewerstats (18:17-18:17): avg:407 min:407 max:407 [2/407+0]
# Log closed: 2018-05-28 18:17:10 +0200
-
# Log started: 2018-05-28 18:19:00 +0200
[18:19:00] ~RS:S TTS Testen :D (Tom Clancy's Rainbow Six: Siege)~
[18:19:00] Trete #zanderlp bei..
[18:19:00] #zanderlp beigetreten
[18:19:07] <%Russpelz_> ich holle mir auch nochmal was zu trinken
[18:19:12] Viewerstats (18:18-18:19): avg:377 min:377 max:377 [2/377+0]
# Log closed: 2018-05-28 18:19:12 +0200
-
# Log started: 2018-05-30 16:37:04 +0200
[16:37:04] Trete #zanderlp bei..
[16:37:04] ~The Forest mit Jeff  und später Raft! + Rainbow SIx Siege ! (The Forest)~
[16:37:04] #zanderlp beigetreten
[16:37:04] MOD: Sunniglp, Moobot, Mod4youbot, Zanderlp, Tarosh, recklessGreed, Derjonmelsungen
[16:37:10] Viewerstats (16:37-16:37): avg:323 min:323 max:323 [2/323+0]
# Log closed: 2018-05-30 16:37:10 +0200
-
# Log started: 2018-05-30 16:38:06 +0200
[16:38:06] Trete #zanderlp bei..
[16:38:06] ~The Forest mit Jeff  und später Raft! + Rainbow SIx Siege ! (The Forest)~
[16:38:06] #zanderlp beigetreten
[16:38:06] MOD: Sunniglp, Tarosh, Zanderlp, Aysli, Moobot, recklessGreed, Derjonmelsungen, Mod4youbot
[16:38:07] <%+DrSprayyy> Heyhoo zusammen <3
[16:38:54] Viewerstats (16:38-16:38): avg:333 min:333 max:333 [2/333+0]
# Log closed: 2018-05-30 16:38:54 +0200
-
