# Log started: 2018-01-06 14:59:36 +0100
[14:59:36] <+Mod4YouBOT> Keine Commands automatisiert
[15:01:27] <+Mod4YouBOT> Automatisierte Commands: !ig --> 1800 Sekunden; !loots --> 1800 Sekunden; !engage --> 1800 Sekunden;
# Log closed: 2018-01-06 15:04:23 +0100
-
# Log started: 2018-01-16 19:29:43 +0100
[19:29:43] <+Mod4YouBOT> Automatisierte Commands: !partner --> 500 Sekunden;
# Log closed: 2018-01-16 20:05:28 +0100
-
# Log started: 2018-01-21 23:59:29 +0100
[23:59:29] <+Mod4YouBOT> Der Timer für !partner wurde deaktiviert
# Log closed: 2018-01-22 00:01:15 +0100
-
# Log started: 2018-01-23 20:37:30 +0100
[20:37:30] <+Mod4YouBOT> Der Timer für !partner wurde deaktiviert
# Log closed: 2018-01-23 20:53:58 +0100
-
# Log started: 2018-04-03 16:26:54 +0200
[16:26:54] <+Mod4YouBOT> Automatisierte Commands: !partner --> 300 Sekunden;
# Log closed: 2018-04-03 17:52:24 +0200
-
# Log started: 2018-05-26 17:23:36 +0200
[17:23:36] <+Mod4YouBOT> Der TSpam-Command unterstützt maximal 6 Wiederholungen!
[17:30:24] <+Mod4YouBOT> !mod | !regeln | !spenden | !kanal | !tg | !hp | !mk8 | !playlist | !uptime | !multi
[17:31:32] <+Mod4YouBOT> Bitte '!spam <!cmd> <Anzahl>' verwenden.
[17:31:46] <+Mod4YouBOT> Bitte '!spam <!cmd> <Anzahl>' verwenden.
# Log closed: 2018-05-26 18:19:50 +0200
-
# Log started: 2018-05-26 18:57:36 +0200
[18:57:36] <+Mod4YouBOT> Automatisierte Commands: !partner --> 300 Sekunden;
# Log closed: 2018-05-26 19:04:45 +0200
-
# Log started: 2018-05-26 22:50:05 +0200
[22:50:05] <+Mod4YouBOT> Keine Commands automatisiert
# Log closed: 2018-05-26 23:00:33 +0200
-
# Log started: 2018-05-27 18:24:30 +0200
[18:24:30] <+Mod4YouBOT> Keine Commands automatisiert
# Log closed: 2018-05-27 18:26:00 +0200
-
# Log started: 2018-05-27 19:15:16 +0200
[19:15:16] <+Mod4YouBOT> Der Timer für !daily wurde deaktiviert
[19:17:23] <+Mod4YouBOT>* Tschüß Bot!
# Log closed: 2018-05-27 19:17:24 +0200
-
# Log started: 2018-05-30 16:16:14 +0200
[16:16:14] <+Mod4YouBOT> Automatisierte Commands: !partner --> 300 Sekunden;
# Log closed: 2018-05-30 16:39:58 +0200
-
