# Log started: 2018-01-05 22:15:33 +0100
[22:15:33] <+mrduckspace>* https://clips.twitch.tv/MoistAuspiciousSeahorseItsBoshyTime
[22:16:38] <+mrduckspace> okay danke ;)
# Log closed: 2018-01-05 22:26:33 +0100
-
# Log started: 2018-01-31 16:37:57 +0100
[16:37:57] <+mrduckspace> normalerweise fragen wir aber ob wir schreiben dürfen :D
[16:40:55] <+mrduckspace>* Bin ich ein Mod? 
[16:41:00] <+mrduckspace>* Nein.
# Log closed: 2018-01-31 16:42:04 +0100
-
# Log started: 2018-01-31 16:44:24 +0100
[16:44:24] <+mrduckspace> manchmal machst du es aber... und ich finde die Regel gilt für alle und das hat nichts damit zu tun ob du moderierst oder gerade zeit hast oder was auch immer... es geht ja eben darum das man nicht weiß ob du moderieren willst...
[16:49:53] <+mrduckspace> wollte nur man nachfragen... danke das du so verständnisvoll# reagierst
# Log closed: 2018-01-31 16:53:30 +0100
-
# Log started: 2018-01-31 17:28:54 +0100
[17:28:54] <+mrduckspace> ok
# Log closed: 2018-01-31 17:31:51 +0100
-
# Log started: 2018-05-27 11:12:42 +0200
[11:12:42] <Mrduckspace>* tpYGOpotofgreed tpYGOpotofgreed tpYGOpotofgreed
# Log closed: 2018-05-27 11:13:18 +0200
-
