# Log started: 2018-01-06 17:30:25 +0100
[17:30:25] <sunflexxx> ohaaa :D
[17:30:27] <sunflexxx> jaa lul
[17:30:30] <sunflexxx> HYYYYYPE
[17:30:46] <sunflexxx> ich heiße gereon greitens
[17:30:52] <sunflexxx> und wohne in paderborn
[17:31:08] <sunflexxx> inder der klöcknerstr. 49
[17:31:50] <sunflexxx> achso ja klar ^^
[17:31:53] <sunflexxx> 33102
[17:34:06] <sunflexxx> okii danke
[17:34:09] <sunflexxx> wie das was ich gewonnen habe??
[17:35:27] <sunflexxx> ok
[18:37:04] <sunflexxx> weie heißt das heatset eigentlich??
[18:40:52] <sunflexxx> :DD
# Log closed: 2018-01-06 18:42:48 +0100
-
# Log started: 2018-01-11 18:20:00 +0100
[18:20:00] <sunflexxx> hii wollte nochmal nachfragen wegen dem headset kannst du da mal zander fragen ob er das schon gemacht hat??
# Log closed: 2018-01-11 22:24:00 +0100
-
