# Log started: 2018-07-05 07:49:15 +0200
[07:49:15] Trete #keizaron bei..
[07:49:15] ~BACK FROM SGDQ! Crystal Rando Catch 'Em All Race! (Pokémon Crystal)~
[07:49:15] #keizaron beigetreten
[07:49:15] MOD: Dabomstew, Botgotsthis, Lilywight, Lillymichiru, Pikalaxalt, Ouro, Projectrevotpp, Vulshoksorcerer, Infinitedewitt, Keizaron
[07:49:15] MOD: Megotsthis, Tyrant14
[07:49:23] <%$Red_Wavve> I like stouts and rums. *shrug*
[07:49:24] <Grene> UNO BALLERO PogChamp
[07:49:25] <%$lordariados67> rum and whiskey mostly, plus vodka
[07:49:33] <%$recklessGreed> Good Morning People. :)
[07:49:47] <$DanGodOfThunder> Oh. Honestly dude? If you're already into hard liquors, and drinking straight whiskey... just dive bomb right in
[07:49:48] <Grene> Whos talking about blue moon? I just got some chock top today :)
[07:49:54] <%+arymilla> I got old and started only drinking weiss beer.
[07:49:55] <@InfiniteDeWitt> Pizza Luce
[07:49:57] <Grene> shock top
[07:49:57] <%$Red_Wavve> Speaking of stouts, we got some really good stout from 2014 that had like chocolate, caramel, coffee, a couple other things, and it was SO GOOD
[07:50:04] <%$Red_Wavve> On another one of my trips
[07:50:06] <Slivarito> My favorite stout is The Abyss from Deschutes thaiGasm
[07:50:07] <@InfiniteDeWitt> HAHAHAHAHA
[07:50:11] <@InfiniteDeWitt> what a question
[07:50:14] <%Medicean> keizaHey
[07:50:22] <%$Red_Wavve> Hi Medic
[07:50:49] <@%$ProjectRevoTPP> isnt Bonesaw no longer banned?
[07:50:58] <%Medicean> hi red
[07:51:00] <$DanGodOfThunder> He was never banned-banned @ProjectRevoTPP
[07:51:02] <%$Sandpai> Wasnt he only for one year?
[07:51:08] <$DanGodOfThunder> He couldn't couch either
[07:51:14] <Grene> bonesaw????????? like the RS bonesaw??????
[07:51:15] <@%$ProjectRevoTPP> thats what i meant
[07:51:16] <%^Stay_Hydrated_Bot>* @keizaron stayhyBottle You've been live for just over 11 hours. By this point in your broadcast you should have consumed at least 44oz (1.32L) of water to maintain optimum hydration.
[07:51:18] <@%$ProjectRevoTPP> i meant barred lol
[07:51:21] <%Snowbear22> I know every year I see a thread or two of stuff. More so in the past. I still remember the hotel stunt from I think it was 2014?
[07:51:31] <$DanGodOfThunder> @ProjectRevoTPP He could have had a run in at AGDQ 2018 if he wanted.
[07:51:50] <+your__name__here> most of the stuff in those reddit threads is made up entirely
[07:52:08] <Grene> I know you used to be a RS player, was the bonesaw you were refering to as that person?
[07:52:11] <Slivarito> I have a problem with you, I keep missing your streams moon2FEELS
[07:52:48] <Slivarito> Drama gets on my nerves, I just have no time for it cryShrug
[07:53:07] <$DanGodOfThunder> @Grene Bonesaw577. He may have played RS in the past, but I couldn't say
[07:53:09] <$willshpt> tghHi Keiz!
[07:53:10] <%$Red_Wavve> It was nice going out for Dairy Queen, and hopefully at least that was less drama :D
[07:53:14] <Grene> Yea, you didnt pay for that BS. Hope it was still good for you overal
[07:53:49] <@InfiniteDeWitt> it wasn't even really drama
[07:53:49] <Grene> @DanGodOfThunder my guess is someone different then :P
[07:54:06] <$willshpt> I completely missed what drama you r talking about
[07:54:10] <@InfiniteDeWitt> it was someone being in denial
[07:54:26] <$DanGodOfThunder> Hence toleration. SeemsGood
[07:54:36] <Grene> I dont always drink, but when I do... it is nights like tonight :)
[07:54:57] <$willshpt> Why is Keiz’s hair invisible? tghOnionHD
[07:54:59] <scathee_> are you allowed to have notes during gdq runs?
[07:55:28] <Grene> ....i cant remember like 90% of my childhood and my wife flips over it... are you similar?
[07:55:31] <@InfiniteDeWitt> I wasn't even really a babysitter
[07:55:35] <@InfiniteDeWitt> I usually had more than you LuL
[07:56:54] <%Snowbear22> Hahaha
[07:57:10] <@InfiniteDeWitt> Kreygasm
[07:57:19] <@%+Haushana> sihaOmg
[07:57:21] <%$Red_Wavve> You'd think people would be used to you and gunner memeing each other
[07:57:32] <%Snowbear22> Gasp what would you ever do without gunner?
[07:57:56] <@InfiniteDeWitt> yeah we ended tied 1-1
[07:57:56] <Grene> was it something like gotta set the rules before it starts ?
[07:57:57] <$willshpt> I missed most of the stream including TGH who I was super hyped to see
[07:58:10] <%$freneticforge> pride100 pride1 pride1 pride1
[07:58:27] <unk_____> Are you gonna play a game or what?
[07:58:39] <@InfiniteDeWitt> oof
[07:58:49] <Grene> @unk_____ Fuck off no offense
[07:58:54] <%$Red_Wavve> jeez
[07:58:56] <%$Red_Wavve> We'
[07:58:58] <%Snowbear22> Jeez
[07:58:59] <%$Red_Wavve> We're all friends here
[07:58:59] <unk_____> Fair enough
[07:59:03] <$willshpt> @unk_____ shhhh it’s story time
[07:59:13] <unk_____> Sorry boys
[07:59:17] <@InfiniteDeWitt> it was just brought up in a BS way
[07:59:44] <@InfiniteDeWitt> they were super cool afterwards yeah
[07:59:52] <Grene> keiz is like the "look its a plane" bank shot LUL
[08:00:33] <$willshpt> Yeah but booze makes people more angrier when lose
[08:01:12] <Grene> you should have made them take a couple drinks before playing :P
[08:01:19] <$DanGodOfThunder> Hmmm. I haven't played in a while, but I've only heard it as you needing to run the table on Redemption.
[08:01:21] MOD: Haushana
[08:01:25] <Grene> I have noticed like every county around me has different rules....
[08:01:54] <$DanGodOfThunder> I will tear my face off with a belt sander before I look up official rules for Beer Pong.
[08:02:08] <Grene> thats a BS rule LUL
[08:02:10] <$willshpt> Official rules pshhh just play beer pong Mao-style
[08:03:47] <$DanGodOfThunder> I'm miserable at beer pong. That's why I started drinking scotch straight. dangodBooze
[08:03:48] <Grene> fucking 0 bedroom 1 bathroom just big enough for a 6foot walmat folding table for beer pong. seems lgeit Kappa
[08:03:52] <%$Red_Wavve> Thanks for the stream and talk keiz :)
[08:03:58] <@InfiniteDeWitt> goodnight Keiz!
[08:04:00] <@%+Haushana> gdqAnimals
[08:04:02] <@InfiniteDeWitt> goodnight y'all :)
[08:04:05] <Grene> Have a great night keiz.
[08:04:13] <$Knightsavior> 👋
[08:04:13] <@%lillymichiru> This was good actually
[08:04:16] <%$Red_Wavve> ^^
[08:04:19] <%+arymilla> We expect Twitter to be full of puppy pictures.
[08:04:25] <%$Red_Wavve> gdqAnimals
[08:04:25] <Brunito_TV> Hello
[08:04:26] <%$tctrain> cya next time keiz, talk was fun <3
[08:04:32] <Grene> Not a subby/whatevs.. but enjoyed and GN all
[08:04:35] <$DanGodOfThunder> !discord
[08:04:35] <@%BotGotsThis> GO HERE FOR THE GREATEST DISCORD EVER https://discord.gg/keizaron keizaNeat keizaNeat keizaNeat
[08:04:53] <@%VulshokSorcerer> see ya later Keiz
[08:04:54] <%$Red_Wavve> feels surf for the past two hours
[08:04:56] <@%VulshokSorcerer> have a good night
[08:05:03] <@%+Haushana> sihaKiss sihaKiss sihaKiss
[08:06:51] Viewerstats (07:51-08:05): avg:211 min:205 max:219 [9/206+2+11-5+5-7-7+4-1]
# Log closed: 2018-07-05 08:06:51 +0200
-
# Log started: 2018-07-05 18:46:05 +0200
[18:46:05] Trete #keizaron bei..
[18:46:06] #keizaron beigetreten
[18:46:06] ~Stream offline~
[18:46:06] ~Stream offline~
[18:47:17] MOD: Pikalaxalt, Tyrant14, Botgotsthis, Megotsthis
[19:01:45] MOD: Projectrevotpp
[20:03:15] MOD: Lillymichiru
[20:04:34] UNMOD: Tyrant14, Lillymichiru
[20:35:08] UNMOD: Pikalaxalt
[20:36:22] MOD: Pikalaxalt
# Log closed: 2018-07-05 21:11:54 +0200
-
