# Log started: 2018-08-19 08:29:15 +0200
[08:29:15] Trete #keizaron bei..
[08:29:15] ~HCIM OSRS & Chill (Old School RuneScape)~
[08:29:15] #keizaron beigetreten
[08:29:15] MOD: Botgotsthis, Vulshoksorcerer, Pikalaxalt, Sly_envy, Megotsthis, Keizaron, Wartab, Dabomstew
[08:29:27] You have left #keizaron
[08:29:27] Viewerstats (08:29-08:29): avg:47 min:47 max:47 [1/47]
# Log closed: 2018-08-19 08:29:27 +0200
-
# Log started: 2018-08-19 12:48:50 +0200
[12:48:50] Trete #keizaron bei..
[12:48:50] ~Stream offline~
[12:48:50] ~Stream offline~
[12:48:51] #keizaron beigetreten
[12:48:51] MOD: Wartab, Pikalaxalt, Botgotsthis, Dabomstew, Megotsthis
[12:48:59] You have left #keizaron
# Log closed: 2018-08-19 12:48:59 +0200
-
# Log started: 2018-08-19 19:59:30 +0200
[19:59:30] Trete #keizaron bei..
[19:59:30] ~HCIM OSRS & Chill (Old School RuneScape)~
[19:59:31] #keizaron beigetreten
[19:59:43] <%$tctrain> What are you taking damage from? Cold?
[20:00:07] <@%$fnuky> keizaHey
[20:00:35] <@%$ProjectRevoTPP> So Wintertodt is some kind of minigame im assuming grinds firemaking and fletching for members
[20:01:25] MOD: Vulshoksorcerer, Botgotsthis, fnuky, Megotsthis, Keizaron, Wartab, ProjectRevoTPP, Pikalaxalt
[20:01:31] <@%$ProjectRevoTPP> i havent played RS in years lol i remember when Members was $5 a month
[20:01:35] <@%$ProjectRevoTPP> now its like what 15? jesus
[20:01:36] <@%$fnuky> i finally got an mtg code today keizaNeat
[20:01:46] <%$tctrain> I've never played RS keizaNeat
[20:02:12] <@%Sly_Envy> hi fnuky hey chat morning keiz
[20:02:25] <%$tctrain> I knew it
[20:02:26] <@%$fnuky> its 11 a month, can be as low as like 9 if you buy in bulk
[20:02:30] <@%$ProjectRevoTPP> this fucking song
[20:02:32] <%$tctrain> Everytime keizaLUL
[20:02:34] <@%$ProjectRevoTPP> keizaLUL
[20:03:10] <%+r4nd0mz__________________> Best song Kreygasm
[20:03:28] <@%Sly_Envy> its up to over 4-5mil each now keiz
[20:03:35] MOD: Sly_Envy
[20:03:52] <@%Sly_Envy> sup r4nd0mz with 18 underscores
[20:03:54] <@%$Phiyun> hi FrankerZ
[20:04:04] <@%Sly_Envy> keizaLove phiyun
[20:04:05] <@%BotGotsThis> keizaLove 👄 keizaNeat https://clips.twitch.tv/BraveEvilWatercressKappaClaus
[20:04:12] <@%$ProjectRevoTPP> does anyone even buy those bonds
[20:04:12] <@%$Phiyun> sly keizaLove
[20:04:16] <@%$Phiyun> also what is that music keizaWut ...
[20:04:38] <%$tctrain> It's greatness
[20:04:43] <@%$ProjectRevoTPP> @Phiyun the best song ever besides GLORIOUS
[20:05:36] <@%$Phiyun> yo that shit looks like my old games from pre 2000
[20:05:41] <@%$Phiyun> on low graphics
[20:05:55] MOD: Phiyun
[20:06:41] Viewerstats (20:01-20:05): avg:16 min:15 max:18 [3/15+2+1]
# Log closed: 2018-08-19 20:06:41 +0200
-
