# Log started: 2018-06-18 16:47:35 +0200
[16:47:35] Trete #keizaron bei..
[16:47:35] #keizaron beigetreten
[16:47:35] ~Stream offline~
[16:47:35] ~Stream offline~
[16:51:55] MOD: Botgotsthis, Megotsthis, Herculesbenchpress, Pikalaxalt
# Log closed: 2018-06-18 19:41:36 +0200
-
# Log started: 2018-06-18 19:58:54 +0200
[19:58:54] Trete #keizaron bei..
[19:58:54] ~Stream offline~
[19:58:54] ~Stream offline~
[19:58:54] #keizaron beigetreten
[20:00:06] You have left #keizaron
# Log closed: 2018-06-18 20:00:06 +0200
-
# Log started: 2018-06-18 20:20:05 +0200
[20:20:05] Trete #keizaron bei..
[20:20:05] ~Stream offline~
[20:20:05] ~Stream offline~
[20:20:05] #keizaron beigetreten
[20:20:38] You have left #keizaron
# Log closed: 2018-06-18 20:20:38 +0200
-
