# Log started: 2018-06-12 22:10:46 +0200
[22:10:46] Trete #keizaron bei..
[22:10:46] ~!sellout Week | Crystal Randomizer Catch 'Em All Race (Pokémon Crystal)~
[22:10:46] #keizaron beigetreten
[22:11:01] <%$recklessGreed> Mushroom Man *_* 
[22:11:08] <Stabbymagoo> fm2 is really fun if you like memes
[22:11:16] <%XyraFhoan> final 6 but the whole thing?
[22:11:18] <Stabbymagoo> mushroom man is in it
[22:11:23] <@%altabiscuit> LUL
[22:11:28] <Raikou> heya Keiz, good luck :)
[22:11:30] <lordariados67> you started liking fm cuz you got megamorph
[22:11:40] <%Esperinforce> keizaLUL
[22:11:42] <@%altabiscuit> raycow
[22:11:55] <callmeben> well i got widespread ruin in 4th win against isis LUL
[22:12:13] <callmeben> but im awful at ateccing
[22:12:27] <Raikou> there is no wrong pronunciation, everyone is right :)
[22:12:47] <Raikou> dang
[22:12:49] <Raikou> i'm sorry
[22:13:06] <%$Lunatone92> The mushroom man run last night was soooo good and entertaining.
[22:13:24] <callmeben> what is mushrooms man run
[22:13:34] <callmeben> and also, WHY DO YOU HAVE MUSHROOM MAN ON YOUR LAYOUT
[22:13:35] MOD: Sly_envy, Vulshoksorcerer, Haushana, altabiscuit, Pikalaxalt, Botgotsthis, Keizaron, Imasquirel, Megotsthis
[22:13:43] <@%VulshokSorcerer> because Mushroom Man is the best card
[22:13:48] <@%VulshokSorcerer> it won us the game
[22:13:53] <+Th3Coletrain> why would you not have mushroom man on your layout?
[22:13:56] <callmeben> how in the world
[22:14:02] <@%VulshokSorcerer> I need to find the Sandpai pic
[22:14:05] <Stabbymagoo> 🍄 We are not worthy 🍄
[22:14:15] <lordariados67> tentacruel actually has a decent speed stat for a water type
[22:14:26] <%+Sandpai> keizaRage
[22:15:04] <@%VulshokSorcerer> oh, here we go
[22:15:05] <@%VulshokSorcerer> https://gyazo.com/120e138170b11d4e2af61833afe742ec
[22:15:05] <Godhymself> we should name all pokemon he sees in our language Kappa
[22:15:06] <+Th3Coletrain> LUL
[22:15:07] <@%Haushana> WutFace
[22:15:10] <Stabbymagoo> get 'em smoochum
[22:15:14] <Die_Buettel> WutFace
[22:15:25] <%Esperinforce> keizaWut
[22:15:59] UNMOD: altabiscuit
[22:16:17] <$TolaShirley> I 'm so happy that I'm watching on mobile not pc with huge speakers...
[22:16:21] <Stabbymagoo> horsea sweep
[22:16:37] <+Th3Coletrain> horsea PogChamp
[22:16:43] <callmeben> WE GOT EM
[22:16:46] <Primaks1> master ball it!
[22:16:51] <callmeben> LUL SAVE
[22:16:55] <%$Lunatone92> Lol
[22:17:06] <%tanukeki> rip
[22:17:12] <callmeben> MILLENIUM GOLEM FFS
[22:17:13] <@%VulshokSorcerer> why did you say yes Keiz?
[22:17:26] <Grene> Horsea must of known the mushroom man SeemsGood
[22:19:28] <+myalternatename> 3 down from fearow
[22:19:34] <@%KirbymastaH> keizaWut
[22:19:34] <@%KirbymastaH> keizaWut keizaWut
[22:19:35] <@%KirbymastaH> keizaWut keizaWut keizaWut
[22:19:35] <@%KirbymastaH> keizaWut keizaWut keizaWut keizaWut
[22:19:36] <@%KirbymastaH> keizaWut keizaWut keizaWut
[22:19:36] <@%KirbymastaH> keizaWut keizaWut
[22:19:36] <@%KirbymastaH> keizaWut
[22:19:47] <+myalternatename> oh my bad
[22:19:49] <%XyraFhoan> hi Kirby any thoughts on new FE
[22:20:08] <@%Sly_Envy> hi xyra
[22:20:12] <@%Sly_Envy> hey vul
[22:20:19] <%XyraFhoan> hi sly
[22:20:29] <@%VulshokSorcerer> hey Sly
[22:20:40] <Stabbymagoo> Pichu get back in smash
[22:20:43] <Die_Buettel> SeriousSloth
[22:20:51] <@%VulshokSorcerer> he is though magoo
[22:21:00] <@%KirbymastaH> jrpMagoo
[22:21:00] <@%KirbymastaH> jrpMagoo jrpMagoo
[22:21:01] <@%KirbymastaH> jrpMagoo jrpMagoo jrpMagoo
[22:21:01] <@%KirbymastaH> jrpMagoo jrpMagoo
[22:21:01] <@%KirbymastaH> jrpMagoo
[22:21:13] <Stabbymagoo> the magoo pyramid :O
[22:21:14] <@%KirbymastaH> kirby
[22:21:16] <@%BotGotsThis> fuck you, kirby keizaWut
[22:22:15] <@%KirbymastaH> kirby
[22:22:15] <@%BotGotsThis> fuck you, kirby keizaWut
[22:22:16] <@%KirbymastaH> kirby
[22:22:16] <@%BotGotsThis> fuck you, kirby keizaWut
[22:22:17] <@%KirbymastaH> kirby
[22:22:17] <@%BotGotsThis> fuck you, kirby keizaWut
[22:22:26] <@%KirbymastaH> wow what a jerk keizaWut
[22:23:33] MOD: KirbymastaH
[22:23:43] <%$tctrain> keizaThink
[22:25:00] <@%Haushana> kirby
[22:25:00] <@%BotGotsThis> fuck you, kirby keizaWut
[22:25:16] [Notification] kalilaleigh just subscribed with Twitch Prime. kalilaleigh subscribed for 3 months in a row!
[22:25:28] <@%KirbymastaH> !digital
[22:25:28] <@%BotGotsThis> Ｗｈａｔ Ａ Ｄｉｇｉｔａｌ Ｄｕｍｍｙ
[22:25:30] <@%KirbymastaH> !badsubhype
[22:25:30] <@%BotGotsThis> keizaLUL welcome to the shitshow, you stupid idiot keizaLUL
[22:26:11] <%Esperinforce> !subpoints
[22:26:11] <@%BotGotsThis> 20/25 subpoints for an additional hour and the first incentive! | Info: https://pastebin.com/CNuRiR04 | Incentives: TBA
[22:26:22] <Stabbymagoo> hubbadubbubbadubahh
[22:26:37] <@%VulshokSorcerer> !command edit !subpoints 21/25 subpoints for an additional hour and the first incentive! | Info: https://pastebin.com/CNuRiR04 | Incentives: TBA
[22:26:38] <@%BotGotsThis> vulshoksorcerer -> !subpoints was updated successfully
[22:26:41] <SchwarzRin> Isn’t higher HP better for Bug Catching Contest?
[22:28:12] <%Esperinforce> This a a community service, to us all our entertainment keizaLUL
[22:29:25] <%$MrBranscum> !fuckinglast
[22:29:25] <@%BotGotsThis> "Show me the last fucking encounter slot, you fucking coward." - Every catch em all runner, eventually.
[22:29:42] <Stabbymagoo> I HATE GAMES!
[22:29:45] <Stabbymagoo> >(
[22:30:06] <Stabbymagoo> Gather round my slot children
[22:30:12] <%$Lunatone92> keizacheer1 keizacheer1 keizacheer1 keizacheer1 keizacheer1 keizacheer1 keizacheer1 keizacheer1 keizacheer1 keizacheer1 keizacheer1 keizacheer1 keizacheer1 keizacheer1 keizacheer1 keizacheer1 keizacheer1 keizacheer1
[22:30:27] <@%VulshokSorcerer> !bits
[22:30:28] <@%BotGotsThis> 2 bits keizaHey
[22:30:37] <+Wyzarka> Came from MemeBig.Net Kappa
[22:30:37] <@%VulshokSorcerer> !command edit !bits 20 bits keizaNeat
[22:30:37] <@%BotGotsThis> vulshoksorcerer -> !bits was updated successfully
[22:32:20] <+zapdos23590> Poliswag hype
[22:32:50] <Stabbymagoo> If you could eat any poke which one would you choose
[22:32:58] <%$laxey4> Never take anime
[22:33:02] <@%VulshokSorcerer> Vanilluxe?
[22:33:10] <Stabbymagoo> Nice answer
[22:33:13] <@%KirbymastaH> keizaWut keizaWut keizaWut keizaWut keizaWut
[22:33:14] <@%KirbymastaH> keizaWut keizaWut keizaWut keizaWut
[22:33:15] <@%KirbymastaH> keizaWut keizaWut keizaWut
[22:33:15] <@%KirbymastaH> keizaWut keizaWut
[22:33:15] <@%KirbymastaH> keizaWut
[22:33:20] <@%KirbymastaH> keizaWut keizaWut
[22:33:20] <@%KirbymastaH> keizaWut keizaWut keizaWut
[22:33:21] <@%KirbymastaH> keizaWut keizaWut keizaWut keizaWut
[22:33:22] <@%KirbymastaH> keizaWut keizaWut keizaWut keizaWut keizaWut
[22:33:22] <%XyraFhoan> farfetch'd
[22:33:25] <@%KirbymastaH> keizaBan
[22:33:29] <Stabbymagoo> i would eat gardevoir
[22:33:49] <Stabbymagoo> WTF
[22:33:54] <Stabbymagoo> predicting the future
[22:33:55] <+Wyzarka> LUL
[22:33:59] <%$tctrain> keizaWut
[22:34:04] <%Esperinforce> keizaLUL
[22:34:11] <%XyraFhoan> farfetch'd even comes with its own leek keizaLove
[22:34:18] <lordariados67> moltres or ho-oh cuz fried chicken
[22:34:19] <%eskaria> What poke looks like pineapples the most, I'd eat that
[22:34:34] <%$MrBranscum> grumpig bacon must be trippy
[22:34:47] <kidumbra> aurLurk
[22:34:47] <@%VulshokSorcerer> @eskaria alolan Exeggcute?
[22:34:59] <@%VulshokSorcerer> err, Exeggcutor
[22:35:07] <%eskaria> I guess, that thing's huge too, so lots of pineaplles
[22:35:21] <@%VulshokSorcerer> it would be that or lapgrass
[22:35:43] <%XyraFhoan> ludicolo is kind ofa pineapple shape
[22:35:44] <+Wyzarka> Magnitude bulbasaur. LUL
[22:36:01] <%$MrBranscum> so would vegetarians not be able to to eat bellsprout or oddish?
[22:36:08] <Stabbymagoo> all these young boys
[22:36:12] <@%Haushana> sihaButt toot toot
[22:36:13] <kidumbra> sup keiz, gl!
[22:36:22] <kidumbra> how's the run
[22:36:35] <callmeben> Im 16 you old grandpas
[22:36:53] <%$laxey4> Keiz is the perfectly aged fart
[22:36:55] <kidumbra> so is that 15 things with dig
[22:37:03] <Godhymself> didn't u catch bulbasaur?
[22:37:11] <kidumbra> or 19 aurThink
[22:37:15] <+Wyzarka> STRING SHOT. LUL
[22:37:18] <@%VulshokSorcerer> he doesn't always mark things immediately
[22:37:22] <@%VulshokSorcerer> he'll get to it
[22:37:45] <Godhymself> until he forgets hehe
[22:38:09] <@%VulshokSorcerer> if he forgets, he will ask
[22:38:14] <@%KirbymastaH> keiz you're a cutie
[22:38:15] <@%KirbymastaH> keizaNeat b
[22:38:15] <@%BotGotsThis> keizaNeat ™
[22:38:20] <@%VulshokSorcerer> !rule1 until then
[22:38:20] <@%BotGotsThis> Please no backseat gaming. Please. I will be mean. If I need help, I will ask, otherwise enjoy your 10 minutes.
[22:38:21] <kidumbra> !rule1
[22:38:25] <@%KirbymastaH> less than 2 weeks keizaNeat
[22:38:28] <kidumbra> NotLikeThis
[22:38:33] <G_I_R_A_F_F_E> cheer38 heres to you Mr. zaron
[22:38:34] <@%Haushana> moo?
[22:38:43] <@%KirbymastaH> keizacheer1
[22:38:43] <%$laxey4> keizaLove
[22:38:43] <%eskaria> Mooing at Caterpies WutFace
[22:38:43] <@%BotGotsThis> keizaLove 👄 keizaNeat https://clips.twitch.tv/BraveEvilWatercressKappaClaus
[22:38:44] <@%KirbymastaH> keizacheer1 keizacheer1
[22:38:46] <@%KirbymastaH> keizacheer1 keizacheer1 keizacheer1
[22:38:48] <@%KirbymastaH> keizacheer1 keizacheer1
[22:38:49] <@%KirbymastaH> keizacheer1
[22:39:01] <kidumbra> bit pyramid BTFO LUL
[22:39:02] <@%VulshokSorcerer> !bits
[22:39:03] <@%BotGotsThis> 20 bits keizaNeat
[22:39:16] <@%VulshokSorcerer> !command edit !bits 67 bitties keizaNear
[22:39:16] <@%BotGotsThis> vulshoksorcerer -> !bits was updated successfully
[22:39:27] <%XyraFhoan> will Keiz finish POR and girl run RD with transfers keizaThink
[22:39:40] <%Esperinforce> !bits
[22:39:40] <@%BotGotsThis> 67 bitties keizaNear
[22:39:42] <+Wyzarka> LOL
[22:39:56] <Stabbymagoo> No tyranitar info :)
[22:39:56] <+TheRealMarzbar> can you see only blue pokemon in the wild? or how does that work
[22:39:59] <kidumbra> oh man, if you guys haven't seen anything regarding Nintendo and e3
[22:40:04] <kidumbra> well
[22:40:09] <kidumbra> just wait.
[22:40:14] <@%VulshokSorcerer> !251
[22:40:14] <@%BotGotsThis> White = No info | Blue = Info | Black = Owned | Red = Can do more with Pokemon (quick evo, trade, et cetera)
[22:40:14] <+Th3Coletrain> !251
[22:40:16] <Clyph> @TheRealMarzbar blue pokemon means he has dex info on it
[22:40:27] <@%KirbymastaH> keizaWut ...
[22:40:34] <+TheRealMarzbar> right, what does that change from what he means doing the e4 multiple times?
[22:40:52] <%Vadalken> I look forward to Keiz having to breed an eve and then evolve it into an umbreon.
[22:40:55] <+Th3Coletrain> he might need to do that to level
[22:41:00] <+TheRealMarzbar> ahhhhhhhhh
[22:41:24] <Clyph> @TheRealMarzbar if he has dex information he can look on the map to find it
[22:41:44] <+TheRealMarzbar> i was like "why does not having seen it change anything" lmao
[22:41:53] <$G_I_R_A_F_F_E> whens the last time you had a rootbeer float
[22:41:57] <%eskaria> Hooray, correctly named Granbull keizaChamp
[22:42:04] <$G_I_R_A_F_F_E> it has been too long and you know it
[22:42:24] <@%VulshokSorcerer> I think Marz has figured it out now
[22:42:32] <Clyph> @G_I_R_A_F_F_E i dont think ive had one since i was like 7 lol
[22:42:41] <+Wyzarka> So you can catch any pokemon anywhere with this?
[22:42:42] <$G_I_R_A_F_F_E> See
[22:42:45] <@%VulshokSorcerer> I had a root beer float like a week ago
[22:42:51] <lordariados67> it happens more to Keiz since he is way more popular than the others, sorry guys
[22:42:54] <@%VulshokSorcerer> the cafe at my work sells them
[22:42:57] Viewerstats (22:12-22:42): avg:152 min:138 max:162 [16/138+4+5-2+0+2+2+6+0+0+6-3+3-1+2-7]
[22:43:01] <kidumbra> I just saw the mushroom man PogChamp
[22:43:06] <%$laxey4> keizacheer1 all hail Mr. Zaron’s D pow level intelligence chat keizacheer1
[22:43:29] <$G_I_R_A_F_F_E> you should have a rootbeer float at least once ever 10 years
[22:43:35] <@%VulshokSorcerer> !command edit !bits 69 bitties keizaLewd
[22:43:35] <@%BotGotsThis> vulshoksorcerer -> !bits was updated successfully
[22:44:18] <@%Haushana> !bits
[22:44:21] <@%BotGotsThis> 69 bitties keizaLewd
[22:44:25] <%Vadalken> Is catchin all pokes the only requirement or do you have to do something else to end?
[22:44:33] <@%VulshokSorcerer> you also have to beat Red
[22:44:37] <Samscraft> Defeat red #
[22:44:43] <@%VulshokSorcerer> and informally, you need to collect the diploma
[22:44:51] <@%KirbymastaH> VOLTORB FLIP???
[22:44:52] <lordariados67> BEAR!!!
[22:44:58] <@%VulshokSorcerer> it's not strictly required, but other runners look down on you if you don't get it
[22:45:00] <$G_I_R_A_F_F_E> I love this casino theme
[22:45:05] <$G_I_R_A_F_F_E> SourPls
[22:45:08] <Stabbymagoo> I love buying a bear at the casino
[22:45:08] <%eskaria> When is gambling%
[22:45:32] <@%KirbymastaH> hcoHypeCat jrpMagoo kottKatt mellanCate demFesCat
[22:45:33] <@%KirbymastaH> demFesCat hcoHypeCat jrpMagoo kottKatt mellanCate
[22:45:34] <@%KirbymastaH> mellanCate demFesCat hcoHypeCat jrpMagoo kottKatt
[22:45:35] <@%KirbymastaH> kottKatt mellanCate demFesCat hcoHypeCat jrpMagoo
[22:45:37] <@%KirbymastaH> jrpMagoo kottKatt mellanCate demFesCat hcoHypeCat
[22:45:44] <Stabbymagoo> sophluJill majinLito
[22:45:55] <kidumbra> Jebaited Lord of the Lamp outdated Jebaited Umi overrated Jebaited Behold the Mushroom Man Jebaited Long have we waited
[22:46:09] <$G_I_R_A_F_F_E> oh... so thats why Keiz was so confused that you're allergic to cats @KirbymastaH
[22:46:11] <@%VulshokSorcerer> I appreciate a good cat square
[22:46:24] <Clyph> keiz about to barf on stream LUL
[22:46:34] <kidumbra> I can't believe Santa is fucking dead NotLikeThis
[22:47:14] <lordariados67> the stantler dont have to haul delibird's ass this Christmas
[22:47:15] <Clyph> @Keizaron oh, i thought it was one of those where you burp and accidentally throw up a little
[22:47:20] <$G_I_R_A_F_F_E> Conquest+Christmas=Christquest
[22:47:28] <$G_I_R_A_F_F_E> ChristQuest 64
[22:47:31] <AquaJamz> majinWut
[22:47:47] <kidumbra> ChristQuest Melee
[22:47:52] <kidumbra> Kappa
[22:48:19] <%eskaria> The 66th character is Jesus
[22:48:21] <%eskaria> Confirmed
[22:48:28] <$G_I_R_A_F_F_E> Super ChristQuest 3D
[22:48:40] <kidumbra> Super ChristQuest Odyssey
[22:48:52] <%+dandaman377> rip christmas
[22:48:54] <$Liosiv> da da da da da da do you know the mushroom man
[22:49:01] <%eskaria> Did you know that Clefairy's Gym is shaped like a Whitney? keizaThink
[22:49:03] <@%VulshokSorcerer> we do have 65 confirmed characters, don't we
[22:49:07] <lordariados67> how many times has Mounte won a race using granbull
[22:49:10] <@%VulshokSorcerer> cuz Inkling was 64, and then Ridley
[22:49:15] <kidumbra> Press F to pay respects for Christmas
[22:49:31] <kidumbra> yeah, possible reveal tonight
[22:49:31] <NiCeDiCe> F
[22:49:32] <$Liosiv> f
[22:49:37] <%$laxey4> F
[22:49:41] <$G_I_R_A_F_F_E> F
[22:49:43] <kidumbra> f
[22:49:56] <Stabbymagoo> pineco has scary old man face
[22:50:12] <$Liosiv> yeet
[22:50:18] <kidumbra> BTW, how about that waluigi reveal guys LUL
[22:50:21] <Stabbymagoo> frewET
[22:50:29] <$G_I_R_A_F_F_E> why does gen 3 noctowl look like its concussed
[22:50:38] <$G_I_R_A_F_F_E> its eyes look in two different directions
[22:51:00] <@%VulshokSorcerer> what Waluigi reveal? the fact he's still just an assisst trophy?
[22:51:18] <kidumbra> thatsthejoke.jpg NotLikeThis
[22:51:22] <Clyph> @G_I_R_A_F_F_E a decent amount of gen2 pokemon look wack in gen3 for some reason
[22:51:32] MOD: Lillymichiru
[22:51:44] <kidumbra> Gen 3 sprites for non Gen 3 mons DansGame
[22:51:45] <Stabbymagoo> togepi :)
[22:51:52] <$G_I_R_A_F_F_E> it looks like it would be in a pokemon horror romhack or something
[22:52:22] <$Liosiv> keiz do you prefer gold, silver, crystal more or heart gold soul silver?
[22:52:57] <lordariados67> brb, im switching watch twitch on my tablet so i can play crystal randomized
[22:53:06] <%$laxey4> Head butting a golem sounds like a bad idea lol
[22:53:08] <kidumbra> mountebank ate celery WutFace
[22:53:23] <@%$wartab> Hey, good luck FrankerZ
[22:53:51] <kidumbra> Jebaited
[22:54:06] <@%lillymichiru> Good luck with the race :3 Gonna lurk and sleep.
[22:54:13] <kidumbra> nini
[22:54:45] <$G_I_R_A_F_F_E> whats the best pokedog line
[22:55:01] <lordariados67> back
[22:55:19] <@%VulshokSorcerer> best dog line is rockruff, no question
[22:55:24] <%Esperinforce> keizaThink
[22:56:02] <@%VulshokSorcerer> unless you're the sort of person who thinks Eevee is a dog, because while I would disagree with that categorization, eevee is too awesome for me to dispute
[22:56:21] <$G_I_R_A_F_F_E> I mean, isn't eevee a dog?
[22:56:22] <callmeben> How much is there pokemon in crystal in total?
[22:56:34] <callmeben> Isnt eevee a fox?
[22:56:42] MOD: Dabomstew
[22:56:48] <@%VulshokSorcerer> yes, eevee is a fox
[22:56:50] <%+dandaman377> !251
[22:56:50] <@%BotGotsThis> White = No info | Blue = Info | Black = Owned | Red = Can do more with Pokemon (quick evo, trade, et cetera)
[22:56:50] <kidumbra> !251
[22:56:50] <@%VulshokSorcerer> !251
[22:56:51] <@%BotGotsThis> White = No info | Blue = Info | Black = Owned | Red = Can do more with Pokemon (quick evo, trade, et cetera)
[22:56:54] <@%VulshokSorcerer> !151
[22:56:54] <@%BotGotsThis> White = No info | Blue = Info | Black = Owned | Red = Can do more with Pokemon (quick evo, trade, et cetera)
[22:56:58] <+zapdos23590> Eevee is 100% a fox
[22:57:01] <@%VulshokSorcerer> !486
[22:57:02] <kidumbra> NotLikeThis beaten again
[22:57:03] <@%VulshokSorcerer> err
[22:57:13] <+DoubleA176> !491
[22:57:13] <@%VulshokSorcerer> !386
[22:57:13] <@%BotGotsThis> White = No info | Blue = Info | Black = Owned | Red = Can do more with Pokemon (quick evo, trade, et cetera)
[22:57:17] <@%VulshokSorcerer> !493
[22:57:17] <@%BotGotsThis> White = No info | Blue = Info | Black = Owned | Red = Can do more with Pokemon (quick evo, trade, et cetera)
[22:57:28] <%$laxey4> I looked everywhere though and couldn’t find 251 Pokémon Kappa
[22:57:32] <+DoubleA176> Ah, 93.
[22:57:40] <$G_I_R_A_F_F_E> this eevee is a fox revelation has changed my life forever
[22:57:44] <@%KirbymastaH> keizaWut
[22:57:44] <@%KirbymastaH> keizaWut keizaWut
[22:57:45] <@%KirbymastaH> keizaWut keizaWut keizaWut
[22:57:46] <@%KirbymastaH> keizaWut keizaWut keizaWut keizaWut
[22:57:46] <@%KirbymastaH> keizaWut keizaWut keizaWut keizaWut keizaWut
[22:57:47] <@%KirbymastaH> keizaWut keizaWut keizaWut keizaWut keizaWut keizaWut
[22:57:48] <@%KirbymastaH> keizaWut keizaWut keizaWut keizaWut keizaWut
[22:57:49] <@%KirbymastaH> keizaWut keizaWut keizaWut keizaWut
[22:57:49] <@%KirbymastaH> keizaWut keizaWut keizaWut
[22:57:49] <@%KirbymastaH> keizaWut keizaWut
[22:57:50] <@%KirbymastaH> keizaWut
[22:58:10] <callmeben> That was such a Nice pyramid i didnt even want to ruin it
[22:58:14] <$G_I_R_A_F_F_E> same
[22:58:19] <%Esperinforce> same
[22:58:29] <@%KirbymastaH> same
[22:58:50] <%+Sandpai> its pizza time
[22:58:59] <%+Sandpai> keizaGasm
[22:59:02] <kidumbra> we're reaching spinner levels that shouldn't even be possible zMistake
[22:59:10] <+TheRealMarzbar> Smash 4.5
[22:59:26] <@%VulshokSorcerer> if you think the spinner levels are high here, you should see Spinner Hell
[22:59:30] <@%VulshokSorcerer> that is an experience
[22:59:35] <kidumbra> I've seen them
[22:59:36] <@%$Ouro> do you know the mushroom waifu, the mushroom waifu, the mushroom waifu
[22:59:43] <callmeben> What is spinner hell
[22:59:45] <kidumbra> been here for several
[22:59:50] <Samscraft> Spinner he’ll is incredible
[23:00:00] <kidumbra> just check out his YouTube @callmeben
[23:00:10] <@%VulshokSorcerer> spinner hell is a thing you should see for yourself
[23:00:10] <callmeben> K brb
[23:00:21] <@%VulshokSorcerer> !command remove !voice
[23:00:21] <@%BotGotsThis> vulshoksorcerer -> !voice was removed successfully
[23:00:46] <$G_I_R_A_F_F_E> is there a dolphin pokemon yet?
[23:00:48] <kidumbra> long story short it's Pokémon but randomized and with every trainer set to the same type I.E. looking in random directions
[23:00:55] <NightOwlExpress> hoi
[23:01:16] <kidumbra> monster girl mushrooms already exist btw, you're welcome
[23:01:21] <%snorms> not telling Kappa
[23:01:23] <callmeben> So basically every trainer is spiner?
[23:01:25] <%+Sandpai> oh i know keizaLewd
[23:01:27] <NightOwlExpress> HeyGuys
[23:01:28] <kidumbra> for what I'm not sure NotLikeThis
[23:01:32] UNMOD: Haushana
[23:01:47] <kidumbra> Raycow
[23:01:50] <kidumbra> PogChamp
[23:01:57] <@%VulshokSorcerer> @callmeben every trainer is a spinner, with max vision, and they can walk through walls
[23:02:00] <Eitanm> Hi keiz!
[23:02:07] <$G_I_R_A_F_F_E> isnt there a mushroom lady in Dark Souls called like Elizabeth or something
[23:02:11] <%+Sandpai> jesus christ
[23:02:14] <@%VulshokSorcerer> but that sells short just how ridiculous it is
[23:02:17] <@%$Ouro> yes there is
[23:02:17] <kidumbra> Mushkau% comfirmed
[23:02:32] <NightOwlExpress> hi @Sandpai
[23:02:38] <%+Sandpai> hey night :3
[23:02:45] <NightOwlExpress> :3
[23:02:50] <kidumbra> Girl Power% except with mushroom man
[23:02:56] <kidumbra> WutFace
[23:03:02] <%+Sandpai> also keiz. you can swap to loving lamps
[23:03:04] <kidumbra> that's horrifying
[23:03:12] <%+Sandpai> can't be allergic to lamps
[23:03:15] <%+Sandpai> keizaLewd
[23:03:27] <$Liosiv> keiz, i dont wanna alarm you but there is a mushroom man right next to you! it has a timer on it, but its counting up, so i dont think we need to worry about it
[23:03:41] <NightOwlExpress> lol
[23:03:45] <kidumbra> Mountebank > Medic
[23:03:52] <kidumbra> confirmed Kappa
[23:03:55] MOD: Ouro
[23:04:16] <kidumbra> Tentacruel, Poliwag, and... Weedle Jebaited
[23:04:31] <kidumbra> !rando
[23:04:31] <@%BotGotsThis> DansGame WHAT KIND OF RANDO
[23:04:47] <+OdiesGameCorner> neet
[23:04:47] <$TolaShirley> Keiz I send you Mushroom man MounteDog doodle on Twitter =)
[23:04:47] <@%BotGotsThis> neet™
[23:04:57] <Eitanm> So watching all the FM made me miss yu gi oh, so I downloaded Duel Links. At some point, I wondered if playing real yu gi oh like fm would work, so I stuffed a deck with 4 star dragons and equips. I now just enter games and press autoplay because nothing can stop the beatdown
[23:05:06] <kidumbra> catching Weedle after Suicune confirmed Weedle Jebaited Jebaited Jebaited
[23:05:36] <%+Sandpai> tola i need to see
[23:05:45] <callmeben> Ive downloaded fm
[23:06:07] <NightOwlExpress> fm = ???
[23:06:08] <+OdiesGameCorner> you've..downloaded fm? don't you mean you ripped it from the CD you legitimately own? Kappa
[23:06:11] <callmeben> And i really have fun although im just grinding
[23:06:14] <callmeben> Forbidden memories
[23:06:17] <NightOwlExpress> ok
[23:06:24] <$TolaShirley> @sandpai so go Keiz Twitter =)
[23:06:43] <callmeben> I have PS2 i just need actual game for it Kappa
[23:06:50] <%+Sandpai> ok~ you got me to use my Twitter
[23:07:17] <$TolaShirley> https://twitter.com/tolashirley/status/1006643265138053121?s=19
[23:07:19] <$G_I_R_A_F_F_E> Duelist of the roses is a pretty sweet game.
[23:07:30] <%+Sandpai> tola i love it
[23:08:14] <$TolaShirley> I'm glad you like it =)
[23:08:28] <%+Sandpai> i havent used twitter in like 3 years lmao
[23:08:36] <%Esperinforce> Somehow I got reminded of Earthbound being shroomed
[23:08:42] <NightOwlExpress> what time is it for everyone? my time is 508 pm
[23:09:08] <$Liosiv> yeet
[23:09:19] <$Liosiv> west coast represent
[23:09:25] <@%VulshokSorcerer> it
[23:09:26] <$G_I_R_A_F_F_E> Streamer cant even swim lol
[23:09:30] <@%VulshokSorcerer> it's 4pm for me
[23:09:40] <@%VulshokSorcerer> which means I get to leave work soon
[23:10:10] <%+Sandpai> 7 more hours for me vul
[23:10:14] <kidumbra> Last slot is just a bigger Weedle Jebaited Jebaited Jebaited Jebaited Jebaited Jebaited Jebaited Jebaited
[23:10:16] <%+Sandpai> keizaThump
[23:10:49] <@%VulshokSorcerer> did you just start work sand?
[23:10:57] <%+Sandpai> 3 hours ago
[23:11:08] <Eitanm> Is he a gangly lad?
[23:11:57] <kidumbra> !allthehits Lugia
[23:11:57] <@%BotGotsThis> Dear Diary, today I was hit by Lugia FIVE TIMES.
[23:11:58] <Clyph> Which cry is best, Jynx, Lugia, or Kricketune?
[23:12:02] <SimplyCosmo> Hey keiz
[23:12:06] <SimplyCosmo> good luck
[23:12:08] <$Liosiv> i just downloaded yu gi oh duel links and in the "related to this app" section google play has under the download screen, the first game is "Love Nikki- Dress UP Queen"
[23:12:11] <TheUnh0ly> Hey Keiz & chat. Wish everyone here a wonderful evening. Good luck in the race and have fun a<3
[23:12:15] <TheUnh0ly> <3
[23:12:27] <kidumbra> HeyGuys
[23:12:27] <@%VulshokSorcerer> !megajynx
[23:12:27] <@%BotGotsThis> Congratulations strimmer on losBLABLABLABLABLABLBUBLUBLBU keizaLUL keizaLUL keizaLUL
[23:12:28] <%+Sandpai> keizaLUL
[23:12:41] <TheUnh0ly> Just saying hi LUL
[23:12:41] <%Esperinforce> Delelewoop
[23:12:52] <$TolaShirley> Also I was busy painting, did Tech said that he is 20?? He have so deep voice...
[23:12:58] <kidumbra> saying hi to @theunh0ly lol
[23:13:02] <@%VulshokSorcerer> I think that was tech
[23:13:02] Viewerstats (22:44-23:13): avg:166 min:157 max:179 [15/158+0-1+2+4+2+6-1-6+1+7+0-1+0+8]
[23:13:05] <TheUnh0ly> Sorry my bad, wanted to spread some positive vibes LUL
[23:13:06] <kidumbra> !lugia
[23:13:07] <SimplyCosmo> E3 has been so hype, its also my 21st bday
[23:13:13] <kidumbra> FeelsBadMan
[23:13:14] <%Zexion6> Hey everyone and Keiz
[23:13:18] <TheUnh0ly> @kidumbra o7
[23:13:20] MOD: altabiscuit
[23:13:20] UNMOD: KirbymastaH
[23:13:25] <kidumbra> aurHi
[23:13:31] <TheUnh0ly> LUL
[23:13:38] <kidumbra> LUL
[23:13:39] <Eitanm> Not so legendary anymore is it?
[23:13:42] <@%imasquirel> I admit I am an old fart
[23:13:46] <$G_I_R_A_F_F_E> BABABADABUJESUS
[23:13:47] <@%$ProjectRevoTPP> Its legendarily common
[23:13:52] <%+Sandpai> im 24 next month Dx
[23:13:55] <kidumbra> Lugia count: 5
[23:14:00] <kidumbra> Do I hear 6
[23:14:02] <@%VulshokSorcerer> hey Revo
[23:14:08] <Eitanm> Keiz screeching count: 6
[23:14:11] <Samscraft> It’s slot more then 5, I’ve see 8 at least lol
[23:14:18] <Clyph> DELELELE WOOOOOOP
[23:14:27] <%Esperinforce> Delele Wooop keizaLUL
[23:14:28] <@%imasquirel> blub blub mothafooka
[23:14:36] <@%$ProjectRevoTPP> imagine a jynx kriketune fusion
[23:14:40] <@%$ProjectRevoTPP> BLEBLEBLEBLE BLE BLOOOOOOOOOOOOOOOOP
[23:14:42] <kidumbra> !lastslot
[23:14:49] <kidumbra> fuck what was it
[23:14:50] <@%VulshokSorcerer> kriketynx?
[23:14:57] <@%VulshokSorcerer> or jyune?
[23:15:07] <$G_I_R_A_F_F_E> the Tune of Jyune
[23:15:20] <@%VulshokSorcerer> !last
[23:15:21] <@%BotGotsThis> "Show me the last encounter slot, please, so I can move on with my life." - Every catch em all runner, all the time.
[23:15:22] <$Liosiv> all of the above
[23:15:27] <@%VulshokSorcerer> or, alternately
[23:15:27] <%+Sandpai> oh no
[23:15:28] <TheUnh0ly> All I needed to hear is "I wanted an Unholy" Here I am Kreygasm
[23:15:29] <@%VulshokSorcerer> !fuckinglast
[23:15:30] <@%BotGotsThis> "Show me the last fucking encounter slot, you fucking coward." - Every catch em all runner, eventually.
[23:15:32] <@%$ProjectRevoTPP> BLEBLEBLEBLEBLEEAAAUUUUUHHHHHH OOOOOOOOOOOOP
[23:15:38] <@%$ProjectRevoTPP> kriketyxgia
[23:15:47] MOD: ProjectRevoTPP
[23:15:55] <%+Sandpai> maybe monte is the alien hotdog guy from last night keizaLUL
[23:16:05] <@%VulshokSorcerer> so kriketyxgi would be a bizzare insect angel
[23:16:10] <@%VulshokSorcerer> with like 6 arms
[23:16:13] <Clyph> kricketunes body, with lugia arms and jynx's head
[23:16:20] <Eitanm> I was just looking through the table, and I was kinda hoping that you hadnt caught a lugia yet
[23:16:24] <$G_I_R_A_F_F_E> the the lugia winghands are jynx's hair
[23:16:28] <$TolaShirley> I will try to paint it...
[23:16:44] <@%VulshokSorcerer> I wish you luck Tola
[23:16:49] <Stabbymagoo> Gen 8 don't disappoint us BlessRNG
[23:16:53] <@%$ProjectRevoTPP> jingiatune
[23:16:54] <Clyph> Name it abortion. because thats what it is
[23:16:55] <@%VulshokSorcerer> kriketyxia
[23:16:59] <%+Sandpai> sephiroth theme in pokemon cries
[23:17:04] <$G_I_R_A_F_F_E> Abomination
[23:17:06] <%+Sandpai> plsno
[23:17:09] <@%VulshokSorcerer> nah, jingiatune, you're right
[23:17:16] <Eitanm> This upsets the mighty helix
[23:17:31] <Infinitemystery> hey @Keizaron :) gl
[23:17:35] <$G_I_R_A_F_F_E> yes fathermother
[23:17:37] <%+Sandpai> but it speaks in pig latin
[23:17:38] <@%$ProjectRevoTPP> A lot of pokemon that can "talk" are via telepathy, only few actually speak via vocal chords
[23:17:41] <%+Sandpai> keizaLewd
[23:17:42] <@%$ProjectRevoTPP> slowking and meowth
[23:18:00] <Stabbymagoo> Keiz isn't gay :O
[23:18:08] <$Liosiv> "yes sir-mam" oh my god
[23:18:18] <Eitanm> HEY! On this pride month, there will be no heterosexual activity allowed
[23:18:30] <$G_I_R_A_F_F_E> gen 8 will have hidden gay traits that only become relevant with the use of attract
[23:18:33] <Stabbymagoo> GayPride
[23:19:16] <kidumbra> if you get hit with attract you donate 5 bucks to a random viewer KappaPride
[23:19:20] <@%$ProjectRevoTPP> so wait. if it's pride month, and attract only works on gay things, and pineapple pizza is the gayest thing ever: is keiz "attracted" to pineapple pizza?
[23:19:22] <@%$ProjectRevoTPP> keizaThink
[23:19:28] <%+Sandpai> keizaThink
[23:19:37] <kidumbra> aurThink
[23:20:32] <%+Sandpai> Our true prophet
[23:20:41] UNMOD: altabiscuit
[23:20:43] <@%imasquirel> yes keiz is attracted to pineapple pizza
[23:20:49] <%+Sandpai> he picked up where the lord could not. He took the sins of his father. keizaThump
[23:20:50] <%XyraFhoan> yoo smash invitational startin' up
[23:20:56] <%XyraFhoan> promos playing for everyone now
[23:20:59] <Eitanm> We homosexuals will not claim the abomination known as "pineapple pizza"
[23:21:06] <Clyph> i dont trust people who dont touch themselves at night
[23:21:16] <@%imasquirel> come on comrade, the pineapple pizza awaits @Eitanm
[23:21:23] <$Liosiv> "The mushroom man will feast upon your soul!" "Yes sir-mam..."
[23:21:26] <callmeben> I scratch my ass at night
[23:21:30] <%+Sandpai> why only limit myself to night time? keizaLewd
[23:21:39] <callmeben> Does that count as touching myself?
[23:21:48] <@%VulshokSorcerer> eh, whatever does it for you
[23:21:54] <$G_I_R_A_F_F_E> if your friend is named Murphy would that make him a dropkick murphy?
[23:21:58] <Clyph> @Keizaron actually get rid of the "at night part" tbh. I dont trust people that dont touch themselves.
[23:22:02] <@%imasquirel> only if you dropkick them
[23:22:45] <@%imasquirel> !nope octillery
[23:22:45] <@%BotGotsThis> Nope, there's only octillery here
[23:25:10] <@%VulshokSorcerer> I count 16 white single stages
[23:25:17] <@%VulshokSorcerer> and like 7-9 lines with no data
[23:25:50] <Stabbymagoo> wigglytuff is fucking hot
[23:26:00] <kidumbra> WutFace
[23:26:08] <NiCeDiCe> 69 Dildomon
[23:26:13] <NiCeDiCe> wigglytuff i mean
[23:26:17] <Stabbymagoo> I'd let her touch my mushroom, man
[23:26:30] <$Liosiv> Keiz, I was about to how you had a Rapidash before a Ponyta, even though you saw a ponyta earlier, then I realized Black is caught Pokemon, as well as that I'm an idiot
[23:26:41] <kidumbra> NotLikeThis stop lewding the fake wigglywoo
[23:28:40] <%$Red_Wavve> Good waifu pictures don’t exi...
[23:28:54] <%$Red_Wavve> (Good luck Keiz)
[23:30:09] <Luichang> !251
[23:30:10] <@%BotGotsThis> White = No info | Blue = Info | Black = Owned | Red = Can do more with Pokemon (quick evo, trade, et cetera)
[23:30:37] <jaykaf> !race
[23:34:29] <@%VulshokSorcerer> !multitwitch ?
[23:34:38] <@%VulshokSorcerer> !multitwitch
[23:34:38] <@%BotGotsThis> http://multitwitch.tv/keizaron/paradoxicalremedy
[23:34:54] <@%VulshokSorcerer> tech is also racing, but isn't streaming
[23:35:42] <$sweeney11> did halq quit?
[23:35:47] <@%VulshokSorcerer> he had to duck out
[23:35:58] <$sweeney11> damn, that sucks
[23:36:08] <kidumbra> hope he's OK
[23:36:18] <callmeben> Keiz you have info about meganium you fought it in azaleas gym
[23:36:22] <%Zexion6> Yeah
[23:36:30] <@%VulshokSorcerer> !rule1
[23:36:30] <@%BotGotsThis> Please no backseat gaming. Please. I will be mean. If I need help, I will ask, otherwise enjoy your 10 minutes.
[23:36:37] <kidumbra> ^
[23:36:48] <@%VulshokSorcerer> but also, info doesn't matter, if he has it he'll see it when he goes through the dex
[23:36:57] <ジェーり (gerry1888ofyt)> !rule1
[23:36:57] <@%BotGotsThis> Please no backseat gaming. Please. I will be mean. If I need help, I will ask, otherwise enjoy your 10 minutes.
[23:37:02] <@%VulshokSorcerer> catches sort of matter, but still only call them out if he asks
[23:37:05] <kidumbra> Quantum twins info doesn't necessarily count
[23:37:07] <%$KunouNoHana> Wait, what does red mean on the card?
[23:37:10] <@%VulshokSorcerer> !251
[23:37:10] <@%BotGotsThis> White = No info | Blue = Info | Black = Owned | Red = Can do more with Pokemon (quick evo, trade, et cetera)
[23:37:19] <kidumbra> thanks Vulshok
[23:37:21] <%$KunouNoHana> OK cool
[23:37:52] <$sweeney11> damn i guess i cant watch then, i cant stop myself from backseat gaming
[23:37:55] <Eitanm> I own the senate
[23:38:28] <kidumbra> to explain further, he presumably fought the twins in Azalea. they technically have two different parties in vanilla, based on who you talk to first. in practice this just changes which of their two pokes you face first
[23:38:56] <callmeben> I didnt know the rules counted for this one too mb
[23:39:11] <@%VulshokSorcerer> rules count for pretty much everything
[23:39:13] <kidumbra> in randos, twins like can have two completely different parties as a result of how they're programmed
[23:39:32] <@%VulshokSorcerer> FM is a pseudo-exception, cuz Keiz doesn't have an issue with being informed on fusions/mechanics/etc
[23:39:38] <@%VulshokSorcerer> but even then, we shouldn't tell him how to play
[23:39:39] <kidumbra> hence my calling them quantum twinas
[23:39:47] <kidumbra> twins*
[23:41:15] <kidumbra> Steelix learned to swim WutFace
[23:41:29] <Eitanm> Keiz, this may be breaking rule one, but I thought you should know that the fastest way to catch'em all is to throw pokeballs
[23:41:40] <%$Red_Wavve> b&
[23:41:43] <$sweeney11> ^
[23:42:14] <kidumbra> I'd listen to him, you'll never get five bingos at this rate otherwise Kappa
[23:42:15] <Eitanm> *yolk drink
[23:42:30] <kidumbra> Eggnog Chansey PogChamp
[23:42:36] <%$Red_Wavve> Pokedex triple bingo
[23:42:49] <%$Red_Wavve> put all pokedex entries into one gigantic bingo
[23:42:50] <%+FlareyPwns2> blessed run
[23:42:56] <@%VulshokSorcerer> we almost have an info bingo
[23:43:01] <@%VulshokSorcerer> just need baby medic
[23:43:04] <%$Red_Wavve> First three gets wins
[23:43:06] <kidumbra> !jynx
[23:43:06] <@%BotGotsThis> Congratulations strimmer on losing the race! keizaLUL
[23:43:12] Viewerstats (23:15-23:43): avg:172 min:160 max:178 [15/178-1-1+1-7+0+0+2+0+5-1-5-1-10+8]
[23:43:49] <%$Red_Wavve> bLeSsInGs Be UpOn YoU sTrImMeR
[23:43:53] <kidumbra> One Long Gal
[23:44:00] <Eitanm> I've reached the point where dragons with sticks doesn't auto-win :'(
[23:44:23] <callmeben> !sellout
[23:44:23] <@%BotGotsThis> Next sellout stream: June 16-17 | Rules: https://pastebin.com/CNuRiR04 | Sub Incentives: TBA | Schedule: TBA
[23:44:30] <%$Red_Wavve> shoutouts to smash 5 btw
[23:44:44] <Eitanm> Nvm we good
[23:45:41] <%$Red_Wavve> Huh
[23:45:42] <@%BotGotsThis> huh™
[23:45:53] <%$Red_Wavve> “I’ve been spending more time with Entei than my kids”
[23:45:57] <%$Red_Wavve> This seems familiar
[23:46:04] <%$Red_Wavve> I’m not sure why
[23:46:44] <+Zodrow15> hey keiz
[23:46:54] <%$Red_Wavve> Wasn’t there a Pokémon movie or something that had that happening
[23:47:32] <+Zodrow15> doing good, just got home work with a 12" chocolate chip cookie cake, chocolate frosting, topped with butterfingers, snickers and heath pieces
[23:49:28] MOD: KirbymastaH
[23:49:28] UNMOD: imasquirel
[23:49:44] <+Zodrow15> ever head an angel food jelly roll?
[23:49:59] <+breakerofwaves> FrankerZ
[23:50:13] <+Zodrow15> basicaally its angel food with fruite filling rolled up
[23:51:34] <kidumbra> Gunner!? Jebaited
[23:51:47] <%$Temporal_Ice> Ohh baby, crystal is back
[23:51:54] <kidumbra> speaking of frauds did you hear about the yellow WR
[23:52:45] <kidumbra> I was so stoked when I managed to catch it from like, Surge on?
[23:52:54] UNMOD: Ouro
[23:53:15] <kidumbra> I mean pounding someone is pretty harsh Kappa
[23:53:33] <kidumbra> oof
[23:53:39] <dasdingus> LUL
[23:53:47] <kidumbra> my b, forgot about that
[23:54:03] <%$Temporal_Ice> !sellout
[23:54:04] <@%BotGotsThis> Next sellout stream: June 16-17 | Rules: https://pastebin.com/CNuRiR04 | Sub Incentives: TBA | Schedule: TBA
[23:54:49] <kidumbra> happy 83 pokes, Keiz LUL
[23:55:18] <kidumbra> that's not the roamer Tentacruel Jebaited
[23:56:04] <kidumbra> yes, though I forget the third roamer slot now
[23:56:59] <@%VulshokSorcerer> weedle
[23:57:08] <@%VulshokSorcerer> and... I forget
[23:57:09] <kidumbra> you forgot the baby! NotLikeThis
[23:57:14] <%+FlareyPwns2> yes hypno, you exist
[23:57:35] <kidumbra> !allthehits Hypno
[23:57:36] <@%BotGotsThis> Dear Diary, today I was hit by Hypno FIVE TIMES.
[23:58:05] <kidumbra> Grayscale shiny DansGame
[23:58:56] <@%Sly_Envy> sup keiz
[23:59:16] <kidumbra> sly aurHi
