# Log started: 2018-06-13 00:02:11 +0200
[23:55:09] UNMOD: MrDuckSpace
[00:02:11] UNMOD: Chdxd1
[00:04:43] UNMOD: Aval0nTV
[00:17:20] UNMOD: Moobot
[00:19:53] MOD: Moobot
[00:24:58] UNMOD: Moobot
[00:27:21] MOD: Moobot
[00:29:46] MOD: Zanderlp
[00:47:45] UNMOD: Zanderlp
[01:06:12] MOD: Zanderlp
[01:09:26] UNMOD: Zanderlp
[01:56:49] UNMOD: Mod4YouBOT, recklessGreed, Moobot
[01:57:43] MOD: recklessGreed, Moobot, Mod4YouBOT
[01:58:44] UNMOD: recklessGreed, Moobot, Mod4YouBOT
[03:36:32] MOD: recklessGreed, Moobot, Mod4YouBOT
[03:38:41] UNMOD: Mod4YouBOT, recklessGreed, Moobot
[03:41:28] MOD: Mod4YouBOT, recklessGreed, Moobot
[04:53:55] [Info] missmoep has gone offline. Exiting host mode.
[05:03:19] UNMOD: Mod4YouBOT
[05:05:34] MOD: Mod4YouBOT
[08:04:24] UNMOD: Mod4YouBOT
[08:13:25] MOD: Mod4YouBOT
# Log closed: 2018-06-13 08:34:35 +0200
-
