# Log started: 2018-06-04 22:51:19 +0200
[22:51:19] Trete #zanderlp bei..
[22:51:19] ~Lasst uns Kohle verdienen! (House Flipper)~
[22:51:19] #zanderlp beigetreten
[22:51:19] MOD: Zanderlp, Moobot, Mrduckspace, Mod4youbot, Aval0ntv, Aysli
[22:51:41] <%diabolo94> ich würd en waschbecken nehmen
[22:51:43] <highnoon_boz> das is für die küche XD
[22:52:19] <%$PSNTigeryt> GG
[22:52:35] <%+Maximilinator> Die Übersetzungen sind teilweise etwas unglücklich, da hast du recht ^^
[22:52:38] <@%+Mod4YouBOT>* Ihr wollt auf dem neusten Stand bleiben? Dann holt euch den Newsletter auf euer WhatsApp! Weitere Infos dazu findet ihr hier: https://pushr.me/ zanderHype |-| Hier gibt es auch eine Video-Erklärung: https://m4u.link/zander/BotClip . Sollte der Bot bei euch nicht antworten, löscht einfach die Nummer, erstellt den Kontakt neu und schreibt ihn erneut mit !start an! zanderLachen
[22:52:42] MOD: recklessGreed, Derjonmelsungen
[22:53:02] <+Domino17102000> wie er das game voll feiert
[22:53:10] <+FunPlayer_TV> moin zander
[22:53:11] <@%MrDuckSpace> Domino17102000 nicht nur er :D
[22:53:38] <+Domino17102000> @zanderlp mach das doch als Reallife Projekt und raum deine Wohnung auf😂😂
[22:53:40] <%$Anni__96> Die Farben sind teilweise echt nicht schön
[22:53:59] <@%MrDuckSpace> Anni__96 blau ist schön :D
[22:54:14] Viewerstats (22:53-22:53): avg:351 min:351 max:351 [1/351]
# Log closed: 2018-06-04 22:54:14 +0200
-
# Log started: 2018-06-04 22:57:29 +0200
[22:57:29] Trete #zanderlp bei..
[22:57:29] ~Lasst uns Kohle verdienen! (House Flipper)~
[22:57:29] #zanderlp beigetreten
[22:57:34] <@%+Mod4YouBOT>* Runtime-GGs Produkte sind speziell auf Gamer abgestimmt und nicht nur schnell und einfach zubereitet, sondern auch noch gesund und lecker zanderLove Hier gibt es weitere Infos: https://runtime.idevaffiliate.com/127.html *PP* |-| Der aktuelle RabattCode (10%) lautet: "zander"
[22:57:37] <unluckyprime> !uptime
[22:57:37] <@%+Mod4YouBOT>* Zander ist online seit 3 Stunden 17 Minuten.
[22:57:43] <@%MrDuckSpace> MissPlayOne zanderHi
[22:57:44] <@%+MrDaVuille> Ja abend :)
[22:57:45] <+neovespa_stream> hi @MissPlayOne
[22:57:57] <MissPlayOne> @neovespa_stream Na
[22:58:01] <@%+Aval0nTV> moin daniel @MrDaVuille
[22:58:03] <%$Anni__96> Nabend @MrDaVuille
[22:58:05] <SmekAC> ist er muted?
[22:58:07] <MissPlayOne> @MrDuckSpace hallu
[22:58:10] <%$Kristallopyr> nächste Badmission, sobald du fliesen musst bekommst du den Skill
[22:58:14] <%misskissmona92> @zanderlp kannst du eigentlich da auch rasen mähen?
[22:58:20] <@%MrDuckSpace> SmekAC bei mir nicht :D
[22:58:21] <%+Maximilinator> Ok, tschau Leute ^^
[22:58:21] <+neovespa_stream> Wie gehts dir ? @MissPlayOne
[22:58:22] <highnoon_boz> entweder du kaufst dir ein neues Haus dann bekommst du die Fehigkeit mit dem Fliesenlegen oder du machst die mission dazu @ZanderLP
[22:58:31] <Ja_moin04> @mrduckspace mit was angemeltet
[22:58:34] <bastisti> kakao
[22:58:37] <MissPlayOne> @neovespa_stream gut und dir ?
[22:58:38] <%$PSNTigeryt> 10k ist gut für das kleine stück Arbeit
[22:58:43] <@%MrDuckSpace> Ja_moin04 bei ig ;)
[22:58:51] <Dim0shn> Hey mukkaHai
[22:59:12] <@%MrDuckSpace> Dim0shn zanderHi
[22:59:17] <highnoon_boz> So hats HerrBergmann gemacht XD
[22:59:29] <@%+MrDaVuille> 3
[22:59:31] <bastisti> 3
[22:59:31] <%+Maggo_xd_> 3
[22:59:31] <+schaelerheinz92> 1
[22:59:32] <MissPlayOne> geister DansGame
[22:59:32] <SmekAC> 3
[22:59:33] <%darkness13> 3
[22:59:33] <%derfenchelhd> 3
[22:59:34] <%misskissmona92> 3
[22:59:34] <%+Kapfi2000> 3
[22:59:34] <Duendar> 3
[22:59:35] <+oTeSoRo> 1
[22:59:37] <%papsi94> 1
[22:59:37] <%+leviplayer11> 1
[22:59:37] <Patrox1992> 2
[22:59:37] <deadtrion_> 3
[22:59:37] <mrdisaster137> kannst du die Aussenwände vom Haus einreissen
[22:59:38] <m4ult4sche> 3
[22:59:39] <Tuhlia> 3
[22:59:39] <%diabolo94> 3
[22:59:39] <Peettea> 3
[22:59:40] <%+vemneymar> 3
[22:59:41] <Sellotron> 1
[22:59:41] <%$IA_99> 3
[22:59:42] <thecoopter> 3
[22:59:42] <megaboni> 3
[22:59:42] <gtimeheld> 3
[22:59:43] <Duendar> 4
[22:59:44] <ibimskevin231> 3
[22:59:46] <%tigerschnauze> 3
[22:59:46] <%+koenig2012> 3
[22:59:47] <TigerThor21> 3
[22:59:47] <Rene_Wlk> 3
[22:59:47] <%Tomatenzwerg> 3
[22:59:47] <Ja_moin04> 3
[22:59:48] <+Malzbiermann> 3
[22:59:48] <highnoon_boz> 3
[22:59:50] <%+MrBlack1998> 3
[22:59:50] <%$PSNTigeryt> 3
[22:59:51] <@%MrDuckSpace> 54 KappaHD
[22:59:53] <Maxigel12> 3
[22:59:54] <@%+Aval0nTV> 9
[22:59:55] <FeuxLp0> 3
[22:59:59] <%tobi26092000> 3
[22:59:59] <max23432> 3
[22:59:59] Viewerstats (22:59-22:59): avg:350 min:350 max:350 [1/350]
# Log closed: 2018-06-04 22:59:59 +0200
-
