# Log started: 2018-06-11 23:19:20 +0200
[23:19:20] Trete #zanderlp bei..
[23:19:20] ~Kann ich es noch? (Fortnite)~
[23:19:20] #zanderlp beigetreten
[23:19:20] MOD: Mod4youbot, Zanderlp, Aval0ntv, Chdxd1, Derjonmelsungen, Mrduckspace, Moobot, Aysli
[23:19:21] <ByFox_x> Nacht* haha
[23:19:26] <@%MrDuckSpace> Tomatenzwerg byebye :D
[23:19:46] <%Tomatenzwerg> zanderLove zanderFlosse
[23:20:15] <%$PSNTigeryt> bin jetzt auch wieder da MercyWing1 zanderLove MercyWing2
[23:21:01] <+SalahHeIsOnFire> !coins
[23:21:07] <%sohaila1> bestimmte Uhrzeit wann heute Ende ist ? ^^ müsste eig auch mal schlafen xD
[23:21:22] <@%+Mod4YouBOT> salahheisonfire: 31 Coins
[23:21:25] <@%MrDuckSpace> sohaila1 nicht das ich wüsste :D
[23:21:35] <+SalahHeIsOnFire> tschau ich geh schlafen gut nacht
[23:21:35] MOD: recklessGreed
[23:21:38] <+SalahHeIsOnFire> !hype
[23:21:38] <@%+Mod4YouBOT> zanderHype zanderLove zanderHype zanderLove zanderHype zanderLove zanderHype zanderLove zanderHype zanderLove zanderHype zanderLove zanderHype zanderLove zanderHype zanderLove zanderHype zanderLove zanderHype zanderLove zanderHype zanderLove zanderHype zanderLove zanderHype zanderLove
[23:21:39] <Fabi_2811_> find das irgendwie nicht so nice das man instant tot ist
[23:21:55] <@%MrDuckSpace> SalahHeIsOnFire zanderHi
[23:22:01] <@%MrDuckSpace> zanderBye * xD
[23:22:03] <%sohaila1> @mrduckspace alles klar danke ^^
[23:22:07] <Jeffderkiller1> @Fabi_2811_ ja das ist kake
[23:22:10] <haefijunior> !coins
[23:22:22] <@%+Mod4YouBOT> haefijunior: 911 Coins
[23:22:35] <Jeffderkiller1> !hype
[23:22:36] <@%+Mod4YouBOT> zanderHype zanderLove zanderHype zanderLove zanderHype zanderLove zanderHype zanderLove zanderHype zanderLove zanderHype zanderLove zanderHype zanderLove zanderHype zanderLove zanderHype zanderLove zanderHype zanderLove zanderHype zanderLove zanderHype zanderLove zanderHype zanderLove
[23:23:17] <Jeffderkiller1> gute nacht
[23:23:19] <%+lampo1> by
[23:23:33] <dersuchty4life> Gute nacht an alle
[23:23:39] <+dercryptex_hd> Geil ich komme rein... Stream ist zu ende D:
[23:23:41] <Targanas> !coins
[23:23:46] <+TheRedGull> Gute Nacht Zander PokPikachu
[23:23:51] <Jeffderkiller1> !coins
[23:23:53] <@%+Mod4YouBOT> targanas: 1080 Coins | jeffderkiller1: 676 Coins
[23:23:58] <@%MrDuckSpace> Ich wünsche euch noch einen wunderschönen Abend ;)
[23:24:04] <@%+Mod4YouBOT>* zanderLachen Spaß am Zocken? => Spiele bis zu 70% günstiger bekommst du bei InstantGaming: http://www.instant-gaming.com/de/?igr=Zander |-| *PP*
[23:24:07] <Jeffderkiller1> gute nacht an allle !!
[23:24:07] <%sohaila1> Gute Nacht zusammen schönen Abend noch zanderFlosse zanderLove
[23:24:11] <@%MrDuckSpace> !timer off !partner
[23:24:13] <ben_fxl> gute nacht
[23:24:15] <haefijunior> Gute Nacht @Zander/@chat und bis morgen
[23:24:17] <%+kiari81> Nachtl
[23:24:38] <%+Warrior_II> N8 zanderLachen zanderLove zanderFlosse
[23:24:45] <%+bikeraider> zanderLove
[23:24:45] <%$PSNTigeryt> bin jetzt auch wieder da
[23:24:50] <%$PSNTigeryt> ok und bye
[23:24:58] <%$PSNTigeryt> zanderCry zanderCry
[23:25:27] <@%MrDuckSpace> PSNTigeryt Nachti ;)
[23:28:11] UNMOD: Chdxd1, Zanderlp
[23:30:01] ~Stream offline~
[23:30:01] ~Stream offline~
[23:30:43] UNMOD: Aval0ntv
[23:32:24] <+heavenyevery> dnizztvBlessingSmash dnizztvPudgeTroll dnizztvPudgeTroll
[23:40:17] UNMOD: Aysli
[23:49:36] Viewerstats (23:19-23:27): avg:333 min:330 max:337 [6/337-7+4+3-7+0_]
[23:55:58] UNMOD: MrDuckSpace
# Log closed: 2018-06-11 23:56:06 +0200
-
