# Log started: 2018-07-05 07:49:14 +0200
[07:49:14] Trete #zanderlp bei..
[07:49:14] #zanderlp beigetreten
[07:49:14] ~Stream offline~
[07:49:14] ~Stream offline~
[07:49:21] You have left #zanderlp
# Log closed: 2018-07-05 07:49:21 +0200
-
# Log started: 2018-07-05 18:46:04 +0200
[18:46:04] Trete #zanderlp bei..
[18:46:04] ~Fortnite Community Runden! - Später Rainbow und evtl. Frostpunk! Fr & Sa Streamfrei! (Fortnite)~
[18:46:04] #zanderlp beigetreten
[18:46:09] <+butz22> jo
[18:46:12] <+butz22> was geht
[18:46:13] <%Sgt__Lennox> frostpunk ist wirklich mega nice <3
[18:46:17] <%giannnhd> @everyone was ist frostpunk 😅
[18:46:17] <palutengirl_real1401> @aval0ntv Ok
[18:46:30] <@%$recklessGreed> Fischi Fischi Fischi <3
[18:46:32] <%+angel_6_9_6> oha ich halt diesesmal die klappe bei frostpunk XD
[18:46:35] <+butz22> alles gut und dir
[18:46:42] <@%+Aval0nTV> !ts
[18:46:42] <MLG_P4nd4_> bin schon im ts
[18:46:42] <@%+Mod4YouBOT>* Den offiziellen Teamspeak von Zander findet ihr unter zanderlp.de |-| Jetzt exklusiv mit Subscriberrang: https://m4u.link/zlpSubrang zanderLove zanderHype
[18:46:46] <MLG_P4nd4_> nicht
[18:46:47] <MLG_P4nd4_> Kappa
[18:46:50] [Notification] uuuhfishy just subscribed with a Tier 1 sub!
[18:46:56] <@%+Aval0nTV> !hype
[18:46:59] <@%+Mod4YouBOT> zanderHype zanderLove zanderHype zanderLove zanderHype zanderLove zanderHype zanderLove zanderHype zanderLove zanderHype zanderLove zanderHype zanderLove zanderHype zanderLove zanderHype zanderLove zanderHype zanderLove zanderHype zanderLove zanderHype zanderLove zanderHype zanderLove
[18:47:07] <%tigerschnauze> Moin zander und chat was geht
[18:47:09] <%cxrxlxn15> !hype
[18:47:10] <@%+Mod4YouBOT> zanderHype zanderLove zanderHype zanderLove zanderHype zanderLove zanderHype zanderLove zanderHype zanderLove zanderHype zanderLove zanderHype zanderLove zanderHype zanderLove zanderHype zanderLove zanderHype zanderLove zanderHype zanderLove zanderHype zanderLove zanderHype zanderLove
[18:47:11] <palutengirl_real1401> @giannnhd Wirst du Gleich Sehen :)
[18:47:17] MOD: Moobot, Flextechztv, Aval0nTV, Zanderlp, Newcrafterhd, recklessGreed, Mod4YouBOT
[18:47:21] <MLG_P4nd4_> heute snack ich mir safe omega
[18:47:24] <%tigerschnauze> zanderHype zanderHype zanderHype zanderHype
[18:47:28] <%stahlkappe> @zanderlp Weißt du wann Schaltkreiskiller in den Shop kommt?
[18:47:31] <%+angel_6_9_6> @ZanderLP ich warte auf den moment wo du mal sagst schön das du NICHT da bist angel XD XD XD
[18:47:37] <palutengirl_real1401> mein tablet ist auf 9% akku Kagge xd
[18:48:07] <%stahlkappe> #
[18:48:14] <%+angel_6_9_6> @ZanderLP <3
[18:48:16] <%+Bluue_live> zanderHi zanderHi
[18:48:17] <MLG_P4nd4_> was krieg ich denn für sonderstatus
[18:48:26] <+Markus_Ebi> moin zander
[18:48:29] <MLG_P4nd4_> Kappa
[18:48:31] [Notification] darkpaw3232 just subscribed with a Tier 1 sub. darkpaw3232 subscribed for 16 months in a row!
[18:48:32] <%stahlkappe> *Schaltkreiskiller ist ein Skin
[18:48:34] <@%+Aval0nTV> @ZanderLP und was ist mit aktiven mods? Kappa
[18:48:36] <@%+Aval0nTV> zanderHype zanderLove zanderHype zanderLove zanderHype zanderLove zanderHype zanderLove zanderHype zanderLove zanderHype zanderLove zanderHype zanderLove zanderHype zanderLove zanderHype zanderLove zanderHype zanderLove zanderHype zanderLove zanderHype zanderLove zanderHype zanderLove
[18:48:42] <%giannnhd> jo was ist nochmal die adresse vom ts
[18:48:49] <%PattiXY> Ich dachte Greasy gehört dir zanderHaft
[18:48:51] <@%+Aval0nTV> !ts @giannnhd
[18:48:51] <@%+Mod4YouBOT>* Den offiziellen Teamspeak von Zander findet ihr unter zanderlp.de |-| Jetzt exklusiv mit Subscriberrang: https://m4u.link/zlpSubrang zanderLove zanderHype giannnhd
[18:48:52] <%Russpelz_> wunder schönen guten abend mister @zanderlp und fischis 🐟 im chat und hallo mods 💜,ich hoffe euch geht es gut zanderHi
[18:49:00] <%+angel_6_9_6> @ZanderLP boar mit 34 brauch man das eigentlich nicht mehr ... aber wehe wir sehen uns auf der GC nicht dann muss ich glaub ich heulen
[18:49:03] <%giannnhd> thx @aval0ntv
[18:49:32] <@%+Mod4YouBOT>* Ihr wollt auf dem neusten Stand bleiben? Dann holt euch den Newsletter auf euer WhatsApp! Weitere Infos dazu findet ihr hier: https://pushr.me/ zanderHype |-| Hier gibt es auch eine Video-Erklärung: https://m4u.link/zander/BotClip . Sollte der Bot bei euch nicht antworten, löscht einfach die Nummer, erstellt den Kontakt neu und schreibt ihn erneut mit !start an! zanderLachen
[18:49:33] <+Freundeslisre> hey ho!
[18:49:49] <DerNils> mooiiin
[18:49:51] <%Sgt__Lennox> @ZanderLP in rainobw heute deinen smurf hochspielen oder was ? LUL <3 <3
[18:50:00] <likearewinside> Hey @zanderlp
[18:51:35] <%PattiXY> @Sgt__Lennox Hatter heute mittag schon gemacht dann kann er jetzt Ranken
[18:51:44] <%tigerschnauze> ich kann kein Rainbow Six spielen denn das Spiel hängt sich die ganze Zeit auf und das ist kake
[18:51:49] <%Sgt__Lennox> PattiXY ok nice
[18:52:08] MOD: Terrarionchris
[18:52:41] <MLG_P4nd4_> bist du etwa schon diamong
[18:52:43] <MLG_P4nd4_> d?
[18:52:46] <%Sofazocker_1> zanderHi zanderHi zanderFlosse zanderFlosse zanderHi zanderHi zanderFlosse zanderFlosse
[18:52:54] <%Sofazocker_1> @zanderlp zanderHi zanderHi zanderFlosse zanderFlosse zanderHi zanderHi zanderFlosse zanderFlosse
[18:53:06] <@%+Aval0nTV> von diamongigkeit her? @MLG_P4nd4_ :p
[18:53:07] <%Russpelz_> mods ,subs und stammzuschauer haben bei zander sowiso somderstatus Kappa
[18:53:20] <%stahlkappe> Hi @aval0ntv
[18:53:22] <MLG_P4nd4_> @Aval0nTV Genaung
[18:53:42] <%seifeofficial> Moin
[18:53:47] <chillosos> Hi
[18:53:53] <chillosos> Wie gehts
[18:54:06] <@%+Aval0nTV> @Russpelz_ das stimmt nicht! für zander ist ein nonsub, der gerade neu dazu kommt genau so viel wert wie ein 3 jahre sub
[18:54:32] <@%+Mod4YouBOT>* Runtime-GGs Produkte sind speziell auf Gamer abgestimmt und nicht nur schnell und einfach zubereitet, sondern auch noch gesund und lecker zanderLove Hier gibt es weitere Infos: https://runtime.idevaffiliate.com/127.html *PP* |-| Der aktuelle RabattCode (10%) lautet: "zander"
[18:54:36] <%+angel_6_9_6> @ZanderLP boar mit 34 brauch man das eigentlich nicht mehr ... aber wehe wir sehen uns auf der GC nicht dann muss ich glaub ich heulen
[18:54:45] <MLG_P4nd4_> @Russpelz_ Genau und leute die nicht subs sind sind ihm nichts wert
[18:54:48] <%Sofazocker_1> zanderGeGe zanderGeGe zanderGeGe zanderGeGe zanderGeGe zanderGeGe
[18:54:49] <MLG_P4nd4_> Kappa Kappa Kappa
[18:54:53] <chillosos> Oh
[18:54:54] <%Russpelz_> @aval0ntv das weiß ich doch avalon deswegen auch der Kappa
[18:54:56] <MLG_P4nd4_> bevor ich gebannt werde xD
[18:54:57] <chillosos> Hi
[18:55:04] <chillosos> Wie gehts
[18:55:07] <%+Lets_crafter> hi zander
[18:55:07] <%stahlkappe> !hype
[18:55:07] <@%+Mod4YouBOT> zanderHype zanderLove zanderHype zanderLove zanderHype zanderLove zanderHype zanderLove zanderHype zanderLove zanderHype zanderLove zanderHype zanderLove zanderHype zanderLove zanderHype zanderLove zanderHype zanderLove zanderHype zanderLove zanderHype zanderLove zanderHype zanderLove
[18:55:10] <%+Hessy250> Das War sein plan
[18:55:14] <%Russpelz_> leute das war ein Kappa das war ein scherz
[18:55:19] <chillosos> Hi wie gehts
[18:55:21] <%SchnekSchnek> moin zanderFlosse
[18:55:30] <%+AtommoehrenTV> muuuh <3
[18:55:33] <@%+Aval0nTV> @chillosos bitte nicht wiederholen ;)
[18:55:38] <%Russpelz_> @mlg_p4nd4_ das war ein Kappa ein scherz von mir
[18:55:39] <@%+Aval0nTV> moin AtommoehrenTV :)
[18:55:44] <%Sgt__Lennox> na was treibta so ?
[18:55:48] <%tigerschnauze> bin mal weg komme später wieder
[18:55:57] <%+AtommoehrenTV> Alles fit ?
[18:55:58] <%+tobse3> hey zander! ;)
[18:56:01] <%+kerx12> ja guten abend
[18:56:02] <MLG_P4nd4_> @Russpelz_ Kein eahnung worums ging hab nur avalons kommentar gelesen
[18:56:05] <$itsg52> Moin
[18:56:06] <%+AtommoehrenTV> Gibts was neues zu Frankfurt? @ZanderLP
[18:56:07] <%cxrxlxn15> @tigerschnauze bis später zanderFlosse
[18:56:10] <%SchnekSchnek> ab wann kommt frostpunk o. RS6
[18:56:44] <%PattiXY> Heißt das es gibt wieder Vlogs ?
[18:56:53] <chillosos> Du hast einen coolen Namen
[18:56:57] <%SchnekSchnek> so ein mist ich kann nämlich nicht mehr lange
[18:56:57] <%+Lets_crafter> hi zander ich war der heute bei rainbow mit dem kaputten Mikro
[18:56:58] <%+AtommoehrenTV> Ja war schon etwas nicht mehr da immer nur mal kurz! Selbst viel zutun! Hab das nicht mehr so mitbekommen ! Deswegen wollte ich mich mal Erkundigen <3 :D @ZanderLP
[18:57:03] <palutengirl_real1401> immer wenn ich Avalons Namen Lese Denke Ich An Den Avalon Aus Utopia Von Chaosflo44 Kappa xD
[18:57:06] <%seifeofficial> @ZanderLP hattest du eben mein tweet gelesen? Mit Rainbow? SwiftRage NotLikeThis
[18:57:22] <%Russpelz_> warum werden icj eig so oft falsch verstanden ? ich solte echt keine witzr machen die kenn immer nach hinten los ob mit Kappa oder oh e
[18:57:37] [Notification] N3meS just subscribed with Twitch Prime. N3meS subscribed for 3 months in a row! [hi]
[18:57:45] <%cxrxlxn15> !hype
[18:57:45] <@%+Mod4YouBOT> zanderHype zanderLove zanderHype zanderLove zanderHype zanderLove zanderHype zanderLove zanderHype zanderLove zanderHype zanderLove zanderHype zanderLove zanderHype zanderLove zanderHype zanderLove zanderHype zanderLove zanderHype zanderLove zanderHype zanderLove zanderHype zanderLove
[18:57:52] <%SchnekSchnek> JAWOLL
[18:58:04] <RaphizeTV> Kannst du mir Asus empfehlen? Überlege mir einen Laptop von denen zu kaufen ?
[18:58:19] <@%+Aval0nTV> @SchnekSchnek auchfür dich - bitte nicht in caps schreiben ;)
[18:58:20] <%+Lets_crafter> hi zander ich war der heute bei rainbow mit dem kaputten Mikro
[18:58:24] <%+iceyyyiyy> zanderHi
[18:58:40] <%SchnekSchnek> @aval0ntv ok zanderHaft
[18:58:59] <RaphizeTV> ?
[18:59:10] <%SchnekSchnek> doof das er noch kein blulife hat
[18:59:15] <%SchnekSchnek> blue
[18:59:32] <@%+Mod4YouBOT>* zanderLachen Spaß am Zocken? => Spiele bis zu 70% günstiger bekommst du bei InstantGaming: http://www.instant-gaming.com/de/?igr=Zander |-| *PP*
[18:59:37] <%stahlkappe> @aval0ntv Was sind Caps?
[18:59:39] <%PattiXY> Beste Taktik sich selbst in die Ecke drengen xD zanderGeGe
[18:59:39] <haefijunior> Moinsen
[19:00:19] [Notification] Jack_Incredible just subscribed with Twitch Prime. Jack_Incredible subscribed for 14 months in a row! [Eine Google-Suchanfrage benötigt bei Google ca. 1 Wattstunde an Strom.]
[19:00:22] <%+Bluue_live> Lawl ich habe mich gerade voll Angesprochen gefühlt xD
[19:00:27] <@%+Aval0nTV> @stahlkappe caps -> capslock -> grossschreibtaste aktiviert
[19:00:29] <@%+Aval0nTV> zanderHype zanderLove zanderHype zanderLove zanderHype zanderLove zanderHype zanderLove zanderHype zanderLove zanderHype zanderLove zanderHype zanderLove zanderHype zanderLove zanderHype zanderLove zanderHype zanderLove zanderHype zanderLove zanderHype zanderLove zanderHype zanderLove
[19:00:37] <%stahlkappe> ok
[19:00:40] <RaphizeTV> Kannst du mir Asus empfehlen? Überlege mir einen Laptop von denen zu kaufen ?
[19:00:45] <%PattiXY> zanderLove zanderHype zanderLove zanderHype zanderLove zanderHype zanderLove zanderHype zanderLove zanderHype zanderLove zanderHype
[19:00:57] <dabastiii> Hiiii
[19:00:59] <%cxrxlxn15> !hype
[19:01:00] <@%+Mod4YouBOT> zanderHype zanderLove zanderHype zanderLove zanderHype zanderLove zanderHype zanderLove zanderHype zanderLove zanderHype zanderLove zanderHype zanderLove zanderHype zanderLove zanderHype zanderLove zanderHype zanderLove zanderHype zanderLove zanderHype zanderLove zanderHype zanderLove
[19:01:08] <SporeNico> Moin Moin Zander und Chat :)
[19:01:17] <%Russpelz_> @aval0ntv nur so das mit dem sub und so was ich vorhin geschrieben hab war nicht ernst gemeint hab ja ein kappa dahinter gesetzt das war nur ein kleiner scherz deywegen auch der Kappa am ende
[19:01:22] <%+Lets_crafter> er meinte kilowattstunde
[19:01:25] <%SchnekSchnek> wenn man eine Stunde durchs mehr wattet LUL
[19:01:25] <%+angel_6_9_6> w/h halt und keine kw/h
[19:01:26] <%stahlkappe> @sporenico Sphallo
[19:01:27] <dabastiii> Was geht Zannnnder :D
[19:01:30] <%+Lets_crafter> kwh
[19:01:33] <Metadr0n> nabend digga was ist los auf deinem kanal? die viewerzahlen sinken ja immer weiter.=/
[19:01:36] <%stahlkappe> 1% akku bye
[19:01:40] <%Cyb3rStream> Hey ihr Garnelen... ähhhh fische
[19:01:40] <@%+Aval0nTV> @Russpelz_ habe ich registriert ;)
[19:01:44] <%+angel_6_9_6> @Lets_crafter wieso es gibt auch watt pro stunde
[19:01:45] <RaphizeTV> Kannst du mir Asus empfehlen? Überlege mir einen Laptop von denen zu kaufen ?
[19:01:45] <palutengirl_real1401> Oh gott meine Insta-RP Collegen Nerven Grade Mega ..... :( Vorallendingen Noch Englische RP-Collegen
[19:01:51] <SporeNico> Gut wie immer :P
[19:01:53] <%Russpelz_> @aval0ntv oky
[19:01:56] <%+Jack_Incredible> Eine Wattstunde entspricht der Energie, welche ein System (z. B. Maschine, Mensch, Glühlampe) mit einer Leistung von einem Watt in einer Stunde aufnimmt oder abgibt.
[19:02:01] <Schuppenfrei_TV> !coins
[19:02:16] <@%+Mod4YouBOT> schuppenfrei_tv: 686 Coins
[19:02:23] <%Cyb3rStream> !coins
[19:02:24] <%cxrxlxn15> !coins
[19:02:27] <@%nessy2go> zanderHi
[19:02:31] <@%+Mod4YouBOT> cyb3rstream: 4880 Coins | cxrxlxn15: 375 Coins
[19:02:39] <%Cyb3rStream> @nessy2go Hey :D
[19:02:40] <haefijunior> Hey @nessy2go wie gehts
[19:02:44] <%Russpelz_> @nessy2go hey zanderHi
[19:02:50] <%+Nitroduck> !coins
[19:02:53] <%+Lets_crafter> @angel_6_9_6 gut dann kann man auch einfach 1 watt schreiben
[19:03:01] <@%+Mod4YouBOT> nitroduck: 607 Coins
[19:03:02] <dabastiii> moin moin
[19:03:04] <@%+Aval0nTV> nabend liebe nessy2go
[19:03:15] <%+peschii> moin @ZanderLP alles fit?
[19:03:15] <haefijunior> !coins
[19:03:22] <@%nessy2go> zanderLove zanderLove hoffe euch geht’s gut @ Chat
[19:03:27] <%+Lets_crafter> !points
[19:03:29] <%+angel_6_9_6> aber es wird ja in std abgerechnet also w/h XD @Lets_crafter
[19:03:31] <@%+Mod4YouBOT> haefijunior: 1066 Coins
[19:03:41] <RaphizeTV> Kannst du mir Asus empfehlen? Überlege mir einen Laptop von denen zu kaufen ? @zanderlp
[19:03:44] <%+peschii> Aber sicher @nessy2go
[19:04:03] <@%+fleXtechZTV> ZanderLP zanderFlosse zanderFlosse zanderFlosse zanderFlosse
[19:04:04] <%Sgt__Lennox> klar @nessy2go trägt er wieder diese unglaublich stylische hose oder hast du dich durchgesetzt? :D <3
[19:04:06] <%+Lets_crafter> @angel_6_9_6 lol kenn mich nicht so gut aus
[19:04:14] <%Sgt__Lennox> moin flex <3
[19:04:17] <%cxrxlxn15> @nessy2go juup zanderHype
[19:04:18] <%$lukakakakas> habe den WoW livestream nachgeholt und währenddessen mein char auf Sen'jin auf lvl 35 gelevelt ^^
[19:04:21] <%$fetvlp> hallöle
[19:04:29] <%Russpelz_> @nessy2go ja klar bis auf erkältung super hab vorhin blutus kopfhörer mit mikro geschenk. brkommen
[19:04:32] <@%+Mod4YouBOT>* ** Der NEUE Merch ist da ** zanderHype Die mega geilen Caps findet ihr hier, die Hoodies sind leider bereits ausverkauft: https://www.zanderstore.de/ zanderGeGe
[19:04:38] <RaphizeTV> 🙏
[19:04:38] <%+TobyTune> Ola :D
[19:04:50] <%+kerx12> @ZanderLP wow wäre ich auch dabei ^^
[19:05:12] <%$fetvlp> Hä hallo meine ist doch voll Knorke xDDD
[19:05:15] <%+angel_6_9_6> @Lets_crafter naja n bissle was is aus der schule noch hängen geblieben
[19:05:28] <%+kerx12> @ZanderLP auf dem gleichen server vom letzten mal ?
[19:05:31] MOD: nessy2go
[19:05:43] <%$fetvlp> kerx12 Ungoro Area52 Senjin
[19:05:53] <%$lukakakakas> Hätte mega Bock, aber da müssten halt schon paar aus der com noch auf Sen'jin anfangen ^^
[19:06:01] <%Sgt__Lennox> angel_6_9_6 du warst in der schule ?
[19:06:39] <%sohaila1> Guten Abend zusammen zanderFlosse zanderHi
[19:07:09] <@%+Aval0nTV> huhu sohaila1
[19:07:26] <%+Lets_crafter> @angel_6_9_6 bin erst 7 klasse und hi @sohaila1 zanderLachen zanderLachen zanderFlosse zanderHi
[19:07:28] <salzzstreuer> GUTEN morgen alle zsm (sry caps)
[19:07:31] <palutengirl_real1401> Englische-Instagram-Roleplay-Collegen Von mir ballern Mich grade voll xd Help Me xd MercyWing1 MercyWing2
[19:07:37] <%+angel_6_9_6> @Sgt__Lennox gezwungener massen war sogar mal gut bevor mich die langeweile übermannt hatt
[19:07:48] <%$fetvlp> @ZanderLP könnten ja eine Com-Gilde machen, aber so, dass du kein Stress mit dem VErwalten und so hast... <3
[19:07:55] <%sohaila1> Hallu ^^ @aval0ntv @lets_crafter
[19:08:01] <salzzstreuer> ist @ZanderLP besser geworden boys ?
[19:08:02] <%+angel_6_9_6> @Lets_crafter sollte aber demnächst in physic dran sein
[19:08:12] <sqizl> Wer einen Rdw-Code für 15€ Itunes haben will und Nicht scammer soll mir Flüstern und mir auf Twitch eine Fa schicken <3 cityyLove mckyKussAuge
[19:08:21] <%Sgt__Lennox> angel_6_9_6 kenn ich diese langeweile ist echt ne fiese krankheit ... leider schreibt einen kein Arzt deshalb krank LUL
[19:08:29] <%+Lets_crafter> ja glaub ich auch und danke für die info @angel_6_9_6
[19:08:35] <%+Lets_crafter> zanderLachen zanderFlosse
[19:08:44] BAN: sqizl (1s)
[19:08:44] MOD_ACTION: aval0ntv (timeout sqizl 1 )
[19:08:48] <%+Lets_crafter> zanderGeGe zanderGeGe zanderGeGe
[19:08:50] <sqizl> N
[19:08:51] <@%+fleXtechZTV> zanderGeGe zanderGeGe zanderGeGe zanderGeGe
[19:08:54] <%+Lets_crafter> zanderKo
[19:08:56] <@%nessy2go> zanderGeGe
[19:08:57] <%Sgt__Lennox> LUL der war loooowwww
[19:09:02] <@%+Aval0nTV> @sqizl sowas gehört bitte nicht in den chat!
[19:09:05] <sqizl> Wieso gelöscht? Das ist legal?
[19:09:10] <%Russpelz_> ja pommens fleischkrokete frikandel (nicht frikadelle sondern frikandel ) gibt es bei mir
[19:09:18] <%+angel_6_9_6> @Sgt__Lennox das ist leider wahr
[19:09:24] <@%+Aval0nTV> @sqizl legal oder nicht. das ist hier kein handelsplatz ;)
[19:09:27] <%papsi94> nabend zanderHi
[19:09:32] <@%+Mod4YouBOT>* Ihr wollt auf dem neusten Stand bleiben? Dann holt euch den Newsletter auf euer WhatsApp! Weitere Infos dazu findet ihr hier: https://pushr.me/ zanderHype |-| Hier gibt es auch eine Video-Erklärung: https://m4u.link/zander/BotClip . Sollte der Bot bei euch nicht antworten, löscht einfach die Nummer, erstellt den Kontakt neu und schreibt ihn erneut mit !start an! zanderLachen
[19:09:39] <%Sgt__Lennox> hör ich da nearfritte ? LUL <3
[19:09:43] <%+TobyTune> na boiiis alles fit?
[19:09:55] <%sohaila1> @papsi94 zanderHi
[19:10:05] <%Sgt__Lennox> ne das ist flex LUL
[19:10:12] <@%+Aval0nTV> huhu papsi94. alle sgut bei dir?
[19:10:17] <%seifeofficial> Moin TobyTune ^^
[19:10:19] <%papsi94> @sohaila1 zanderFlosse
[19:10:25] <%+TobyTune> huhu seife :D
[19:10:27] <%Russpelz_> sammmm zanderLove zanderLove
[19:10:31] <%papsi94> @Aval0nTV alles gut und selbst
[19:10:32] <@%+Aval0nTV> nabend TobyTune
[19:10:40] <%+Bluue_live> Saaaaaaaaaaammmm :) zanderLove
[19:10:43] <%+TobyTune> huhu Avalon^^
[19:10:48] <@%+Aval0nTV> kann nicht klagen papsi94 :)
[19:10:53] <SporeNico> Ich mag dein Hund der ist so niedlich haha
[19:11:00] <%Russpelz_> sam is so süß zanderLove
[19:11:05] <%+kerx12> @ZanderLP direkt mein abbo wieder abgeschlossen ^^
[19:11:10] <palutengirl_real1401> OMG ist sam Cuteeeeee PinkMercy
[19:11:19] <%$S04_Sam> zanderFlosse
[19:11:33] <%Dausk02> Guten Abend! :)
[19:11:44] <mitdummheit> Hallo (=
[19:11:53] <palutengirl_real1401> Ich Liebe Hunde Über alles <3 <3 <3 MercyWing1 <3 MercyWing2
[19:11:58] <%Russpelz_> der mobs meiner freundin( klassenkameradin ) bekommt welpen zanderLove
[19:12:17] <mitdummheit> Gut, und dir??
[19:12:30] <mitdummheit> Kann ich auch mitspielen?
[19:12:36] <@%nessy2go> @Russpelz_ ich liebe möpse zanderLove
[19:12:45] UNMOD: fleXtechZTV
[19:12:58] <%Russpelz_> @nessy2go ich find die so kunfig
[19:13:53] <%+Svafnir666> Nabend zusammen
[19:14:32] <@%+Mod4YouBOT>* Runtime-GGs Produkte sind speziell auf Gamer abgestimmt und nicht nur schnell und einfach zubereitet, sondern auch noch gesund und lecker zanderLove Hier gibt es weitere Infos: https://runtime.idevaffiliate.com/127.html *PP* |-| Der aktuelle RabattCode (10%) lautet: "zander"
[19:14:45] <@%+Aval0nTV> @nessy2go ich auch!! Kappa
[19:15:17] <%$landiandi> moin
[19:15:23] <%Russpelz_> @nessy2go das problem is da bin ich erlich ihre wohnung is nicht im top zustand ehre drecki und dunkrl nicht der beste ort für welpen da wird mein herz mega weich ich will einen haben aber meine eltern sagen nein
[19:15:28] <@%+Aval0nTV> moin landiandi
[19:15:45] <@%nessy2go> @Aval0nTV LUL das glaub ich dir aufs Wort
[19:15:56] <@%+Aval0nTV> dachte ich mir ^^
[19:16:03] <%$landiandi> na @Aval0nTV hängst auch schon wieder hier rum? :D
[19:16:29] <@%+Aval0nTV> @landiandi ja klar. hab doch sonst kein leben ;p
[19:17:13] <%Sgt__Lennox> traumleben oder wie nennt man das lUL
[19:17:23] <%Lollipop1908> Hallo an alle und an den Herrn Zander zanderHi zanderHi zanderHi
[19:17:24] <%IkaMe4fun> Rainbow auch com games?
[19:18:03] <%+TobyTune> die duals sind ja mal mega sad auf mid D:
[19:18:04] <@%+Aval0nTV> @Sgt__Lennox traumleben sieht deutlich anders aus!! und das ist nicht auf den stream bezogen sondern auf den rest ;)
[19:18:12] Viewerstats (18:48-19:18): avg:121 min:72 max:145 [16/72+20+16+6+6+0+2+0+5+14+4-4-10-5+4+2]
[19:18:31] <%Sgt__Lennox> Aval0nTV das war auch pure ironie LUL
[19:18:43] <palutengirl_real1401> twitchRaid
[19:18:49] <@%+Aval0nTV> bin alt, hab ich nicht erkannt Sgt__Lennox ^^
[19:18:56] <palutengirl_real1401> ihr mit eurem Sexy XD
[19:19:17] <%Sgt__Lennox> Aval0nTV i know
[19:19:26] <mrfreackso> hallu an alle
[19:19:32] <@%+Mod4YouBOT>* zanderLachen Spaß am Zocken? => Spiele bis zu 70% günstiger bekommst du bei InstantGaming: http://www.instant-gaming.com/de/?igr=Zander |-| *PP*
[19:19:37] <%sohaila1> zanderLove zanderHype zanderLove zanderHype zanderLove zanderHype zanderLove zanderHype zanderLove zanderHype zanderLove zanderHype zanderLove zanderHype zanderLove zanderHype zanderLove zanderHype zanderLove zanderHype zanderLove zanderHype zanderLove zanderHype zanderLove zanderHype zanderLove zanderHype zanderLove zanderHype
[19:19:42] <@%nessy2go> !hype
[19:19:42] <@%+Mod4YouBOT> zanderHype zanderLove zanderHype zanderLove zanderHype zanderLove zanderHype zanderLove zanderHype zanderLove zanderHype zanderLove zanderHype zanderLove zanderHype zanderLove zanderHype zanderLove zanderHype zanderLove zanderHype zanderLove zanderHype zanderLove zanderHype zanderLove
[19:19:42] <@%+Aval0nTV> !hype
[19:19:45] <@%+chdxd1> So, bin wieder aus der Uni zurück zanderLove
[19:19:49] <%Russpelz_> zanderLove zanderHype zanderLove zanderHype zanderLove zanderHype zanderLove zanderHype zanderLove zanderHype zanderLove zanderHype
[19:19:56] <@%+Aval0nTV> wb chdxd1 ^^
[19:20:07] MOD: chdxd1
[19:20:22] <LuZumK4s> Hey
[19:20:34] <palutengirl_real1401> MercyWing1 SOTshark MercyWing2
[19:20:59] <LuZumK4s> Nimmst du Freundschaftsanfragen an?
[19:21:10] <palutengirl_real1401> Wer aus dem Chat Hat Den Neuen Charakter Wrecking Ball Gespielt? TPFufun
[19:21:15] <@%+Aval0nTV> @LuZumK4s im moment eher nicht, da seine fl voll ist
[19:21:28] <@%+chdxd1> danke @Aval0nTV
[19:22:35] <%$fetvlp> @ZanderLP Name:Fischarmee ?
[19:22:39] <%$lukakakakas> Hätte denn wer aus dem Chat Bock auf Sen'jin neu anzufangen?
[19:22:45] <%+blackpurplex> @ZanderLP hey machst du wieder community runden? zanderHi
[19:22:53] <haefijunior> Iat morgen und übermorgen steamfrei
[19:23:02] <LuZumK4s> Hat wer ark?
[19:23:45] <%Patrox1992> Hey zusammen
[19:24:12] <%+addiddos> heeeyy guyys
[19:24:18] <%+blackpurplex> @ZanderLP ich will fortnite
[19:24:24] <LuZumK4s> rainbow
[19:24:25] <palutengirl_real1401> @patrox1992 @addiddos hallo
[19:24:28] <sneezy_r6s> ts?
[19:24:32] <@%+Mod4YouBOT>* ** Der NEUE Merch ist da ** zanderHype Die mega geilen Caps findet ihr hier, die Hoodies sind leider bereits ausverkauft: https://www.zanderstore.de/ zanderGeGe
[19:24:42] <@%+Aval0nTV> !ts
[19:24:42] <@%+Mod4YouBOT>* Den offiziellen Teamspeak von Zander findet ihr unter zanderlp.de |-| Jetzt exklusiv mit Subscriberrang: https://m4u.link/zlpSubrang zanderLove zanderHype
[19:24:53] <palutengirl_real1401> Rainbow
[19:25:02] <%+blackpurplex> @ZanderLP bin doch jetzt drin LUL
[19:25:02] MOD: Dustinnaujokat
[19:25:34] <palutengirl_real1401> wenn der essen Ist Mach ich mir nen Tee TPFufun TPFufun
[19:25:46] <%+angel_6_9_6> würde ja mitziehen bringt aber nix zu den zeiten wo du streamst bin ich arbeiten XD @ZanderLP
[19:25:50] <%Dausk02> <3
[19:25:58] <@%+Aval0nTV> <3
[19:26:07] <%+angel_6_9_6> <3
[19:26:07] <@%nessy2go> <3
[19:26:10] <%+Lets_crafter> Ich freu mich schon auf Rainbow zanderLove zanderLove zanderLove zanderLove
[19:26:31] <%+Lets_crafter> zanderLove zanderLove zanderLove
[19:26:40] <%+Lets_crafter> <3
[19:26:53] <%+angel_6_9_6> naja ich werde das mal verfolgen XD
[19:26:58] <%$AruIke> haben heute mit der gilde auch wieder geraided ^^ aber ist so am ende des patches schon sehr einfach geworden alles xD
[19:27:04] <%$fetvlp> @ZanderLP ich habe Zeit :P
[19:27:10] <%Dausk02> LOL hab einfach nen Bluescreen :o
[19:27:24] <@%+Aval0nTV> @AruIke auf welcher stufe raidet ihr?
[19:27:31] UNMOD: Dustinnaujokat
[19:27:37] <%$AruIke> @Aval0nTV mytisch natürlich
[19:27:43] <@%+Aval0nTV> nice
[19:27:51] <%$AruIke> und halt den akutellen raid ^^
[19:27:52] <palutengirl_real1401> @dausk02 Wirklich? wie geht denn das?? lol
[19:28:07] <%Dausk02> jo danke :)
[19:28:17] <@%+Aval0nTV> meiner gilde fehlen leider die leute, um mythic raiden zu können
[19:29:12] <%+blackpurplex> @ZanderLP mit dem blockbuaster kann ich helfen hab alle herausforderungen schon
[19:29:28] <MLG_P4nd4_> Müde und zu warm ist wenn man an ner geschlossenen Flasche trinkt xD
[19:29:32] <@%+Mod4YouBOT>* Ihr wollt auf dem neusten Stand bleiben? Dann holt euch den Newsletter auf euer WhatsApp! Weitere Infos dazu findet ihr hier: https://pushr.me/ zanderHype |-| Hier gibt es auch eine Video-Erklärung: https://m4u.link/zander/BotClip . Sollte der Bot bei euch nicht antworten, löscht einfach die Nummer, erstellt den Kontakt neu und schreibt ihn erneut mit !start an! zanderLachen
[19:29:33] <%$AruIke> leider spielt ja zander nicht wow wenn unsere gilde aktiv ist :c aber man kann ja auch zum Glück unabhängig von gilden raiden gehen ^^
[19:29:55] <@%+Aval0nTV> stimmt, das is scvhon recht einfach gemacht mittlerweile AruIke
[19:30:17] <palutengirl_real1401> Welcher Skin ist Dein Favorit in Fortnite Zander? TPFufun
[19:30:30] <%$lukakakakas> @Aval0nTV @AruIke hättet ihr denn Lust auf Sen'jin neu anzufangen? ^^
[19:31:05] <%ForestMightyBlack> Guten Abend @ZanderLP , @Aval0nTV und Chat zanderFlosse zanderHi
[19:31:12] <@%+Aval0nTV> @lukakakakas lust ja, aber zum addon raide ich ja auch wieder mit meiner gilde und ich weiss nicht, wie viel zeit da dann noch bleibt neben dem modden
[19:31:28] <@%+Aval0nTV> moin ForestMightyBlack
[19:31:39] <%$AruIke> @lukakakakas ne eigenltich nicht so.
[19:31:42] <%+kiari81> huhu zanderFlosse
[19:31:47] <@%+Aval0nTV> huhu kiari81
[19:32:12] <%+kiari81> hey @Aval0nTV <3
[19:32:30] <@%+Aval0nTV> !mod
[19:32:31] <@%+Mod4YouBOT>* Möchtest du dich bei Mod4You als Moderator bewerben? Einen Entbannungsantrag schicken? Hier im Ticketsystem findest du alle Themen |*| https://support.mod4you.de/ |*|
[19:32:41] <%ForestMightyBlack> etwas schwitzig aber gut zanderPsycho zanderPsycho
[19:32:45] <@%+MrDuckSpace> reckless stinkt :D KappaHD
[19:32:46] <%$lukakakakas> @Aval0nTV ja wird halt schwer überhaupt genügend leute auf sen'jin zusammenzubekommen ^^
[19:33:09] <@%+Aval0nTV> zander sollte auf antonidas spielen!! grösster alli server
[19:33:17] <palutengirl_real1401> warte Kurz Muss Was Bei Insta Nachschauen xD
[19:33:42] <%tigerschnauze> moin bin wieder da
[19:33:52] MOD: MrDuckSpace
[19:33:55] <%+eixonik> hii
[19:33:57] <%+kiari81> was hab ich verpasst ? ich höre WoW... @lukakakakas @Aval0nTV
[19:34:08] <%Russpelz_> @tigerschnauze wb
[19:34:32] <@%+Mod4YouBOT>* Runtime-GGs Produkte sind speziell auf Gamer abgestimmt und nicht nur schnell und einfach zubereitet, sondern auch noch gesund und lecker zanderLove Hier gibt es weitere Infos: https://runtime.idevaffiliate.com/127.html *PP* |-| Der aktuelle RabattCode (10%) lautet: "zander"
[19:34:42] <MLG_P4nd4_> was mich nervt ist dass es knapp unmöglich ist die LEDs zu kriegen vom Omega wenn man n sozialleben hat
[19:34:48] <@%+Aval0nTV> @kiari81 ja, der fisch spielt ja wieder wow
[19:35:08] <%+kiari81> ja das weiß ich wohl @Aval0nTV
[19:35:29] <palutengirl_real1401> Bin wieder Da :)
[19:35:34] <@%+Aval0nTV> @MLG_P4nd4_ RL ist nur für leute, die im internet keine freunde finden!! (oder kein omega skin haben) Kappa
[19:35:45] <MLG_P4nd4_> XD @ZanderLP "warum bist du einsam?~hab damals unbedingt den Omega gewollt
[19:35:46] <%$lukakakakas> @kiari81 habe nur gefragt, ob ein paar leute lust auf 'ne gilde auf sen'jin hätten
[19:35:49] <@%nessy2go> @aval0ntv der ist voll der Server habe gerade geschaut
[19:36:10] <@%+Aval0nTV> @nessy2go das heisst nichts! man kann trotzdem neu drauf anfangen
[19:36:23] <@%+Aval0nTV> @nessy2go du hast mir nicht mehr bei whatsapp geantowrtet ^^
[19:36:40] <%$AruIke> @Aval0nTV @nessy2go deswegen haben wir immer auf lothar gespielt der ist nie zu voll xD aber ich glaube zander spielt so oder so auf senjin weiter
[19:36:55] <MLG_P4nd4_> Hab mich halt damit abgefunden dass AFK im Baum sitzen mehr XP gibt als 10 kills und direkt sterben... Schlechtes system weil man für campen belohnt wird aber juckt alles für omega
[19:37:02] <%+kiari81> ich könnte wohl nen char noch auf 110 machen^^ @lukakakakas
[19:37:22] <Lpmitluth> @ZanderLP wie bekommt man eigentlich diese HAcke?
[19:37:37] <+marmeladenbrotmithonig> Kiste + munitionskiste + lootdrop? Die quest
[19:37:37] <%+kiari81> meinst du den WoW-Server @nessy2go
[19:37:37] <C4esar> @ZanderLP heute noch rainbow ?
[19:37:50] <+marmeladenbrotmithonig> @lpmitluth omega freischalten
[19:37:57] <@%+Aval0nTV> @C4esar evtl ja
[19:38:02] <Lpmitluth> k @marmeladenbrotmithonig danke
[19:38:10] <%+Lets_crafter> Wie kann man in deinem TS den Rankstystem für Rainbow einstellen
[19:38:34] <@%+MrDuckSpace> Lets_crafter du meinst die Ränge die es im ts gibt?
[19:38:45] <%+Lets_crafter> ja
[19:38:58] <C4esar> @Aval0nTV ok, spielt er eigentlich noch mit der com ?
[19:38:59] <mrfreackso> !coins
[19:39:01] <@%+Mod4YouBOT> mrfreackso: 1144 Coins
[19:39:09] <@%+Aval0nTV> @C4esar ab und zu ja
[19:39:27] <@%+MrDuckSpace> Lets_crafter die bekommt man durch aktivtät ;) nach dem man 10h aktiv war im ts bekommt man automatisch level 1 und so weiter
[19:39:32] <@%+Mod4YouBOT>* zanderLachen Spaß am Zocken? => Spiele bis zu 70% günstiger bekommst du bei InstantGaming: http://www.instant-gaming.com/de/?igr=Zander |-| *PP*
[19:39:44] <%seifeofficial> Bin wieder da :o
[19:39:48] <%+Lets_crafter> Ahh ok
[19:39:57] <%+Lets_crafter> danke @MrDuckSpace
[19:42:17] <%+geilojacob> zanderHi
[19:42:38] <%$lukakakakas> @nessy2go du spielst WoW? LUL
[19:43:16] <eliteagentniggggsch> Hi
[19:43:30] <%Russpelz_> ich bin dumm ...ich hab mir online was bestellt kamm heute an ein t-shirt in größe S is mir aber zu klein jetzt mußte ich es zurück srnden und es mir in M zuschiken lassen und mal ne frage meint ihr das ist noch vor dem 14,7 da also bei mir ? weil ich am 14,7 in den urlaub fahre
[19:43:53] <@%+chdxd1> @Russpelz_ denke 14.7 ist locker machbar
[19:44:21] <%Russpelz_> @chdxd1 hoffe ich das es voher da is
[19:44:32] <@%+Mod4YouBOT>* ** Der NEUE Merch ist da ** zanderHype Die mega geilen Caps findet ihr hier, die Hoodies sind leider bereits ausverkauft: https://www.zanderstore.de/ zanderGeGe
[19:45:53] <%Russpelz_> und @chat ihr könnt mich ruhig @rußi nenen das is einfcher und kürzer als @Russpelz_ zu schreiben
[19:46:41] <@%+chdxd1> @Russpelz_ ich mach eh einfach Auto-Complete aufm PC :D
[19:46:55] <%Russpelz_> @chdxd1 oky
[19:47:07] MOD: Aysli
[19:47:59] <%fridtjof19> moin zander, moin Chat
[19:48:17] Viewerstats (19:20-19:48): avg:149 min:140 max:159 [15/155+1-8+11-7-1-7-2-2+7+3+0+2+6-16]
[19:49:29] <@%nessy2go> @lukakakakas yes mache ich gerade
[19:49:32] <@%+Mod4YouBOT>* Ihr wollt auf dem neusten Stand bleiben? Dann holt euch den Newsletter auf euer WhatsApp! Weitere Infos dazu findet ihr hier: https://pushr.me/ zanderHype |-| Hier gibt es auch eine Video-Erklärung: https://m4u.link/zander/BotClip . Sollte der Bot bei euch nicht antworten, löscht einfach die Nummer, erstellt den Kontakt neu und schreibt ihn erneut mit !start an! zanderLachen
[19:49:33] <@%+MrDuckSpace> fridtjof19 huhu
[19:50:01] <%fridtjof19> der Chat ist ja richtig aktiv
[19:50:31] <%$lukakakakas> @nessy2go nice, auch auf Sen'jin Allianz?
[19:50:36] <@%nessy2go> yes
[19:51:55] <%+kiari81> was ist es geworden? @nessy2go
[19:52:20] <@%nessy2go> Kriegerin auf dem Server auf ne, anderen bin ich Schurkin xD
[19:52:21] <+MyoungBlood33> Can I play e you?
[19:52:30] <%fridtjof19> machst du gleich fortnite community runden und wenn ja wie kann man mit zocken
[19:52:30] <+MyoungBlood33> Join my live stream
[19:52:37] BAN: MyoungBlood33
[19:52:37] MOD_ACTION: aval0ntv (ban myoungblood33 )
[19:53:27] <@%+Aval0nTV> !mitspielen @fridtjof19
[19:53:28] <@%+Mod4YouBOT>* Wenn Du die Chance haben willst, auch mal mit Zander zu spielen, join auf den ZanderLP TeamSpeak und geh in den "Warteraum - ZanderLP"! Von dort zieht Zander Spieler, wenn er jemand benötigt. In diesen Channel zu joinen ist aber KEINE Garantie, das ihr auch wirklich dran kommt! zanderFlosse fridtjof19
[19:53:40] <%+kiari81> ui und ein gnom? @nessy2go
[19:54:07] <%$lukakakakas> bin mal fooden
[19:54:32] <@%+Mod4YouBOT>* Runtime-GGs Produkte sind speziell auf Gamer abgestimmt und nicht nur schnell und einfach zubereitet, sondern auch noch gesund und lecker zanderLove Hier gibt es weitere Infos: https://runtime.idevaffiliate.com/127.html *PP* |-| Der aktuelle RabattCode (10%) lautet: "zander"
[19:54:48] <%Dausk02> Nice!
[19:55:09] <%Russpelz_> ----> gg win <--- https://clips.twitch.tv/DelightfulBrainyMonitorTebowing
[19:55:19] <gtimeheld> Hey, wie geht euch so ?
[19:55:21] <gtimeheld> !coins
[19:55:31] <@%+Mod4YouBOT> gtimeheld: 1902 Coins
[19:55:41] <%elias130304> wann spielst du frostpunk
[19:55:45] <%IkaMe4fun> !coins
[19:55:46] <@%+Mod4YouBOT> ikame4fun: 1654 Coins
[19:55:58] <@%+Aval0nTV> @elias130304 steht noch nicht fest!
[19:56:07] <ricosto> @ZanderLP was sagtdt du dazu mit der roten Ritterin
[19:56:51] <%elias130304> ne ich fand es immer interessant
[19:57:29] <%Russpelz_> ich fand es auch interesant aber du hast schon recht @zanderlp
[19:58:15] <%fridtjof19> kann mir jemand aus dem Mod4You Team einen Link schicken für den TeamSpeak
[19:58:19] <nataliemacher> !coins
[19:58:27] <@%+Aval0nTV> !ts @fridtjof19
[19:58:30] <@%+Mod4YouBOT>* Den offiziellen Teamspeak von Zander findet ihr unter zanderlp.de |-| Jetzt exklusiv mit Subscriberrang: https://m4u.link/zlpSubrang zanderLove zanderHype fridtjof19
[19:59:01] <@%+Mod4YouBOT> nataliemacher: 159 Coins
[19:59:27] <%Russpelz_> warte ich habs geklipt ich übeeprüf das kurz
[19:59:32] <@%+Mod4YouBOT>* zanderLachen Spaß am Zocken? => Spiele bis zu 70% günstiger bekommst du bei InstantGaming: http://www.instant-gaming.com/de/?igr=Zander |-| *PP*
[19:59:52] <nataliemacher> !uptime
[19:59:52] <@%+Mod4YouBOT>* Zander ist online seit 1 Stunde 17 Minuten.
[20:00:13] <%PattiXY> Klimaanlage wäre sau geil aber die sind sau Teuer zanderCry
[20:00:57] <%Russpelz_> war das ein normal oder ein lek ? wir werden es sehn. https://clips.twitch.tv/AbrasiveSpikyZucchiniSuperVinlin
[20:01:07] <gisi_lp> Lama
[20:02:25] <%Russpelz_> so wd habs überbrüft is gut mögluch das der gebugt hatt
[20:02:49] <%PattiXY> Soviel zu du kriegst keine Schilde xD
[20:03:02] <%Russpelz_> !clips
[20:03:03] <@%+Mod4YouBOT>* Wenn ihr coole Clips habt, könnt ihr sie hier einsenden: https://m4u.link/zanderclips
[20:03:15] MOD: Tarosh
[20:04:32] <@%+Mod4YouBOT>* ** Der NEUE Merch ist da ** zanderHype Die mega geilen Caps findet ihr hier, die Hoodies sind leider bereits ausverkauft: https://www.zanderstore.de/ zanderGeGe
[20:06:07] <%PattiXY> Boar 16° wär geil im Zimmer zanderOhh
[20:06:08] <%Russpelz_> lol der chat war grad am legi bei mir
[20:06:41] <execmax> Hay @ZanderLP was geeeht penguYAY penguYAY
[20:07:15] <palutengirl_real1401> Am Samstag Und Sonntag Sollte es Ja Über 30° Werden PunOko imGlitch
[20:07:18] <execmax> Und hay @chat penguNOOT
[20:07:33] <execmax> penguBOOSTED
[20:07:36] <@%+Aval0nTV> nabend execmax
[20:07:57] <%seifeofficial> @ZanderLP hattest du eben meinen Tweet mit Rainbow gelesen? xD
[20:08:05] <execmax> Nabend @Aval0nTV
[20:08:13] UNMOD: Terrarionchris
[20:08:23] <@%+fleXtechZTV> zanderRekt zanderKo zanderLove zanderNoob zanderSalt zanderSalt
[20:09:14] <%PattiXY> Hast du grad ne Tommygun Weggeschmissen zanderWTF
[20:09:22] MOD: fleXtechZTV
[20:09:24] <execmax> penguBOOSTED penguBOOSTED penguBOOSTED
[20:09:32] <@%+Mod4YouBOT>* Ihr wollt auf dem neusten Stand bleiben? Dann holt euch den Newsletter auf euer WhatsApp! Weitere Infos dazu findet ihr hier: https://pushr.me/ zanderHype |-| Hier gibt es auch eine Video-Erklärung: https://m4u.link/zander/BotClip . Sollte der Bot bei euch nicht antworten, löscht einfach die Nummer, erstellt den Kontakt neu und schreibt ihn erneut mit !start an! zanderLachen
[20:10:01] <%+Medddaaa> Hellouu :D wb!
[20:10:05] <%+blackpurplex> i bin da
[20:10:09] <@%+Aval0nTV> nabend Medddaaa
[20:10:22] <%+blackpurplex> @Medddaaa servus
[20:11:16] <%+blackpurplex> @Medddaaa zock ma?
[20:11:52] <%+Medddaaa> Grad ne neue runde? :D
[20:11:58] <%+Medddaaa> blackpurplex jo gleich
[20:12:08] <%+Lets_crafter> Ne die werden bei Rettet die welt die V bucks rausnehmen
[20:12:48] <haefijunior> @aval0ntv ist morgrn streamfrei?
[20:13:32] <%+Lets_crafter> @haefijunior morgen und übermorgen ist streamfrei
[20:14:02] <haefijunior> Wiso genau an meinem Geburtstag :( :(
[20:14:32] <@%+Mod4YouBOT>* Runtime-GGs Produkte sind speziell auf Gamer abgestimmt und nicht nur schnell und einfach zubereitet, sondern auch noch gesund und lecker zanderLove Hier gibt es weitere Infos: https://runtime.idevaffiliate.com/127.html *PP* |-| Der aktuelle RabattCode (10%) lautet: "zander"
[20:15:02] <+strobi_> nabend zander HeyGuys
[20:15:02] <%+Lets_crafter> weil er zu seiner Freundin fährt @haefijunior da kann man leider nichts machen und er muss sich auskurieren
[20:15:08] <%+Medddaaa> und wie läufts heute so? :D
[20:15:22] <%+Lets_crafter> zanderCry zanderLOL zanderLachen
[20:15:32] <%+Medddaaa> wollt eig mit flex zocken aber der ist mir ja jz fremdgegangen...xD
[20:15:44] <haefijunior> @lets_crafter ist klar aber bin trotzdem traurig Kappa
[20:15:56] <%fridtjof19> !mitspielen
[20:16:00] <Zycrox_> moin
[20:16:21] <%+Lets_crafter> !ts
[20:16:22] <@%+Mod4YouBOT>* Den offiziellen Teamspeak von Zander findet ihr unter zanderlp.de |-| Jetzt exklusiv mit Subscriberrang: https://m4u.link/zlpSubrang zanderLove zanderHype
[20:16:34] <@%+Aval0nTV> !mitspielen @fridtjof19
[20:16:35] <@%+Mod4YouBOT>* Wenn Du die Chance haben willst, auch mal mit Zander zu spielen, join auf den ZanderLP TeamSpeak und geh in den "Warteraum - ZanderLP"! Von dort zieht Zander Spieler, wenn er jemand benötigt. In diesen Channel zu joinen ist aber KEINE Garantie, das ihr auch wirklich dran kommt! zanderFlosse fridtjof19
[20:16:51] <%+Lets_crafter> !mitspielen
[20:17:02] <%fridtjof19> sorry das ich nochmal fragen musste mein pc hing gerde
[20:17:04] <%+Lets_crafter> !mitspielen @Lets_crafter
[20:17:05] <%IkaMe4fun> Ach alles muskeln
[20:17:36] <+Kajad17> alles Muskeln und samenstränge
[20:18:04] <%fridtjof19> nice ich bekomme keinen Token mehr erst in 24h
[20:18:27] <%+Lets_crafter> brauchst du gar nicht @fridtjof19
[20:18:28] Viewerstats (19:50-20:18): avg:167 min:150 max:180 [15/154+3+3-10+14+7+3+0+1+1-4+8-14+2+6]
[20:18:48] <%+Lets_crafter> geht auch ohne @fridtjof19
[20:19:32] <@%+Mod4YouBOT>* zanderLachen Spaß am Zocken? => Spiele bis zu 70% günstiger bekommst du bei InstantGaming: http://www.instant-gaming.com/de/?igr=Zander |-| *PP*
[20:19:56] <%fridtjof19> dann bin ich zu Dumm um mich anzumelden
[20:21:02] <%+Lets_crafter> musst Zanderlp.de als ts und dann Warteraum Zander rein gehen @fridtjof19
[20:21:10] <%+Lets_crafter> !TS
[20:21:11] <@%+Mod4YouBOT>* Den offiziellen Teamspeak von Zander findet ihr unter zanderlp.de |-| Jetzt exklusiv mit Subscriberrang: https://m4u.link/zlpSubrang zanderLove zanderHype
[20:21:39] <Torterino> Zander kennst du den bug wenn man 2 steintreppen nebeneinander baut kann man durch Lücken in der Mitte schießen
[20:22:15] <wer2222222> Hi
[20:22:23] <@%+Aval0nTV> nabend wer2222222
[20:22:31] <%fridtjof19> @Lets_crafter ok, danke
[20:22:40] <wer2222222> Hi @aval0ntv
[20:22:49] <%+Lets_crafter> bidde @fridtjof19
[20:23:30] <%+TobyTune> aber bug using machen ja nur böse buben LUL
[20:24:09] <Torterino> Ich sag ja nicht das man es machen muss ;)
[20:24:22] <%derfenchelhd> Hallöchen alle zusammen! Alles klärchen?
[20:24:31] <@%+MrDuckSpace> derfenchelhd heyhu
[20:24:32] <@%+Mod4YouBOT>* ** Der NEUE Merch ist da ** zanderHype Die mega geilen Caps findet ihr hier, die Hoodies sind leider bereits ausverkauft: https://www.zanderstore.de/ zanderGeGe
[20:24:39] <%+Lets_crafter> Ja mir gehts gut @derfenchelhd
[20:24:53] <%+Bluue_live> Uhhhh kommt danach R6?
[20:24:55] <%+Lets_crafter> und Hi @derfenchelhd
[20:25:02] <@%+Aval0nTV> nabend derfenchelhd
[20:25:09] <%derfenchelhd> Lets_crafter das hört sich gut an ;)
[20:25:14] <@%+Aval0nTV> @Bluue_live ja, hat ert doch gerade hesagt ;)
[20:25:15] <%+Lets_crafter> ja @Bluue_live zanderFlosse zanderLachen zanderLachen
[20:25:22] <%fridtjof19> @Lets_crafter ich komme auf die seite von Zander nicht drauf.bin auch auf den Link drauf und auch so eingegeben
[20:25:28] <%derfenchelhd> MrDuckSpace Aval0nTV Hey <3
[20:25:43] <%+Bluue_live> @Aval0nTV ich bin Taub xD zanderLachen
[20:26:11] <%+angel_6_9_6> sag bitte nochamal geil
[20:26:17] <%+TobyTune> aber die famas hört sich dafür an wie eine plastik waffe LUL
[20:26:27] <%PattiXY> Chalenge acceptet baue Taktische Schrotflinte
[20:26:50] <%+Lets_crafter> du gehts auf dem Ts auf Verbindungen und dann in Verbinden dort gibst du dann bei Server und so Zanderlp.de ein und dann warteraum Zander @fridtjof19
[20:27:17] <%derfenchelhd> Was warn das für Ringe?
[20:27:22] <wer2222222> Aber ich finde die Tommygun eigentlich auch gut designt
[20:27:39] <%+Lets_crafter> Ist ne aufgabe bei Fortnite @derfenchelhd
[20:28:03] <%derfenchelhd> Ah, danke ^^
[20:28:19] <%+Lets_crafter> oder Herausforderung und Bidde @derfenchelhd
[20:28:49] <%+Lets_crafter> KAnn man sich als mod bewerben?
[20:28:49] <%fridtjof19> @Lets_crafter es geht dake
[20:28:50] <%derfenchelhd> zanderAim zanderAim
[20:28:55] <%fridtjof19> danke
[20:28:59] <%+TobyTune> ersetzt die thommy eig jetzt die schalli mp?
[20:29:00] <@%+Aval0nTV> !mod @Lets_crafter
[20:29:01] <@%+Mod4YouBOT>* Möchtest du dich bei Mod4You als Moderator bewerben? Einen Entbannungsantrag schicken? Hier im Ticketsystem findest du alle Themen |*| https://support.mod4you.de/ |*| Lets_crafter
[20:29:11] <%+Lets_crafter> bidde @fridtjof19
[20:29:32] <@%+Mod4YouBOT>* Ihr wollt auf dem neusten Stand bleiben? Dann holt euch den Newsletter auf euer WhatsApp! Weitere Infos dazu findet ihr hier: https://pushr.me/ zanderHype |-| Hier gibt es auch eine Video-Erklärung: https://m4u.link/zander/BotClip . Sollte der Bot bei euch nicht antworten, löscht einfach die Nummer, erstellt den Kontakt neu und schreibt ihn erneut mit !start an! zanderLachen
[20:30:05] <%PattiXY> 25 oder 30 glaube
[20:31:00] <%+Hessy250> Wann ist die neue season?
[20:31:18] <wer2222222> in 5 Tagen glaube ich
[20:33:16] <%+TobyTune> ich sag mayja LUL
[20:33:18] <faddyTV> tachn zander...grüße aus moers
[20:33:22] <wer2222222> Ich glaube vergangenes
[20:33:33] <%PattiXY> Geh unter der treppe in die basis
[20:33:39] <wer2222222> also römer
[20:34:32] <@%+Mod4YouBOT>* Runtime-GGs Produkte sind speziell auf Gamer abgestimmt und nicht nur schnell und einfach zubereitet, sondern auch noch gesund und lecker zanderLove Hier gibt es weitere Infos: https://runtime.idevaffiliate.com/127.html *PP* |-| Der aktuelle RabattCode (10%) lautet: "zander"
[20:34:50] <%+ScalerR6> hast du gleich vielleicht ein Platz in Rainbow frei?
[20:36:59] <@%+Aval0nTV> !clips
[20:37:00] <@%+Mod4YouBOT>* Wenn ihr coole Clips habt, könnt ihr sie hier einsenden: https://m4u.link/zanderclips
[20:37:16] <%+Bluue_live> Ich wünschte ich könnte so in fortnite bauen dann würde ich es mögen xD
[20:37:54] <%PattiXY> Das ist ein zeichen wir haben eben bei Wailing gewonnen
[20:37:56] <@%+MrDuckSpace> Soo wieder da ;)
[20:38:14] <%+Bluue_live> Hellu @MrDuckSpace
[20:38:21] <@%+MrDuckSpace> Bluue_live heyhu ;)
[20:38:32] <%+Bluue_live> ;D
[20:38:37] <%+Bluue_live> zanderLachen
[20:38:39] <@%+MrDuckSpace> Bluue_live alles kla?
[20:39:12] <%+Bluue_live> @MrDuckSpace Immer, Wenn der Beste Streamer der Welt streamt :D
[20:39:19] <%+Bluue_live> @MrDuckSpace und bei dir so?
[20:39:27] <@%+MrDuckSpace> Bluue_live muss :D immer xD
[20:39:30] <%+wolfkillerm> hey ZanderLP du krasser Fisch was geht so bei dir und hey chat
[20:39:33] <@%+Mod4YouBOT>* zanderLachen Spaß am Zocken? => Spiele bis zu 70% günstiger bekommst du bei InstantGaming: http://www.instant-gaming.com/de/?igr=Zander |-| *PP*
[20:39:39] <@%+Aval0nTV> moin wolfkillerm
[20:39:52] <%+Bluue_live> Heeey @wolfkillerm
[20:39:54] <%$darkrose362> guten abend zusammen
[20:40:01] <@%+Aval0nTV> huhu darkrose362 <3
[20:40:14] <%+wolfkillerm> @aval0ntv @bluue_live hey
[20:40:31] <%fridtjof19> gleichRS6 habe Bock
[20:40:48] <haefijunior> Warum reitet ihr nie auf der Rakete in die zone?
[20:41:36] <%+Bluue_live> An die Mods wenn man einen Monat vergessen hat zu Subben und danach wieder anfängt wird das dann zu dem Jahr dazu addiert oder muss ich von vorne anfangen das Blaue Zeichen zu sammeln :D
[20:42:14] <@%+Aval0nTV> @Bluue_live du hast 30 tage nach sub ende zeit, den sub zu verlängern. wenn du es erst danach machst, fängst du wieder von 0 an
[20:42:38] <%+Bluue_live> Ohhh neee zanderCry
[20:42:45] <%+BuildingDetectiv> darkrose362 <3
[20:42:48] <@%+MrDuckSpace> Bluue_live aber du hast es doch nicht vergessen
[20:42:52] <%papsi94> @darkrose362 hey <3
[20:43:03] <%$darkrose362> BuildingDetectiv <3 papsi94 <3
[20:43:22] <%+Bluue_live> Doch ich war ja schon nen Jahr dabei und jetzt bin ich wieder bei 3 Monaten @MrDuckSpace zanderCry
[20:43:27] <%+kiari81> ich spiel grad WoW und lach mich schlapp über die quests^^
[20:43:44] <@%+MrDuckSpace> Bluue_live ne es hat gepasst... du hast doch noch 1 jahr
[20:43:59] <%+BuildingDetectiv> Bluue_live du hast doch das ein jahres abzeichen (sicher, dass du nicht bei 13monaten bist?)
[20:43:59] <denn9> hallo
[20:43:59] <%+ScalerR6> hast du gleich vielleicht ein Platz in Rainbow frei?
[20:44:03] <%+wolfkillerm> @bluue_live bei mir bist du gold
[20:44:07] <%$darkrose362> juhu rainbow
[20:44:07] <+Mr_Kobold> Ich glaube ich traue mich auch nochmal an R6 auch wenn ich vermutlich total ins Gesicht kriege xD
[20:44:11] <@%+MrDuckSpace> Bluue_live wenn der sub ausläuft hast du noch 30 Tage zeit und so wie es aussieht hat das geklappt :D
[20:44:12] [Notification] Jungspieler just subscribed with Twitch Prime. Jungspieler subscribed for 22 months in a row! [Noob Noob Noob Hi.]
[20:44:16] <@%+Aval0nTV> zanderHype zanderLove zanderHype zanderLove zanderHype zanderLove zanderHype zanderLove zanderHype zanderLove zanderHype zanderLove zanderHype zanderLove zanderHype zanderLove zanderHype zanderLove zanderHype zanderLove zanderHype zanderLove zanderHype zanderLove zanderHype zanderLove
[20:44:32] <@%+Mod4YouBOT>* ** Der NEUE Merch ist da ** zanderHype Die mega geilen Caps findet ihr hier, die Hoodies sind leider bereits ausverkauft: https://www.zanderstore.de/ zanderGeGe
[20:44:33] <%+Bluue_live> Yeah ich bin wieder Happy
[20:44:39] ~Rainbow Power - Fr & Sa Streamfrei! (Tom Clancy's Rainbow Six: Siege)~
[20:44:39] ~Rainbow Power - Fr & Sa Streamfrei! (Tom Clancy's Rainbow Six: Siege)~
[20:44:40] <%$fetvlp> zanderHaft zanderHaft zanderHaft
[20:44:43] <%Lollipop1908> HeyHo Zander ZanderHey
[20:44:46] <%+kiari81> da sind einfach echt lustige Quests dabei ^^ Blizzard hat echt Humor
[20:44:51] <%+Bluue_live> @Aval0nTV @MrDuckSpace @wolfkillerm Danke :D
[20:45:07] <%+wolfkillerm> @bluue_live du bleibst goldig haha
[20:45:18] <%elias130304> hi zander
[20:45:39] <%+Bluue_live> @wolfkillerm zanderLachen xD
[20:45:47] <%elias130304> mega geiles lied
[20:46:00] <%+wolfkillerm> geil eine Frau bruder zu nennen
[20:46:27] <@%+MrDuckSpace> schön zu hören was nessy sagt im ts und die antwort dann paar sek später zu hören von zander :D
[20:46:30] <%Bausem> naa Hallo 😊
[20:46:48] <@%+Aval0nTV> jap, bestes leben MrDuckSpace
[20:47:07] <%elias130304> von welcher entwickler firma is rainbow
[20:47:10] <%+wolfkillerm> 12 Millionen sag ich nur
[20:47:12] <@%+MrDuckSpace> Alle im Ts am lachen :D
[20:47:19] <%PattiXY> xD south Park beste
[20:47:25] <%+kiari81> wie geil @nessy2go packt sie Sucht
[20:47:40] <@%+Aval0nTV> nein, tut er nicht @ZanderLP
[20:47:43] <@%+MrDuckSpace> nein ich hab keine ahnung :D
[20:47:54] <%+ScalerR6> ich bin gleich da
[20:48:00] <%Bausem> Nessy wird dann auch streamer kündigt ihren job und dann lebt sie in WoW
[20:48:03] <@%+MrDuckSpace> ich kann aber vermitteln :P zwischen ingo und nessy
[20:48:39] Viewerstats (20:20-20:48): avg:179 min:164 max:191 [15/172-8+1+16-1-3-1-2+11-1-3+10-5+4-7]
[20:48:49] <+Mettbroetchen29> welche Rasse und Klasse soll ich bei wow nehmen @zanderlp kann mich nicht entscheiden
[20:48:54] <%$lukakakakas> Zander hatte eine Freundin, sie hat jetzt WoW RIP LUL
[20:48:55] <@%+MrDuckSpace> haaadddäää
[20:49:07] [Notification] Gow_freakx0607 just subscribed with Twitch Prime!
[20:49:10] UNMOD: fleXtechZTV
[20:49:13] <@%+Aval0nTV> zanderHype zanderLove zanderHype zanderLove zanderHype zanderLove zanderHype zanderLove zanderHype zanderLove zanderHype zanderLove zanderHype zanderLove zanderHype zanderLove zanderHype zanderLove zanderHype zanderLove zanderHype zanderLove zanderHype zanderLove zanderHype zanderLove
[20:49:21] <%+wolfkillerm> Ich bin der einzige Wolf ZanderLP
[20:49:27] <%elias130304> zanderHype zanderHype zanderHype zanderHype zanderHype zanderLove zanderLove zanderLove zanderHype zanderHype zanderHype zanderLove zanderLove zanderLove zanderHype zanderHype zanderHype zanderLove zanderLove zanderLove zanderHype zanderHype
[20:49:32] <@%+Mod4YouBOT>* Ihr wollt auf dem neusten Stand bleiben? Dann holt euch den Newsletter auf euer WhatsApp! Weitere Infos dazu findet ihr hier: https://pushr.me/ zanderHype |-| Hier gibt es auch eine Video-Erklärung: https://m4u.link/zander/BotClip . Sollte der Bot bei euch nicht antworten, löscht einfach die Nummer, erstellt den Kontakt neu und schreibt ihn erneut mit !start an! zanderLachen
[20:49:54] <+MusicOffbeatTV> MrDuckSpace Hey kurze Frage
[20:49:59] <@%+MrDuckSpace> MusicOffbeatTV jaß
[20:50:03] <@%+MrDuckSpace> ja? * :D
[20:50:12] <$itsg52> Moin
[20:50:17] <+MusicOffbeatTV> MrDuckSpace Wenn ich mir ein Sub mit paypal kaufe, wird der automatisch abgebucht?
[20:50:24] <mrfreackso> hallu alle zusammen
[20:50:24] MOD: fleXtechZTV
[20:50:41] <%PattiXY> Zander scene
[20:50:42] <@%+Aval0nTV> moin mrfreackso
[20:50:45] <@%+MrDuckSpace> MusicOffbeatTV ja bei paypal ja :D
[20:50:53] <@%+MrDuckSpace> also bei mir zumindest :D MusicOffbeatTV :D
[20:50:53] <+MusicOffbeatTV> MrDuckSpace ok das nice danke
[20:50:59] <+Mettbroetchen29> Zander schüssel
[20:51:04] <+MusicOffbeatTV> MrDuckSpace Ok :D
[20:51:11] <maxdeloppa> Abend BloodTrail
[20:51:29] <+MusicOffbeatTV> MrDuckSpace wenn der bezahlt ist muss man dann wieder aufteilen drücken oder?
[20:51:38] <%+ScalerR6> :(
[20:51:53] <@%+MrDuckSpace> MusicOffbeatTV genau, wenn dann nächste mal im Chat bist steht da Teilen :D
[20:52:09] <+MusicOffbeatTV> dr
[20:52:13] <%+angel_6_9_6> ansage XD
[20:52:22] <+MusicOffbeatTV> MrDuckSpace Ah ok habe halt Paypal erst neu :D
[20:52:51] <@%+MrDuckSpace> MusicOffbeatTV immer gerne, dafür bin ich ja hier
[20:52:53] <+Mettbroetchen29> kann mir jemand sagen welche Klasse und Rasse ich bei wow spielen soll ? 😂
[20:53:46] <%elias130304> stop ihr seit nur zu 4.
[20:54:13] <%$lukakakakas> antim8 ^^
[20:54:21] [Notification] 123tinibini just subscribed with Twitch Prime!
[20:54:23] <%+angel_6_9_6> @ZanderLP dann wird das nie was mit uns weil ich schon immer mage main hab
[20:54:25] <+Mettbroetchen29> Danke für die Hilfe 😂 gibt es einen Befehl für deine Gilde für die Infos?
[20:54:29] <@%+Aval0nTV> !hype
[20:54:36] <$itsg52> Jetzt nehmen alle Magier LUL
[20:54:36] <@%+Mod4YouBOT>* Runtime-GGs Produkte sind speziell auf Gamer abgestimmt und nicht nur schnell und einfach zubereitet, sondern auch noch gesund und lecker zanderLove Hier gibt es weitere Infos: https://runtime.idevaffiliate.com/127.html *PP* |-| Der aktuelle RabattCode (10%) lautet: "zander"
[20:54:38] <@%+Mod4YouBOT> zanderHype zanderLove zanderHype zanderLove zanderHype zanderLove zanderHype zanderLove zanderHype zanderLove zanderHype zanderLove zanderHype zanderLove zanderHype zanderLove zanderHype zanderLove zanderHype zanderLove zanderHype zanderLove zanderHype zanderLove zanderHype zanderLove
[20:54:39] <%PattiXY> @ZanderLP Internet Gelöscht xD
[20:54:43] <@%+MrDuckSpace> Sag das PW mal on screen :D
[20:54:51] <@%+MrDuckSpace> stream*
[20:55:06] <%Bausem> wie sie schreit
[20:55:07] <%+angel_6_9_6> @ZanderLP dann wird das nie was mit uns weil ich schon immer mage main hab
[20:55:39] <%Bausem> oder habe ich es mir nur eingebildet
[20:56:08] <%$lukakakakas> eigentlich rogue main, aber auf dem alli twink gönne ich mir mal 'nen pala xD
[20:56:09] <%+angel_6_9_6> wuhuuuuuuu da muss ich ja wirklich wieda bei 0 auf nen neuen server anfangen XD
[20:56:21] <@%+MrDuckSpace> Bausem also im ts ist sie immer ganz lieb :D
[20:56:23] <%elias130304> mag sie es auch nicht wenn sam bellt
[20:56:36] <+Mettbroetchen29> @angel_6_9_6 welcher Server denn ?
[20:56:54] <@%+Aval0nTV> @Mettbroetchen29 sen'jin
[20:57:02] <+Mettbroetchen29> Danke 👌
[20:57:12] <%+angel_6_9_6> sei la la la keine ahnung wie der jetzt heißt wenn ich ihn seh weis ich es XD
[20:57:14] <+Mettbroetchen29> dann ab zur Horde und Zander jagen 🤣
[20:57:34] <StevenNowLive> hey sexy boy. warum hast du CompetitiveOW unten getaggt? also unterm stream neben dem game namen...hab dich noch nie OW spielen sehen^^
[20:57:35] <%+angel_6_9_6> ka ist das pve oder pvp
[20:57:59] <%Bausem> pve
[20:58:21] <rico28022006> hi
[20:58:28] <@%+Aval0nTV> nabend rico28022006
[20:58:41] <+Mettbroetchen29> dann dackel ich dir nach 🤣
[20:58:51] <rico28022006> nabend
[20:58:57] <@%+MrDuckSpace> rico28022006 heyhu
[20:59:07] <%$fetvlp> @ZanderLP das war in Pandaria damals mit Ryole haha war auch eins der Opfer von den Streamsnipern :P
[20:59:18] <StevenNowLive> bitte bitte. ich bin der bescheidsager
[20:59:19] <%$lukakakakas> Er will sich nur die OW-Zuschauer geiern Kappa
[20:59:22] <%+angel_6_9_6> auf was die leute so achten XD
[20:59:27] <@%+MrDuckSpace> lukakakakas richtig so :D
[20:59:29] <+Mettbroetchen29> dann hast du ein Stalker in wow
[20:59:32] <@%+Mod4YouBOT>* zanderLachen Spaß am Zocken? => Spiele bis zu 70% günstiger bekommst du bei InstantGaming: http://www.instant-gaming.com/de/?igr=Zander |-| *PP*
[20:59:38] <%elias130304> also bwi mkr steht des nicht
[21:00:03] <%+TobyTune> letztes mal das zander ow gespielt hat war kurz nach dem release :D
[21:00:20] <%+kiari81> hab auch schon neu angefangen auf senjin @angel_6_9_6
[21:00:28] <@%+Aval0nTV> @TobyTune und das war aus versehen Kappa
[21:00:32] <StevenNowLive> Ich schaue Zander erst richtig seit dem er in Kökn wohnt. Davor kannte ich ihn nur durch Dner. War voll geschockt als er WoW gespielt hat XD
[21:00:41] <%+TobyTune> Aval0nTV ja xD
[21:01:11] <INiklas2611> kann man bei dir einfach mitspielen, oder wie läuft das? Bin verwirrt
[21:01:18] <@%+MrDuckSpace> !mitspielen INiklas2611
[21:01:19] <@%+Mod4YouBOT>* Wenn Du die Chance haben willst, auch mal mit Zander zu spielen, join auf den ZanderLP TeamSpeak und geh in den "Warteraum - ZanderLP"! Von dort zieht Zander Spieler, wenn er jemand benötigt. In diesen Channel zu joinen ist aber KEINE Garantie, das ihr auch wirklich dran kommt! zanderFlosse
[21:01:24] <@%+Aval0nTV> !mitspielen @INiklas2611
[21:01:56] <INiklas2611> ah ok
[21:02:08] <%+angel_6_9_6> @kiari81 denke ich komm auch mal rum aber erst nach n urlaub
[21:02:10] <%+angel_6_9_6> @ZanderLP ich denk mal nach n urlaub sofern du dann auch noch zockst werd ich mich mal wieder an wow ran trauen da hab ich dann auch mehr zeit anstatt sinnlos für 2 wochen nicht spielen zu bezahlen
[21:02:28] <%$lukakakakas> Hier kommt kein Overwatch? Warum bin ich denn dann Sub? zanderOhh
[21:02:53] <rico28022006> nice
[21:02:56] <@%tarosh> lukakakakas :D :D
[21:03:05] <%+kiari81> klingt nach nemPlan @angel_6_9_6
[21:03:17] <%+TobyTune> hab noch nie wow gespielt :D
[21:03:24] <%+angel_6_9_6> @ZanderLP nach kroatien diggi schon wieder vergessen
[21:03:54] <%+angel_6_9_6> @ZanderLP ja wenn ich mit zock hast dann schon lust auf wow Kappa
[21:04:02] <StevenNowLive> Zanders Masterplan "Ich esse was mit Nessy oder halt nicht" XD
[21:04:22] <%+angel_6_9_6> @kiari81 jup
[21:04:32] <@%+Mod4YouBOT>* ** Der NEUE Merch ist da ** zanderHype Die mega geilen Caps findet ihr hier, die Hoodies sind leider bereits ausverkauft: https://www.zanderstore.de/ zanderGeGe
[21:04:34] <@%nessy2go> @stevennowlive Hahahaha! Waaaas? Mein Stream ist lautlos
[21:04:40] <%Bausem> ich fahre jz am Samstag nach ägypten und dann noch eine woch österreich Downhill fahren
[21:04:54] <StevenNowLive> @nessy2go hat er gerade so in etwa gesat XD
[21:05:09] <$itsg52> Ja aber das wird jetzt nicht wenn Nessy wow süchtig wird
[21:05:20] <StevenNowLive> @nessy2go also wie sein tag abläuft wenn er mit dir zusammen wohnt
[21:05:29] <%$lukakakakas> Was? Ich habe schon mein Account transferiert und alle Mounts aus dem Shop gekauft! Kappa
[21:06:04] <@%+Aval0nTV> zanderGeGe zanderGeGe zanderGeGe
[21:06:14] <%+eixonik> zanderGeGe zanderGeGe zanderGeGe
[21:06:14] <%+TobyTune> so macht rainbow spaß _D
[21:06:14] <%+angel_6_9_6> @ZanderLP nach kroatien diggi schon wieder vergessen
[21:06:25] <%elias130304> welches level bist du jetzt mit dem acc
[21:06:45] <%+TobyTune> @ZanderLP du bist ja auch kroate Kappa
[21:06:46] <%+angel_6_9_6> barban @ZanderLP also da die nähe
[21:06:48] <@%+chdxd1> LUL
[21:06:50] <scholz_paul> Suchst du noch Mates? @ZanderLP
[21:06:59] <%$fetvlp> Dieser Moment als Zander und ich gleichzeitig in die gleiche Region von Kroatien vereist sind :P
[21:07:03] <%$lukakakakas> Sie kommt nicht von der Arbeit nach Hause! Sie hat schon längst gekündigt LUL
[21:07:21] <rico28022006> Kein Problem mein bester
[21:08:17] <%+angel_6_9_6> istrien zander großraum istrien XD
[21:08:36] <%elias130304> wo wohnt nessy aktuell noch zander
[21:09:11] <@%+Aval0nTV> @elias130304 frankfurt
[21:09:32] <@%+Mod4YouBOT>* Ihr wollt auf dem neusten Stand bleiben? Dann holt euch den Newsletter auf euer WhatsApp! Weitere Infos dazu findet ihr hier: https://pushr.me/ zanderHype |-| Hier gibt es auch eine Video-Erklärung: https://m4u.link/zander/BotClip . Sollte der Bot bei euch nicht antworten, löscht einfach die Nummer, erstellt den Kontakt neu und schreibt ihn erneut mit !start an! zanderLachen
[21:10:29] <%+angel_6_9_6> @ZanderLP oha mein tab ist gerade zu gegangen ja mit mein fingern auf die falsche taste gekommen ka ob du es mitbekommen hast großraum Istrien nähe Barban
[21:10:41] <rico28022006> sauber
[21:10:58] <Schuppenfrei_TV> !coins
[21:11:03] <@%+Mod4YouBOT> schuppenfrei_tv: 699 Coins
[21:11:19] <%RiflayYT> zanderHi
[21:11:53] <%+angel_6_9_6> das kommt davin das es einen in der jugend egal ist @ZanderLP heut denkt man eher darüber nach was das für folgen haben kann
[21:11:53] Viewerstats (20:50-21:10): avg:204 min:192 max:217 [11/192+3+3+0-6+13+7-6+7+4+0]
# Log closed: 2018-07-05 21:11:54 +0200
-
