# Log started: 2018-06-01 22:15:58 +0200
[22:15:58] Trete #zanderlp bei..
[22:15:58] ~Scary Friday Get Even mit Nessy (Get Even)~
[22:15:58] #zanderlp beigetreten
[22:15:58] MOD: Zanderlp, Mrdavuille, Moobot, Aysli, recklessGreed, Aval0ntv, Earthman2012, Mod4youbot
[22:16:01] <%legend_suchti> so langsam denke ich du magst mich nicht
[22:16:08] <%Russpelz_> wht the hell ? damit hab ich net gerechnet zanderWTF
[22:16:11] <%+Beastboy> @ZanderLP Wirst du Vampyr streamen wenn es raus kommt?
[22:16:22] <@%+Aval0nTV> @marash2 evtl später
[22:16:37] <philipplux> !uptime
[22:16:39] <%+blackpurplex> @Russpelz_ alles klar ich war auch auf ner mittelschule und da hieß es immer ja ihr müsst euer zeug selber haben, wenn du das verpasste so verstehst ist doch ausreichend aber nicht das du alles was die gemacht haben von 4 wochen oder so in ner woche nachholst zanderFail
[22:16:39] <@%+Mod4YouBOT>* Zander ist online seit 1 Stunde 15 Minuten.
[22:16:48] <@%+Mod4YouBOT>* Runtime-GGs Produkte sind speziell auf Gamer abgestimmt und nicht nur schnell und einfach zubereitet, sondern auch noch gesund und lecker zanderLove Hier gibt es weitere Infos: https://runtime.idevaffiliate.com/127.html *PP* |-| Der aktuelle RabattCode (10%) lautet: "zander"
[22:17:04] <marash2> @Aval0nTV wenn ja, was??
[22:17:14] <@%+Aval0nTV> @marash2 hat er noch nicht gesagt
[22:17:15] <%$Homie20006> @Russpelz_ @blackpurplex vor allem Nachsitzen, weil man ne OP hatte LUL wuuut?!
[22:17:36] <%+buttman2811> Guten Abend Zander/Nessi & Chat zanderLove zanderHi zanderHi zanderHi
[22:17:36] <%Zunis1999> Moin :D
[22:17:41] <marash2> @Aval0nTV ok danke
[22:17:45] <%+DrSprayyy> Zunis1999 <3
[22:17:53] <%+Affiger> wie sie schnell liest :D
[22:17:54] <%Zunis1999> @DrSprayyy <3
[22:17:55] <%Russpelz_> @blackpurplex sag das meiner lehrerin mal
[22:17:58] <@%+Aval0nTV> moin Zunis1999
[22:18:02] <%+blackpurplex> @Homie20006 @Russpelz_ ja wie kann er es wagen fast zusterben wärend der schulzeit richtig schlimm Kappa
[22:18:13] <%Zunis1999> @Aval0nTV moin^^
[22:18:28] <labrumbaer> @drsprayyy guten abend xD
[22:18:43] <@%+Mod4YouBOT>* acertiger hat €5.00 Trinkgeld in den Teich geworfen! Vielen Dank <3
[22:18:46] <@%+Aval0nTV> !hype
[22:18:47] <@%+Mod4YouBOT> zanderHype zanderLove zanderHype zanderLove zanderHype zanderLove zanderHype zanderLove zanderHype zanderLove zanderHype zanderLove zanderHype zanderLove zanderHype zanderLove zanderHype zanderLove zanderHype zanderLove zanderHype zanderLove zanderHype zanderLove zanderHype zanderLove
[22:18:47] <%+DrSprayyy> kannst du die nicht einfach umballern?
[22:19:00] <%+DrSprayyy> labrumbaer serwas du Lump :D
[22:19:18] <philipplux> Gute Nacht an alle
[22:19:19] <+minks73> Ich puller mich gleich ein. MiniK lieber Slenderman als Geister Seelen Robo Zeug. XD heeelp :D
[22:19:25] <@%+Aval0nTV> n8 philipplux
[22:19:26] <%Russpelz_> @homie20006 das ist komisch ich weiß aber es heist solang du nicht 2 gebrochene arme hast oder tot krank/bettlegerig bist sollsz du es nacharbeiten und das mit den nachsitzen isz neu
[22:19:37] <%$Homie20006> @blackpurplex xDDD haha ja so!
[22:19:46] <%+blackpurplex> @Russpelz_ mach deine aufgaben fertig und sag zu ihr das du das jetzt in ner woche Korriegiert zurück haben möchtest dann seh ma ja und wenn ses nicht macht sagst es mal deinen eltern mal sehen was die dazu meinen
[22:19:51] <flo78846> komrt noch was anderes
[22:20:02] <@%+Aval0nTV> @flo78846 steht noch nicht fest
[22:20:08] <+stefang963> was ist das für ein spiel?
[22:20:11] <%$Homie20006> @blackpurplex sehr gute Idee
[22:20:16] <%+gewarom> Nabend zusammen. zanderHi
[22:20:18] <+Suk_Mike_Hok1555> Juhuu endlich wieder ein Storygame :D
[22:20:19] <%acertiger> @ZanderLP mir gehts wunderbar nur meine linke hand ist grade angeschwollen da ich eine Allergie gegen mücken habe aber sonst alles super
[22:20:20] <%derfenchelhd> philipplux gute nacht ;)
[22:20:21] <@%+Aval0nTV> @stefang963 get even
[22:20:54] <+stefang963> @Aval0nTV das habe ich gelesen ich meinte jetzt worum es geht in dem spiel
[22:20:58] <%derfenchelhd> acertiger oh je :/
[22:21:00] <%+blackpurplex> @Homie20006 Lehrer in Staatlichen pflichtschulen ey, da haben die meisten eh ne latte weg hab ich auch bei mir festgestellt :D
[22:21:12] <%Russpelz_> @blackpurplex das sind noch ca 11 bläter oder mehr und so lamg wie ich wegen der op brauch schaf ich das net auser ich setzt mich dran und macj sa so kommplez durch ohne zu schlafen
[22:21:14] <@%+Aval0nTV> @stefang963 so ganz genau wissen wir das auch noch nicht
[22:21:25] <%$Homie20006> @blackpurplex ach auf Berufsschulen kann das so weiter gehen ^^
[22:21:28] <erdbeeren_lecker> das gerät hat aber guten empfang
[22:21:39] <+stefang963> @Aval0nTV aso danke trotzdem
[22:21:42] <@%+Aval0nTV> gerne
[22:21:48] <@%+Mod4YouBOT>* zanderLachen Spaß am Zocken? => Spiele bis zu 70% günstiger bekommst du bei InstantGaming: http://www.instant-gaming.com/de/?igr=Zander |-| *PP*
[22:21:49] <%+L__Lokrii__L> guden tag leute zanderFlosse
[22:21:50] <%$Homie20006> @Russpelz_ was musst du denn da alles machen? x.x
[22:22:04] <@%+Aval0nTV> nabend L__Lokrii__L
[22:22:18] <%+blackpurplex> @Russpelz_ Mathe, Deutsch, English?
[22:22:52] <%Russpelz_> @homie20006 deutsch und erdkunde und ich hab mein atlas net heist alles was ich weis muß ich googeln @blackpurplex
[22:23:15] <%+blackpurplex> @Homie20006 wenn ich anfang zu arbeiten bin ich 18 sprich wenn der lehrer mir aufn sack geht muss er mich Sizen weil ich das sonst unhöflich finde xD
[22:23:15] <%+skid_12> hi zander und chat alles gut bei euch ?
[22:23:19] <anubisgermany> hi
[22:23:26] <+mattimatch> Hallo zander
[22:23:31] <%+L__Lokrii__L> guden tag leute zanderFlosse
[22:23:33] <%Russpelz_> am nicht weiß meint ich @blackpurplex @homie20006
[22:23:42] <@%+Aval0nTV> nabend @skid_12 @anubisgermany @mattimatch
[22:23:59] <Nanafalke> Richtiger Lappen Kappa
[22:23:59] <%+blackpurplex> @Russpelz_ also ich hab ne 2 in Erdkunde tell bin ne klasse über dir, :D
[22:24:04] <%$Homie20006> @ZanderLP zanderLOL zanderFlosse
[22:24:06] <%$SpyroEnterTheDragonFly> XD
[22:24:10] <%$SpyroEnterTheDragonFly> was geht
[22:24:16] <%$SpyroEnterTheDragonFly> bin wieder da
[22:24:23] <@%+Aval0nTV> wb SpyroEnterTheDragonFly
[22:24:43] <%+Youtoubegirl> Hallöchen zanderLove
[22:24:47] <marash2> @SpyroEnterTheDragonFly moin moin
[22:24:50] <%Russpelz_> @blackpurplex oky aber beantworte mal fragen über ein stadt in der du noch nie warst
[22:24:52] <@%+Aval0nTV> huhu Youtoubegirl
[22:24:52] <%+Bad_Spyro> hey @SpyroEnterTheDragonFly
[22:24:59] <%+Youtoubegirl> @Aval0nTV hi
[22:25:11] <%danylolipop> zanderFlosse
[22:25:16] <%+blackpurplex> @Russpelz_ Referat?
[22:25:54] <%Russpelz_> @blackpurplex ne wir sollem arbeitsblätter machen
[22:26:10] <%sohaila1> wie weit sind sie schon im Game ?
[22:26:13] <%+blackpurplex> @Russpelz_ über was für ne stadt?
[22:26:30] <%$Homie20006> ich esse mal was, kann nur lesen :)
[22:26:48] <@%+Mod4YouBOT>* ** Der NEUE Merch ist da ** zanderHype Die mega geilen Caps findet ihr hier, die Hoodies sind leider bereits ausverkauft: https://www.zanderstore.de/ zanderGeGe
[22:26:50] <%$SpyroEnterTheDragonFly> moin
[22:26:52] [Notification] SenorShuuya just subscribed with a Tier 1 sub!
[22:26:57] <%$SpyroEnterTheDragonFly> !coins
[22:27:01] <@%+Mod4YouBOT> spyroenterthedragonfly: 4759 Coins
[22:27:08] <%sohaila1> zanderLove zanderHype zanderLove zanderHype zanderLove zanderHype zanderLove zanderHype zanderLove zanderHype zanderLove zanderHype zanderLove zanderHype zanderLove zanderHype zanderLove zanderHype zanderLove zanderHype zanderLove zanderHype zanderLove zanderHype zanderLove zanderHype zanderLove zanderHype zanderLove zanderHype
[22:27:17] <%Russpelz_> @blackpurplex über kölen sind es ein paar fragen so wie über diese flage von nrw
[22:27:23] <%+Bad_Spyro> !hype
[22:27:24] <@%+Mod4YouBOT> zanderHype zanderLove zanderHype zanderLove zanderHype zanderLove zanderHype zanderLove zanderHype zanderLove zanderHype zanderLove zanderHype zanderLove zanderHype zanderLove zanderHype zanderLove zanderHype zanderLove zanderHype zanderLove zanderHype zanderLove zanderHype zanderLove
[22:27:25] <zmarzi546> !coins
[22:27:33] <@%+Mod4YouBOT> zmarzi546: 143 Coins
[22:27:36] <gtimeheld> !coins
[22:27:46] <@%+Mod4YouBOT> gtimeheld: 1607 Coins
[22:27:52] <%SenorShuuya> BloodTrail
[22:28:24] <%Russpelz_> das ist ein wenig sycho aber mehr nervig
[22:28:26] <%+blackpurplex> @Russpelz_ mach das nebenbei mitn livestream das geht mir Wikipedija schon sagt ja niemand das du nen roman schreiben musst :D
[22:28:43] <%+DrSprayyy> ich find musik entspannend Kappa
[22:28:43] <%+julamahato> Moinsen zusammen
[22:28:53] <%Russpelz_> @blackpurplex stimmt schon
[22:29:05] <@%+Aval0nTV> nabend julamahato
[22:29:29] <$s1lenty_> @Aval0nTV PogChamp
[22:29:32] <%$Homie20006> Warwick LUL
[22:29:42] <@%+Aval0nTV> hoi s1lenty_ :)
[22:30:23] <%+skid_12> !coins
[22:30:24] <%Fabianstyle6_> komme in 15 minuten wieder
[22:30:31] <@%+Mod4YouBOT> skid_12: 162 Coins
[22:30:56] <%+Sekundant> #Ehrenmann
[22:31:05] <%+Sekundant> Und hi zsm :D
[22:31:19] <@%+Aval0nTV> nabend Sekundant
[22:31:33] <katrin12345000> Was ist das
[22:31:48] <@%+Mod4YouBOT>* Das ist der Server von GermanGameForce in Kooperation mit Zander. |-| Anmeldung: https://m4u.link/zander/arma |-| Ihr benötigt dazu sowohl das Spiel "Arma 3", als auch das kostenpflichtige DLC "Arma 3 APEX" |-| Ab sofort ist der Server gestartet!
[22:31:52] <%legend_suchti> Zeitloses desing hammer
[22:32:41] <katrin12345000> bleedPurple <3 bleedPurple <3 TwitchLit DrinkPurple
[22:32:56] <%$Homie20006> mega Level Design PogChamp <3
[22:33:29] <mrskyboystyle> Was war Get Even nochmal fürn nen Spiel?
[22:33:50] <%konsolenopa> @ZanderLP Hallo mein Lieber! Heute mit Verstärkung? Hab gerade meinen ersten Livestream hinter mir und es war die reinste Katastrophe.. Ey aber wir haben es irgendwie gerockt. Jetzt entspann ich mit Euch :D
[22:34:24] <+minks73> So viel Liebe zum Detail in diesem Spiel. Das fasziniert mich!
[22:34:39] <@%+Aval0nTV> @konsolenopa bitte lass solche äusserungen aus dem chat raus, da sowas schnell als eigenwerbung rüber kommt ;)
[22:34:44] <%$Homie20006> hey @konsolenopa :)
[22:35:29] <%konsolenopa> @Aval0nTV Sorry.. Hab mir nur den Frust von der Seele geschrieben! Danke für den Hinweis...
[22:36:03] <%konsolenopa> @Homie20006 Servus 🙌🏼
[22:36:48] <@%+Mod4YouBOT>* Ihr wollt auf dem neusten Stand bleiben? Dann holt euch den Newsletter auf euer WhatsApp! Weitere Infos dazu findet ihr hier: https://pushr.me/ zanderHype |-| Hier gibt es auch eine Video-Erklärung: https://m4u.link/zander/BotClip . Sollte der Bot bei euch nicht antworten, löscht einfach die Nummer, erstellt den Kontakt neu und schreibt ihn erneut mit !start an! zanderLachen
[22:36:53] <ThyrellXD13> !roulette all
[22:37:07] <@%+Aval0nTV> @ThyrellXD13 minigames gibt es hier leider nicht
[22:38:09] <%konsolenopa> Dann einmal liebe Grüsse! Puh, komplette Hardware abgeraucht.. ha ha ha..
[22:38:13] <AlphaX200> Ohh Gott ich hab jetzt schon schiss. :D
[22:40:12] <%Letsknalfi> Hallo zanderHi
[22:40:39] <%$Homie20006> Mikrofon :D
[22:41:15] <%tobi26092000> sehr sehr
[22:41:22] <gtimeheld> xD
[22:41:31] <flo78846> wie getz
[22:41:32] <%+blackpurplex> ja wir hören dich xD
[22:41:36] <%tobi26092000> jetzt gehts
[22:41:38] <%$Homie20006> setzt dich einfach auf seinen Platz LUL
[22:41:48] <@%+Mod4YouBOT>* Runtime-GGs Produkte sind speziell auf Gamer abgestimmt und nicht nur schnell und einfach zubereitet, sondern auch noch gesund und lecker zanderLove Hier gibt es weitere Infos: https://runtime.idevaffiliate.com/127.html *PP* |-| Der aktuelle RabattCode (10%) lautet: "zander"
[22:41:55] <%legend_suchti> nessy beugt sich über zanders stuhl und der ist nicht da
[22:42:06] <flo78846> ja
[22:42:06] <%tobi26092000> ne
[22:42:10] <jojona007> hi
[22:42:18] <%lusy21> kkushJa kkushJa kkushJa
[22:42:21] <flo78846> schule
[22:42:22] MOD: Derison
[22:42:22] UNMOD: Aysli
[22:42:28] <%+blackpurplex> Nessy das drogengeld ist in der unterren schublade neben dem koks Kappa
[22:42:29] <erdbeeren_lecker> dein mic rauschte
[22:42:48] <%tobi26092000> wir haben dich grade auch über dein mikro gehört
[22:42:55] <%$Homie20006> der Rest ist IMMER im Lampensockel versteckt LUL
[22:43:20] <%+skid_12> @blackpurplex TableHere TableHere BrokeBack BrokeBack BrokeBack
[22:43:25] <%Russpelz_> @blackpurplex noch 6 blätter und die sind echt schwer
[22:43:31] <+minetime_twitch> bist du zanders freundin
[22:43:40] <jojona007> !uptime
[22:43:41] <@%+Mod4YouBOT>* Zander ist online seit 1 Stunde 42 Minuten.
[22:43:41] <%$Homie20006> @minetime_twitch ist sie
[22:43:45] <%tobi26092000> läuft
[22:43:48] <@%+Aval0nTV> ja
[22:43:52] <+minetime_twitch> ja
[22:43:55] <erdbeeren_lecker> rauscht
[22:43:57] <flo78846> ja#
[22:44:00] <%+blackpurplex> @Russpelz_ schreib einfach das erste hin was dir einfällt es muss ja nicht unbedingt richtig sein :D
[22:44:12] <@%+Aval0nTV> @erdbeeren_lecker das ist die klimaanlage, die im hintergrund läuft
[22:44:26] <ibrahimsaad90> Ja jetzt besser aber rauscht bisschen
[22:44:30] <%Letsknalfi> @aval0ntv Hi
[22:44:31] <%tobi26092000> @erdbeeren_lecker das rauschen kommt durch die klimeanlage die an ist
[22:44:33] <@%+Aval0nTV> @ZanderLP nessy, immer gerne
[22:44:37] <%ImFr0z3nYT> zanderFlosse zanderFlosse
[22:44:37] <%$Homie20006> Setup steht wieder SeemsGood
[22:44:40] <@%+Aval0nTV> huhu Letsknalfi
[22:44:53] <%+blackpurplex> @ZanderLP Nessy hat dein drogengeld gefunden Kappa
[22:45:10] <@%+Mod4YouBOT>* SenorShuuya hat €4.63 Trinkgeld in den Teich geworfen! Vielen Dank <3
[22:45:12] <%+Mell54> da rauscht nichts, das ist die Klimaanlage
[22:45:15] <@%+Aval0nTV> !hype
[22:45:15] <@%+Mod4YouBOT> zanderHype zanderLove zanderHype zanderLove zanderHype zanderLove zanderHype zanderLove zanderHype zanderLove zanderHype zanderLove zanderHype zanderLove zanderHype zanderLove zanderHype zanderLove zanderHype zanderLove zanderHype zanderLove zanderHype zanderLove zanderHype zanderLove
[22:45:18] <erdbeeren_lecker> sorry ist die klima
[22:45:39] <%Russpelz_> @blackpurplex darf ich dich was fragen ?
[22:45:54] Viewerstats (22:15-22:43): avg:173 min:165 max:181 [16/174+0-4+6+4-1+0-5-3-1-2-1+0+14-3-13]
[22:46:06] <%+blackpurplex> @Russpelz_ weiß ich nicht frag lieber deine eltern ob du mit mir reden darfst Kappa
[22:46:06] <%Rene205> Hey @zanderlp
[22:46:46] <%$Homie20006> @blackpurplex xDD LUL
[22:46:47] <sargentopollo117> ya llegue
[22:46:48] <@%+Mod4YouBOT>* zanderLachen Spaß am Zocken? => Spiele bis zu 70% günstiger bekommst du bei InstantGaming: http://www.instant-gaming.com/de/?igr=Zander |-| *PP*
[22:46:59] <%+DrSprayyy> ich mal schlafen :) Gute nacht zusammen und noch viel spaß <3
[22:47:04] <%+blackpurplex> @Russpelz_ ja darfst du xD
[22:47:25] <saaarne> !coins
[22:47:31] <@%+Mod4YouBOT> saaarne: 155 Coins
[22:47:40] <%$Homie20006> Nacht @DrSprayyy :)
[22:47:49] <@%+Aval0nTV> gute nacht DrSprayyy
[22:47:57] <%SenorShuuya> hast es erfasst xD
[22:48:08] <%SenorShuuya> also mit der paysafe
[22:48:21] <Sinnaj1> !coins
[22:48:23] <%$Homie20006> @Russpelz_ @blackpurplex jetzt bin ich ja gespannt, was kommt :D
[22:48:31] <@%+Mod4YouBOT> sinnaj1: 1372 Coins
[22:48:36] <%Tomatenzwerg> gibs das Spiel auch für die ps4? zanderWTF zanderLove
[22:49:25] <%+blackpurplex> @Homie20006 der fragt gleich sowas: Wie stellt man Konzentrierte dunkle materie her xD
[22:50:05] <%$Homie20006> @blackpurplex xDD
[22:50:15] <Johanneskluegl> Kommt heute noch Raft ❓
[22:50:17] <%Russpelz_> @blackpurplex ich wollte dich nur fragen ob du weißt ; in velchem statdvirtel von kölen die hohe straße liegt und und in welchem stadvirtel in kölen der reihnpark ist ? und in velchem stadtvirtel die firma ford in kölen ist ? und in wrlchrm stadtvirtrl die tiecketstraße in köln-Ehrenfeld ist ?
[22:50:33] <%$Homie20006> xDDDD :D Kappa
[22:50:50] <%+blackpurplex> @ZanderLP sei leise ich will den film seid wochen anschaun aber niemand hat zeit/lust weil meine freunde alles 31iger sind die lieber zocken anstatt was zu machen zanderWut
[22:50:53] <%Tomatenzwerg> @johanneskluegl denke nicht
[22:50:56] <@%+Aval0nTV> @Johanneskluegl steht noch nicht fest, wie ich dir vorhin schonmal sagte
[22:51:13] <%Tomatenzwerg> zanderLOL
[22:51:17] <%+blackpurplex> @Russpelz_ google maps? :D
[22:51:33] <%Russpelz_> @homie20006 das sind die fragen die ich meinte wie soll man die beantworten wen man noch nie ihn köln war
[22:51:48] <@%+Mod4YouBOT>* ** Der NEUE Merch ist da ** zanderHype Die mega geilen Caps findet ihr hier, die Hoodies sind leider bereits ausverkauft: https://www.zanderstore.de/ zanderGeGe
[22:51:55] <%$Homie20006> @Russpelz_ selten dämliche Fragen...
[22:51:57] <Johanneskluegl> Bin neu eine Frage wer ist das neben Zander
[22:52:02] <%Tomatenzwerg> @aval0ntv steht denn fest wie lange es heute geht? oder Open end
[22:52:02] <%Russpelz_> @blackpurplex dann muß ich ja den stream ausmachen schau nrmilch über handy
[22:52:19] <@%+Aval0nTV> @Johanneskluegl das ist zanders freundin nessy
[22:52:27] <@%+Aval0nTV> @Tomatenzwerg open end
[22:52:35] <Johanneskluegl> Ok
[22:52:39] <%Tomatenzwerg> alles klar thx
[22:52:42] <%+blackpurplex> @Russpelz_ mach die fragen wo du nicht weiter kommst einfach morgen
[22:52:52] <Johanneskluegl> Wer bist du Aval....
[22:52:54] <%Russpelz_> @blackpurplex ich glaub ich mach morgen weiter
[22:53:26] <%$Homie20006> @Russpelz_ mach dir nicht dein Wochenende kaputt, dann hätte man dir die Aufgaben ja Montag schon geben können.
[22:53:51] <%tobi26092000> xD
[22:54:06] <%SenorShuuya> plötzlich habe die "die geissens" flashbacks
[22:54:12] <%$Homie20006> @ZanderLP Amy Cideris, Wäscheexpertin LUL
[22:54:39] <g4nte> moin @zanderlp alles fit ?
[22:55:13] <Johanneskluegl> Wer bist du Aval ......❓
[22:55:27] UNMOD: Derison
[22:55:33] <%$Homie20006> ein krasser Typ ist das @Johanneskluegl
[22:55:43] <%$Homie20006> und er hat ein Schwert Kappa
[22:55:52] <@%+Aval0nTV> @Johanneskluegl ich bin moderator hier, wenn das deine frage beantwortet
[22:55:52] <Johanneskluegl> Haha
[22:56:01] <Johanneskluegl> Ok
[22:56:30] <Johanneskluegl> Was macht ein Moderator bin neu auf Twitch
[22:56:44] <%+GeeStax> Moin Zander! Grüße aus dem sonnigen Kalifornien 😉
[22:56:44] <heuler007> Lohnt sich Get Even deine meinung würde micht interessieren sry habe gerade erst eingeschaltet ;:D
[22:56:46] MOD: Michaelfruittea
[22:56:48] <@%+Mod4YouBOT>* Das ist der Server von GermanGameForce in Kooperation mit Zander. |-| Anmeldung: https://m4u.link/zander/arma |-| Ihr benötigt dazu sowohl das Spiel "Arma 3", als auch das kostenpflichtige DLC "Arma 3 APEX" |-| Ab sofort ist der Server gestartet!
[22:56:55] <%$Homie20006> das kann ich bestätigen mit dem mehr haben LUL
[22:56:56] <@%+Aval0nTV> @Johanneskluegl unter anderem dafür sorgen, das sich hier alle an die regeln halten ;)
[22:57:13] <Johanneskluegl> Achso ok
[22:57:37] <%+blackpurplex> @ZanderLP ok du unterhältst dich mit deiner freundin im stream um die brustgröße anderer frauen? Was macht ihr beim Kaffee trinken in der fußgängerzone? Kappa
[22:57:54] <Johanneskluegl> Wie wird man Moderator
[22:57:58] UNMOD: Michaelfruittea
[22:58:01] <%+GeeStax> Zander bist auch ein ganz cooler Typ 😉
[22:58:02] <%$Homie20006> @blackpurplex Hot Pants vs. Bauchfrei - was ist geiler LUL
[22:58:06] <%SenorShuuya> !coins
[22:58:16] <@%+Mod4YouBOT> senorshuuya: 410 Coins
[22:58:43] <g4nte> !coins
[22:58:46] <@%+Mod4YouBOT> g4nte: 60 Coins
[22:59:22] <%Letsknalfi> !coins
[22:59:31] <@%+Mod4YouBOT> letsknalfi: 1317 Coins
[22:59:46] <g4nte> wofür sind die coins ? @aval0ntv
[22:59:48] <%Russpelz_> man hab ich ein hunger ich holle mir jetzt den rest vom dönner und esse den jetzt
[23:00:00] <@%+Aval0nTV> @g4nte du kannst damit an gewinnspielen teilnehmen
[23:00:11] <g4nte> ok danke
[23:00:24] <Johanneskluegl> Wie wird man Moderator
[23:00:26] <Johanneskluegl> ❓
[23:00:34] <%+GeeStax> Endlich mal wieder die deutsche Sprache hören, das ist so angenehm
[23:00:35] <%$Homie20006> @Russpelz_ Guten
[23:00:35] <%+blackpurplex> @Homie20006 so die vorstellung: die sitzen da, Nessy: die hat kein bh an, Zander: die hat nur B, Nessy die hat nur A+ , läuft so ne Latina vorbei, Zander: DOPPEL D! so richtig laut xD
[23:00:39] <@%+Aval0nTV> !mod @Johanneskluegl
[23:00:40] <@%+Mod4YouBOT>* Möchtest du dich bei Mod4You als Moderator bewerben? Einen Entbannungsantrag schicken? Hier im Ticketsystem findest du alle Themen |*| https://support.mod4you.de/ |*| Johanneskluegl
[23:00:55] <%$Homie20006> @blackpurplex LUL
[23:01:19] <Johanneskluegl> Ok danke
[23:01:35] <%Russpelz_> @homie20006 danke
[23:01:48] <@%+Mod4YouBOT>* Ihr wollt auf dem neusten Stand bleiben? Dann holt euch den Newsletter auf euer WhatsApp! Weitere Infos dazu findet ihr hier: https://pushr.me/ zanderHype |-| Hier gibt es auch eine Video-Erklärung: https://m4u.link/zander/BotClip . Sollte der Bot bei euch nicht antworten, löscht einfach die Nummer, erstellt den Kontakt neu und schreibt ihn erneut mit !start an! zanderLachen
[23:01:57] <%+GeeStax> Ja meine Familie besuchen
[23:02:09] <%+GeeStax> 17
[23:02:44] <%+blackpurplex> @Homie20006 ich hat auch mal nen weib am start die hatte E oder F halt so richtig pralle Melonen da konntest du ganz reintauchen also so richtig U-Boot spielen und die hats net gemerkt zanderLove zanderLove zanderLove zanderPsycho
[23:02:52] MOD: Michaelfruittea
[23:02:57] <heuler007> Seit dem ihr the forest durch gespielt habe bin ich auch dabei alle enden einmal zu zocken ;:D war ein hammer stream ;:D
[23:03:02] [Notification] janakla just subscribed with a Tier 1 sub. janakla subscribed for 6 months in a row!
[23:03:06] <%+GeeStax> Dann komm mal rum😉 haben hier sicher noch Platz für euch
[23:03:15] <@%+Aval0nTV> !hype
[23:03:15] <@%+Mod4YouBOT> zanderHype zanderLove zanderHype zanderLove zanderHype zanderLove zanderHype zanderLove zanderHype zanderLove zanderHype zanderLove zanderHype zanderLove zanderHype zanderLove zanderHype zanderLove zanderHype zanderLove zanderHype zanderLove zanderHype zanderLove zanderHype zanderLove
[23:03:37] <@%+Aval0nTV> @blackpurplex weitere details klärt ihr bitte per whisper ;)
[23:04:04] <%$Homie20006> @blackpurplex wollte auch grade vorschlagen, solche Themen dann doch nicht weiter auszubauen Kappa
[23:04:04] <%SenorShuuya> hab mich gefragt wie land es dauert bis wer was sagt xD
[23:04:05] <%janakla> Bei dem Wetter bin ich viel draußen wenn ich nicht gerade arbeite xD
[23:04:09] <%SenorShuuya> lang*
[23:04:20] <%janakla> wie geht's euch den sonst so?
[23:04:22] <@%+Aval0nTV> huhu janakla :)
[23:04:28] [Notification] janakla just subscribed with a Tier 3 sub. janakla subscribed for 6 months in a row!
[23:04:35] <%+blackpurplex> @Aval0nTV es ist nach 22 uhr, außer dem jeder mag brüste auch du! :D
[23:04:47] <%janakla> @aval0ntv alles fit?
[23:04:47] <%$Homie20006> trotzdem unpassend hier :x
[23:04:58] <%derfenchelhd> janakla Halli Hallo ^^
[23:04:58] <@%+Aval0nTV> @blackpurplex ich sage nicht, das ich sie nicht mag. dennoch ist das kein thema für den chat!!
[23:05:07] <@%+Aval0nTV> @janakla ja sicher. bei dir auch?
[23:05:43] <%janakla> @aval0ntv klar alles supi :)
[23:05:52] <%janakla> Hannover
[23:05:55] <@%+Aval0nTV> @janakla freut mich!!
[23:06:08] <%+blackpurplex> Oh shit stimmt es könnten agressive vermenisten hier sein ich muss vorsichtig sein Kappa
[23:06:15] <%+todesschaumbad> in österreich ist es sooioi heiß
[23:06:15] <%derfenchelhd> Aval0nTV was geht denn jetzt ab, da war man einmal auf der suche nach essen LUL
[23:06:17] <%$Homie20006> komme auch aus Hannover
[23:06:18] <%Russpelz_> bei mir regnet es den ganzen tag schon
[23:06:19] <%$Homie20006> <3
[23:06:24] [Notification] chdxd1 just subscribed with a Tier 1 sub. chdxd1 subscribed for 29 months in a row! [Blinkt dein Z bei einem Sub? <3]
[23:06:28] <@%+Aval0nTV> !hype
[23:06:28] <@%+Mod4YouBOT> zanderHype zanderLove zanderHype zanderLove zanderHype zanderLove zanderHype zanderLove zanderHype zanderLove zanderHype zanderLove zanderHype zanderLove zanderHype zanderLove zanderHype zanderLove zanderHype zanderLove zanderHype zanderLove zanderHype zanderLove zanderHype zanderLove
[23:06:42] MOD: chdxd1, Drtriox
[23:06:43] <%+Sgt_Maurice> Hannover zanderLove
[23:06:46] <%janakla> Aber ich bin am Samstag an Wesel vorbei gefahren ;)
[23:06:47] <@%+Aval0nTV> @derfenchelhd das is die wärme. da "brennt" schnell mal was durch ^^
[23:06:48] <@%+Mod4YouBOT>* Runtime-GGs Produkte sind speziell auf Gamer abgestimmt und nicht nur schnell und einfach zubereitet, sondern auch noch gesund und lecker zanderLove Hier gibt es weitere Infos: https://runtime.idevaffiliate.com/127.html *PP* |-| Der aktuelle RabattCode (10%) lautet: "zander"
[23:06:56] <@%+chdxd1> Ich sprech auch mit Dingen, die keine API haben :D
[23:07:01] <%$Homie20006> was keine API hat, bekommt halt eine LUL
[23:07:06] <%SenorShuuya> bei mir wars die letzte woche schön und jetzt grad geht die welt unter BloodTrail
[23:07:12] <@%+chdxd1> Richtig @Homie20006 !
[23:07:32] <%janakla> @zanderlp dann machen wir aber ne Grillparty :-p
[23:07:44] <%+blackpurplex> @Homie20006 NEIN DAS BLeibt alles so wie es hier ist! Kappa
[23:07:55] UNMOD: Drtriox
[23:07:58] <%$Homie20006> egal ob du hier bist und nicht!
[23:08:04] <Jeffderkiller1> @blackpurplex XD
[23:08:06] [Notification] PSNTigeryt just subscribed with Twitch Prime. PSNTigeryt subscribed for 6 months in a row! [Wieder mal 6 Monate um viel spaß dir und nessi noch grüße gehen raus an die Community #FischArmee]
[23:08:18] <@%+Aval0nTV> !hype
[23:08:18] <@%+Mod4YouBOT> zanderHype zanderLove zanderHype zanderLove zanderHype zanderLove zanderHype zanderLove zanderHype zanderLove zanderHype zanderLove zanderHype zanderLove zanderHype zanderLove zanderHype zanderLove zanderHype zanderLove zanderHype zanderLove zanderHype zanderLove zanderHype zanderLove
[23:08:20] <%janakla> und wenn ihr mal in Hannover unterwegs seit sagt Bescheid ;)
[23:08:20] <%SenorShuuya> vergiss nich das sich hier nichts dran rüttelt
[23:08:21] <%sohaila1> zanderLove zanderHype zanderLove zanderHype zanderLove zanderHype zanderLove zanderHype zanderLove zanderHype zanderLove zanderHype zanderLove zanderHype zanderLove zanderHype zanderLove zanderHype zanderLove zanderHype zanderLove zanderHype zanderLove zanderHype zanderLove zanderHype zanderLove zanderHype zanderLove zanderHype
[23:08:57] <%$Homie20006> @SenorShuuya so, jetzt könn' wa weiter diskutieren SeemsGood
[23:09:02] <%janakla> Klar natürlich mit Hund ;)
[23:09:11] UNMOD: Michaelfruittea
[23:09:22] <%+blackpurplex> @ZanderLP ihr habt beide mit der selben person ne affere intressant Kappa
[23:09:39] <%Sgt__Lennox> wann kommt eig die flosse wieder ? LUL Kappa
[23:10:43] <%+blackpurplex> @Sgt__Lennox #Flosse, der macht das garnemme zanderCry zanderFlosse zanderFlosse zanderFlosse
[23:11:17] <%Russpelz_> ich hatt mir ein bisschen regen gewünscht aber net so viel das es den ganzen tag regenet unf schütet wie aus eimern
[23:11:38] <%Fabianstyle6_> oh bin wieder da <3
[23:11:48] <@%+Mod4YouBOT>* zanderLachen Spaß am Zocken? => Spiele bis zu 70% günstiger bekommst du bei InstantGaming: http://www.instant-gaming.com/de/?igr=Zander |-| *PP*
[23:12:25] <%+RupertAlpha> Gab es nicht früher ein IG Gewinnspiel?
[23:12:43] <@%+Aval0nTV> @RupertAlpha gab es, ja
[23:13:15] <%$Homie20006> @ZanderLP könnt ihr bitte ab sofort die Bilder detailiert beschreiben, so wie son Kunstkritiker, der meint, er wüsste, was der Künstler mit seinem Werk sagen wollte LUL zanderLOL
[23:13:24] <AlphaX200> Komode
[23:13:27] Viewerstats (22:45-23:11): avg:179 min:161 max:203 [14/166+6+13-6-17-1+3+10+2+3+18+6-5+2]
# Log closed: 2018-06-01 23:13:27 +0200
-
