# Log started: 2018-06-12 22:10:42 +0200
[22:10:42] Trete #zanderlp bei..
[22:10:42] ~Ein neuer Park entsteht! Jurassic World Evolution (Jurassic World Evolution)~
[22:10:43] #zanderlp beigetreten
[22:10:43] MOD: Aysli, Moobot, Chdxd1, Zanderlp, Mrduckspace, Aval0ntv, Earthman2012, Derjonmelsungen, Mod4youbot
[22:10:49] <%meyer1324> !hype
[22:10:52] <%+stormtrooper_007> zanderHype zanderHype zanderHype zanderHype zanderHype zanderHype
[22:11:08] <@%+Aval0nTV> zanderHype zanderLove zanderHype zanderLove zanderHype zanderLove zanderHype zanderLove zanderHype zanderLove zanderHype zanderLove zanderHype zanderLove zanderHype zanderLove zanderHype zanderLove zanderHype zanderLove zanderHype zanderLove zanderHype zanderLove zanderHype zanderLove
[22:11:09] <%+karina_sc> !hype
[22:11:10] <ich0will0auffallen> shoxx91money shoxx91money shoxx91money shoxx91money shoxx91money shoxx91money shoxx91money shoxx91money shoxx91money
[22:11:11] <%+trilican32> zanderHype zanderHype zanderHype zanderHype
[22:11:12] <%meyer1324> zanderHype zanderHype zanderHype zanderHype zanderHype zanderHype zanderHype zanderHype zanderHype zanderHype zanderHype zanderHype zanderHype zanderHype
[22:11:13] <lassjon_> heip
[22:11:14] <%$Anni__96> zanderHype zanderLove zanderHype zanderLove zanderHype zanderLove zanderHype zanderLove zanderHype zanderLove zanderHype zanderLove zanderHype zanderLove zanderHype zanderLove zanderHype zanderLove zanderHype zanderLove zanderHype zanderLove zanderHype zanderLove zanderHype zanderLove zanderHype zanderLove zanderHype zanderLove zanderHype zanderLove zanderHype zanderLove
[22:11:15] <+MadMaxer13> du hast es dir mehr als verdient zandiii
[22:11:15] <@%+Mod4YouBOT> @partner{commands=!runtime,!ig,!shop,!whatsapp}
[22:11:15] <%+Lol3rr> zanderHype zanderHype zanderHype zanderHype
[22:11:16] <%GimpelPlays> !hype
[22:11:18] <%+DigiritterTV> !hype
[22:11:19] <%+stormtrooper_007> zanderHype zanderHype zanderHype zanderHype zanderHype zanderHype zanderHype zanderHype zanderHype zanderHype zanderHype zanderHype zanderHype zanderHype zanderHype zanderHype zanderHype zanderHype
[22:11:19] <%Sarahalexandra241> ich mag das Donation Lied richtig gerne zanderLOL
[22:11:22] <muffin0300> !hype
[22:11:22] <blackpearllp> 55 sind okey wer weis was noch alles für das spiel kommt
[22:11:22] <%+blackpurplex> !hype
[22:11:23] <%+Sgt_Maurice> zanderLove zanderHype zanderLove zanderHype zanderLove zanderHype zanderLove zanderLove zanderHype zanderLove zanderLove zanderHype zanderLove zanderHype zanderLove zanderHype zanderLove zanderHype zanderLove zanderHype zanderLove zanderHype zanderLove zanderLove zanderHype zanderLove zanderHype zanderLove zanderHype zanderHype zanderLove zanderHype zanderHype zanderLove zanderHype
[22:11:24] <@%+Mod4YouBOT> zanderHype zanderLove zanderHype zanderLove zanderHype zanderLove zanderHype zanderLove zanderHype zanderLove zanderHype zanderLove zanderHype zanderLove zanderHype zanderLove zanderHype zanderLove zanderHype zanderLove zanderHype zanderLove zanderHype zanderLove zanderHype zanderLove
[22:11:25] <@%+Mod4YouBOT> zanderHype zanderLove zanderHype zanderLove zanderHype zanderLove zanderHype zanderLove zanderHype zanderLove zanderHype zanderLove zanderHype zanderLove zanderHype zanderLove zanderHype zanderLove zanderHype zanderLove zanderHype zanderLove zanderHype zanderLove zanderHype zanderLove
[22:11:26] <@%+Aval0nTV> !timer off !partner
[22:11:27] <Proprokopter> !hype
[22:11:27] <%meyer1324> zanderHype zanderHype zanderHype zanderHype zanderHype zanderHype zanderHype zanderHype zanderHype zanderHype zanderHype zanderHype zanderHype zanderHype zanderHype zanderHype zanderHype zanderHype zanderHype zanderHype
[22:11:27] <@%+Mod4YouBOT> zanderHype zanderLove zanderHype zanderLove zanderHype zanderLove zanderHype zanderLove zanderHype zanderLove zanderHype zanderLove zanderHype zanderLove zanderHype zanderLove zanderHype zanderLove zanderHype zanderLove zanderHype zanderLove zanderHype zanderLove zanderHype zanderLove
[22:11:30] <%+dave12021> !coins
[22:11:37] <+CreatureOne> du kannst den dinos auch namen geben :D
[22:11:45] <%ImFr0z3nYT> mit 30 Euro kann man sich 30 Kugeln Eis kaufen LUL Kappa
[22:11:46] <@%+Mod4YouBOT> dave12021: 3843 Coins
[22:11:46] Viewerstats (22:10-22:10): avg:355 min:355 max:355 [1/355]
# Log closed: 2018-06-12 22:11:47 +0200
-
