# Log started: 2018-07-04 14:13:35 +0200
[14:13:35] Trete #zanderlp bei..
[14:13:35] ~World of Warcraft - Chillen und Labern! :D (World of Warcraft)~
[14:13:35] #zanderlp beigetreten
[14:13:35] MOD: Tarosh, Nessy2go, Chdxd1, Aval0ntv, Mod4youbot, Zanderlp, Derjonmelsungen, Moobot
[14:13:37] <%stahlkappe> teuer
[14:13:39] <Ta1k1> Oder man zahlt die Spielzeit mit Ingamewährung.
[14:13:40] <%+Nitroduck> !coins
[14:13:49] <@%+Mod4YouBOT> nitroduck: 558 Coins
[14:13:56] <%Russpelz_> ach @zanderlp ich fhül mit dir habe zwar kein husten aber nen mega schnupfen kriege zwischendurch vol schlecht luft
[14:13:57] <%stahlkappe> @aruike danke
[14:14:21] <Ta1k1> @AruIke in BFA kommen Communitys diese gehen Serverübergreifend und man kann da mehreren beitreten^^
[14:14:33] <@%+Aval0nTV> @ZanderLP er sagt champion, weil die sprachausgabe ja deinen namen nicht nutzen kann!
[14:14:53] <%+evolve_kit> hey
[14:15:01] MOD: Assemob
[14:15:06] <%AruIke> @ZanderLP im chat steht dein name aber bei den voicelines können die ja nicht deinen richtigen namen sagen
[14:15:26] <%Russpelz_> ich auch @zanderlp
[14:15:39] <%awakenedpredator> Den hasse ich :D
[14:15:57] <%stahlkappe> Ähh brraaa
[14:16:01] <%awakenedpredator> selbst mit lvl gear knackig xD
[14:16:04] [Notification] evolve_kit just subscribed with Twitch Prime. evolve_kit subscribed for 21 months in a row! [hey hey ich hatte dich heute am Hacken XD]
[14:16:10] <%$fetvlp> @ZanderLP willst du eig noch in eine Gilde ? habe glaube ich noch eine auf dem Server wo ich der Lead bin Lol
[14:16:11] <%sohaila1> zanderLove zanderHype zanderLove zanderHype zanderLove zanderHype zanderLove zanderHype zanderLove zanderHype zanderLove zanderHype zanderLove zanderHype zanderLove zanderHype zanderLove zanderHype zanderLove zanderHype zanderLove zanderHype zanderLove zanderHype zanderLove zanderHype zanderLove zanderHype zanderLove zanderHype
[14:16:15] <@%+Aval0nTV> zanderHype zanderLove zanderHype zanderLove zanderHype zanderLove zanderHype zanderLove zanderHype zanderLove zanderHype zanderLove zanderHype zanderLove zanderHype zanderLove zanderHype zanderLove zanderHype zanderLove zanderHype zanderLove zanderHype zanderLove zanderHype zanderLove
[14:16:45] MOD: recklessGreed
[14:17:04] <@%+Mod4YouBOT>* Runtime-GGs Produkte sind speziell auf Gamer abgestimmt und nicht nur schnell und einfach zubereitet, sondern auch noch gesund und lecker zanderLove Hier gibt es weitere Infos: https://runtime.idevaffiliate.com/127.html *PP* |-| Der aktuelle RabattCode (10%) lautet: "zander"
[14:17:05] <%Russpelz_> bin nochmal für so 5 min weg bis gleich
[14:17:52] <%$lukakakakas> Ist halt die Frage, ob genügend Leute Bock haben um als community ein paar Raids zu machen
[14:18:27] UNMOD: Assemob
[14:18:51] <%stahlkappe> der hat nicht gerade ernsthaft seinen eigenen Soldaten gekillt
[14:19:19] <@%+Aval0nTV> ich meine das gehört zum event
[14:19:43] <%stahlkappe> bye leute und ZANDER
[14:20:36] <slash_and_axl> Ist ein Szenario und da belebt der Geisterheiler dich alle 30sec wieder
[14:20:41] <slash_and_axl> wie bei PvP
[14:21:42] <SuperDriver123456789> Hi alles gut??
[14:22:04] <%Russpelz_> so bin wieder da
[14:22:05] <@%+Mod4YouBOT>* zanderLachen Spaß am Zocken? => Spiele bis zu 70% günstiger bekommst du bei InstantGaming: http://www.instant-gaming.com/de/?igr=Zander |-| *PP*
[14:22:48] <Ta1k1> das eine waren aber non elite die waren ez man darf nur nit in die f lamme laufen von dem elite^^
[14:23:05] <SuperDriver123456789> wie geht's???
[14:23:09] <%Russpelz_> !uptime
[14:23:10] <@%+Mod4YouBOT>* Zander ist online seit 2 Stunden 55 Minuten.
[14:23:24] <%FlyingTears> Verliert man was, wenn man stirbt?
[14:23:32] <%$fetvlp> FlyingTears ne
[14:24:01] <%$fetvlp> FlyingTears naja deine Rüstung nimmt halt schaden und so
[14:24:27] <%FlyingTears> Und reparieren kostet? So wie diablo?
[14:24:48] <slash_and_axl> Man verliert alle aktiven Buffs (ausser Kampfelixiere) :D
[14:26:03] <%$fetvlp> Deine Sachen sind doch nicht kaputt ?
[14:26:58] <slash_and_axl> Das Mount zum Reparieren heisst Tundramammut des Reisenden
[14:27:04] <@%+Mod4YouBOT>* ** Der NEUE Merch ist da ** zanderHype Die mega geilen Caps findet ihr hier, die Hoodies sind leider bereits ausverkauft: https://www.zanderstore.de/ zanderGeGe
[14:27:36] <+Padrae> gibts in dala für 20k(?)
[14:27:53] <%$lukakakakas> nein
[14:28:00] <slash_and_axl> Jap 20k
[14:28:05] <%$fetvlp> nene is meine haha
[14:28:28] <%$fetvlp> Er ist halt auch drin ::P
[14:29:03] <Ta1k1> Er dreht sich halt so langsam da is ausweichen nicht schwer xD
[14:29:19] <%awakenedpredator> Zander sollte mal den magierturm machen LUL
[14:29:29] <Ta1k1> true ^^
[14:29:38] <Ta1k1> Aber selbst der is ja jetzt ez
[14:29:54] <%awakenedpredator> Da ist das wellnesurlaub dagegen LUL
[14:31:19] <%$fetvlp> zanderTroll zanderTroll
[14:31:20] <slash_and_axl> Du kannst deinen Zauber auf der 1 (Versengen) casten und dich dabei bewegen. Falls du das nicht tust, solltest den Feuerball bevorzugen. Zumindest laut meinem Wissenstand vor paar Monaten :D
[14:31:36] <+DerTraver> heute leg day? ahh nee always skip leg day Kappa
[14:31:41] <+Padrae> is immernoch so slash_and_axl Kappa
[14:32:04] <@%+Mod4YouBOT>* Ihr wollt auf dem neusten Stand bleiben? Dann holt euch den Newsletter auf euer WhatsApp! Weitere Infos dazu findet ihr hier: https://pushr.me/ zanderHype |-| Hier gibt es auch eine Video-Erklärung: https://m4u.link/zander/BotClip . Sollte der Bot bei euch nicht antworten, löscht einfach die Nummer, erstellt den Kontakt neu und schreibt ihn erneut mit !start an! zanderLachen
[14:32:18] <%$fetvlp> Ich würde dir ja helfen aber du bist in einem Szenario :P
[14:32:18] <%sunfurylp> Ich bin ein Backkünstler <3
[14:32:22] <veroqx> bro
[14:32:30] <%$lukakakakas> vllt wäre ein Neustart doch die bessere Wahl gewesen ^^
[14:32:38] <veroqx> du solltest die spells auf deinen tasten klicken und nicht mit der maus :o
[14:32:41] <+Padrae> du standest in ihm :D
[14:32:48] <@%+Aval0nTV> du bist zu weit in ihm gewesen und hast den strahl ab bekommen
[14:32:49] <slash_and_axl> Du standest in ihm drin :D
[14:33:00] <veroqx> check deine key bindings dude
[14:33:08] [Notification] Hunterkraft_20 just subscribed with Twitch Prime. Hunterkraft_20 subscribed for 6 months in a row! [Moin Zander, ich spiele zwar selber kein WoW, aber bei dir zugucken ist trotzdem geil!]
[14:33:09] <%$fetvlp> Also bei mir Zoomt der da raus :P
[14:33:15] <%+Nin10duo> moin
[14:33:23] <@%+Aval0nTV> zanderHype zanderLove zanderHype zanderLove zanderHype zanderLove zanderHype zanderLove zanderHype zanderLove zanderHype zanderLove zanderHype zanderLove zanderHype zanderLove zanderHype zanderLove zanderHype zanderLove zanderHype zanderLove zanderHype zanderLove zanderHype zanderLove
[14:33:43] <slash_and_axl> Rüstung is kaputt
[14:33:48] <%$fetvlp> Bleib beim Friedhof dann musst du nur 30 sek warten
[14:33:49] <slash_and_axl> 3 Teile
[14:33:49] <%$fetvlp> !!!
[14:33:54] <+TheHDPhoeniX> @ZanderLP du sollst nicht um den rumlaufen sondern nach hinten weglaufen
[14:33:55] <Ta1k1> Ich habe die Q iwie fixer in errinerung xD
[14:34:18] <@%+Aval0nTV> zanderHype zanderLove zanderHype zanderLove zanderHype zanderLove zanderHype zanderLove zanderHype zanderLove zanderHype zanderLove zanderHype zanderLove zanderHype zanderLove zanderHype zanderLove zanderHype zanderLove zanderHype zanderLove zanderHype zanderLove zanderHype zanderLove
[14:34:21] <veroqx> du kannst wow einfach nicht vernünftig spielen wenn du alle zauber mit der maus klickst
[14:34:37] <slash_and_axl> Kenne den Ort hier nicht auswendig, aber vlt is hier iwo ein freundlicher NPC der reparieren kann?
[14:34:38] <@%+Aval0nTV> @veroqx jeder so, wie er es am besten kann!
[14:34:39] <%$fetvlp> veroqx lass ihn doch klicker sein xD
[14:34:58] <veroqx> das löst einfach ein unwohl sein bei mir aus
[14:35:02] <veroqx> viel erfolg weiterhin^^
[14:35:48] <@%nessy2go> !hype
[14:35:49] <@%+Mod4YouBOT> zanderHype zanderLove zanderHype zanderLove zanderHype zanderLove zanderHype zanderLove zanderHype zanderLove zanderHype zanderLove zanderHype zanderLove zanderHype zanderLove zanderHype zanderLove zanderHype zanderLove zanderHype zanderLove zanderHype zanderLove zanderHype zanderLove
[14:36:43] <@%+Aval0nTV> @ZanderLP garni ruhestein und da reppen
[14:36:50] <%$fetvlp> Port dich zur garni und suche einen Schmied
[14:36:57] <%$fetvlp> oder halt nach Sturmwind
[14:37:06] <@%+Mod4YouBOT>* Runtime-GGs Produkte sind speziell auf Gamer abgestimmt und nicht nur schnell und einfach zubereitet, sondern auch noch gesund und lecker zanderLove Hier gibt es weitere Infos: https://runtime.idevaffiliate.com/127.html *PP* |-| Der aktuelle RabattCode (10%) lautet: "zander"
[14:37:13] <%sohaila1> bin erstmal weg, schönen Tag euch noch und bis heute abend zanderFlosse :D
[14:37:15] <%$fetvlp> Das Tal ist in Pandaria
[14:37:16] <%$lukakakakas> pandaria
[14:37:23] <slash_and_axl> Ruhestein zur Garnision
[14:37:41] <veroqx> wollt hier gar keinen angriffen alles entspannt =D
[14:37:48] <veroqx> angreifen*
[14:38:23] <slash_and_axl> Du kannst auf die Lupe klicken oben neben der Minimap
[14:38:31] <+timotime2323> Wieso spielst du ohne add ons?
[14:38:33] <slash_and_axl> und da nach rep NPCs suchen
[14:38:40] <%+kiari81> ich klick auch alle zauber mit der Maus ^^ jeder so wie er´s besser kann
[14:39:49] <@%+Aval0nTV> mein reden kiari81
[14:40:30] <@%+Aval0nTV> den flugpunkt hast du noch nicht entdeckt
[14:40:52] <+Phelon_gg> was hältst du von retri pala im end game? bin mehr oder weniger neu
[14:40:53] <itzthorin1107> Hi @zanderlp was geht ab
[14:41:05] <@%+Aval0nTV> !kanal
[14:41:05] <@%+Mod4YouBOT>* YouTube: https://m4u.link/zanderlp/yt |-| Facebook: http://facebook.zanderlp.de |-| Twitter: https://twitter.com/ZanderLP |-| Instagram: http://instagram.zanderlp.de |-| SnapChat: ZanderLP
[14:41:11] <slash_and_axl> die Flugpunkte auf der Karte zeigen generell an dass da ein Punkt ist. Das heisst nicht dass du ihn schon entdeckt hast
[14:41:13] <veroqx> in vanilla konnt man klicken das is richtig xD
[14:41:16] <%$lukakakakas> ich machs genauso 1-4 Tastatur alles andere maus
[14:41:50] <veroqx> jeder progamer spielt ausschließlioch mit hotkeys
[14:42:06] <@%+Mod4YouBOT>* zanderLachen Spaß am Zocken? => Spiele bis zu 70% günstiger bekommst du bei InstantGaming: http://www.instant-gaming.com/de/?igr=Zander |-| *PP*
[14:42:15] <@%+Aval0nTV> @veroqx lassen wir das thema jetzt einfach bitte dankeschön
[14:42:19] <%$fetvlp> veroqx Pssst jedem das seine
[14:43:06] <veroqx> is nich bös gemeint aber is halt n fakt^^ natürlich spiel wie du es am besten hinkriegst...just have fun
[14:43:10] <%+kiari81> ^^
[14:43:18] <%$fetvlp> Du bist KEIN Progamer ? :OOO deabo
[14:43:24] <%$lukakakakas> Was?! Du bist kein Progamer? Na dann bin ich hier falsch LUL
[14:43:26] <@%+Aval0nTV> @ZanderLP waaaaas? deabo izz da ^^
[14:43:45] <%+mrroeder> pro gamer bei wow 🤣🤣🤣🤣🤣🤣👍
[14:43:47] <+skoppix> @ZanderLP Achso jetzt macht alles Sinn hahn2radler
[14:44:04] <%+Tomheka> kein pro gamer?? kein sub mehr Kappa Kappa
[14:45:24] <%awakenedpredator> HT SwiftRage Kappa
[14:45:37] Viewerstats (14:15-14:45): avg:197 min:180 max:231 [16/191+40-40+13-2+0-15+11-3+26-35+7-12+18-19+25]
[14:45:54] <@%+Aval0nTV> zanderGeGe zanderGeGe zanderGeGe zanderGeGe
[14:45:54] <slash_and_axl> GG
[14:46:09] <%+mrroeder> 🤣🤣🤣🤣🤣🤣🤣
[14:46:16] <slash_and_axl> Hast den Kampf ziemlich sauber gespielt eig :P
[14:47:04] <@%+Mod4YouBOT>* ** Der NEUE Merch ist da ** zanderHype Die mega geilen Caps findet ihr hier, die Hoodies sind leider bereits ausverkauft: https://www.zanderstore.de/ zanderGeGe
[14:47:35] <slash_and_axl> Wollte nur sagen dass man einen guten Fortschritt gesehen hat im vergleich zu den vorherigen trys
[14:47:46] <frabssssss> ist das nen tank mönch ?
[14:47:48] <bodensee123> finde ich nicht
[14:48:03] <%+Nitroduck> !coins
[14:48:04] <@%+Mod4YouBOT> nitroduck: 561 Coins
[14:48:09] <@%+Aval0nTV> @frabssssss nein, mage
[14:48:26] <+Padrae> was is denn dein skill auf f7? Kappa
[14:48:31] <%$fetvlp> @slash_and_axl finde ich acu, man merkt generell, wie Zander immer mehr zurück zu seiner Klasse findet :3
[14:48:37] <+Mettbroetchen29> ich sage es dann mal frei heraus, Zander du bist leider nicht auf Bronze Niveau bei RB6! es tut mir wirklich leid
[14:49:08] <bodensee123> sehe ich auch so
[14:49:16] <+Mettbroetchen29> BabyRage
[14:49:31] <@%+Aval0nTV> was? wegen zander wurde dia eingeführt, weil plat zu leicht war!!!
[14:49:57] <%+kiari81> man muss ja auch wirklich wieder rein kommen wenn man länger net gespielt hat. soviel wie da immer rumgepatcht wird
[14:50:29] <%$fetvlp> kiari81 vorallem bei range-Klassen
[14:50:48] <%+kiari81> genau @fetvlp
[14:51:21] <bodensee123> deceFAIL deceFAIL deceFAIL
[14:52:07] <@%+Mod4YouBOT>* Ihr wollt auf dem neusten Stand bleiben? Dann holt euch den Newsletter auf euer WhatsApp! Weitere Infos dazu findet ihr hier: https://pushr.me/ zanderHype |-| Hier gibt es auch eine Video-Erklärung: https://m4u.link/zander/BotClip . Sollte der Bot bei euch nicht antworten, löscht einfach die Nummer, erstellt den Kontakt neu und schreibt ihn erneut mit !start an! zanderLachen
[14:52:08] <slash_and_axl> Kleiner Tipp, Benutz dein Feuerschild schon vor nem Kampf und am besten die ganze Zeit sobald er bereit ist
[14:52:10] <%+kiari81> muss jetz leider erstmal zur Arbeit. Bis später Leute
[14:52:29] <@%+Aval0nTV> bis nachher kiari81
[14:53:04] <%+kiari81> <3 @Aval0nTV
[14:53:12] <%+Nitroduck> !uptime
[14:53:13] <@%+Mod4YouBOT>* Zander ist online seit 3 Stunden 25 Minuten.
[14:53:30] <%Russpelz_> so bin wieder da
[14:54:34] MOD: Earthman2012
[14:54:41] <@%nessy2go> !uptime
[14:54:47] <+madtaggy> Fakt ist durchs Klicken geht viel Movement verloren ^^
[14:55:07] <@%+Aval0nTV> @madtaggy wenn zander so besser spielen kann, lass ihn doch ;)
[14:55:31] <@%+Aval0nTV> ich kenne klicker, die stellen andere spieler locker in den schatten
[14:55:39] <+madtaggy> Alles Gut schaue ihm gerne zu :)
[14:56:05] <KingLoui02> Muss man für wow monatlich zahlen?
[14:56:13] <+Padrae> achso, das mit f7 war tatsächlich ein nützlicher hinweis. wenn mich nicht alles täuscht kommen dann deine kollegen und helfen dir :P
[14:56:13] <@%+Aval0nTV> @KingLoui02 ja, 12.99
[14:56:15] <slash_and_axl> Früher gabs ja so viele Zauber, da konnte man nicht alles per Hotkeys steuern xD
[14:56:24] <KingLoui02> @aval0ntv ok danke
[14:56:31] <@%nessy2go> !uptime
[14:56:32] <@%+Mod4YouBOT>* Zander ist online seit 3 Stunden 29 Minuten.
[14:56:34] <+Flolo_LP> Allianz Stinkt
[14:56:47] <+Flolo_LP> LUL
[14:56:59] <slash_and_axl> Deine Rüstung war teurer als deine Belohnung xD
[14:56:59] <@%+Aval0nTV> applaus zander! du bist fame Kappa
[14:57:01] <%awakenedpredator> @Flolo_LP Stinken beide LUL
[14:57:04] <@%+Mod4YouBOT>* Runtime-GGs Produkte sind speziell auf Gamer abgestimmt und nicht nur schnell und einfach zubereitet, sondern auch noch gesund und lecker zanderLove Hier gibt es weitere Infos: https://runtime.idevaffiliate.com/127.html *PP* |-| Der aktuelle RabattCode (10%) lautet: "zander"
[14:57:08] <%$fetvlp> Flolo_LP ja aber man kann ja auch Deo raufsprühen
[14:57:41] <%+iceyyyiyy> party xD
[14:57:52] UNMOD: Derjonmelsungen
[14:58:06] <@%+Aval0nTV> so langsam könnten sie aber aufhören zu klatschen! is ganz schön laut ^^
[14:58:49] <@%+Aval0nTV> what? wassereis in wow? wo krieg ich das? will auch eins ^^
[14:58:52] <%awakenedpredator> Du hast unser Volk gerettet! <3 und jetzt verzieh Dich xD
[14:59:08] <%$fetvlp> Damals als Gummistiefel noch aus Holz waren ...
[14:59:27] <bodensee123> vioel zu looow
[14:59:35] <%+Scitteex> @Aval0nTV wenn du wassereis willst komm her ich hab noch genug da xD
[14:59:42] <@%+Aval0nTV> @bodensee123 was möchtest du uns sagen?
[14:59:54] <@%+Aval0nTV> @Scitteex nee, bin zu faul Kappa
[15:00:30] <%+Scitteex> Das war klar xD
[15:01:05] <%+Scitteex> Alles bestens gleich noch die bude etwas umstellen und dann n bissel was zocken und selbst? :D
[15:01:07] <%awakenedpredator> Interracial Knick knock LUL
[15:01:26] <%$fetvlp> ZanderLP hat fast alles von dem SPiel vergessen ABER HAUPTSACHE nicht wi eman mit NPCs flirtet xD
[15:01:35] MOD: Derjonmelsungen
[15:02:04] <@%+Mod4YouBOT>* zanderLachen Spaß am Zocken? => Spiele bis zu 70% günstiger bekommst du bei InstantGaming: http://www.instant-gaming.com/de/?igr=Zander |-| *PP*
[15:02:50] <Benjamin9746> moin
[15:02:58] <@%+Aval0nTV> moin Benjamin9746
[15:03:34] <%$fetvlp> Wie der Prophet versucht Zander seine Religion anzudrehen :P
[15:03:39] <%Russpelz_> kara ist ein er ? klingt eher wie eine sie
[15:04:04] <%awakenedpredator> neheeee das ist der alte kadgar LUL
[15:04:21] <gtimeheld> war das vorhin Grandhalf ?
[15:04:24] <gtimeheld> xD
[15:04:51] <%Akribie> Brude r
[15:05:05] <@%+Aval0nTV> @ZanderLP willst du eigentlich dauerhaft ohne addons spielen?
[15:05:05] <%$fetvlp> Deabo :(
[15:05:10] <%awakenedpredator> die witze sind so flch das man dennoch lachen muss einfach weil sie so schlecht sind LUL mach mal länger witz irgendwann kommt eine anspielung auf herr der ringe die sogar echt lange is LUL
[15:05:29] <%stahlkappe> hi wieder da jou Fortnite geil
[15:05:37] ~Fortnite Commuity Games (Fortnite)~
[15:05:37] ~Fortnite Commuity Games (Fortnite)~
[15:06:18] <gtimeheld> !coins
[15:06:19] <@%+Mod4YouBOT> gtimeheld: 1891 Coins
[15:06:21] <%$fetvlp> bartender, Bagnon, Sexmap
[15:06:24] <%$lukakakakas> Wenn ich Com Games höre, denke ich immer an die alten PUBG Zeiten zurück mit den nicen "richtigen" comgames ^^
[15:06:26] <%$fetvlp> *Sexymap
[15:06:35] <%Russpelz_> !coins
[15:06:36] <@%nessy2go> kommt jetzt star citizen?
[15:06:39] <@%+Aval0nTV> @ZanderLP ich schick dir mal nen screen von meinem ui. vllt is das ja was für dich
[15:06:47] UNMOD: Earthman2012
[15:06:49] <@%+Mod4YouBOT> russpelz_: 684 Coins
[15:06:50] <@%nessy2go> Kappa
[15:07:04] <@%+Mod4YouBOT>* ** Der NEUE Merch ist da ** zanderHype Die mega geilen Caps findet ihr hier, die Hoodies sind leider bereits ausverkauft: https://www.zanderstore.de/ zanderGeGe
[15:07:14] <@%nessy2go> #nohomo
[15:07:18] <%awakenedpredator> Mein Favorit LUL
[15:07:53] <%awakenedpredator> Star citizen ist so 2100 zanderHaft
[15:08:01] <@%$DerJonMelsungen> haben grad schön star citizen gespielt @ZanderLP und wie war dein tag so im spiel?
[15:08:07] <@%$DerJonMelsungen> MiniK
[15:08:25] <%awakenedpredator> Genauso wie der berliner Flughafen Kappa
[15:08:50] <@%+Aval0nTV> !ts
[15:08:50] <@%+Mod4YouBOT>* Den offiziellen Teamspeak von Zander findet ihr unter zanderlp.de |-| Jetzt exklusiv mit Subscriberrang: https://m4u.link/zlpSubrang zanderLove zanderHype
[15:08:55] <@%+Aval0nTV> !mitspielen
[15:08:56] <@%+Mod4YouBOT>* Wenn Du die Chance haben willst, auch mal mit Zander zu spielen, join auf den ZanderLP TeamSpeak und geh in den "Warteraum - ZanderLP"! Von dort zieht Zander Spieler, wenn er jemand benötigt. In diesen Channel zu joinen ist aber KEINE Garantie, das ihr auch wirklich dran kommt! zanderFlosse
[15:09:13] <@%+Aval0nTV> @nessy2go ich bin lesbisch!! also full homo Kappa
[15:09:22] <%awakenedpredator> Ja klar zanderLachen
[15:09:25] <@%nessy2go> @Aval0nTV LUL
[15:11:06] <%+Youtoubegirl> Oho der Jung streamt noch zanderHi
[15:11:17] <%stahlkappe> alder geiler kill
[15:11:54] <%D3athTriggerYT> @ZanderLP Hey wie gehts dir ? Ich bin voll Hyped auf den Abend haben Abschluss und bekomme mein zeugniss :o
[15:11:56] MOD: Newcrafterhd
[15:12:05] <@%+Mod4YouBOT>* Ihr wollt auf dem neusten Stand bleiben? Dann holt euch den Newsletter auf euer WhatsApp! Weitere Infos dazu findet ihr hier: https://pushr.me/ zanderHype |-| Hier gibt es auch eine Video-Erklärung: https://m4u.link/zander/BotClip . Sollte der Bot bei euch nicht antworten, löscht einfach die Nummer, erstellt den Kontakt neu und schreibt ihn erneut mit !start an! zanderLachen
[15:12:22] <@%+Aval0nTV> @D3athTriggerYT 1er durchschnitt hoffe ich?! Kappa
[15:12:36] <%+Youtoubegirl> An den Sammy mal ne Streucheleinheit von mir bitte danke :p
[15:12:39] <%D3athTriggerYT> @Aval0nTV Wenn das in Deutschland gut ist dann Ja ^^
[15:12:57] <%+tobse3> jo zander waas geht?! alles fresh ;)
[15:13:08] <@%+Aval0nTV> 1 ist halt bei uns die beste note D3athTriggerYT
[15:13:20] <%+Youtoubegirl> zanderLove
[15:13:25] <@%+Aval0nTV> moin tobse3
[15:13:26] <%D3athTriggerYT> @Aval0nTV Ja ungefähr :P
[15:13:39] <%+angel_6_9_6> so entlich da und doch nicht muss direkt wieda los zum friseur weist ja ist wichtig usw
[15:14:03] <%D3athTriggerYT> @angel_6_9_6 Was soll man da jetzt schreiben Hi oder Bye ? xD
[15:14:04] <@%+Aval0nTV> @angel_6_9_6 endlich kommt die matte runter ;p
[15:14:08] <%+angel_6_9_6> gaaaayyyyyt klaaa
[15:14:16] <@%nessy2go> @angel_6_9_6 ja das ist sehr wichtig ! :D
[15:14:22] <%+angel_6_9_6> bey passt besser
[15:14:29] <%+Wollsocken> Wie, ich komme und du gehst?
[15:14:38] <%D3athTriggerYT> @Wollsocken rip
[15:14:40] <%+angel_6_9_6> @nessy2go XD
[15:15:19] <%D3athTriggerYT> Hallo @nessy2go
[15:15:26] <%awakenedpredator> Bis heut Abend erstmal lecker Grillen phunkBoy
[15:15:26] <@%+Aval0nTV> nice one
[15:15:30] <@%nessy2go> @D3athTriggerYT moin moin :)
[15:15:37] Viewerstats (14:47-15:15): avg:202 min:172 max:238 [15/183+22-33+26+8-16+48-44-4+45-3-3-34-13+1]
[15:15:39] <%D3athTriggerYT> ^-^
[15:15:39] <@%+Aval0nTV> @awakenedpredator pfui, schäm dich ;p
[15:16:01] <%awakenedpredator> @Aval0nTV Niemals! staiyLol
[15:16:18] <@%+Aval0nTV> @awakenedpredator dann is wenigstens 3 wurst für mich mit ;p
[15:17:04] <@%+Mod4YouBOT>* Runtime-GGs Produkte sind speziell auf Gamer abgestimmt und nicht nur schnell und einfach zubereitet, sondern auch noch gesund und lecker zanderLove Hier gibt es weitere Infos: https://runtime.idevaffiliate.com/127.html *PP* |-| Der aktuelle RabattCode (10%) lautet: "zander"
[15:17:14] UNMOD: Newcrafterhd
[15:17:50] <%+Youtoubegirl> War ja Reactseption :D
[15:18:12] <%+Hessy250> Gronkh hat angefangen
[15:19:16] <@%nessy2go> ich kann gronkh aber teilweise verstehen
[15:19:47] <%+Youtoubegirl> Ich hab das noch nichtmal gesehen zanderHaft
[15:19:49] <%+Hessy250> er hat sich das Video nicht mal ganz angeschaut und in den Dreck gezogen
[15:22:04] <@%+Mod4YouBOT>* zanderLachen Spaß am Zocken? => Spiele bis zu 70% günstiger bekommst du bei InstantGaming: http://www.instant-gaming.com/de/?igr=Zander |-| *PP*
[15:22:24] <+DerTraver> Youtoubegirl Kreygasm
[15:22:33] <%+Youtoubegirl> @dertraver zanderHi
[15:22:55] <%+Nitroduck> !coins
[15:23:04] <%+eixonik> Hey zander
[15:23:07] <@%+Mod4YouBOT> nitroduck: 565 Coins
[15:23:14] <%+Youtoubegirl> !coins
[15:23:14] <%+eixonik> Spielst du grade custome game oder später ??
[15:23:17] <themarvh> !coins
[15:23:20] <@%+Mod4YouBOT> youtoubegirl: 9962 Coins | themarvh: 37 Coins
[15:23:25] <%+Youtoubegirl> zanderLOL
[15:23:26] <%+babbl19> MiniK
[15:23:27] <%+eixonik> !coins
[15:23:34] <@%+Mod4YouBOT> eixonik: 347 Coins
[15:23:46] <%+eixonik> Aso weil im Titel steht Community Games
[15:23:49] <%+eixonik> Deshalb dachte ich
[15:24:06] <%Russpelz_> wer hatt was ihn den dreck gezogen und nicht ganz gesehn ?
[15:25:01] <%$fetvlp> Hä worum geht es eig ?
[15:25:14] <%+Nitroduck> Kann mir jemand helfen?? und zwar möchte ich wissen ob eine Corsair H150i oder eine be quiet silent loop 360 besser ist
[15:26:08] <%+Hessy250> Gronkh hat auf unge sein react Video auch reacted und es nicht ganz angeschaut und schlecht gemacht
[15:26:38] <@%+Aval0nTV> !clips
[15:26:38] <@%+Mod4YouBOT>* Wenn ihr coole Clips habt, könnt ihr sie hier einsenden: https://m4u.link/zanderclips
[15:26:48] <%Russpelz_> oky ? und
[15:27:00] <SneakyFreekay> wen interessiert das jetzt?^^
[15:27:04] <%+Hessy250> Gronkh meinte halt wie man so eine scheiß anschauen könnte und wunderte sich das es 50k aufrufe hatte
[15:27:04] <+DerTraver> So haut rein bin Sport machen xD
[15:27:04] <@%+Mod4YouBOT>* ** Der NEUE Merch ist da ** zanderHype Die mega geilen Caps findet ihr hier, die Hoodies sind leider bereits ausverkauft: https://www.zanderstore.de/ zanderGeGe
[15:27:25] <@%nessy2go> @Hessy250 unge s argumentation war aber low...aber das thema sollte nicht hier diskutiert werden
[15:27:41] <%+Hessy250> mehr ist es nicht wirklich
[15:27:53] <+DerTraver> nessy2go Oh hast ja mal Mod rechte jetzt muss ich ja aufpassen :p
[15:28:24] <@%nessy2go> @DerTraver hä wir haben uns schon ein paar mal gesehen seitdem :D
[15:28:39] <@%+Aval0nTV> leute, es geht hier bitte um zander und nicht um andere streamer/youtuber!! danke ;)
[15:28:49] <+DerTraver> nessy2go echt dann hab ichs nie gecheckt xD
[15:29:06] <@%nessy2go> @DerTraver naja das hindert dich sowieso an nix LUL Kappa
[15:29:22] <SneakyFreekay> du hast gleich keine mats mehr
[15:29:31] <SneakyFreekay> ah ok hat wieder welche bekommen^^
[15:29:34] <%Russpelz_> ich blik da nicht durch wer auf wen seiner reagtion reagirt hat naja is ja auch egal ich schau mit zander und dustin eh nur isgesamt 6 youterber die ich immer schau also vidios und streams
[15:29:58] <+DerTraver> nessy2go stimmt :p
[15:30:19] <SneakyFreekay> Dafür bist doch weit gekommen
[15:30:24] <%+Hessy250> @nessy2go ja damit haste recht aber das von Gronkh War auch nicht gut
[15:30:51] <+zherox3> Können nur bestimmte leute tuniere erstellen?
[15:31:25] <%Russpelz_> ich auch nicht @zanderlp
[15:32:04] <@%+Mod4YouBOT>* Ihr wollt auf dem neusten Stand bleiben? Dann holt euch den Newsletter auf euer WhatsApp! Weitere Infos dazu findet ihr hier: https://pushr.me/ zanderHype |-| Hier gibt es auch eine Video-Erklärung: https://m4u.link/zander/BotClip . Sollte der Bot bei euch nicht antworten, löscht einfach die Nummer, erstellt den Kontakt neu und schreibt ihn erneut mit !start an! zanderLachen
[15:32:13] <SneakyFreekay> Is doch eh alles nur Pr mehr nicht aber is ja auch egal einfahc machen lassen und jnicht drauf reagieren
[15:33:03] UNMOD: Mod4YouBOT
[15:33:25] <Krunci> Squid3
[15:33:25] BAN: Krunci (1s) [Automated by Moobot.]
[15:33:25] MOD_ACTION: moobot (timeout krunci 1 Automated by Moobot.)
[15:33:37] <Krunci> hi
[15:33:39] <@%+Aval0nTV> @Krunci tintenfische mag unser bot nicht ;)
[15:33:49] <Krunci> Ok sorry
[15:34:07] <@%+Aval0nTV> alles gut. war ja nur ein hinweis, warum die nachricht gelöscht wurde ;)
[15:34:14] <Krunci> ok
[15:34:50] MOD: Mod4YouBOT
[15:37:04] <@%+Mod4YouBOT>* Runtime-GGs Produkte sind speziell auf Gamer abgestimmt und nicht nur schnell und einfach zubereitet, sondern auch noch gesund und lecker zanderLove Hier gibt es weitere Infos: https://runtime.idevaffiliate.com/127.html *PP* |-| Der aktuelle RabattCode (10%) lautet: "zander"
[15:39:37] <%+Medddaaa> Na ihr :)
[15:39:47] <gtimeheld> @Medddaaa, hi
[15:39:51] <@%+Aval0nTV> @ZanderLP fortnite ist halt total überstreamt!!
[15:39:54] <@%+Aval0nTV> moin Medddaaa
[15:40:00] <SneakyFreekay> Naja Fortnite is halt übersättigt
[15:40:09] <%elias130304> heute abend ist es wieder anderst wenn du fortnite spilest
[15:40:16] <SneakyFreekay> und kommt auch drauf an wie du es rüber bringst
[15:41:34] <schneehase> LUL
[15:42:04] <@%+Mod4YouBOT>* zanderLachen Spaß am Zocken? => Spiele bis zu 70% günstiger bekommst du bei InstantGaming: http://www.instant-gaming.com/de/?igr=Zander |-| *PP*
[15:42:56] <%Russpelz_> so ich muß jetzt leider weg euch noch einen schönen stream @zanderlp und chat
[15:43:22] <SneakyFreekay> Nö finds sehr gut wie du das machst . Is doch volkommen gut du bist ja schließlich der Streamer und entscheidest was gespielt wird so solls ja auch bleiben :)
[15:43:31] <SneakyFreekay> @Russpelz_ tschüss
[15:44:18] <%+Dirkdelong> Hi Fisch und Chat
[15:44:28] <SneakyFreekay> @Dirkdelong moin
[15:44:36] <@%+Aval0nTV> moin Dirkdelong
[15:45:10] <+bazoo11> Mir ist es eigentlich relativ egal was du zockst Hauptsache du hast Spaß dabei :) . Deine Streams machen echt immer Spass !
[15:45:19] <%+Dirkdelong> und wie geht es euch so Leute
[15:45:42] Viewerstats (15:17-15:45): avg:170 min:151 max:200 [15/178-8+1+29-31+4-2+26-33-2+0-11+12+0-2]
[15:45:50] <SneakyFreekay> schlaflos durch die Nacht und dir?
[15:46:01] <%+Dirkdelong> gut bissel müde
[15:46:10] <gtimeheld> @Dirkdelong, gut soweit udir ?
[15:46:25] <%+Dirkdelong> @gtimeheld gut ^^
[15:47:23] <@%+Mod4YouBOT>* ** Der NEUE Merch ist da ** zanderHype Die mega geilen Caps findet ihr hier, die Hoodies sind leider bereits ausverkauft: https://www.zanderstore.de/ zanderGeGe
[15:47:56] <%+Dirkdelong> Kreygasm
[15:47:57] <@%+Aval0nTV> zanderKo zanderRekt zanderKo zanderRekt
[15:48:03] <%+Dirkdelong> zanderWTF zanderKill
[15:48:29] <schillia> kannsg du deine Stats zeigen?
[15:48:51] <@%+Aval0nTV> zanderGeGe zanderGeGe zanderGeGe zanderGeGe
[15:48:52] <%+Dirkdelong> zanderHaft
[15:48:58] <%+Dirkdelong> zanderGeGe
[15:49:05] <%+angel_6_9_6> boi du bist doch immer noch da Öö
[15:49:36] <SneakyFreekay> Bis heute Abend dann
[15:49:39] <@%+Aval0nTV> gg zander. denk noch an den screenshot im ts und bis heute abend ;)
[15:49:41] <%+Dirkdelong> sucks to be me grad erst gekommen aber egal bye ^^
[15:49:52] <@%+Aval0nTV> !timer off !partner
[15:50:20] <%+Dirkdelong> bis später Leute
[15:54:09] UNMOD: Aval0nTV
[15:56:22] ~Stream offline~
[15:56:22] ~Stream offline~
[16:01:01] UNMOD: nessy2go
[16:02:50] UNMOD: Tarosh
[16:03:18] [Info] Now hosting GTimeTV.
[16:11:26] UNMOD: DerJonMelsungen
[16:15:43] Viewerstats (15:47-15:53): avg:182 min:177 max:198 [4/179+19-21+0_]
# Log closed: 2018-07-04 16:21:44 +0200
-
