# Log started: 2018-06-18 16:47:34 +0200
[16:47:34] Trete #zanderlp bei..
[16:47:34] #zanderlp beigetreten
[16:47:34] MOD: Mrduckspace, Mod4youbot, Moobot
[16:47:34] [Info] Now hosting ESL_Verdipwnz.
[16:47:34] ~Stream offline~
[16:47:34] ~Stream offline~
[16:51:55] MOD: recklessGreed
[17:16:45] MOD: Tarosh
[18:59:05] [Info] Exited host mode.
[18:59:12] <+fifabrother_> Moooin
[18:59:21] <%+minki_femke> hallo @ZanderLP
[18:59:29] <%+AtommoehrenTV> Mooooooin Leute <3
[18:59:32] <%+Medddaaa> jooo
[18:59:34] <%+saddam200> zanderHi
[18:59:34] <%+AtommoehrenTV> was geeht
[18:59:36] <%cxrxlxn15> heey zanderFlosse zanderHi
[18:59:41] <%+Medddaaa> haallooo freeeuunddeeee
[18:59:43] <%+AtommoehrenTV> @Medddaaa <333
[18:59:47] <%RiflayYT> zanderHi
[18:59:48] <%Fabianstyle6_> Hallo <3 :)
[18:59:56] <%+AtommoehrenTV> zanderHi zanderHi zanderHi zanderHi
[19:00:01] <%+Medddaaa> AtommoehrenTV <333
[19:00:17] <%Das_Schocki> Hallo zanderFlosse
[19:00:22] <%+minki_femke> moin @Medddaaa
[19:00:28] <%+AtommoehrenTV> Schocki <3
[19:00:31] <%legend_suchti> Party zanderFlosse zanderTrigger zanderWTF zanderPsycho zanderWTF zanderPsycho zanderWTF zanderWTF zanderWTF
[19:00:40] <%+Medddaaa> zanderHi zanderHi zanderHi
[19:00:40] <%$buent09> @ZanderLP kuper 4 schreibt man anders xD Kappa zanderHype
[19:00:43] <%+AtommoehrenTV> zanderLove zanderLove
[19:00:46] <%+minki_femke> niloWoah niloO
[19:00:52] ~Rainbow 6 Siege - Ranken bis Kuper 4 (Tom Clancy's Rainbow Six: Siege)~
[19:00:52] ~Rainbow 6 Siege - Ranken bis Kuper 4 (Tom Clancy's Rainbow Six: Siege)~
[19:01:08] <@%earliboy> fisch? :D machst fortnite? <3
[19:01:17] <%+Medddaaa> wie siehts aus?? später fortnite?
[19:01:20] <%+AtommoehrenTV> Rainbow
[19:01:26] <hoschi2310> Glückwunsch
[19:01:32] <%+AtommoehrenTV> Fraankfurt <3
[19:01:36] MOD: Zanderlp
[19:01:36] UNMOD: Mod4youbot
[19:01:37] <@%earliboy> ok :D <3
[19:01:38] <%legend_suchti> jaaaaaa Zander mal besuchen mit Kuchen zanderPsycho zanderPsycho zanderPsycho zanderPsycho zanderPsycho
[19:01:42] <@%earliboy> meld dich, streame :3
[19:02:02] <%+ossi1904> Moin
[19:02:08] <%$0_0manmagic0_0> Hei Zander
[19:02:08] <+BuildingDetectiv> hey^^
[19:02:13] <%cxrxlxn15> zanderHype ich freue mich
[19:02:14] <%+Medddaaa> später iwann noch was anderes?? :D
[19:02:19] <%+minki_femke> wwaasss
[19:02:24] <%+saddam200> trotzdem noch mit dustin ? @ZanderLP
[19:02:25] <%Sgt__Lennox> warum geht der nichtmehr automatisch aus dem host raus ? LUL
[19:02:27] <%+simke112> Glückwunsch :)
[19:02:27] <%Das_Schocki> Nice zanderLOL Glückwunsch zur Wohnung
[19:02:39] <Johanneskluegl> Moin
[19:02:40] <%+Mybirdy> huhuu
[19:02:44] <dansei20> Hi 👋🏻
[19:02:48] <@%+TerrarionChris> Guten NAbend zusammen =)
[19:02:48] <%$buent09> @ZanderLP kein ding
[19:02:52] <luki4589> Moin
[19:02:54] <%+AtommoehrenTV> Ich ziehe nach meiner Ausbildung nach Ireland bestes land <3
[19:03:00] <%$smasher200446> hi
[19:03:26] <@%+TerrarionChris> Coolio @AtommoehrenTV =)
[19:03:31] <@%+TerrarionChris> Wohin genau?
[19:03:32] [Notification] smasher200446 just subscribed with Twitch Prime. smasher200446 subscribed for 4 months in a row!
[19:03:37] <DennisTGU> Moinsen
[19:03:40] <%+AtommoehrenTV> Als ob er das saagt
[19:03:42] ~Rainbow 6 Siege - Ranken bis Kupfer 4 (Tom Clancy's Rainbow Six: Siege)~
[19:03:42] ~Rainbow 6 Siege - Ranken bis Kupfer 4 (Tom Clancy's Rainbow Six: Siege)~
[19:03:53] <tonykinglp> hi was geht 😊
[19:03:56] <@%+TerrarionChris> ne du @AtommoehrenTV
[19:04:00] <@%+TerrarionChris> xDD
[19:04:03] <%+neovespa_stream> Naaa
[19:04:05] <@%+TerrarionChris> Tagchen @tonykinglp
[19:04:06] <%+AtommoehrenTV> Achso :D
[19:04:25] <%cxrxlxn15> @atommoehrentv nice mein Traum Land ever. zanderKill darf ich fragen was du da Dann machst ?
[19:04:32] <%+saddam200> trotzdem noch mit dustin ? @ZanderLP zanderFlosse
[19:04:37] <%$smasher200446> zanderHi
[19:04:45] <%+AtommoehrenTV> Bin Anwendungsentwickler
[19:04:48] [Notification] BuildingDetectiv just subscribed with a Tier 1 sub!
[19:04:52] <%+AtommoehrenTV> Programmiererf
[19:04:57] <%EkoMagic> Bis Kupfer 4 hahaha
[19:05:01] <@%+TerrarionChris> Nein @saddam200 mit Nessy
[19:05:08] <%$smasher200446> lol
[19:05:13] MOD: Mod4youbot
[19:05:20] <%+BonnieTNT> Fuck wie geil ist das den. Glückwunsch Zander
[19:05:22] <%+saddam200> Ahso dankee @TerrarionChris
[19:05:30] <%nessy2go> @zanderlp in Frankfurt ist alles krasser Kappa LUL
[19:05:40] <%nessy2go> Moin Moin zanderFlosse
[19:05:41] <@%+TerrarionChris> @nessy2go Juhuuuuuuuu =D
[19:05:43] <%+AtommoehrenTV> Wohin genau keine Ahnung aber in die nähe von Dublin denke ich
[19:05:46] <%EkoMagic> WAS
[19:05:49] <AnkryR6S> Hi. Sucht ihr wen für ranked
[19:05:50] <%$Artrias> moinsen zanderHi
[19:05:51] <%EkoMagic> Armer Dustin :(
[19:05:53] <@%+MrDaVuille> Hopp schwiiz :D
[19:05:55] <%tigerschnauze> moin
[19:05:55] <%+AtommoehrenTV> Hey @nessy2go <3
[19:06:00] <@%$Earthman2012> Heey zusammen! :)
[19:06:09] <%+angel_6_9_6> na dann nochmal einen schönen abend an alle ... schau Zander geht auch in kurz XD
[19:06:23] <%+AtommoehrenTV> Das ding ist halt einfach in Ireland hast du überall krankestes Internet
[19:06:27] <%+AtommoehrenTV> 1 GB UP 1 GB Down
[19:06:27] <@%+TerrarionChris> huhu @Earthman2012 =)
[19:06:30] <%+angel_6_9_6> oha bis kupfer 4 na da hat er sich ja ganz schön was vor sich
[19:06:35] <%+AtommoehrenTV> uund das für 50€ im Monaat
[19:07:12] <%+AtommoehrenTV> Wenig Steuern zahlen :D
[19:07:13] <%+angel_6_9_6> neiiiiin -.- da bin ich im urlaub tz
[19:07:14] <%nessy2go> @zanderlp zweite !
[19:07:53] <%IkaMe4fun> Kuper 4 ist so schwer zanderTrigger zanderTrigger
[19:07:55] <%+angel_6_9_6> gutte nessy XD das passt mir auch besser
[19:07:57] <@%+TerrarionChris> @nessy2go Gut dass du es noch korrigierst ich habs grade weitergegeben ans Team xDDD
[19:08:06] <Arrrkk> Habe -120 Punke xD
[19:08:09] <%+saddam200> !coins
[19:08:13] <@%+Mod4YouBOT> saddam200: 2554 Coins
[19:08:18] <Lucaistco> !coins
[19:08:28] <@%+Mod4YouBOT> lucaistco: 521 Coins
[19:08:31] <luki4589> Meiner Schwester is für 2 Monate in Irland
[19:08:32] <%+ManiacESports> welches tunier?
[19:08:36] <%+AtommoehrenTV> Ne @ZanderLP ! Ich habe gerade mit einem Mod von dir über ireland geschrieben, da ich naach meiner Ausbildung dahin ziehe
[19:08:44] <%+AtommoehrenTV> sry das ich soviel dazu schreibe
[19:08:46] <@%+TerrarionChris> @ManiacESports R6 Siege
[19:08:50] <@%+MrDaVuille> @ZanderLP wenn ich 5 zusammen kriege machen wir ein 5v5?
[19:08:52] MOD: TerrarionChris, Earthman2012
[19:08:56] <%therobo25> zanderHi zanderHi zanderHi zanderHi zanderHi zanderHi
[19:09:02] <%nessy2go> @terrarionchris ja ich weiß :) in der Gruppe kann die Mehrzahl in der zweiten
[19:09:21] <%+ManiacESports> @terrarionchris was für ein r6 tunier? welcher name😂🤙
[19:09:23] <%+AtommoehrenTV> Alles gut Nessy?
[19:09:42] <@%+chdxd1> ja wollte gerade schon meckern, dass das am 2. WE im August sein soll :D
[19:09:50] <@%+chdxd1> und damit mooin
[19:09:56] <%+AtommoehrenTV> Moin
[19:10:10] <@%+TerrarionChris> @ManiacESports Zander veranstaltet immer mal wieder Rainbow 6 Siege Tuniere namens Zander Siege^^
[19:10:11] <@%+chdxd1> @atommoehrentv war letztes Jahr 3 Monate in Irland :p
[19:10:19] <@%+TerrarionChris> @chdxd1 Naaaaa chd =)
[19:10:24] <%+AtommoehrenTV> Wo warst du ? @chdxd1
[19:10:34] <%+AtommoehrenTV> und was hast du dort gemacht
[19:10:39] <%+ManiacESports> achso danke @terrarionchris
[19:11:01] <%Russpelz_> wunderschönen guten abend mister @zanderlp und fischis im chat und hallo mods zanderHi. das packet was ich am donnerstag raus geschikt hab is laut sendeverfolgung bei dustins postfach allerdings sollt es dort nicht zu lange stehn weil dort selbst gemachte hundekekse drin sind das paket is knal bunt @zanderlp
[19:11:24] <@%+TerrarionChris> Nabend @Russpelz_
[19:11:25] <gtimeheld> Hey :) @ZanderLP
[19:11:37] <MLG_P4nd4_> Rainbow zanderHype ! Rainbow zanderHype ! Rainbow zanderHype !#
[19:11:38] <%+angel_6_9_6> na Zander so wird das aber nix mit kupfer 4 da musst dir beim verlieren schon etwas mehr mühe geben !
[19:11:42] <@%+chdxd1> hab in Galway gearbeitet :) @atommoehrentv
[19:11:51] <%+AtommoehrenTV> Als?
[19:11:57] <%Fabianstyle6_> HI @Russpelz_ <3
[19:11:59] <MLG_P4nd4_> Rip Sub xD
[19:12:20] MOD: Aval0ntv, chdxd1, MrDaVuille
[19:12:29] <%Russpelz_> @fabianstyle6_ hi ,hi @terrarionchris
[19:12:36] <%+flo_1511> Moin @ZanderLP
[19:13:38] <%therobo25> zanderWut zanderWut zanderWut zanderWut zanderWut zanderWut
[19:14:06] <%+bastimagkevin> Moin Kindas :D
[19:14:11] <ari1315> Wie lange streamst du Zander
[19:14:15] <@%+TerrarionChris> Nabend @bastimagkevin
[19:14:16] <%Zunis1999> Schon wieder? LUL
[19:14:20] <%+AtommoehrenTV> FFM <3
[19:14:20] <gtimeheld> @ZanderLP wie jetzt lol
[19:14:33] <@%+chdxd1> Gott sei Dank ziehe ich hier aus der Ecke weg Kappa
[19:14:35] <%Russpelz_> wolltest du grad nicht irgent was sagen ? sah zumindest so aus @zanderlp
[19:14:35] <MLG_P4nd4_> Es gibt Leute die Reisen gern, und dann gitb es Zander, der zieht gerne um Kappa
[19:14:35] <%+bastimagkevin> @TerrarionChris Alles Fit?
[19:14:41] <DerKartoffelbaum> jetzt wo es endlich mal bei dir gut aussieht
[19:14:43] <@%+TerrarionChris> klar bei dir @bastimagkevin
[19:15:05] <%+bastimagkevin> @TerrarionChris Muss ja :P
[19:15:16] <gtimeheld> @MLG_P4nd4_, genau so sieht es aus bei @ZanderLP xD
[19:15:39] <@%+chdxd1> @AtommoehrenTV joa, war so eine Art Praktikum. Internationales IT Unternehmen als Cloud Architect
[19:15:54] <%+AtommoehrenTV> Nice und wie wars?
[19:15:58] <@%+TerrarionChris> @ZanderLP Ich mach aus dem Umzug mal ein Command dann brauch mans nich timmer schreiben xD
[19:16:44] <%+dave12021> !coins
[19:16:50] <%Russpelz_> mein eltern und ich sind schon midestens 6 mal umgezogen
[19:16:58] <@%+Mod4YouBOT> dave12021: 3899 Coins
[19:17:06] <rellmax_> hey @ZanderLP VoHiYo HeyGuys HeyGuys
[19:17:18] <sabbe11> !coins
[19:17:21] <@%+TerrarionChris> !umzug
[19:17:28] <@%+Mod4YouBOT> sabbe11: 1074 Coins
[19:17:40] <gtimeheld> @Russpelz_, bei mir schon 11 mal xDD
[19:17:42] <@%+TerrarionChris> Bin dran xDDD
[19:17:47] <blackpearllp> gude wie neue Wohnung bist doch erst da ein gezogen
[19:17:47] Viewerstats (19:01-19:17): avg:130 min:63 max:217 [9/_75-12+36+2+16+19+21+50+10]
[19:17:55] <%Russpelz_> @gtimeheld ohy oky
[19:18:00] <%Zunis1999> !coins
[19:18:05] <derpizzaboy880> !coins
[19:18:13] <@%+Mod4YouBOT> zunis1999: 1359 Coins | derpizzaboy880: 2 Coins
[19:18:30] <@%+TerrarionChris> !umzug
[19:18:35] <%+angel_6_9_6> !coins
[19:18:38] <@%+TerrarionChris> Menno xDDD
[19:18:44] <@%+Mod4YouBOT> angel_6_9_6: 7133 Coins
[19:18:48] <%+Svafnir666> Moin Moin, was ist eigentlich aus dem Objekt in Frankfurt geworden ?
[19:19:01] <@%+TerrarionChris> Hatter bekommen @Svafnir666
[19:19:05] <%+angel_6_9_6> @Svafnir666 scheint sie haben es
[19:19:06] <%+AtommoehrenTV> !umzug
[19:19:17] <%+Svafnir666> Oh nice 👍🏿
[19:19:20] <%Russpelz_> hab jetzt grad die benachrichtigung vom whatsappbot bekommen dabei bin ich seit 5 min dabei und du streams schon länger
[19:19:23] <%$darkrose362> hallo zusammen bin auch wieder da
[19:19:25] <Trus_r6> @ZanderLP hiho^^
[19:19:37] <%papsi94> zanderHi
[19:19:39] <%+dave12021> @ZanderLP wenn du nach Frankfurt zu nessy ziehst dann kann mann sich ja mal treffen wohne 40 min von Frankfurt weg
[19:19:47] <blackpearllp> wo ziehst du jetzt hin zander
[19:19:49] [Notification] Anni__96 just subscribed with a Tier 1 sub. Anni__96 subscribed for 2 months in a row! [Hey Zander Glückwunsch zur Wohnung <3]
[19:19:50] <%+dave12021> !umzug
[19:19:53] <@%MrDuckSpace> !umzug
[19:19:56] <%+evolve_kit> hey
[19:19:57] <@%$Earthman2012> @Russpelz_ Ích weiß ^^ Habe die Nachricht auch eben erst rausgeschickt ^^
[19:20:04] <%+angel_6_9_6> @Anni__96 nabend
[19:20:07] <@%MrDuckSpace> !uptime
[19:20:08] <@%+Mod4YouBOT>* Zander ist online seit 21 Minuten.
[19:20:08] <%Russpelz_> @earthman2012 oky
[19:20:09] <%$darkrose362> MrDuckSpace <3
[19:20:14] <%$Anni__96> Guten abend zusammen
[19:20:21] <@%$Earthman2012> @ZanderLP Erste Nachricht aus dem Backend ;)
[19:20:22] <Bausem> jaa noin wollte gerade fragen wirum ivh keine nachicht bekommen habe und in dem moment bekomme ich nachricht
[19:20:23] <%$Anni__96> Abend @angel_6_9_6
[19:20:26] <%+dave12021> jo ist kein ding
[19:20:34] <%+dave12021> aber wäre echt nice
[19:20:39] <rellmax_> @ZanderLP weiß man schon wann das r6 turnier stattfindet?
[19:20:41] <%Russpelz_> @bausem hey alles fit ?
[19:20:53] <@%+TerrarionChris> @ZanderLP Wir hängen noch an dem Command dran dauert noch kurz es weigert sich xDD
[19:21:28] <KingLoui02> Wieso ziehst du wieder um?
[19:21:30] <%$Anni__96> @angel_6_9_6 gehts gut?
[19:21:38] <@%$Earthman2012> @ZanderLP Erste Nachricht aus dem Backend ;)
[19:21:59] <%+angel_6_9_6> @Anni__96 auf jeden kind hat vorhins ihren freischwimmer in bronze gemacht XD
[19:22:21] <%jamasiii> @zanderlp und für deine Fans zanderHype
[19:22:24] <%+Svafnir666> Wann steht der Umzug an?
[19:22:27] <%$Anni__96> @angel_6_9_6 wie schön, freut mich
[19:22:30] <@%+TerrarionChris> !umzug
[19:23:12] <%$Anni__96> @angel_6_9_6 darf man fragen wie alt sie ist
[19:23:19] <%+bastimagkevin> @ZanderLP Dieser Fucking Weapon Skin macht mich so Eifersüchtig >(
[19:23:29] <blackpearllp> krass da ist man eine Woche Arbeiten und man bekommt man nix mehr mit 😢
[19:23:34] <%+angel_6_9_6> @Anni__96 find ich auch mega ..hab so gelacht zur prüfung gehört auch dazu einfach vom startblock ins wasser zu springen also normal kerze was weis ich madam macht direkt erstma n köpfer XD
[19:23:43] <%+angel_6_9_6> @Anni__96 65
[19:23:47] <%+angel_6_9_6> arghhhh
[19:23:51] <%+angel_6_9_6> @Anni__96 6
[19:24:18] <%Russpelz_> wow in meiner schule kam heute wiedee der krankenwagen zanderWTF
[19:24:33] <%$Anni__96> @angel_6_9_6 wie süß :)
[19:24:47] <@%MrDuckSpace> !frankfurt
[19:25:21] <%nessy2go> @mrduckspace was ist das für ein Tag? 😂
[19:25:24] <%+angel_6_9_6> @Anni__96 will ih wohl meinen XD
[19:25:24] <MLG_P4nd4_> @angel_6_9_6 65 ist doch ein stolzes alter für schwimmen lernen
[19:25:30] <MLG_P4nd4_> !umzug
[19:25:30] <@%MrDuckSpace> nessy2go was wie wo?
[19:25:31] <Bausem> moinsen
[19:25:41] <%nessy2go> !frankfurt
[19:25:48] <@%+chdxd1> !umzug
[19:25:48] <@%MrDuckSpace> MLG_P4nd4_ der bot will gerade nicht :P kurz geduld wir kümmern uns drum
[19:25:54] <%+angel_6_9_6> @MLG_P4nd4_ pssssscccchhht hab mich vertippt
[19:25:58] <%$Anni__96> @angel_6_9_6 errinert mich irgendwie an meine nichte :D
[19:26:05] <MLG_P4nd4_> @MrDuckSpace ICH WILL Aber jetzt den bot ahrhghghgh Kappa
[19:26:08] <MLG_P4nd4_> !coins
[19:26:13] <@%+Mod4YouBOT> mlg_p4nd4_: 1329 Coins
[19:26:17] <MLG_P4nd4_> !coininfo
[19:26:17] <@%+Mod4YouBOT>* Die Coins-Seite ist wieder verfügbar. Watchtime & Coins werden hier angezeigt https://www.mod4you.de/coins/zanderlp (Alle 10 Minuten bekommt ihr 1 coin) zanderPsycho
[19:26:29] <MLG_P4nd4_> haha geschaft :D nennt mich telekomsupport
[19:26:34] <%IkaMe4fun> !coins
[19:26:37] <%+angel_6_9_6> @Anni__96 hat wohl auch mehr gemacht als sie sollte
[19:26:40] <%nessy2go> !coins
[19:26:43] <@%+Mod4YouBOT> ikame4fun: 1516 Coins | nessy2go: 3296 Coins
[19:26:44] <%nessy2go> LUL
[19:26:48] <%cxrxlxn15> !coins
[19:27:12] <%$Anni__96> @angel_6_9_6 jap das hat sie xD
[19:27:13] <@%+Mod4YouBOT> cxrxlxn15: 274 Coins
[19:27:34] <%+angel_6_9_6> @Anni__96 kinner halt immer zeigen was sie können XD
[19:27:40] <rellmax_> !coins
[19:27:43] <@%+Mod4YouBOT> rellmax_: 354 Coins
[19:27:49] <blackpearllp> wen du in Frankfurt bist dan kommt das Bier zander 😜
[19:27:55] <@%+chdxd1> !frankfurt
[19:28:15] <%$Anni__96> @angel_6_9_6 ohja und dabei immer ein lächeln im gesicht :D
[19:28:19] <%Russpelz_> kamm heute der krankenwagen einsichste info : schüler hatt sich kniegeleg ausgekugelt. wuht ? wie schaft man das er war doch im schule gebeude zanderWTF
[19:28:50] <%+angel_6_9_6> @Anni__96 na mal sehen was als nächstes ansteht XD
[19:28:58] <MLG_P4nd4_> @ZanderLP Ging darum dass Der Bot nicht ging aber bei mir natürlich trd geht
[19:29:04] <%Fabianstyle6_> !coins
[19:29:06] <nick9803> hoi
[19:29:07] <@%+chdxd1> !umzug
[19:29:08] <@%+Mod4YouBOT>* Bye Köln, Zander zieht mit seiner Freundin Nessy zusammen in eine Wohnung nach Frankfurt
[19:29:09] <@%+Mod4YouBOT> fabianstyle6_: 1936 Coins
[19:29:10] <@%+chdxd1> finally.
[19:29:13] <%$Anni__96> @angel_6_9_6 hast ja noch was vor dir
[19:29:39] <Bausem> omg zander zieht um
[19:29:45] <MLG_P4nd4_> @Russpelz_ Zu motiviert aufgestanden Kappa
[19:29:47] <%+angel_6_9_6> @chdxd1 wäre haus nicht passenter
[19:29:56] <18marcel86> Hallo Zander hallo zusammen
[19:29:57] <preodrill> HeyGuys @zanderlp
[19:30:07] <preodrill> wie geht es denn meinem lieblingsstreamer?
[19:30:07] <%+angel_6_9_6> @Anni__96 das wohl wahr sie geht ja auch noch zum turnen
[19:30:11] <@%+chdxd1> @angel_6_9_6 Fisch sagt doch selber Wohnung Kappa
[19:30:11] <%IkaMe4fun> Ich brauch ne Mark xD
[19:30:29] <18marcel86> Sehr geil Zander freut mich für euch beide
[19:30:45] <blackpearllp> dan brauch ich ja nicht mehr nach Köln umziehen Kappa
[19:30:49] <%+angel_6_9_6> @chdxd1 stimmt auch wieder naja wer fleißig zuhört weis ja das es ein haus ist
[19:30:52] <%$darkrose362> Sgt__lennox <3
[19:30:53] <%Russpelz_> @mlg_p4nd4_ naja aber letzten monat wo der kommen mußt war es ein fehrnser und davor das mal wol kreislauf ..ka wie die das alle schafen
[19:31:11] <%$Anni__96> @angel_6_9_6 oh cool, dann steht ja noch einiges an xD
[19:31:19] <%+headsick141> Hey
[19:31:42] <%Fabianstyle6_> wenn man auf den Brunnen in den Ruinen schiesst kommen Zombiegereusche und wen man auf einen Kirchturm in der ferne zielt sieht man einen Assassinen dort sitzen. Sind Eastereggs auf der Krarte :D
[19:32:15] <%+angel_6_9_6> @Anni__96 hauptache sie kommt nicht irgendwann nochmal mit solchen zeug wie reiten
[19:32:52] <@%$Earthman2012> !umzug
[19:32:58] <@%+Mod4YouBOT>* Bye Köln, Zander zieht mit seiner Freundin Nessy zusammen in eine Wohnung nach Frankfurt
[19:33:02] <%$Anni__96> @angel_6_9_6 haha reiten ist doch was tolles xD
[19:33:03] <%Fabianstyle6_> auf einem Kirchturm in der Ferne. Auserhalb der map
[19:33:19] <legendphoenix66> hallo
[19:33:21] <blackpearllp> das ist doch die Villa von Ezio oder ??
[19:33:29] <+passlo> Sei dich mal auf den Turm und schieß von Oben auf den Heu Wagen, da gibt es auch eine Überraschung :p
[19:33:43] <%+angel_6_9_6> @Anni__96 ja aber nich für meinee geldtasche
[19:34:10] <%$Anni__96> @angel_6_9_6 ja gut das stimmt natürlich
[19:34:46] <%+angel_6_9_6> @Anni__96 ala nach n 3ten hobby wird es teuer XD
[19:35:32] <%$Anni__96> @angel_6_9_6 kinder wollen alles auf einmal denn ist das egal ob es was kostet :D
[19:36:22] <+nator1988> moin
[19:36:26] <%+angel_6_9_6> @Anni__96 ega man is ja nur einmal kind
[19:37:04] <+P4SC4Lr6> Ranken bis Kappa
[19:37:05] <%$Anni__96> @angel_6_9_6 genau, hauptsache sie sind glücklich
[19:38:05] <%+angel_6_9_6> @Anni__96 so wenn wir schonmal beim kind sind ich bin mal lurk mode XD bis denn denn
[19:38:22] <%$Artrias> hmmmmmmmmmmm
[19:38:28] <%$Anni__96> @angel_6_9_6 viel spaß noch, bis denn
[19:39:04] <%+itza84> hallo @ZanderLP und chat ^^
[19:39:11] <@%+TerrarionChris> huhu @itza84
[19:39:18] <%$Anni__96> huhu @itza84
[19:39:23] <+nator1988> moin itza84
[19:39:32] <%lukakakakas> und der host läuft mal wieder durch... i h8 it...
[19:39:50] <%$Artrias> Frost braucht unsichtbare fallen LUL
[19:39:57] <sillinator1> VoHiYo
[19:39:58] <@%MrDuckSpace> mir egal :D
[19:40:02] <@%MrDuckSpace> ich kann wenn du willst
[19:40:43] <+nator1988> zieht Zander um? Habe gerade was auf Twitter mit na neuen Wohnung gelesen. Habe ich da was verpasst?
[19:40:47] <%+TheRetuoc> moin
[19:40:50] <%$Anni__96> guten Abend MrDuckSpace
[19:40:50] <%lukakakakas> ich verpasse als den start vom stream, weil der host einfach weiterläuft, obwohl du streamst
[19:40:57] <%cxrxlxn15> !umzug
[19:40:58] <@%+Mod4YouBOT>* Bye Köln, Zander zieht mit seiner Freundin Nessy zusammen in ein Haus nach Frankfurt
[19:41:01] <@%MrDuckSpace> Anni__96 huhu
[19:41:15] <%TaigaR6> HeyGuys
[19:41:25] <the_icem4n> FFM beste Stadt
[19:41:36] Viewerstats (19:19-19:39): avg:259 min:229 max:287 [11/229+1+21+4-14+13+9+4+19+1+0]
# Log closed: 2018-06-18 19:41:36 +0200
-
# Log started: 2018-06-18 19:58:53 +0200
[19:58:53] Trete #zanderlp bei..
[19:58:53] ~Rainbow 6 Siege - Ranken bis Kupfer 4 (Tom Clancy's Rainbow Six: Siege)~
[19:58:53] #zanderlp beigetreten
[19:58:53] MOD: Terrarionchris, Haituga, Earthman2012, Mrduckspace, Tarosh, Chdxd1, Aval0ntv, Mrdavuille, Zanderlp, Moobot
[19:58:56] <%nessy2go> !hype
[19:58:58] <hulagola> !coins
[19:59:23] <%$Anni__96> hat der bod keine lust mehr LUL
[19:59:39] <%$Artrias> !coins
[19:59:44] <@%+TerrarionChris> werden wir sehen xD
[19:59:49] <%$Artrias> alles kapott
[19:59:53] <@%+chdxd1> Max startet gerade den Server neu
[20:00:05] You have left #zanderlp
[20:00:05] Viewerstats (19:58-19:58): avg:357 min:357 max:357 [1/357]
# Log closed: 2018-06-18 20:00:05 +0200
-
# Log started: 2018-06-18 20:20:03 +0200
[20:20:03] Trete #zanderlp bei..
[20:20:03] ~Rainbow 6 Siege - Ranken bis Kupfer 4 (Tom Clancy's Rainbow Six: Siege)~
[20:20:04] #zanderlp beigetreten
[20:20:04] <crexximg> Bist du in einem Clan/E-sport team?
[20:20:09] <%nessy2go> !hype
[20:20:09] <@%+Mod4YouBOT> zanderHype zanderLove zanderHype zanderLove zanderHype zanderLove zanderHype zanderLove zanderHype zanderLove zanderHype zanderLove zanderHype zanderLove zanderHype zanderLove zanderHype zanderLove zanderHype zanderLove zanderHype zanderLove zanderHype zanderLove zanderHype zanderLove
[20:20:10] <@%MrDuckSpace> bosna1603 aloha :D
[20:20:14] <%$Anni__96> @Fabianstyle6_ sind die Kopfhörer zu empfehlen?
[20:20:15] <%brahstayfluffy> @mrduckspace wie gehts?
[20:20:18] <jojona007> !coins
[20:20:23] <bas6543> Moin Moin Zander wie gehts wie stehts
[20:20:26] <%$Anni__96> @brahstayfluffy guten abend
[20:20:27] <%Russpelz_> net so gut weil mein mahtelehrer mich in einer gewissen art beleidigt und gekrankt hatt @mrduckspace
[20:20:27] <@%MrDuckSpace> nessy2go ts? :P
[20:20:31] <@%+Mod4YouBOT> jojona007: 10 Coins
[20:20:34] <%brahstayfluffy> @anni__96 wie gehts?
[20:20:36] You have left #zanderlp
[20:20:36] Viewerstats (20:19-20:19): avg:329 min:329 max:329 [1/329]
# Log closed: 2018-06-18 20:20:36 +0200
-
