# Log started: 2018-06-20 12:39:25 +0200
[12:39:25] Trete #zanderlp bei..
[12:39:25] ~Mahlzeit! :D (Fortnite)~
[12:39:25] #zanderlp beigetreten
[12:39:39] <%+Frissi> Moin zusammen ;)
[12:39:40] <@%$recklessGreed> Einen wunderschönen wunderschönen
[12:39:49] <luzz1010> Also wie geht es euch so?
[12:39:54] <%$speedbuildlp> moin recklessGreed
[12:39:56] <%danylolipop> @Frissi Mahlzeit
[12:40:04] <@%$recklessGreed> Mir gehts super und selbst @luzz1010
[12:40:12] <%+hansololp> Craft attack is einfach nur noch meh es wird fast nur noch getrollt und spark rastet immer aus mit seinen bauten und farmen
[12:40:16] <%danylolipop> @recklessGreed Hey ho
[12:40:20] <@%+chdxd1> Guten Mittag zanderLove
[12:40:24] <luzz1010> @recklessgreed naja bin krank 🤒
[12:40:30] <%+hansololp> recklessGreed chdxd1 hi :D
[12:40:36] MOD: Zanderlp, chdxd1, Mod4youbot, Moobot
[12:40:37] <@%$recklessGreed> Heyoo han zanerHi
[12:40:42] <%danylolipop> @chdxd1 Mahlzeit
[12:40:45] <@%$recklessGreed> wow FailFish 
[12:40:49] [Notification] fetvlp just subscribed with a Tier 1 sub. fetvlp subscribed for 39 months in a row! [World of]
[12:40:53] <%$speedbuildlp> hansololp jo das stimt
[12:40:55] <@%$recklessGreed> zanderHype zanderLove zanderHype zanderLove zanderHype zanderLove zanderHype zanderLove zanderHype zanderLove zanderHype zanderLove zanderHype zanderLove zanderHype zanderLove zanderHype zanderLove zanderHype zanderLove zanderHype zanderLove zanderHype zanderLove zanderHype zanderLove
[12:40:55] <%lukakakakas> goal1000 Warcraft
[12:40:56] [Usernotice] reward
[12:41:01] <Sodimentalo> Servus
[12:41:04] <%danylolipop> !hype
[12:41:05] <@%+Mod4YouBOT> zanderHype zanderLove zanderHype zanderLove zanderHype zanderLove zanderHype zanderLove zanderHype zanderLove zanderHype zanderLove zanderHype zanderLove zanderHype zanderLove zanderHype zanderLove zanderHype zanderLove zanderHype zanderLove zanderHype zanderLove zanderHype zanderLove
[12:41:20] <+saschatopten> Hi Zander darf ich später community runden mit machen weil ich gestern gewartet habe aber du hast dann hause flipper
[12:41:24] <%$fetvlp> Was ein Zufall :O
[12:41:30] <%lukakakakas> zanderRekt zanderRekt zanderRekt
[12:41:35] <%+kiari81> Das wäre so nice
[12:41:38] <%+hansololp> also ein mc Modpack Projekt mit coolen leuten LUL also ohne wolfi Kappa
[12:41:41] <%$speedbuildlp> jo ich wäre dabei XD ;D
[12:41:46] <%+hansololp> der würde eh nix verstehen XD
[12:41:48] MOD: recklessGreed
[12:41:49] <%$speedbuildlp> hansololp xd
[12:42:05] <%+kiari81> zum neuen Add on dann
[12:42:42] <%danylolipop> Ein Community Craft Attack wäre mega :) Nur die Zander Com spielt es :D Das wäre echt mega cool.
[12:43:00] <%$fetvlp> Das momentane Addon könnte man jetzt noch ez anfangen und normal Spaß haben ^^
[12:43:01] <%+VacomPlays> COFooty COFooty
[12:43:35] <%+bangsyt> Was Geht Zander zanderWut
[12:43:44] <%$speedbuildlp> danylolipop ts
[12:43:45] <%$speedbuildlp> ?
[12:43:56] <%lukakakakas> ich versuche jetzt mal besser zu werden in R6S, aber alleine suckt ^^
[12:44:08] <Raichu_King25> du musst aimen nicht noscope pump spielen dann macht du mehr schaden
[12:44:10] <%danylolipop> @speedbuildlp Ja :) Komm doch ran xD
[12:44:18] <%michel230> @lukakakakas brauchst du dei
[12:44:22] <SHAD0W_> hey was geht
[12:44:32] <%michel230> @lukakakakas brauchst du ein mate?
[12:44:37] <%$fetvlp> Malfurion... weil dort Alli und Horde 50/50 sind
[12:44:42] <xdodoo> hey kennst du mich noch
[12:44:43] <Raichu_King25> okay
[12:44:47] <%$speedbuildlp> danylolipop du warst vorhin nicht on
[12:45:03] <%$fetvlp> Ne PvE ^^
[12:45:04] <%danylolipop> @speedbuildlp Doch xD :O
[12:45:27] <%+Domino17102000> moin zander wie geht dir
[12:45:31] <+saschatopten> Zander darf ich später community runden mit spielen weil ich gewartet habe aber du hast dann hause flipper gespielt
[12:45:45] <%$fetvlp> UNd ka bin schon seit 10 Jahren oder so in der einen Gilde dort und ist alles Chillig haha
[12:46:52] <+kamoshadez> Moin
[12:46:58] <%lukakakakas> Müsstest dich natürlich für die richtige Seite entscheiden *hust* Horde *hust*
[12:47:12] <%danylolipop> @kamoshadez Mahlzeit :)
[12:47:27] <Yasin73838> fAlle
[12:47:28] <%$fetvlp> @lukakakakas wir habe ja auch die cooleren neuen Rassen haha
[12:47:40] <%+Tobyrue> Moin ZAnder was geht?
[12:47:40] <%+hansololp> hä was les ich hier horde ? für die Allianz !
[12:47:54] <@%$recklessGreed> @hansololp Raus mit dir KappaHD zanderTroll
[12:48:09] <%+bangsyt> auf welchen server spielst du
[12:48:18] <%jamasiii> monteFRECH
[12:48:31] <%+hansololp> recklessGreed mit dir auch :P
[12:48:32] <SHAD0W_> full pump headshot und nicht down ? lol
[12:48:51] <RIOLPTV> Der moment, wenn mein Internet so bad ist das es bei 160P laggt
[12:49:35] <%sohaila1> Hallo zanderHi
[12:49:45] <%$fetvlp> @ZanderLP einfach auf den Server"Der Mithrilorden" ^^ da ist nicht so viel los und kein PvP.... Die neuen Rassen der Horde sind halt geiler
[12:49:55] <%+Tobyrue> Jo Zander wie lange streamst du?
[12:50:15] <Sodimentalo> Hast du ne Switch?
[12:50:20] <%+kiari81> Hab mein Mann da kennengelernt und haben jetzt 3 Kinder zanderLOL
[12:50:29] <RIOLPTV> Zander ist bin bei dir einfach seit 4 Jahren schon Follower ^^
[12:50:48] <+saschatopten> Darf ich später community runden mit machen weil du dann Haus flipper gespielt und ich karm nicht dran pls
[12:51:10] <%jamasiii> zanderNoob
[12:51:13] <SHAD0W_> als ob der durchläuft xD
[12:51:15] <%awakenedpredator> Die serie rick and morty wird um 70 folgen erweitert zanderLove
[12:51:46] <%lukakakakas> Nessy hat auch Bock auf WoW hat sie mir erzählt Kappa
[12:51:57] <@%$recklessGreed> Wie du hast ne Switch o.O Warum erfahr ich das erst jetzt o.O
[12:53:10] <ritzel125> hey was geht
[12:53:12] <RIOLPTV> Seit wie viel Jahren Streamst du eig. schon, wenn ich bei dir schon 4 Jahre Follow bin. Du und Tom aka. Shuffle waren auch 2014 die ersten YouTuber die ich aktiv verfolgt habe. <3 <3 <3
[12:54:00] <%+hansololp> RIOLPTV also ich follow seit fast 6 Jahren ...
[12:54:14] <RIOLPTV> WOW das ist schon Krass
[12:55:02] <%+kiari81> @zanderlp hab über WoW meinen Mann kennengelernt und haben inzwischen 3 Kinder zanderLove
[12:55:17] <%jamasiii> @zanderlp ich finde das update für die pumpguns echt kacke
[12:55:38] <%+Tobyrue> Jo Zander was geht? Alles fresh soweit?;)
[12:56:04] <RIOLPTV> @jamasiii Ich finde das die Pump Stärker muss und nicht immer 6 oder 11 Damage ^^
[12:56:09] <depxgrandmarg> @hansololp wo kann man das sehen ?
[12:56:29] <RIOLPTV> Such einfach twitch follow date
[12:56:45] <depxgrandmarg> Ok :D
[12:57:04] <%Wolfi_WR> moin moin <3
[12:57:25] <@%+chdxd1> Och neeee @Wolfi_WR
[12:57:25] <%+hansololp> meh musste die seite neu laden :/
[12:57:35] <%+hansololp> och ne ein Wolf wer will den sowas
[12:57:37] <+huberfabian> hi
[12:57:42] <%awakenedpredator> ja gta story zb LUL
[12:57:51] <RIOLPTV> Ich verstehe die Logik von Twitch nicht man kann ein Sub mit Handy guthaben bezahlen aber keine Bits :(
[12:58:01] <%$TobyTune> schande über dein haupt zander Kappa
[12:58:12] <%$toepfaeny> hallöchen :)
[12:58:21] <%+hansololp> hi topf
[12:58:33] <%$toepfaeny> @hansololp a guden :D
[12:58:40] <+Felixvth> Willst du besser werden oder warum landest du immer In tilted solo vs Squad
[12:59:01] <%$toepfaeny> @Felixvth wer will denn nich besser werden ?
[12:59:43] <ritzel125> er will da bauen üben und generell üben
[12:59:43] <%+simke112> zander...wir lernen doch alle aus fehlern ;)
[13:00:24] <%+wolfkillerm> Hallö ihr Fische
[13:00:30] <Vluvig> moinsen
[13:00:46] <ritzel125> @wolfkillerm hey ho
[13:00:57] <%+hansololp> also wenn ich mir vorstelle was in Zanders kopf vorgeht sehe ich immer diesen Affen mit becken in den händen :P
[13:01:00] <%$toepfaeny> hallöchen @wolfkillerm
[13:01:20] <%$toepfaeny> @hansololp tja bei dir is nichmal der vorhanden #roasted
[13:01:31] <%awakenedpredator> mega kacke LUL
[13:01:34] <%+hansololp> toepfaeny oha :(
[13:01:42] <depxgrandmarg> Zander alle die dich gucken und unterstützen tun das weil sie dich so feiern wie du bist und dazu gehören dann auch Fehlentscheidung... du hast nicht umsonst 750 subs und machst das schon seit 6 Jahren !!
[13:01:54] <%+bangsyt> Kann man auf dein ts drauf kommen
[13:02:12] <%$toepfaeny> @bangsyt auf den ts kommst du klar :) nur nich in seinen channel jetz
[13:02:26] <%+bangsyt> kann ich die ip wissen
[13:02:42] <%elias130304> hi
[13:02:48] <%+hansololp> !ta
[13:02:51] <%+hansololp> !ts
[13:02:52] <@%+Mod4YouBOT>* Den offiziellen Teamspeak von Zander findet ihr unter zanderlp.de |-| Jetzt *NEU* mit Subscriberrang: https://m4u.link/zlpSubrang zanderLove zanderHype
[13:05:13] <%+karina_sc> ja moin ^^
[13:06:21] <%$fetvlp> Keine Weitsicht ? Hast du die Sichtweite heruntergestellt oder wie :P
[13:08:12] <badengamer> bin wieder da
[13:08:50] <niggoakanico> Hey wie geht's?
[13:08:55] <+ihvuuvu> bist jetzt wieder fit wie ein turnschuh
[13:09:18] <+Agr0naut_> Moinsen Kappa //
[13:09:33] <%$darkrose362> hallo @ZanderLP und chat zanderLove zanderLove zanderLove zanderFlosse
[13:09:39] <%$Promeuchler> moin mein Fischl
[13:09:41] <dogukan202> Schule aus erst mal in den stream nice
[13:09:43] <%awakenedpredator> Doch beim roller Kappa //
[13:09:49] <ritzel125> XD schade
[13:09:54] <%+tobse3> Jo Zander also merken ich bin TobyrueXD zanderKill habe jetzt den namen geändert;)
[13:10:28] <%+karina_sc> dann nimm sie nicht @zanderlp ;P
[13:10:37] <%$TobyTune> lol tobse3 das hätte jetzt nicht sein müssen xD
[13:10:47] <%+hansololp> so bin mal weg muss mal schauen was ich mir zu essen machen kann ....
[13:11:14] <@%$recklessGreed> en guten Han
[13:11:19] <%+tobse3> @TobyTune klar, er muss uns ja auseinander hlaten könnenXD
[13:11:26] Viewerstats (12:41-13:11): avg:134 min:107 max:166 [16/107+14+3+3-5+9-7+0-3+9+10+15-15+8+17+1]
[13:11:26] <%$TobyTune> xD
[13:11:32] <%$toepfaeny> @hansololp also ich hab spaghetti bolognese :D
[13:11:38] <%+tobse3> zanderFlosse
[13:11:47] <%+karina_sc> pscht hab Hunger 😢
[13:11:56] <%+hansololp> toepfaeny ich darf laut zahnarzt keine nudel essen....
[13:12:06] <%$toepfaeny> @hansololp LUL
[13:12:07] <+Agr0naut_> Bin ich ne Nummer? Kappa
[13:12:17] <%+hansololp> Zandersbeautypalace ? LUL
[13:12:17] <%awakenedpredator> naww Du bist mir auch wichtig Zanderlein Kappa
[13:12:23] <%DasNicopa> was bin ich für ne nummer?
[13:12:37] <%$SRE_Florian_Krueger> oida was geht? :)
[13:12:43] <%+karina_sc> @dasnicopa du bist die Obernull Kapps
[13:12:44] <%$toepfaeny> @DasNicopa trölf
[13:12:45] <%+kiari81> Du machst viel Abwechslung zur Zeit und das ist super. also es hat noch Platz für ein bissle Wow 😁
[13:12:46] <%+karina_sc> Kappa
[13:13:30] <%DasNicopa> zanderGeGe zanderGeGe @karina_sc @toepfaeny
[13:13:34] [Notification] Gelbnudel just subscribed with Twitch Prime. Gelbnudel subscribed for 20 months in a row! [Ups schon wieder auf Abonnieren gekommen Kappa]
[13:13:41] <+ihvuuvu> ich mag dich so wie du bist wenn mir was nicht gefällt schalte ich später einfach wieder ein
[13:14:15] <%awakenedpredator> Ich nutze Deinen Stream oft nur zum zuhören da ich keinen 2ten Bildschirm habe nutze cih Dich als ''ASMR'' LUL und zocke nebenbei selbst :D
[13:14:26] <%$TobyTune> @ZanderLP hättest dich mal bei mir gemeldet Kappa
[13:14:59] <%+karina_sc> Zander hat mich zum Zocken gebracht zanderHype zanderLove
[13:14:59] <@%$recklessGreed> awakenedpredator Dafuq o.O 
[13:15:25] <%awakenedpredator> @recklessGreed eher wegen nur einem Bildschirm oder wegen dem ''ASMR'' LUL
[13:16:22] <@%$recklessGreed> beides o.O ich hab 4 Bildschirme hier stehen :D :D 
[13:16:24] <%lukakakakas> Moral der Geschichte: Vertraue deinen Zuschauern nicht! Kappa
[13:16:49] <%$toepfaeny> also ich will nur an dein geld zander! Kappa
[13:16:51] <%awakenedpredator> @recklessGreed is ncih jeder son Bonze wie Du zanderWut phunkBadMan
[13:17:00] <badengamer> ich mag dich so iwe du bist und zwar so iwe du bist. bin zwar neu dabei aber du bist ein sehr sehr netter mensch
[13:17:16] <%$toepfaeny> @recklessGreed 4 O.o ... hätte bei mir nichtmals platz :(
[13:17:18] <@%$recklessGreed> awakenedpredator alle aus der HTWG geklaut ^^ die brauchen se nicht mehr :D :D 
[13:17:37] <@%$recklessGreed> @toepfaeny mein Schreibtisch stapelt auch schon
[13:17:40] <ritzel125> kann ich voll verstehen... ist halt alles im Leben nich so einfach... aber das machts ja auch irgendwie aus, oder?
[13:17:46] <%+karina_sc> @zanderlp man kann es nicht jedem recht machen deshalb mach das woran du Spaß hast und wenn die Zuschauer so nen scheiß abziehen haben sie deine Unterhaltung eh nicht verdient ^^
[13:17:54] <mrfreackso> heyho @zanderlp und chat angenehm deine stimme wieder mal zu hören
[13:18:02] <%$toepfaeny> @recklessGreed ich würd se mir ja an die wand hängen nur is hinter meinem monitor keine wand :D
[13:18:15] <@%$recklessGreed> Dieser Tod ist ein Signal! Mit der Vergangenheit abschließen und ne neue Runde starten :D :3 
[13:18:43] <ritzel125> @recklessGreed nice! .9
[13:20:22] <%$TobyTune> meine meinung zu deiner besten entscheidung war donkeygames^^ hab da so viele von der community kennengelernt @ZanderLP
[13:20:40] <%+Gelbnudel> Also wenn du was gemacht hast dass ich nicht mochte hab ich es einfach nicht angesehen und mich nicht beschwert
[13:20:58] <%+karina_sc> @tobytune was ist denn donkeygames
[13:21:03] <%awakenedpredator> @ZanderLP Hey Zander wann kommt wieder Qualitativer kontent wie Minecraft Kappa
[13:21:12] <%$fetvlp> Funville beste
[13:21:48] <%$TobyTune> karina_sc das war ein community minecraft server von Zander, Kunga und noch jemanden^^
[13:22:04] <%+karina_sc> @tobytune ahhhh danke :)
[13:22:26] <+TwitchZillo> Hey Zander!
[13:22:31] <%+karina_sc> ich fande ARK total toll :)
[13:22:33] <%MusicOffbeatTV> Hallo Zander Runtime ist mit deinem Code bezahlt bin mal gespannt wie das schmeckt!
[13:22:38] <%$TobyTune> recklessGreed war doch auch von anfanf an dabei oder?
[13:22:39] <%derfenchelhd> TobyTune konnte leider nie wirklich an den projekt teilnehmen
[13:22:52] <%$TobyTune> derfenchelhd schade eigentlich
[13:23:13] <%$TobyTune> wer kommt den hier eig noch aus den funville zeiten?
[13:23:16] <%$SRE_Florian_Krueger> ok zander, jetzt versteh ich dich. auch früher vor nem jahr, wie das so war.
[13:23:28] <%$SRE_Florian_Krueger> @TobyTune hier :)
[13:23:40] <MelloMelloxD> tobytune ich
[13:23:43] <@%$recklessGreed> @TobyTune jo war erst Spieler und dann Moderator
[13:24:26] <%$SRE_Florian_Krueger> @ZanderLP zwischen dir und PorkchopMedia war doch bis zum schluss alles gut, oder?
[13:24:27] <%$TobyTune> recklessGreed wusste ich doch das ich mich erinnere das du mal in nem vid bei earli/zander vorkammst xD
[13:24:35] [Notification] PreaxlyR6S just subscribed with Twitch Prime. PreaxlyR6S subscribed for 2 months in a row!
[13:24:45] <%derfenchelhd> !hype
[13:24:45] <@%+Mod4YouBOT> zanderHype zanderLove zanderHype zanderLove zanderHype zanderLove zanderHype zanderLove zanderHype zanderLove zanderHype zanderLove zanderHype zanderLove zanderHype zanderLove zanderHype zanderLove zanderHype zanderLove zanderHype zanderLove zanderHype zanderLove zanderHype zanderLove
[13:24:59] <%$TobyTune> !hype
[13:25:05] <%$TobyTune> D:
[13:25:10] <@%+chdxd1> hab nur funville gehört? war gerade duschen :D
[13:25:10] <%+karina_sc> zanderHype zanderHype zanderHype zanderHype zanderHype zanderHype zanderHype zanderHype zanderHype zanderHype zanderHype
[13:25:15] <%Wolfi_WR> geht fortnite net mehr
[13:25:32] <%$TobyTune> Wolfi_WR doch nur bisschen real talk
[13:25:33] <%+karina_sc> @wolfi_wr doch aber er erzählt gerade etwas :)
[13:25:40] <pason_graffiti> Grüße aus Großklein(Österreich)
[13:26:40] <%DasNicopa> mit einer fetten grill party
[13:27:10] <pason_graffiti> Ohh Zander ist ehrenmann 😂😂😂👌🏼
[13:27:14] <%awakenedpredator> Zander hat sicher gewonnen und zieht in sein Frankfurter Anwesen im stile von Gronkh Kappa LUL
[13:27:16] <%+karina_sc> wow ist sehr zeitintensiv...
[13:27:55] <%+kiari81> Und süchtigmachend @karina_sc
[13:28:00] <%+zizour> Zander ich hab Bock auf dich egal was zu zockst zanderLove zanderLove
[13:28:06] <%+karina_sc> @kiari81 das stimmt
[13:28:53] <ritzel125> ich find dich so wie du bist voll in Ordnung <3 <3
[13:28:55] <%+bastimagkevin> Tachchen :D
[13:29:13] <%+karina_sc> also echt Zander... die viele Werbung geht gar nicht Kappa
[13:29:14] <%DasNicopa> Ich hab mir gestern mal wieder was bei runtime bestellt über dein code
[13:29:28] <+wolf_playzyt> heyhoo
[13:29:30] <%+Bluue_live> @ZanderLP spielst heute wieder Rainbow :)
[13:29:33] <%awakenedpredator> ich hole runtime nur wenn diese wemissyou aktion mit 10 euro sparen kommt LUL
[13:29:44] <%$TobyTune> *messer wegsteck*
[13:29:57] <%Wolfi_WR> haaa ich bin einfach geil <3 :D
[13:30:04] <%MusicOffbeatTV> Wolfi <3
[13:30:06] <@%$recklessGreed> Wolfi_WR ähm... nein ... 
[13:30:08] <%+karina_sc> @wolfi_wr zanderHi
[13:30:09] <@%$recklessGreed> <3
[13:30:14] <+TwitchZillo> Wolfi<3
[13:30:18] <%awakenedpredator> Voll eingebildet der Wolfi Kappa
[13:30:23] <+alexanderelite> @wolfi_wr du bist korrekt
[13:30:29] <Rxze_> Wolfi <3
[13:30:31] <%+karina_sc> Ehrenwolf
[13:30:43] <Luke_Tv_> @zanderlp Scheis einfach auf so Leute du bist super!!! <3
[13:30:48] <%+XirouQ> @ZanderLP Moin Zander. Ach man, wann kann ich denn wieder Abonnieren :(
[13:30:48] <+wolf_playzyt> #Ehrenwolf
[13:30:58] <+ihvuuvu> ich finde es schön zu sehen das du immer noch du selbst bist
[13:30:58] <+TwitchZillo> #Geil
[13:31:10] <pason_graffiti> Grüße aus Großklein(Österreich)
[13:31:14] <%GimpelPlays> alles klar ich kündige :D und mache es vollzeit und bin für dich da hahah :D XD
[13:31:26] <%MusicOffbeatTV> xd
[13:31:29] <%+karina_sc> vllt an einem festen Tag wow zocken? @zanderlp
[13:31:31] <%$TobyTune> deswegen führen manche leute einen yt kanal aus hobby gründen *hust* weil sie aber auch nicht die möglichkeit haben von 0 auf 100 vollzeit yt zu machen xD
[13:31:51] <+hypochondertv> @ZanderLP ja einfach einen WoW Tag :D
[13:31:59] <%GimpelPlays> @karina_sc <3
[13:32:08] <%GimpelPlays> hab dich vermisst :)
[13:32:09] <%DasNicopa> aufgelabert jetz ZOCKEN!
[13:32:11] <%+karina_sc> @gimpelplays <3
[13:32:23] <ritzel125> und wir lieben deinen kontent :)
[13:32:29] <Sodimentalo> Das hast du schön gesagt
[13:32:31] <+wolf_playzyt> Und wir lieben es, deine Streams zu sehen Zander <3 mach einfach dein Ding und wir stehen hinter dir!!
[13:32:44] <%$TobyTune> siehe avici
[13:33:29] <%+karina_sc> @gimpelplays du hast dich ja nicht mehr bei mir gemeldet zanderCry
[13:33:30] <%+Nin10duo> moin
[13:33:32] <%+blackpurplex> haaaaalllllllooooooooo zanderLove zanderHype
[13:33:42] <+ichtreffnix_> aber es sind immernoch 200!!!
[13:33:46] <%GimpelPlays> @karina_sc dachte du meldest dich aucch mal von alleine :( :D XD
[13:33:47] <lunixvq> Mich juckt garnichts ich finde du streamst gut und so bleibt es auch amkxD
[13:33:47] <+ichtreffnix_> hab die mal vor dir xD
[13:33:49] <+hypochondertv> Wir schaffen das alle gemeinsam :D
[13:33:52] <Luke_Tv_> Spiele einfach worauf du Spaß hast denn wenn du Spaß hast haben wir auch spaß <3
[13:33:55] <%+simke112> <3
[13:33:56] <+wolf_playzyt> Aua, da hast du mich gerade zitiert :c
[13:33:59] <%lukakakakas> also jetzt WoW oder deabo Kappa
[13:34:00] <%MusicOffbeatTV> Diggi meine Dotantion :D
[13:34:03] <%MusicOffbeatTV> vorlesen*
[13:34:05] <mrfreackso> heyho @zanderlp und chat angenehm deine stimme wieder mal zu hören
[13:34:07] <%derfenchelhd> Hallo erst mal , schön das du so offen darüber reden kannst. Das musste mal gesagt sein! :) <3
[13:34:08] <%MusicOffbeatTV> donat
[13:34:09] <%+karina_sc> @gimpelplays touché
[13:34:14] <%GimpelPlays> ich schaue nur noch den stream zu wegen dem rheinfels
[13:34:15] <%MusicOffbeatTV> donation* lel
[13:34:19] <%$TobyTune> ah von wolfis stimme bekomme ich ohrenbluten Kappa
[13:34:19] <%RiflayYT> zanderHi
[13:34:22] <%+kiari81> Jaaa WoW zanderLove Kappa
[13:34:27] [Notification] hypochondertv just subscribed with Twitch Prime!
[13:34:43] <+wolf_playzyt> dabei meinte ich das Gar nicht böse als ich gefragt habe, wieso du weniger Viewer hast:(
[13:34:43] <+WasserGeher> servus zander du alte forelle!!! schöne ansage !!! :-)
[13:34:45] <%+PreaxlyR6S> zanderHype zanderLove zanderHype zanderLove zanderHype zanderLove zanderHype zanderLove zanderHype zanderLove zanderHype zanderLove zanderHype zanderLove zanderHype zanderLove zanderHype zanderLove zanderHype zanderLove zanderHype
[13:34:53] <%MusicOffbeatTV> Bis später
[13:34:55] <+fabix18x> Wie ist der code
[13:34:55] <%DasNicopa> Zander liebt dicke Salamis
[13:34:57] <%+karina_sc> !hype
[13:34:57] <@%+Mod4YouBOT> zanderHype zanderLove zanderHype zanderLove zanderHype zanderLove zanderHype zanderLove zanderHype zanderLove zanderHype zanderLove zanderHype zanderLove zanderHype zanderLove zanderHype zanderLove zanderHype zanderLove zanderHype zanderLove zanderHype zanderLove zanderHype zanderLove
[13:35:01] <@%$recklessGreed> Jetzt wäre ein Donation Train Geil :3 
[13:35:08] <+ZiggiSB> @ZanderLP wenn du irgendwas noch streamst guck ich dich nicht mehr phunkKappa phunkHeart phunkHeart
[13:35:11] <%Tomatenzwerg> Hallo zusammen zanderFlosse zanderLove
[13:35:15] <%awakenedpredator> Zander spielt zwar Fortnite was ich eigentlich garnicht mehr s ehen kann bei keinem aber es gibt auch anderen guten kontent ok life is strange hätte cih gern gesehen wollte micha ber nciht spoilern laassen meinen sub wirst Du noch ne lange zeit haben @Zander
[13:35:19] <%$TobyTune> recklessGreed NEIIIN hab kein geld gerade da xD
[13:35:24] <%+blackpurplex> was für spaß ich bin wegen den giveaways hier Kappa
[13:35:26] <@%$recklessGreed> TobyTune Same FeelsBadMan
[13:35:37] <@%$recklessGreed> blackpurplex du Sellout KappaHD
[13:35:54] <dreab_> Servus :)
[13:36:03] <%+karina_sc> wie lange wird gestreamt? :)
[13:36:04] <+fabix18x> Code für Runtime?
[13:36:11] <@%$recklessGreed> !runtime
[13:36:11] <ritzel125> war aber mal gut zu wissen, wie es dir eigl. geht
[13:36:12] <@%+Mod4YouBOT>* Runtime-GGs Produkte sind speziell auf Gamer abgestimmt und nicht nur schnell und einfach zubereitet, sondern auch noch gesund und lecker zanderLove Hier gibt es weitere Infos: https://runtime.idevaffiliate.com/127.html *PP* |-| Der aktuelle RabattCode (10%) lautet: "zander"
[13:36:13] <@%$recklessGreed> !timer list
[13:36:15] <%lukakakakas> Noch 1x mit facecam und ich komme nie wieder LUL
[13:36:17] <%+kiari81> Du machst viel Abwechslung zur Zeit und das ist super
[13:36:20] <%derfenchelhd> War auch gut mal darüber reden zu können :)
[13:36:23] <@%$recklessGreed> !timer on 300 !partner
[13:36:28] <@%+chdxd1> Deswegen freue ich mich immer auf sowas wie das R6S Turnier. Ich von meiner Seite aus kann dem Stream hier auch helfen und es ist was geiles für die Zuschauer
[13:36:33] <%+zizour> Es ist trotzdem krass das bei den Spielen so Unterschiede entstehen 🤔
[13:36:35] <+fabix18x> Danke
[13:36:43] <%+dersese_> zanderHi zanderHi zanderHi zanderHi zanderHi zanderHi shloMoin shloMoin shloMoin shloMoin shloMoin shloMoin
[13:36:50] <%+bastimagkevin> Lel Habe grad gesubt Aber es kamm nichts durch :/ Habe auch schon refresht SwiftRage
[13:36:51] <ritzel125> jap
[13:36:55] <%$TobyTune> ab nach Kanada!!
[13:37:08] <Rxze_> !sens
[13:37:15] <@%$recklessGreed> !timer help
[13:37:27] <@%+chdxd1> 30 Gramm und 4 Pflanzen!
[13:37:31] <@%$recklessGreed> !timer on !partner 300
[13:37:32] <@%+Mod4YouBOT>* Runtime-GGs Produkte sind speziell auf Gamer abgestimmt und nicht nur schnell und einfach zubereitet, sondern auch noch gesund und lecker zanderLove Hier gibt es weitere Infos: https://runtime.idevaffiliate.com/127.html *PP* |-| Der aktuelle RabattCode (10%) lautet: "zander"
[13:37:42] <@%+chdxd1> Na tooooooll
[13:37:46] <@%+chdxd1> Arghhh
[13:37:47] <%lukakakakas> Ich hätte jetzt gerne ein kühles Pils :P
[13:37:50] <@%$recklessGreed> Haha @chdxd1 xD
[13:38:14] <%+blackpurplex> also ich hab gehört kanada soll ganz schön sein LUL
[13:38:19] <marcel200401> Hi was für grafikeinstellungen hast du?
[13:38:19] <@%$recklessGreed> lukakakakas ich glaube ich hol mir auch eins :D 
[13:38:44] <%derfenchelhd> zanderRip
[13:38:49] Unknown command: rip (Remember you can also enter Twitch Chat Commands with a point in front: ".mods")
[13:38:57] <%+karina_sc> zanderNoob zanderNoob zanderNoob zanderNoob
[13:39:01] <@%$recklessGreed> GG zanderRekt zanderAim tpYGOobliterated
[13:39:09] <%+simke112> DAS war dann zum aufwärmen XD
[13:39:25] <derjoni2> hallo
[13:39:43] <@%+chdxd1> Gute Idee :D
[13:39:43] <%derfenchelhd> Videobeweis! LUL
[13:39:44] <%+kiari81> Ich muss los .... bis später ihr Lieben
[13:39:49] <%+bastimagkevin> @zanderlp Kamm bei dir nen resub von mir rein?refresht hab ich auch schon NotLikeThis
[13:39:54] <@%$recklessGreed> Wolfi: Mein Name ist Marcel Davis von 1 und 1 xD
[13:39:55] <%$fetvlp> ICh bin schon sooo lange dabei !!! Ich war schon bei Zanders Geburt dabei
[13:39:56] <burgermeisterpunkttv> DansGame
[13:39:58] <%+karina_sc> QVC mit Wolfi die Gameedition
[13:40:09] <burgermeisterpunkttv> DarkMode
[13:40:19] <%+karina_sc> @kiari81 bis bald :)
[13:40:39] <terribl3aim> Wolfi macht die Gehörlosenübersetzung ;-)
[13:40:46] <%+kiari81> zanderFlosse @karina_sc
[13:41:31] Viewerstats (13:13-13:41): avg:178 min:168 max:190 [15/168+3+0+13-8-7+12+1-7+0+11+4-5+0-3]
[13:42:05] <derjoni2> @ZanderLP was ist dieses R6 Turnier
[13:42:22] <@%+chdxd1> Super dann hab ich wieder einen Schweizer zur Unterstützung in der Regie :D
[13:42:32] <@%+Mod4YouBOT>* zanderLachen Spaß am Zocken? => Spiele bis zu 70% günstiger bekommst du bei InstantGaming: http://www.instant-gaming.com/de/?igr=Zander |-| *PP*
[13:42:37] <ibiauzi> niceeee
[13:42:49] <%+karina_sc> Wolfi und seine High Heels ^^
[13:42:54] <amazigh2008> h8
[13:43:02] <amazigh2008> hiiiii
[13:43:41] <%nessy2go> Moin Moin CoolStoryBob
[13:43:51] <%+blackpurplex> @ZanderLP ich so gestern zu meinen mates als ich die gasgranaten gefunden hab: Ok achtung leute der deutsche hat gasgranaten jetzt wird lustig LUL
[13:43:51] <%+karina_sc> @nessy2go hello :)
[13:43:56] <amazigh2008> kannst du mich grüßen
[13:44:11] <%nessy2go> @karina_sc zanderFlosse
[13:45:03] <%D3athTriggerYT> Hallöchen @ZanderLP und @Chat wie gehts euch allen ? Ui was seh ich da Noendli ist wiedermal dabei :o
[13:45:36] <mrfreackso> hallu @zanderlp und chat lange nicht mehr hier gewesen
[13:46:05] <%nessy2go> @mrfreackso zanderFlosse
[13:46:12] <%nessy2go> @d3athtriggeryt hey hey
[13:46:23] <%D3athTriggerYT> Hallo @nessy2go ^-^
[13:46:27] <%+karina_sc> Ich wollte gerade twitch für mein tablet runterladen.... das ist alles russisch zanderHaft
[13:46:42] <%D3athTriggerYT> @karina_sc gg
[13:46:58] <%nessy2go> @karina_sc läuft LUL
[13:47:07] <%lukakakakas> soo bin mal Fußball schauen, bs
[13:47:11] <%+karina_sc> Priviet kak dela?
[13:47:32] <@%+Mod4YouBOT>* ** Der NEUE Merch ist da ** zanderHype Die mega geilen Caps findet ihr hier, die Hoodies sind leider bereits ausverkauft: https://www.zanderstore.de/ zanderGeGe
[13:47:34] <@%$recklessGreed> @karina_sc Sprache umstellen o.O 
[13:47:53] <%+karina_sc> @recklessgreed... was heißt Sprache auf russisch? :D
[13:48:02] <@%$recklessGreed> Gute Frage :D :D 
[13:48:24] <%D3athTriggerYT> @karina_sc язык Kappa
[13:48:40] <%+flo_1511> Moin @zanderlp
[13:49:40] <%+karina_sc> @d3athtriggeryt.... ich bin skeptisch
[13:49:49] [Notification] JoeMoe886 just subscribed with a Tier 1 sub. JoeMoe886 subscribed for 32 months in a row! [WTF schon wieder! Wie die Zeit vergeht! Danke <3]
[13:49:55] <gzgdhjgz> hi Zander was geht ihr gewinnt die Runde
[13:50:18] <%D3athTriggerYT> @karina_sc dann lass es halt auf russisch und lern russisch zanderLOL zanderHaft zanderFlosse
[13:50:50] <%+thisisteddylike> Einen wunderschönen Tag euch allen zanderLove zanderLove zanderLove
[13:50:52] <%+karina_sc> russisch ist doch ne schöne sprache blyat
[13:51:06] <@%$recklessGreed> heyooo thisisteddylike
[13:51:22] <%D3athTriggerYT> @karina_sc Vodka vodka blyat xD
[13:51:29] <%+thisisteddylike> Heyooo recklessGreed zanderFlosse
[13:51:36] <%JoeMoe886> Spielt er mit Delay? O.o
[13:51:38] <%+karina_sc> @d3athtriggeryt vodka beste! 💙
[13:52:30] <LucblauHD> Moin Zander :D
[13:52:32] <@%+Mod4YouBOT>* Ihr wollt auf dem neusten Stand bleiben? Dann holt euch den Newsletter auf euer WhatsApp! Weitere Infos dazu findet ihr hier: https://pushr.me/ zanderHype |-| Hier gibt es auch eine Video-Erklärung: https://m4u.link/zander/BotClip . Sollte der Bot bei euch nicht antworten, löscht einfach die Nummer, erstellt den Kontakt neu und schreibt ihn erneut mit !start an! zanderLachen
[13:53:25] <%JoeMoe886> Komscih, mein Sub ist nicht durchgekommen D:
[13:53:46] <%+karina_sc> @joemoe886 hallo :)
[13:53:52] <xxx_blade_xxx> Hallo habe mal eine Frage was ist wenn man beim Stream Chart einen weißen Punkt hat anstatt einen roten ? was ist das dann
[13:53:53] <@%$recklessGreed> @JoeMoe886 mir wurde er angezeigt o.O 
[13:53:57] <%JoeMoe886> Hallo karina_sc :D
[13:54:08] <mrfreackso> ich merke gerade dass mein sub ausgelaufen ist :,(
[13:54:09] <%+karina_sc> @joemoe886 mir wurde er auch angezeigt
[13:54:13] <%JoeMoe886> recklessGreed joa schon aber nicht im Stream zanderSalt
[13:54:26] <%D3athTriggerYT> @LucblauHD :o
[13:54:29] <@%$recklessGreed> JoeMoe886 du bist einfach nicht wichtig genug zanderTroll
[13:54:40] <%+karina_sc> @recklessgreed hihihihihihihihihihihihii xD
[13:55:01] <%JoeMoe886> recklessGreed shots fired zanderAim
[13:55:15] <%JoeMoe886> karina_sc da gibts nix zum lachen :(
[13:55:48] <%+bastimagkevin> Mein sub wird auch net geteilt NotLikeThis
[13:55:49] <%+karina_sc> @joemoe886 Nicht weinen! GivePLZ
[13:57:32] <@%+Mod4YouBOT>* Runtime-GGs Produkte sind speziell auf Gamer abgestimmt und nicht nur schnell und einfach zubereitet, sondern auch noch gesund und lecker zanderLove Hier gibt es weitere Infos: https://runtime.idevaffiliate.com/127.html *PP* |-| Der aktuelle RabattCode (10%) lautet: "zander"
[13:57:41] <@%$recklessGreed> #werbung :D 
[14:00:15] <+TwitchZillo> Ich
[14:00:27] <%+karina_sc> ich hab das spiel nicht mal xD
[14:00:34] <%+flo_1511> Ich würde gerne aber esse grad
[14:00:35] <@%$recklessGreed> !ts
[14:00:36] <+TwitchZillo> Pls Zander
[14:00:36] <@%+Mod4YouBOT>* Den offiziellen Teamspeak von Zander findet ihr unter zanderlp.de |-| Jetzt *NEU* mit Subscriberrang: https://m4u.link/zlpSubrang zanderLove zanderHype
[14:00:36] <%derfenchelhd> Ne, gerade keine Zeit zanderOhh
[14:00:37] <HD_Pris_Buster> Hi Zander
[14:00:59] <%D3athTriggerYT> @ZanderLP egal wie schlecht man ist ? Kappa
[14:01:00] <%+karina_sc> Ernsthaft? xD
[14:01:42] <%+karina_sc> ich bin ein obernoob xD
[14:01:47] <%+bastimagkevin> @ZanderLP Tiroler Zungenpritschler dürfen aber nicht fehlen, bei denn sounds :D
[14:02:32] <@%+Mod4YouBOT>* zanderLachen Spaß am Zocken? => Spiele bis zu 70% günstiger bekommst du bei InstantGaming: http://www.instant-gaming.com/de/?igr=Zander |-| *PP*
[14:03:11] <%derfenchelhd> habe nur Salut LUL LUL
[14:04:17] <+ihvuuvu> kannst du musik vlt bisschen leiser machen
[14:04:43] <%+karina_sc> So ich muss mal wieder, der Haushalt erledigt sich nicht von alleine :) bis bald @zanderlp @all
[14:05:03] <%killednobody> hey
[14:05:26] <Chaosmo77> hiii zander
[14:05:39] <%killednobody> Moin Chat und Moin Zanderchen
[14:06:50] <%+blackpurplex> @recklessGreed ich war gerade afk hat zander gesagt was er heut abend spielt? :D
[14:07:09] <@%$recklessGreed> @blackpurplex öhm laut WhatsApp HouseFlippers
[14:07:15] <%killednobody> Mir geht es Prima :-) und wie geht es dir ?
[14:07:26] <%$TobyTune> wieder da :D hab mich nicht getraut mein neues netzteil einzubauen LUL
[14:07:28] <Chaosmo77> mir gehts gut und selbst
[14:07:32] <@%+Mod4YouBOT>* ** Der NEUE Merch ist da ** zanderHype Die mega geilen Caps findet ihr hier, die Hoodies sind leider bereits ausverkauft: https://www.zanderstore.de/ zanderGeGe
[14:07:33] <%D3athTriggerYT> @ZanderLP disst seine m8s Kappa
[14:07:41] <%+blackpurplex> @recklessGreed ok danke :D
[14:08:04] <%$LPmitBabaTV> Puh endlich fertig mit dem Update xD
[14:08:14] <metthy96> jo
[14:09:35] <mrfreackso> deine stimme ist nach einer so langen zeit echt mal wieder angenehm @ZanderLP
[14:09:57] <%D3athTriggerYT> @mrfreackso zanderHaft zanderHaft
[14:10:40] <ritzel125> Zander hast du eigl. den Blockbusterskin? und wie findest du den?
[14:11:36] Viewerstats (13:43-14:11): avg:190 min:176 max:208 [15/176+1+13-4+6+8-11+7+12-12-4-1-7+0+9]
[14:11:45] <%killednobody> Zander Rettet alle
[14:11:47] <%cxrxlxn15> heey zusammen und @zanderlp zanderFlosse zanderHi
[14:12:00] <%+blackpurplex> wann hat man eig den omega komplet fertig auf lvl 70 oder 80?
[14:12:06] <%+loveliaralove> Hey Hey cxrxlxn15 zanderFlosse
[14:12:11] <ahmed_2006d> was sagst du zu realm royale
[14:12:14] <EinfachMax96> 85
[14:12:31] <+ihvuuvu> der skin ist nicht so geil aber der Umhang dafür um so mehr
[14:12:32] <@%+Mod4YouBOT>* Ihr wollt auf dem neusten Stand bleiben? Dann holt euch den Newsletter auf euer WhatsApp! Weitere Infos dazu findet ihr hier: https://pushr.me/ zanderHype |-| Hier gibt es auch eine Video-Erklärung: https://m4u.link/zander/BotClip . Sollte der Bot bei euch nicht antworten, löscht einfach die Nummer, erstellt den Kontakt neu und schreibt ihn erneut mit !start an! zanderLachen
[14:12:39] <%D3athTriggerYT> @ahmed_2006d er findet realm royale geil, hat er schon oft gesagt :D
[14:13:15] MOD: Mrduckspace
[14:14:10] <@%$DerJonMelsungen> huhu
[14:15:39] <%$TobyTune> !ts
[14:15:40] <@%+Mod4YouBOT>* Den offiziellen Teamspeak von Zander findet ihr unter zanderlp.de |-| Jetzt *NEU* mit Subscriberrang: https://m4u.link/zlpSubrang zanderLove zanderHype
[14:15:51] MOD: DerJonMelsungen
[14:15:51] UNMOD: Mrduckspace
[14:15:55] <+Leroy2399> So wie beim liebesranger den man nur für due Flügel kauft
[14:17:16] <%nessy2go> Portugal 🇵🇹 nach 5 min. ein Tor zanderGeGe
[14:17:27] <@%$DerJonMelsungen> wo ist denn reglos?
[14:17:28] <Chaosmo77> gg
[14:17:32] <@%+Mod4YouBOT>* Runtime-GGs Produkte sind speziell auf Gamer abgestimmt und nicht nur schnell und einfach zubereitet, sondern auch noch gesund und lecker zanderLove Hier gibt es weitere Infos: https://runtime.idevaffiliate.com/127.html *PP* |-| Der aktuelle RabattCode (10%) lautet: "zander"
[14:17:53] Viewerstats (14:13-14:17): avg:189 min:184 max:192 [3/184+7+1]
# Log closed: 2018-06-20 14:17:53 +0200
-
