# Log started: 2018-06-12 22:10:44 +0200
[22:10:44] Trete #zanderlp bei..
[22:10:44] ~Ein neuer Park entsteht! Jurassic World Evolution (Jurassic World Evolution)~
[22:10:45] #zanderlp beigetreten
[22:10:49] <%meyer1324> !hype
[22:10:52] <%+stormtrooper_007> zanderHype zanderHype zanderHype zanderHype zanderHype zanderHype
[22:11:08] <@%+Aval0nTV> zanderHype zanderLove zanderHype zanderLove zanderHype zanderLove zanderHype zanderLove zanderHype zanderLove zanderHype zanderLove zanderHype zanderLove zanderHype zanderLove zanderHype zanderLove zanderHype zanderLove zanderHype zanderLove zanderHype zanderLove zanderHype zanderLove
[22:11:09] <%+karina_sc> !hype
[22:11:10] <ich0will0auffallen> shoxx91money shoxx91money shoxx91money shoxx91money shoxx91money shoxx91money shoxx91money shoxx91money shoxx91money
[22:11:11] <%+trilican32> zanderHype zanderHype zanderHype zanderHype
[22:11:12] <%meyer1324> zanderHype zanderHype zanderHype zanderHype zanderHype zanderHype zanderHype zanderHype zanderHype zanderHype zanderHype zanderHype zanderHype zanderHype
[22:11:13] <lassjon_> heip
[22:11:14] <%$Anni__96> zanderHype zanderLove zanderHype zanderLove zanderHype zanderLove zanderHype zanderLove zanderHype zanderLove zanderHype zanderLove zanderHype zanderLove zanderHype zanderLove zanderHype zanderLove zanderHype zanderLove zanderHype zanderLove zanderHype zanderLove zanderHype zanderLove zanderHype zanderLove zanderHype zanderLove zanderHype zanderLove zanderHype zanderLove
[22:11:15] <+MadMaxer13> du hast es dir mehr als verdient zandiii
[22:11:15] <@%+Mod4YouBOT> @partner{commands=!runtime,!ig,!shop,!whatsapp}
[22:11:15] <%+Lol3rr> zanderHype zanderHype zanderHype zanderHype
[22:11:16] <%GimpelPlays> !hype
[22:11:18] <%+DigiritterTV> !hype
[22:11:19] <%+stormtrooper_007> zanderHype zanderHype zanderHype zanderHype zanderHype zanderHype zanderHype zanderHype zanderHype zanderHype zanderHype zanderHype zanderHype zanderHype zanderHype zanderHype zanderHype zanderHype
[22:11:19] <%Sarahalexandra241> ich mag das Donation Lied richtig gerne zanderLOL
[22:11:22] <muffin0300> !hype
[22:11:22] <blackpearllp> 55 sind okey wer weis was noch alles für das spiel kommt
[22:11:22] <%+blackpurplex> !hype
[22:11:23] <%+Sgt_Maurice> zanderLove zanderHype zanderLove zanderHype zanderLove zanderHype zanderLove zanderLove zanderHype zanderLove zanderLove zanderHype zanderLove zanderHype zanderLove zanderHype zanderLove zanderHype zanderLove zanderHype zanderLove zanderHype zanderLove zanderLove zanderHype zanderLove zanderHype zanderLove zanderHype zanderHype zanderLove zanderHype zanderHype zanderLove zanderHype
[22:11:24] <@%+Mod4YouBOT> zanderHype zanderLove zanderHype zanderLove zanderHype zanderLove zanderHype zanderLove zanderHype zanderLove zanderHype zanderLove zanderHype zanderLove zanderHype zanderLove zanderHype zanderLove zanderHype zanderLove zanderHype zanderLove zanderHype zanderLove zanderHype zanderLove
[22:11:25] <@%+Mod4YouBOT> zanderHype zanderLove zanderHype zanderLove zanderHype zanderLove zanderHype zanderLove zanderHype zanderLove zanderHype zanderLove zanderHype zanderLove zanderHype zanderLove zanderHype zanderLove zanderHype zanderLove zanderHype zanderLove zanderHype zanderLove zanderHype zanderLove
[22:11:26] <@%+Aval0nTV> !timer off !partner
[22:11:27] <Proprokopter> !hype
[22:11:27] <%meyer1324> zanderHype zanderHype zanderHype zanderHype zanderHype zanderHype zanderHype zanderHype zanderHype zanderHype zanderHype zanderHype zanderHype zanderHype zanderHype zanderHype zanderHype zanderHype zanderHype zanderHype
[22:11:27] <@%+Mod4YouBOT> zanderHype zanderLove zanderHype zanderLove zanderHype zanderLove zanderHype zanderLove zanderHype zanderLove zanderHype zanderLove zanderHype zanderLove zanderHype zanderLove zanderHype zanderLove zanderHype zanderLove zanderHype zanderLove zanderHype zanderLove zanderHype zanderLove
[22:11:30] <%+dave12021> !coins
[22:11:37] <+CreatureOne> du kannst den dinos auch namen geben :D
[22:11:45] <%ImFr0z3nYT> mit 30 Euro kann man sich 30 Kugeln Eis kaufen LUL Kappa
[22:11:46] <@%+Mod4YouBOT> dave12021: 3843 Coins
[22:11:54] <@%MrDuckSpace> ImFr0z3nYT wo das? :O
[22:11:54] <@%+Aval0nTV> !timer on !partner 300
[22:11:55] <@%+Mod4YouBOT>* Runtime-GGs Produkte sind speziell auf Gamer abgestimmt und nicht nur schnell und einfach zubereitet, sondern auch noch gesund und lecker zanderLove Hier gibt es weitere Infos: https://runtime.idevaffiliate.com/127.html *PP* |-| Der aktuelle RabattCode (10%) lautet: "zander"
[22:11:56] <+MadMaxer13> ja
[22:11:56] <%GimpelPlays> okay nenn einen Gimpel bitte
[22:11:57] <+ihvuuvu> läuft ingame auch die geile musik wie in dem film
[22:12:00] <+Felixzille> ich glaub das geld für das game hast du heute schon raus :D
[22:12:03] <@%MrDuckSpace> ja da auf dem Stift :D
[22:12:09] <%+karina_sc> Muss noch jmd. an die Serie / den Film "In einem Land vor unserer Zeit" denken? LUL
[22:12:11] <%Sarahalexandra241> das was ab 25€ kommt :)
[22:12:14] <+MadMaxer13> alles sehr schön texturiert
[22:12:24] <%ImFr0z3nYT> oben links auf dem Stift
[22:12:29] <%$Anni__96> @karina_sc stimmt xD
[22:12:35] <ich0will0auffallen> links da wo jetzt TRC-002 steht
[22:12:40] <%+DigiritterTV> jurassic park genesis
[22:12:50] <@%MrDuckSpace> um gottes willen :D ich mach mal meine augen zu :D
[22:12:57] <%ImFr0z3nYT> Oben Links Namen ändern... zanderFlosse zanderFlosse zanderFlosse
[22:13:11] <+MadMaxer13> cities skylines sieht auch sehr gut aus. Aber die haben nochmal deutlich was drauf gelegt
[22:13:35] MOD: Moobot, Zanderlp, Aval0nTV, Chdxd1, MrDuckSpace, Aysli, Derjonmelsungen, recklessGreed, Earthman2012
[22:13:41] <@%MrDuckSpace> ja das ja auch alt :D
[22:13:44] <@%MrDuckSpace> so wie ingo Kappa
[22:14:00] <+MadMaxer13> aber das hat auch spaß gemacht
[22:14:03] <@%+Aval0nTV> kai, einfach mal die f halten ^^
[22:14:18] <@%MrDuckSpace> Aval0nTV meinst du die Gosche
[22:14:23] <%+PattiXY> @ZanderLP gibt es kein Starterpack mehr bei runtime mit Performance Drinks und so ? Finde nur mit dem Next Level Meal.
[22:14:30] <%IkaMe4fun> Stell dir das mal in weiteren 15 Jahren vor
[22:14:31] <+ihvuuvu> hätte ich mir aber schlimmer vorgestellt
[22:14:35] <%$darkrose362> hallo MrDuckSpace <3
[22:14:37] <%$Anni__96> @Aval0nTV alt aber weise?
[22:14:39] <@%MrDuckSpace> darkness13 aloha :D
[22:14:40] <@%+Aval0nTV> @PattiXY leider nein. nur noch als meal starter pack
[22:14:42] <+MadMaxer13> pcmasterrace haha
[22:14:49] <%+karina_sc> Ist der Dino krank? O.O
[22:15:00] <@%+Aval0nTV> @Anni__96 eher nicht, aber psssst!! nicht das noch wer mit bekommt ;p
[22:15:23] <%$Anni__96> @Aval0nTV xD :D
[22:15:40] <%+PattiXY> @Aval0nTV Anscheinend auch nurnoch 1 Performance drink der rest an sorten wird net mehr angezeigt zanderCry
[22:15:42] <%$darkrose362> Aval0nTV ich bin auch alt ;)
[22:15:59] MOD: Yvenia, Mod4YouBOT
[22:16:01] <@%+Aval0nTV> @PattiXY ja, nur noch berries! keine ahnung warum
[22:16:01] <Pander1893> wenn du jetzt 2 dinons hast mändchen und weibchen kannst du dann weiter züchten ?
[22:16:18] <@%+Aval0nTV> @darkrose362 frauen werden nicht alt, sie werden interessanter ;)
[22:16:29] <+kid_karacho> RIP
[22:16:31] <+MadMaxer13> der arme boiii
[22:16:32] <@%MrDuckSpace> erstmal aufn grill KappaHD
[22:16:38] <+MadMaxer13> ruhe in frieden
[22:16:42] <%+blackpurplex> hä was fürn tier ist hops gegangen ?
[22:16:43] <%+trilican32> Lul das Spiel ist ja unfassbar geil
[22:16:44] <%$darkrose362> Aval0nTV ;) hrrr
[22:16:48] <%$Anni__96> hahaha @Aval0nTV das hab ich auch noch nicht gehört
[22:16:48] <@%+Aval0nTV> #dinobarbeque
[22:16:53] <xkingbusterx> MrDuckSpace xD
[22:16:55] <@%+Mod4YouBOT>* zanderLachen Spaß am Zocken? => Spiele bis zu 70% günstiger bekommst du bei InstantGaming: http://www.instant-gaming.com/de/?igr=Zander |-| *PP*
[22:16:56] <%+PattiXY> @Aval0nTV Ist auf jedenfall Schade weil ich mir grad mal was Kaufen wollte xD
[22:16:57] <%ImFr0z3nYT> @zanderlp du kannst oben links beim Tier auf dem Stift klicken... dann kannst du deinen Namen ändern
[22:17:02] <%+angel_6_9_6> @ZanderLP mit ACU abholen
[22:17:04] <xkingbusterx> hey ZanderLP und chat :)
[22:17:14] <@%+Aval0nTV> Anni__96 ab und zu kann man von mir noch was lernen ;p
[22:17:20] <+Felixzille> vom Helikopter abholen lassrn
[22:17:21] <%+stormtrooper_007> du musst sie mit dem heli abholen
[22:17:21] <@%+Aval0nTV> nabend xkingbusterx
[22:17:22] <%+DigiritterTV> mit acu abholen
[22:17:30] <Mexx86> heli abholen lassen ?
[22:17:31] <higens05> Abtransport
[22:17:32] <chelle2002> abtransportiren
[22:17:34] <%$Anni__96> @Aval0nTV das merk ich mir :P
[22:17:39] <Luhtias> ACU Gebäude und dann Transporter wählen
[22:17:47] <+ihvuuvu> einfach ins wasser schmeißen :D :D
[22:17:48] <%+angel_6_9_6> transport acu
[22:17:50] <SgtRofino> Du kannst die namen ändern , falls du es nicht wusstest
[22:17:55] <@%MrDuckSpace> !hype
[22:17:55] <@%+Mod4YouBOT> zanderHype zanderLove zanderHype zanderLove zanderHype zanderLove zanderHype zanderLove zanderHype zanderLove zanderHype zanderLove zanderHype zanderLove zanderHype zanderLove zanderHype zanderLove zanderHype zanderLove zanderHype zanderLove zanderHype zanderLove zanderHype zanderLove
[22:17:57] <%$speedbuildlp> zanderHype zanderHype zanderHype zanderHype zanderHype zanderHype zanderHype zanderHype zanderHype zanderHype zanderHype zanderHype zanderHype zanderHype zanderHype zanderHype zanderHype zanderHype zanderHype zanderHype zanderHype zanderHype zanderHype zanderHype
[22:17:58] <@%+Aval0nTV> zanderHype zanderLove zanderHype zanderLove zanderHype zanderLove zanderHype zanderLove zanderHype zanderLove zanderHype zanderLove zanderHype zanderLove zanderHype zanderLove zanderHype zanderLove zanderHype zanderLove zanderHype zanderLove zanderHype zanderLove zanderHype zanderLove
[22:18:02] <%GimpelPlays> @karina_sc du jockel :D
[22:18:02] <%$Anni__96> zanderHype zanderLove zanderHype zanderLove zanderHype zanderLove zanderHype zanderLove zanderHype zanderLove zanderHype zanderLove zanderHype zanderLove zanderHype zanderLove zanderHype zanderLove zanderHype zanderLove zanderHype zanderLove zanderHype zanderLove zanderHype zanderLove zanderHype zanderLove zanderHype zanderLove
[22:18:03] <xkingbusterx> !hype
[22:18:04] <@%+Mod4YouBOT> zanderHype zanderLove zanderHype zanderLove zanderHype zanderLove zanderHype zanderLove zanderHype zanderLove zanderHype zanderLove zanderHype zanderLove zanderHype zanderLove zanderHype zanderLove zanderHype zanderLove zanderHype zanderLove zanderHype zanderLove zanderHype zanderLove
[22:18:15] <%+karina_sc> @GimpelPlays Hey Dude ! :D
[22:18:15] <%+blackpurplex> !hype
[22:18:15] <@%+Mod4YouBOT> zanderHype zanderLove zanderHype zanderLove zanderHype zanderLove zanderHype zanderLove zanderHype zanderLove zanderHype zanderLove zanderHype zanderLove zanderHype zanderLove zanderHype zanderLove zanderHype zanderLove zanderHype zanderLove zanderHype zanderLove zanderHype zanderLove
[22:18:21] <%+PattiXY> Kannst die Steuern grad wieder neu machen xD
[22:18:24] <%+stormtrooper_007> zanderHype zanderHype zanderHype zanderHype zanderHype zanderHype zanderGeGe zanderGeGe zanderGeGe zanderGeGe zanderGeGe zanderLove zanderLove zanderLove zanderLove zanderLove zanderLove
[22:18:27] <%nessy2go> der sound ist so schlimm zanderFail
[22:18:39] <%ImFr0z3nYT> zanderHype
[22:18:43] <%+stormtrooper_007> zanderGeGe zanderHype zanderLove zanderGeGe zanderHype zanderLove zanderGeGe zanderHype zanderLove zanderGeGe zanderHype zanderLove zanderGeGe zanderHype zanderLove zanderGeGe zanderHype zanderLove zanderGeGe zanderHype zanderLove zanderGeGe zanderHype zanderLove
[22:18:50] <%ImFr0z3nYT> @nessy2go hallu
[22:19:01] <%+blackpurplex> R.I.P dino zanderCry
[22:19:04] <%+DigiritterTV> du musst die Futterstationen demnächst neu befüllen
[22:19:06] <%ImFr0z3nYT> wäre geil wenn du es selber fliegen könntest xD
[22:19:07] <%Sarahalexandra241> @nessy2go oh nein, wie kannst du sowas sagen :)
[22:19:08] <%nessy2go> @ImFr0z3nYT hey hey :)
[22:19:10] <depxgrandmarg> Ich finde die alten supp sounds auch echt gut ^^
[22:19:10] <%GimpelPlays> @karina_sc wein offen ? :D
[22:19:14] <IronManHD321> Was ist mit arma?
[22:19:17] <%+angel_6_9_6> @nessy2go ach du wieda is doch voll öhm ähm hipp ?
[22:19:26] <%+karina_sc> @GimpelPlays Naaa es reicht für heute xD
[22:19:27] <%nessy2go> @Sarahalexandra241 sorry aber manchmal brauch man Veränderung :)
[22:19:38] <kavirsan1234> Du musst fotos machen
[22:19:39] <@%+Aval0nTV> @IronManHD321 kommt wohl nicht mehr
[22:20:00] <%GimpelPlays> @karina_sc aber schreiben kannst du noch :D
[22:20:05] <@%+Aval0nTV> !timer off !partner
[22:20:12] <%+karina_sc> @GimpelPlays Natürlich ^^
[22:20:40] <%Sarahalexandra241> @nessy2go da hast du natürlich recht, aber manchmal sind Veränderungen nicht immer gut :) Kappa
[22:20:59] UNMOD: Yvenia
[22:21:01] <@%+Aval0nTV> !timer list
[22:21:02] <guggd> Wieso ist das Arma projekt gescheitert (fands eigentlich mega nice)
[22:21:11] <@%+Mod4YouBOT> @partner{commands=!runtime,!ig,!shop,!whatsapp}
[22:21:26] <@%+Aval0nTV> !timer off !partner
[22:21:26] <%nessy2go> @Sarahalexandra241 es stört halt einfach gerade bei storygames dezenter wäre besser :)
[22:21:26] <Luhtias> @ZanderLP Möchtest du tipps zu deiner Spielweise haben oder nervt dich das?
[22:21:43] <%+DigiritterTV> du musst die Futterstationen demnächst neu befüllen
[22:21:43] <@%+Aval0nTV> !timer on !partner 300
[22:21:44] <@%+Mod4YouBOT>* Runtime-GGs Produkte sind speziell auf Gamer abgestimmt und nicht nur schnell und einfach zubereitet, sondern auch noch gesund und lecker zanderLove Hier gibt es weitere Infos: https://runtime.idevaffiliate.com/127.html *PP* |-| Der aktuelle RabattCode (10%) lautet: "zander"
[22:21:51] <%+angel_6_9_6> @ZanderLP ab in den jeep !
[22:21:58] <Luhtias> @ZanderLP Das machst du mit den Rangern (Jeep). Musst aber selber fahren
[22:22:07] <+MadMaxer13> versuch so viel wie möglich aufs foto zu machen das gibt extra punkte bzw geld
[22:22:38] <%$speedbuildlp> zanderHype zanderHype zanderHype zanderHype zanderHype zanderHype zanderHype zanderHype zanderHype zanderHype zanderHype zanderHype zanderHype zanderHype zanderHype zanderHype zanderHype zanderHype zanderHype zanderHype zanderHype zanderHype zanderHype zanderHype
[22:22:39] <%$speedbuildlp> zanderHype zanderHype zanderHype zanderHype zanderHype zanderHype zanderHype zanderHype zanderHype zanderHype zanderHype zanderHype zanderHype zanderHype zanderHype zanderHype zanderHype zanderHype zanderHype zanderHype zanderHype zanderHype zanderHype zanderHype zanderHype zanderHype zanderHype zanderHype zanderHype zanderHype zanderHype zanderHype zanderHype zanderHype zanderHype zanderHype
[22:22:39] <@%+Aval0nTV> zanderHype zanderLove zanderHype zanderLove zanderHype zanderLove zanderHype zanderLove zanderHype zanderLove zanderHype zanderLove zanderHype zanderLove zanderHype zanderLove zanderHype zanderLove zanderHype zanderLove zanderHype zanderLove zanderHype zanderLove zanderHype zanderLove
[22:22:43] <%$Anni__96> zanderHype zanderLove zanderHype zanderLove zanderHype zanderLove zanderHype zanderLove zanderHype zanderLove zanderHype zanderLove zanderHype zanderLove zanderHype zanderLove zanderHype zanderLove zanderHype zanderLove zanderHype zanderLove zanderHype zanderLove zanderHype zanderLove zanderHype zanderLove zanderHype zanderLove zanderHype zanderLove zanderHype zanderLove
[22:22:55] <@%+Aval0nTV> zanderHype zanderLove zanderHype zanderLove zanderHype zanderLove zanderHype zanderLove zanderHype zanderLove zanderHype zanderLove zanderHype zanderLove zanderHype zanderLove zanderHype zanderLove zanderHype zanderLove zanderHype zanderLove zanderHype zanderLove zanderHype zanderLove
[22:22:57] <%+blackpurplex> !hype
[22:22:57] <@%+Mod4YouBOT> zanderHype zanderLove zanderHype zanderLove zanderHype zanderLove zanderHype zanderLove zanderHype zanderLove zanderHype zanderLove zanderHype zanderLove zanderHype zanderLove zanderHype zanderLove zanderHype zanderLove zanderHype zanderLove zanderHype zanderLove zanderHype zanderLove
[22:23:05] <%+angel_6_9_6> führerscheinsimulator (DLC G-Klasse) 2018 XD XD XD @ZanderLP
[22:23:15] <+kaleber97> Lel
[22:23:19] <+cugeyt> wachen beteubte dinos von selbst auf ?
[22:23:40] <%+Sgt_Maurice> zanderLove zanderLove zanderLove zanderLove zanderLove zanderHype zanderHype zanderHype zanderHype zanderHype zanderLove zanderLove zanderLove zanderLove zanderHype zanderHype zanderHype zanderLove zanderLove zanderLove zanderLove zanderHype zanderHype zanderHype
[22:23:48] <+kid_karacho> Da geht die Schatulle aber mächtig auf!
[22:24:01] <%Sarahalexandra241> @nessy2go ja da hast du auf jeden fall recht. aber witzig ist es trotzdem.
[22:24:05] <matrazensportler> was ist eigentlich mit arma
[22:24:11] <Papiertyp> :D
[22:24:23] <@%+Aval0nTV> @matrazensportler kommt wohl erstmal nicht mehr
[22:24:43] <matrazensportler> @aval0ntv warum
[22:25:05] <%+patrickkopf> hallo fisch und chat
[22:25:08] <@%+Aval0nTV> @nessy2go ich hab ihn erst vor ner woche drauf hingewiesen, das die timer doppelt sind^^ also noch alles im rahmen, das er noch nichts dran gemacht hab Kappa
[22:25:14] <@%+Aval0nTV> !timer off !partner
[22:25:17] <%$Anni__96> huhu @patrickkopf
[22:25:22] <%+blackpurplex> was macht man eig mit den toten dinos?
[22:25:22] <Luhtias> @ZanderLP Also ich hab nen tipp der dir viel Geld sparen wird. Nutze das Gehege in dem deine Dinos jetzt sind als quasi Brutgehege und transportiere die neuen Dinos von dort aus über die ACU (zuerst mit Helikopter betäuben dann mit Transporter abholen) in ihre jeweiligen permanenten Gehege. Machst du das so musst du lediglich immer ne Gehege mit Tribünen und Toren bauen ohne jedesmal ein Neue Hammondgeböude bauen zu müssen.
[22:25:22] BAN: Luhtias (1s) [Long messages, automated by Moobot.]
[22:25:22] MOD_ACTION: moobot (timeout luhtias 1 Long messages, automated by Moobot.)
[22:25:24] <%nessy2go> @Aval0nTV ich weiss :D haha
[22:25:38] <Luhtias> hä?
[22:25:40] <@%MrDuckSpace> Luhtias die nachricht war leider zu lang, das mag der Bot nicht :D
[22:25:52] <Luhtias> Och nö
[22:26:02] <Luhtias> ernsthaft :(
[22:26:38] <+lumahaze> ez zählt noch nicht
[22:26:40] <Luhtias> Wie schreibe ich Zander dann ne zusammenhängende nachricht? Wird ja alles abgehackt^^
[22:26:42] <%+angel_6_9_6> er hats nicht gecountert noch ein foto @ZanderLP
[22:26:47] <+lumahaze> das mit dem trinken i guess
[22:26:52] <%+blackpurplex> ich find der triceratops lächelt irgendwie immer xD
[22:27:26] <+pingu7023> kann man unendlich viele fotos machen?
[22:27:36] <+cugeyt> leute wacht ein beteubter dino von selbst wieder ?
[22:27:49] <%+angel_6_9_6> im notfall schaun das du die mission nochmal abbrechen kannst
[22:27:52] <%$Anni__96> @cugeyt ja
[22:28:07] <@%+Aval0nTV> !timer on !partner 300
[22:28:08] <@%+Mod4YouBOT>* Runtime-GGs Produkte sind speziell auf Gamer abgestimmt und nicht nur schnell und einfach zubereitet, sondern auch noch gesund und lecker zanderLove Hier gibt es weitere Infos: https://runtime.idevaffiliate.com/127.html *PP* |-| Der aktuelle RabattCode (10%) lautet: "zander"
[22:28:26] <%+addiddos> alt?
[22:28:29] <%+angel_6_9_6> @cugeyt im notfall einmal mit den transportheli um ein cm nach rechts oder links versetzen dann sollten sie wieder wach sein
[22:28:45] <%$lukakakakas> zanderHaft zanderHaft zanderHaft
[22:29:15] <%+karina_sc> So ich bin mal weg :) Euch noch viel Spaß und schlaft später alle gut :)
[22:29:26] <%+angel_6_9_6> unten links aufträge ! nicht missionen ! @ZanderLP
[22:29:32] <+cugeyt> thx
[22:29:33] <@%+DerJonMelsungen> !info
[22:29:34] <@%+Mod4YouBOT>* Zander heißt Michael und ist 28 Jahre alt. Er hat eine Ausbildung als Zierpflanzengärtner dann seinen Meister und Agrar Betriebswirt gemacht. Ja er ist umgezogen! Und ja mit Ryole zusammen nach Köln. Hier ist die Roomtour: https://www.youtube.com/watch?v=dfM2oGVn6BA&t=619s
[22:29:35] <%$Anni__96> gute nacht @karina_sc
[22:29:35] <%+DigiritterTV> du musst die Futterstationen demnächst neu befüllen
[22:29:53] <+Opichen> heeey
[22:29:58] <@%+Aval0nTV> !kanal
[22:29:59] <@%+Mod4YouBOT>* YouTube: https://m4u.link/zanderlp/yt |-| Facebook: http://facebook.zanderlp.de |-| Twitter: https://twitter.com/ZanderLP |-| Instagram: http://instagram.zanderlp.de |-| SnapChat: ZanderLP
[22:30:00] <+pingu7023> Zander, kann man unendlich viele Fotos machen?
[22:30:00] <%+Moritul> Hab ich irgendwas verpasst? hatten einen Einsatzfehlalarm
[22:30:09] <%GimpelPlays> @karina_sc flamme noch da ? :D
[22:30:25] <%+karina_sc> @GimpelPlays Flamme geht jetzt ins Bett ;)
[22:30:28] <@%MrDuckSpace> Moritul hatte ich gerade auch :D also vor ner stunde :D
[22:30:42] <%GimpelPlays> @karina_sc schlaf gut und schreib mir noch ;)
[22:30:44] <%+angel_6_9_6> @ZanderLP dort konntest du den auftrag mit der cam auch abbrechen da kommt dann ein neuer random auftrag
[22:31:05] <%+Silver_chaos21> wird es eigentlich auch nacht?
[22:31:10] UNMOD: Mod4YouBOT
[22:31:30] <+pingu7023> danke
[22:31:33] <%+Moritul> joa vor gut 40 min
[22:31:36] <%+DigiritterTV> du musst die Futterstationen demnächst neu befüllen
[22:32:10] <%+Moritul> @MrDuckSpace das sind immer meine lieblings Einsätze Kappa da hat man so viel zu tun xD
[22:32:27] <unluckyprime> Uff bin ich seelisch gerade zerstört x.x Tote Mädchen lügen nicht staffel 2 die letzte folge der typ tut mir so leid :/
[22:32:33] <%GimpelPlays> micha gibt eig noch den mini dab ?
[22:32:53] <@%MrDuckSpace> Moritul brandmeldeanlage ausgelöst :D nix passier :D
[22:33:08] <@%+Mod4YouBOT>* zanderLachen Spaß am Zocken? => Spiele bis zu 70% günstiger bekommst du bei InstantGaming: http://www.instant-gaming.com/de/?igr=Zander |-| *PP*
[22:33:09] <%+joda12345678> Immer wieder gerne
[22:33:32] <%+angel_6_9_6> @ZanderLP dort konntest du den auftrag mit der cam auch abbrechen da kommt dann ein neuer random auftrag bzw kannst du da auch neue random aufträge beantragen
[22:33:38] <depxgrandmarg> Was passiert wenn du ins Wasser fährst ? :D
[22:33:41] <%+Silver_chaos21> nice habs jetzt fertig runter geladen kann jetzt selber rann
[22:33:47] MOD: Mod4YouBOT
[22:33:57] <@%MrDuckSpace> Silver_chaos21 viel spaß
[22:34:07] <%+Moritul> @MrDuckSpace hatte ich auch schon xD grade angeblicher Autounfall, keine Fahrzeuge anzutreffen, Polizei hat nichts gefunden, also wieder ab zurück
[22:34:25] <@%MrDuckSpace> Moritul uh toll mal wieder weg nen spaß anruf :D
[22:34:27] <@%MrDuckSpace> :(
[22:34:28] <%+bastimagkevin> @silver_chaos21 Wie viel GB hat das game wenn ich fragen darf? JonCarnage
[22:34:38] <%+Silver_chaos21> 3,9
[22:34:45] <%GimpelPlays> die musik ein easteregg? Kappa
[22:34:55] <%GimpelPlays> 3te staffel haus des geldes :D
[22:34:59] <%+angel_6_9_6> diese el salvator mukke XD
[22:35:00] <+ihvuuvu> zander macht dann u-boot Simulator
[22:35:04] <%+bastimagkevin> @silver_chaos21 Warte... 3,9 zanderLove
[22:35:06] <chelle2002> und was ist wen du gegen ein dino fährst
[22:35:14] <+pingu7023> erweitere die "Weidefläche"
[22:35:45] <Leofritzhund> @moritul bist du bei der Feuerwehr?
[22:35:46] <%+PreaxlyR6S> Guten Abend
[22:35:49] <%+PreaxlyR6S> zanderHi
[22:35:54] <%+Moritul> @MrDuckSpace wenn die Gesellschaft den Notruf mal einfach dafür nutzen würde wofür er da ist. Auf Vox läuft ne Serie über die Notrufzentralen in Deutschland, pro folge 5 Pizza anfragen
[22:36:16] <%+Moritul> @Leofritzhund beim Rettungsdienst
[22:36:19] <@%+Aval0nTV> nabend PreaxlyR6S
[22:36:26] <chelle2002> und ab ins wasser mit dem auto
[22:36:40] <Leofritzhund> @moritul ach so
[22:37:04] <+pingu7023> #menschenfreundliche mitarbeiter
[22:37:04] <18marcel86> Du solltest was für die Sicherheit tun noch
[22:37:23] <%+Moritul> @Leofritzhund nur unsere Feuerwehrwache hat nie Rettungswagen zu verfügung, die haben grade einen der Funktioniert und sind für 5 Altersheime zuständig, das ist einiges an Arbeit
[22:37:58] <%+angel_6_9_6> hatte ich 3 mal geschrieben
[22:38:08] <@%+Mod4YouBOT>* ** Der NEUE Merch ist da ** zanderHype Die mega geilen Caps findet ihr hier, die Hoodies sind leider bereits ausverkauft: https://www.zanderstore.de/ zanderGeGe
[22:38:21] <Leofritzhund> @moritul ach so
[22:38:34] <%$Anni__96> @Moritul warum den nur einen Rettungswagen?
[22:39:03] <+pingu7023> magst du generell dinosaurier??
[22:39:31] <%$Anni__96> @Moritul *keinen
[22:39:49] <+pingu7023> dange
[22:39:51] <%Flaaa_> Hallo zanderHi zanderHi
[22:39:56] <@%MrDuckSpace> Flaaa_ heyhu
[22:40:07] <%Flaaa_> Wie geht's euch? zanderLOL
[22:40:16] <+pingu7023> gut
[22:40:21] <+pingu7023> selber
[22:40:32] <Luhtias> @ZanderLP Dafür brauchst du die Fleischfresser
[22:40:41] <Luhtias> also um die 3 Sterne zu bekommen
[22:40:52] <40kmpfer> schönen guten abend
[22:40:59] <%Flaaa_> Mir geht's sehr gut zanderHype
[22:41:00] <%+angel_6_9_6> @ZanderLP mit 3 mille und fleischfresser genomen wird es zeit für ein neues gehege dann wird das auch was mit den 3,0 sternen XD
[22:41:09] <Luhtias> @40kmpfer Hallo^^
[22:41:15] UNMOD: Earthman2012
[22:41:16] <%+Moritul> @Anni__96 den anderen haben die vor ner Woche gegen die Wandgefahren und 2 sind nicht durch den TÜV gekommen, die Stadt Köln hängt da gerne nach. Da wir vom DRK für Katastrophenschutz da sind, haben wir uns auch zur "verbündeten" Aushilfe verpflichtet.
[22:41:17] <@%MrDuckSpace> 40kmpfer huhu
[22:41:20] <@%+Aval0nTV> !kanal
[22:41:24] <@%+Mod4YouBOT>* YouTube: https://m4u.link/zanderlp/yt |-| Facebook: http://facebook.zanderlp.de |-| Twitter: https://twitter.com/ZanderLP |-| Instagram: http://instagram.zanderlp.de |-| SnapChat: ZanderLP
[22:41:29] <chelle2002> wenn die Pflanzenfresser das gras nicht fressen wer mäht dann den rasen
[22:41:30] <Luhtias> Nein er brauch 2 neue Gehege
[22:41:43] <%+Moritul> @Anni__96 der fahrer vom kaputten war in der Schicht auch nicht der hellste xD
[22:41:46] <Luhtias> @zander warte kurz
[22:42:10] <skorpien000> abbesten elektro zeune :)
[22:42:12] <%$Anni__96> @Moritul aber gerade die sind doch wichtig
[22:42:15] <+baymak> @ZanderLP Hey was geht? würde das auf meinem PC denkst du gehen ? Hab ein GTX 1070 I7 4790 und 16gb ram? Weil ich spiele gerne auf Ultra mit mindestens 60 FPS
[22:42:19] <Luhtias> @ZanderLP Siedel die Pflanzenfresser um das was du als Gehege nutzt ist als Brutstätte gedacht
[22:42:22] <%$Anni__96> also die wagen @Moritul
[22:42:53] <%+angel_6_9_6> alter nicht so groß Öö was hast du vor
[22:42:55] <Luhtias> @ZanderLP Sonst musst du jedesmal ein neues Labor bauen um die dinos ins gehe zu lassen. Du kannst sie aber einfach transportieren
[22:42:57] Viewerstats (22:12-22:42): avg:337 min:311 max:357 [16/357-1+1+0-1-3-9-17+0+4+7-21-2+19-23+10]
[22:43:08] <@%+Mod4YouBOT>* Ihr wollt auf dem neusten Stand bleiben? Dann holt euch den Newsletter auf euer WhatsApp! Weitere Infos dazu findet ihr hier: https://pushr.me/ zanderHype |-| Hier gibt es auch eine Video-Erklärung: https://m4u.link/zander/BotClip . Sollte der Bot bei euch nicht antworten, löscht einfach die Nummer, erstellt den Kontakt neu und schreibt ihn erneut mit !start an! zanderLachen
[22:43:19] <skorpien000> abbesten elektro zeune
[22:44:08] <%+Moritul> @Anni__96 ja, aber unsere Stadtverwaltung versucht die sachen immer so weit wie möglich herauszu zögern. Vom alter her dürfte ich im Moment noch garkeine Nachtbereitschaft haben, aber mein Vorgesetzter hat mal ne ausnahme gemacht, da ich morgen zum Glück schulfrei habe ^^
[22:44:15] <bastisti> ein dino ist tod oder ähnliches
[22:44:41] <muffin0300> Zieh vielleicht einen kleinen Fluss durch den Wald
[22:44:48] <%nessy2go> @MrDuckSpace @Aval0nTV eine Frage
[22:44:55] <@%+Aval0nTV> @nessy2go ja?
[22:45:00] <@%MrDuckSpace> nessy2go ja?
[22:45:10] <Duendar> Das wird die Grenze zu Mexico Kappa
[22:45:14] <%g4nte> für fleischfresser ist es sinnvoll elektrozaun zu nehmen
[22:45:31] <%$Anni__96> @Moritul oh krass, leider wird immer an den wichtigen dingen gespart
[22:45:32] <%g4nte> acz
[22:45:36] <chelle2002> und das andere auch gleich größer machen
[22:45:40] <+CreatureOne> ich würde um den rand viel platz lassen für einen weg drumherum und für die besucher
[22:45:46] <%g4nte> hast du ja hab ich nicht gesehen sorry
[22:45:50] <%+angel_6_9_6> ja diggi was machst du denn aber auch für ein rießen teil ... naja denk an die aussichtspunkte
[22:45:59] <%+angel_6_9_6> zum tor nein
[22:46:05] <%nessy2go> @MrDuckSpace @Aval0nTV hallo
[22:46:15] <@%+Aval0nTV> @nessy2go das ist keine frage ;p
[22:46:27] <@%MrDuckSpace> wie versorgt man denn den strom mit zaun Kappa
[22:46:48] <muffin0300> Würde es nicht mehr Sinn machen wenn das Tor weiter hinten ist, also rein logisch gesehen
[22:46:50] <%nessy2go> lange leitung
[22:47:31] <%+Moritul> @Anni__96 jap, manchmal werden sogar die alten RTWs die eigentlich für die Ausbildung sind genutzt, aber zumindest kamen die mal auf die Idee bei einem großen Rettungsdienstunternehmen nach hilfe anzufragen. Laut vertrag soll das noch 2 Wochen gehen, danach sollen die wieder voll Einsatzbereit sein
[22:47:43] <%sohaila1> Guten Abend zanderLove zanderFlosse
[22:47:52] <@%+Aval0nTV> huhu sohaila1
[22:47:54] <@%MrDuckSpace> sohaila1 Guten Tag :D
[22:48:03] [Notification] mr_alecsander just subscribed with a Tier 1 sub. mr_alecsander subscribed for 5 months in a row! [Hey Zander, es ist immer wieder schön hier zu sein ;D Danke fürs entertainen!! Mach ja weiter so ! ;)]
[22:48:07] <%$bios01> hallo
[22:48:07] <@%+Aval0nTV> zanderHype zanderLove zanderHype zanderLove zanderHype zanderLove zanderHype zanderLove zanderHype zanderLove zanderHype zanderLove zanderHype zanderLove zanderHype zanderLove zanderHype zanderLove zanderHype zanderLove zanderHype zanderLove zanderHype zanderLove zanderHype zanderLove
[22:48:08] <@%+Mod4YouBOT>* Runtime-GGs Produkte sind speziell auf Gamer abgestimmt und nicht nur schnell und einfach zubereitet, sondern auch noch gesund und lecker zanderLove Hier gibt es weitere Infos: https://runtime.idevaffiliate.com/127.html *PP* |-| Der aktuelle RabattCode (10%) lautet: "zander"
[22:48:17] <%+angel_6_9_6> zuchtanlage und beobachtungsgallerien
[22:48:22] <%+Moritul> !hype
[22:48:23] <%GimpelPlays> mach doch wald weg digga
[22:48:24] <@%+Mod4YouBOT> zanderHype zanderLove zanderHype zanderLove zanderHype zanderLove zanderHype zanderLove zanderHype zanderLove zanderHype zanderLove zanderHype zanderLove zanderHype zanderLove zanderHype zanderLove zanderHype zanderLove zanderHype zanderLove zanderHype zanderLove zanderHype zanderLove
[22:48:27] <%sohaila1> @aval0ntv @mrduckspace Hallu zanderFlosse
[22:48:38] <+JursenFTW> du muss keine station mehr bauen ^^
[22:48:52] <skorpien000> vergiss die gallerien net
[22:48:58] <%$Anni__96> @Moritul wow, na immerhin ein anfang
[22:49:03] <+pingu7023> An Zander: könntest du dir vorstekken noch bis nach 23 Uhr zu zocken?
[22:49:03] <chelle2002> alles Kohlekraftwerk ist ja kein wunder wieso die Dinos alle sterben
[22:49:07] <%$Anni__96> Abend sohaila1
[22:49:26] <%nessy2go> @GimpelPlays kannst du bitte erstmal 5 Minuten nix sagen Kappa
[22:49:27] <%sohaila1> huhu ^^ @anni__96
[22:49:50] <kavirsan1234> Noch eine
[22:49:53] <%+Moritul> @Anni__96 ich hoffe das bessert sic, will nicht nacher noch beim Bund hören, dass wir den zivilen Rettungsdiensten helfen müssen
[22:49:58] <%+angel_6_9_6> @ZanderLP essensversorgung nicht vergessen XD XD
[22:50:05] <Sinnaj1> denk an essen für die kleinen
[22:50:13] <@%MrDuckSpace> aber in 10 Min hab ich dienstschluss KappaHD
[22:50:22] <%+Moritul> schon wieder ein toter Dino?
[22:50:35] <%$Anni__96> @Moritul ich drück die daumen
[22:50:37] <Mexx86> nahrung
[22:50:40] <+JursenFTW> die verhungern :D
[22:50:47] <+Felixzille> sry war grade weg, hast du n neues Gehege? 🙂🙈🙈
[22:50:49] <+pingu7023> Die sterben mega schnell
[22:50:58] <@%MrDuckSpace> Felixzille er baut gerade eins :D
[22:51:00] <voizn> hast dus heute bei glp entdeckt?
[22:51:04] <%Thorani> nabend zander & der rest
[22:51:16] <@%MrDuckSpace> voizn nein er verfolgt es schon länger :D
[22:51:31] <%+mr_alecsander> @Thorani nabend
[22:51:34] <%$Anni__96> so ein großes gehege für die?
[22:51:34] <%+angel_6_9_6> Jeep + Wasser = fun ?
[22:51:35] <%+Moritul> @ZanderLP du lässt deine Dinos wieder sterben xD
[22:51:38] <+Felixzille> kann man solche seen oder teiche wie auch immer selber (künstlich) machen?
[22:51:40] <+CreatureOne> und die kohle is weg :D
[22:52:08] <+kiimbo0815> guten abend an alle o/
[22:52:09] <%nessy2go> @DerJonMelsungen
[22:52:29] <@%+DerJonMelsungen> ja nessy2go was gibts?
[22:52:32] <+pingu7023> muss man die pflanzenfresser nicht auch füttern?
[22:52:32] <%+blackpurplex> das spiel is so hot zanderLove
[22:52:43] <%nessy2go> @DerJonMelsungen bitte meine Ohren! :D
[22:53:08] <@%+Mod4YouBOT>* zanderLachen Spaß am Zocken? => Spiele bis zu 70% günstiger bekommst du bei InstantGaming: http://www.instant-gaming.com/de/?igr=Zander |-| *PP*
[22:53:26] <@%+DerJonMelsungen> ohrenschmerzen sind nicht gut. du solltest sie warm halten
[22:53:49] <chelle2002> wieso nennen die die dinos Produkt verarbeiten die die in essen
[22:54:26] <skorpien000> ins waasser fahren??
[22:54:28] <%nessy2go> @DerJonMelsungen :D du bist doof ich meinte Ts
[22:54:38] <+Felixzille> wie krass man auf alles achten muss, stell dir vor, du hats viele riesige gehegen und musst dann noch auf das füttern usw achtet 🙈
[22:54:39] <%+trilican32> zanderHype zanderHype zanderHype zanderHype zanderHype zanderHype zanderHype zanderHype zanderHype
[22:54:39] <@%+Aval0nTV> zanderHype zanderLove zanderHype zanderLove zanderHype zanderLove zanderHype zanderLove zanderHype zanderLove zanderHype zanderLove zanderHype zanderLove zanderHype zanderLove zanderHype zanderLove zanderHype zanderLove zanderHype zanderLove zanderHype zanderLove zanderHype zanderLove
[22:54:40] <%+DigiritterTV> !hype
[22:54:40] <@%+Mod4YouBOT> zanderHype zanderLove zanderHype zanderLove zanderHype zanderLove zanderHype zanderLove zanderHype zanderLove zanderHype zanderLove zanderHype zanderLove zanderHype zanderLove zanderHype zanderLove zanderHype zanderLove zanderHype zanderLove zanderHype zanderLove zanderHype zanderLove
[22:54:42] <@%MrDuckSpace> Felixzille ja kann man :D
[22:54:43] <bastisti> <3 <3 <3 <3 <3 <3 <3 <3
[22:54:43] <%$bios01> Junge. die fahren ja wie sau
[22:54:45] <+Opichen> tfueCRY tfueCRY tfueCRY
[22:54:45] <+pingu7023> @chelle2002 nein, die haben die "produziert"
[22:54:45] <%+angel_6_9_6> !hype
[22:54:46] <@%+Mod4YouBOT> zanderHype zanderLove zanderHype zanderLove zanderHype zanderLove zanderHype zanderLove zanderHype zanderLove zanderHype zanderLove zanderHype zanderLove zanderHype zanderLove zanderHype zanderLove zanderHype zanderLove zanderHype zanderLove zanderHype zanderLove zanderHype zanderLove
[22:54:49] <%+blackpurplex> !hype
[22:54:52] <%g4nte> zanderHype zanderHype zanderLove zanderHype zanderLove zanderHype zanderLove zanderHype zanderLove zanderHype zanderLove zanderHype zanderLove zanderHype zanderLove zanderHype zanderLove zanderHype zanderLove zanderHype zanderLove zanderHype
[22:54:54] <skorpien000> worldbMclhype worldbMclhype worldbMclhype worldbMclhype worldbMclhype worldbMclhype
[22:54:55] <Duendar> Hype
[22:54:55] <%+Moritul> @chelle2002 wenn du etwas herstellst ist es ein Produkt
[22:54:56] <%$Anni__96> zanderHype zanderLove zanderHype zanderLove zanderHype zanderLove zanderHype zanderLove zanderHype zanderLove zanderHype zanderLove zanderHype zanderLove zanderHype zanderLove zanderHype zanderLove zanderHype zanderLove zanderHype zanderLove zanderHype zanderLove zanderHype zanderLove zanderHype zanderLove zanderHype zanderLove
[22:54:57] <dersuchty4life> Hypeeeeeee
[22:55:01] <@%MrDuckSpace> Hallo MAMA KappaHD
[22:55:04] <%+bad_brot> zanderHype zanderHype zanderHype zanderHype zanderHype zanderHype
[22:55:08] <Duendar> !hype
[22:55:08] <@%+Mod4YouBOT> zanderHype zanderLove zanderHype zanderLove zanderHype zanderLove zanderHype zanderLove zanderHype zanderLove zanderHype zanderLove zanderHype zanderLove zanderHype zanderLove zanderHype zanderLove zanderHype zanderLove zanderHype zanderLove zanderHype zanderLove zanderHype zanderLove
[22:55:16] <%$Anni__96> @MrDuckSpace :D
[22:55:21] <+pingu7023> OMG, mega nice (auch die grafik)
[22:55:29] <%+mr_alecsander> zanderHype zanderHype
[22:55:30] <%$bios01> Jz ein Loch im Zaun.
[22:55:36] <%+DigiritterTV> du musst ihm eine Futterstationen bauen
[22:55:53] <+MrBrojoo> hey kennst sich jemand mit pc‘s aus
[22:56:03] <chelle2002> machen die die toten dinos zu Futter oder wieso nennen die sie dann Produkt
[22:56:11] <%+angel_6_9_6> der soll ma was essen blöder dino
[22:56:13] <+CreatureOne> den nennst du zander ;D
[22:56:13] <%+blackpurplex> @ZanderLP du solltest das sicherheitsteam verstärken bevor das vieh ausbricht xD
[22:56:17] <Duendar> @MrBrojoo kommt auf die Frage an
[22:56:18] <Zug_TV> Hallo 👋
[22:56:33] <@%MrDuckSpace> Zug_TV heyhu
[22:56:38] <+MrBrojoo> @duendar ist i5 gut
[22:56:41] <+pingu7023> @chelle2002 nein, die haben die produziert
[22:56:45] <Zug_TV> @mrduckspace Hi xD
[22:56:59] <+Felixzille> @zanderlp kann man das mit dem futterstation auffüllen nicht automatisieren? weil stell dir vor du hast viele riesige gehege und dann musst du immer auf sowas achten?
[22:56:59] <%+angel_6_9_6> ja daas dauert etwas
[22:57:01] <Duendar> bitte ganzen namen vom CPU
[22:57:15] <@%MrDuckSpace> Felixzille vl kann man wen dafür einstellen?
[22:57:16] <+MrBrojoo> intelcore i5
[22:57:20] <Duendar> @MrBrojoo bitte ganzen Namen vom CPU
[22:57:48] <Duendar> ne ich meine es hat noch zahlen etwas mit 6000 oder so
[22:57:53] <%+bad_brot> Du hast dein z nicht an
[22:58:05] <@%+Aval0nTV> @bad_brot das ist ihm bewusst
[22:58:08] <@%+Mod4YouBOT>* ** Der NEUE Merch ist da ** zanderHype Die mega geilen Caps findet ihr hier, die Hoodies sind leider bereits ausverkauft: https://www.zanderstore.de/ zanderGeGe
[22:58:12] <+Felixzille> @mrduckspace aber man muss das ja den rangern immer zu teilen, aber ich meine voll automatisieren :O
[22:58:18] <skorpien000> du kanst die gene mutieren dan geht bei manchen dinos mauch die bewertung hoch
[22:58:36] <%+blackpurplex> du kannst nen neuen fleischfresser machn
[22:58:46] <%$lukakakakas> gn8
[22:58:52] <+pingu7023> Zander, kann man auch durch das Fleischfressergehege fahren
[22:59:00] <Mavens2001> Gute Nacht! Muss leider gehen :(
[22:59:03] <@%+DerJonMelsungen> bb lukakakakakakkakakakakakakakakakakas
[22:59:08] <%+angel_6_9_6> naja ich bin trotzdem mal raus für heute an alle noch einen schönen abend bzw stream schau mir morgen dann denn rest an
[22:59:11] MOD: Flettylive
[22:59:17] <Duendar> @MrBrojoo kommt ganz auf dein PC an was für Grafikkarte usw. aber ich hab zb. GTX 1080 und als CPU i7-7700
[22:59:25] <%$Anni__96> gute nacht @angel_6_9_6
[22:59:36] <%nessy2go> @angel_6_9_6 gute Nacht :)
[22:59:51] <+MadMaxer13> diese musik
[22:59:53] <Duendar> @MrBrojoo gaming oder Business?
[22:59:57] <+MadMaxer13> ist zu geil hahaha
[23:00:00] <+Felixzille> reicht ein i5 mit einer gtx 1060 6gb oc aus für das game?
[23:00:25] <+pingu7023> Zander, kann man auch ins raubtiergehege fahren
[23:00:42] <%$IA_99> ist das spiel sein geld wert?
[23:00:49] <@%+fleXtechZTV> @Felixzille einfach mal die Systemspezifikationen in Steam nachschauen
[23:00:50] <@%+DerJonMelsungen> lukakakakakakakakakakakakakakakakakakakakakakakakakakakakakakakakakakakakakakakakakakakakakakakakakakakakakakakakakakakakakakakakakakakakakakakakakakakakakakakakakakakas merk ich mir MiniK
[23:01:07] <%+blackpurplex> @ZanderLP du könntest nen 2ten fleischfresser machn
[23:01:13] <%thelegendpr01> zanderHi Menschen im Chat und Fisch zanderHype zanderLove
[23:01:15] <Zug_TV> @felixzille meisten steht sowas auf der Seite der Spiele Macher
[23:01:24] <@%MrDuckSpace> fleXtechZTV du altes haus moin :D
[23:01:32] MOD: fleXtechZTV
[23:01:32] <@%+fleXtechZTV> hey hoy MrDuckSpace :)
[23:01:33] <%$S04_Sam> zanderOhh
[23:01:35] <Duendar> @Felixzille bei Instant Gaming musst du auf das game gehen und ganz unten nachschauen da stehen die mindest ausstatungen
[23:01:36] <%$Anni__96> @thelegendpr01 zanderHi
[23:02:31] [Raid] 198 raiders from GTimeTV have joined !
[23:02:33] <Zug_TV> @zanderlp gehe penne bin müde und hab morgen ne arbeit :o
[23:02:41] <+koelschejung1991> #GtimeArmy
[23:02:44] <+BuildingDetectiv> hey gtimetvGluecklich
[23:02:44] <S265833> #GTimearmy
[23:02:45] <Duendar> jo bin dann mal weg ciao
[23:02:47] <@%MrDuckSpace> Herzlich Willkommen :D
[23:02:50] <Gerath94> #GtimeArmy gtimetvVerliebt <3
[23:02:51] <+pingu7023> Zander, kann man auch ins fleischfressergehege fahren? Würd mich mal interessieren
[23:03:00] <+BuildingDetectiv> #gtimearmy
[23:03:04] [Notification] Marcel1605 just subscribed with a Tier 1 sub. Marcel1605 subscribed for 8 months in a row!
[23:03:08] <@%+Mod4YouBOT>* Ihr wollt auf dem neusten Stand bleiben? Dann holt euch den Newsletter auf euer WhatsApp! Weitere Infos dazu findet ihr hier: https://pushr.me/ zanderHype |-| Hier gibt es auch eine Video-Erklärung: https://m4u.link/zander/BotClip . Sollte der Bot bei euch nicht antworten, löscht einfach die Nummer, erstellt den Kontakt neu und schreibt ihn erneut mit !start an! zanderLachen
[23:03:11] <@%+Aval0nTV>* Herzlich willkommen an alle Raider vom lieben GTime!! Setzt euch und geniesst den Stream!! zanderHi zanderHype zanderLove
[23:03:12] <%sohaila1> zanderLove zanderHype zanderLove zanderHype zanderLove zanderHype zanderLove zanderHype zanderLove zanderHype zanderLove zanderHype zanderLove zanderHype zanderLove zanderHype zanderLove zanderHype zanderLove zanderHype zanderLove zanderHype zanderLove zanderHype zanderLove zanderHype zanderLove zanderHype zanderLove zanderHype
[23:03:14] <%$Anni__96> zanderHype zanderLove zanderHype zanderLove zanderHype zanderLove zanderHype zanderLove zanderHype zanderLove zanderHype zanderLove zanderHype zanderLove zanderHype zanderLove zanderHype zanderLove zanderHype zanderLove zanderHype zanderLove zanderHype zanderLove zanderHype zanderLove zanderHype zanderLove zanderHype zanderLove
[23:03:14] <@%+Aval0nTV> zanderHype zanderLove zanderHype zanderLove zanderHype zanderLove zanderHype zanderLove zanderHype zanderLove zanderHype zanderLove zanderHype zanderLove zanderHype zanderLove zanderHype zanderLove zanderHype zanderLove zanderHype zanderLove zanderHype zanderLove zanderHype zanderLove
[23:03:20] <S265833> Auf welcher Insel bist du?
[23:03:28] <%thelegendpr01> zanderHype zanderLove zanderHype zanderLove zanderHype zanderLove zanderHype zanderLove zanderHype zanderLove zanderHype zanderLove zanderHype zanderLove zanderHype zanderLove zanderHype zanderLove zanderHype zanderLove zanderHype zanderLove zanderHype zanderLove zanderHype zanderLove zanderHype zanderLove zanderHype zanderLove
[23:03:37] <chelle2002> auf der ersten ist er
[23:03:38] <%+blackpurplex> ohman jetzt sind hier gtime zuschauer Kappa
[23:03:52] <%Marcel1605> Schnapszahl xD zanderGeGe zanderHype
[23:03:53] <Samantha_1876> Die Zitrone stirbt!!! Spoiler ! PowerUpL DarkMode PowerUpR
[23:03:55] UNMOD: Aysli
[23:04:03] <S265833> Ok. Kevin ist auf der 6. xD. Spoilern darf man nicht?
[23:04:07] <@%+Aval0nTV> !kanal
[23:04:08] <@%+Mod4YouBOT>* YouTube: https://m4u.link/zanderlp/yt |-| Facebook: http://facebook.zanderlp.de |-| Twitter: https://twitter.com/ZanderLP |-| Instagram: http://instagram.zanderlp.de |-| SnapChat: ZanderLP
[23:04:11] <@%+fleXtechZTV> 777 Subscriber? ZanderLP muss einen Ausgeben :)
[23:04:21] <+ZenYinga> @zanderlp warst du schon mal im echten Jurassic Park?
[23:04:22] <@%+Aval0nTV> @S265833 nicht zu viel bitte! ;)
[23:04:31] <S265833> Das Spiel ist mega geil.
[23:04:55] <%Wolfi_WR> @ZanderLP das game is einfach hammer bin schon auf der 5 Insel :D
[23:05:20] <+pingu7023> Hey, bin schlecht informiert... xD aber wann machst du den nächsten Jurrasic World stream??
[23:05:40] <%$IA_99> der isaac typ nervt
[23:05:45] <18marcel86> Ja der frisst denn dann
[23:05:48] <%$s1lenty_> @Wolfi_WR Ist das noch Gesund?
[23:05:55] <+Devilthumb> was passiert wenn man einen frei lässt xD ?
[23:06:11] MOD: GTimeTV
[23:06:13] <atombutter> xD
[23:06:14] <%Slain92> zanderHi zanderNoob
[23:06:16] <%+sock3nkopf> zanderHi
[23:06:31] <%$IA_99> ist das spiel sein geld wert?
[23:07:01] <Homie20006> @ZanderLP dein Logo ist aus? PogChamp
[23:07:23] <@%MrDuckSpace> Homie20006 ist ihm bewusst :D
[23:07:26] <@%+Aval0nTV> @Homie20006 gar nicht wahr. leuchtet doch in infra rot Kappa
[23:07:35] <papaja_hd> Bei IG ist es noch nicht raus
[23:07:40] <%$IA_99> hört sich cool an
[23:07:44] <Homie20006> @Aval0nTV ach ok, gut zu wissen LUL
[23:07:51] <+pingu7023> wird das nicht irgendwann langweilig? Ich habs noch nie gezockt aber...
[23:08:00] <%$s1lenty_> @Aval0nTV Also ich würd einfach ne Glühbirne dahinter hängen Kappa
[23:08:01] <%$Anni__96> Nagut ich bin für heute mal weg. Schönen abend euch noch zanderFlosse
[23:08:05] <atombutter> ist die farbe von logo wein rot
[23:08:07] <Homie20006> hat bestimmt Kai kaputt gemacht *kopfschüttel*
[23:08:08] <@%+Mod4YouBOT>* Runtime-GGs Produkte sind speziell auf Gamer abgestimmt und nicht nur schnell und einfach zubereitet, sondern auch noch gesund und lecker zanderLove Hier gibt es weitere Infos: https://runtime.idevaffiliate.com/127.html *PP* |-| Der aktuelle RabattCode (10%) lautet: "zander"
[23:08:08] <+CreatureOne> ein dino müsste aber Zander heissen :D
[23:08:13] <Homie20006> Nachti @Anni__96 :)
[23:08:19] <GooZBear> @zanderlp schauste nacher noch das fortnite turnier ???
[23:08:19] <@%+fleXtechZTV> kommt halt drauf an ob du auf solche Simulatoren stehst pingu7023
[23:08:23] <@%+Aval0nTV> @s1lenty_ aber obst verdirbt mit der zeit und riecht dann doof ;p
[23:08:24] <%$S04_Sam> Der FrankerZ hat an den Kabeln geknabbert
[23:08:36] UNMOD: GTimeTV
[23:08:36] <therealresonix> Guten Abend Chat und Streamer. Was ist denn hier los?
[23:08:44] <%$Anni__96> danke^^ @Homie20006
[23:08:48] <@%MrDuckSpace> therealresonix aloha :D
[23:08:51] <%$Swb007> ME
[23:08:52] <%+Moritul> so ich bin dann erstmal raus, muss die RTW endkontrolle machen, is morgen @ZanderLP hoffe dass das mit den Community Games klappt
[23:08:53] <%+trilican32> ich
[23:08:53] <TobiWankino> ich
[23:08:55] <+illuquent> hier :D
[23:08:56] <%+DigiritterTV> ich
[23:08:58] <@%+DerJonMelsungen> ente macht alles kaputt
[23:08:58] <Samantha_1876> Ich !!
[23:08:58] <GooZBear> jo
[23:08:58] <+Firefox10> ich
[23:08:59] <%$da_seppel> ich^^
[23:09:00] <+ihvuuvu> ich ihvuuvu
[23:09:02] <@%MrDuckSpace> Swb007 naa du hier :D
[23:09:02] <skorpien000> ich
[23:09:03] <%Slain92> slainosaurus LOL
[23:09:03] <Homie20006> Dino Namen Giveaway
[23:09:03] <papaja_hd> Ich will ein Platzdenfresser sein
[23:09:05] <@%+fleXtechZTV> @ZanderLP da muss ich ja wohl hin :D
[23:09:06] <%+Kaseraph> ich auch
[23:09:06] <%+Namles256> ich
[23:09:06] <%+blackpurplex> ich
[23:09:07] <obiwarn> ich
[23:09:08] <mrdisaster137> ich
[23:09:08] <%+blackpurplex> me
[23:09:09] <%XTCEJORP> Ich würde gerne wie einer heißen
[23:09:09] <chelle2002> ich
[23:09:09] <+ApeWithTie> Ich will n fleischosaurier sein
[23:09:10] <%$S04_Sam> nenn einen Rhys
[23:09:10] <Nils2486> ich will auch nen Dino
[23:09:11] <+CreatureOne> ich danke dir
[23:09:12] <xXl3ahXx> ich
[23:09:12] <atombutter> ich xD
[23:09:13] <%danylolipop> Ich zanderLove zanderLove zanderLove zanderLove zanderLove zanderLove
[23:09:13] <+CreatureOne> :D
[23:09:14] <Leofritzhund> Ich
[23:09:14] <%+blackpurplex> ich bitte bitte
[23:09:16] <%+joda12345678> ich
[23:09:16] <%XTCEJORP> wurde es auch schon nicht bei Ark
[23:09:17] <%Flaaa_> Ich zanderHype
[23:09:17] <%$Swb007> immer @MrDuckSpace
[23:09:18] <%+Lol3rr> Ich
[23:09:19] <dersuchty4life> Ich will ein dino sein
[23:09:20] <+ihvuuvu> ich
[23:09:20] <Nils2486> Dino
[23:09:20] <Jordan09005> hi
[23:09:20] <KuscoKusc> Hier Ich :D
[23:09:21] <haefijunior> Darf ich bitte einen Dino haben
[23:09:21] <+Galbagon> Galbagon ist doch geil für nen Dino ;) LUL
[23:09:23] <Homie20006> nenn einen earlibob LUL
[23:09:26] <%+trilican32> ich bitte
[23:09:26] <@%MrDuckSpace> ich nicht danke :D :P
[23:09:28] <papaja_hd> Pflanzenfresser
[23:09:28] <Samantha_1876> Ich LUL
[23:09:31] <TobiWankino> ich
[23:09:31] <%+blackpurplex> ich mag
[23:09:32] <%+DigiritterTV> nice
[23:09:32] <atombutter> mep
[23:09:32] <GooZBear> ich
[23:09:34] <%$Swb007> nur nicht immer im chat @MrDuckSpace
[23:09:35] <%+syn4pz_> Lol ich
[23:09:36] <atombutter> ich
[23:09:37] <+ihvuuvu> ich mag biiite
[23:09:37] <Mexx86> ich
[23:09:39] <chelle2002> ich
[23:09:40] <+Freundeslisre> wie stehts mit Harald?
[23:09:40] <Nils2486> ich
[23:09:41] <Samantha_1876> Ich
[23:09:41] <%+Namles256> Namles256 :P
[23:09:43] <atombutter> bin neu ich
[23:09:43] <%$S04_Sam> Rhys
[23:09:44] <+ApeWithTie> ein fleischosauerier will ich sein !
[23:09:45] <+BuildingDetectiv> xD alle am geiern
[23:09:45] <%Thorani> ich bitte danke
[23:09:47] <%danylolipop> ich
[23:09:47] <papaja_hd> Ich
[23:09:48] <%+trilican32> me
[23:09:49] <Mr_Papagei> Hier :)
[23:09:49] <%Flaaa_> Ich zanderHype
[23:09:49] <Nils2486> ich möchte einen
[23:09:50] <cremayt> blub
[23:09:50] <@%+Aval0nTV> ich will nur ein extrem hässlicher dino sein @ZanderLP Kappa
[23:09:51] <johannes812> oje haha
[23:09:51] <atombutter> danke
[23:09:51] <Jordan09005> ich
[23:09:51] <%$Anni__96> die sterben doch eh wieder Kappa
[23:09:51] <depxgrandmarg> Ich
[23:09:52] <kavirsan1234> Ich
[23:09:53] <dersuchty4life> Ich möchte ein dino sein
[23:09:55] <mrdisaster137> mach einen raffle
[23:09:56] <xlore_3001> ich auch :)
[23:09:57] <fischti> Hallo
[23:09:58] <%$IA_99> Kann man auch die Ziege sein?
[23:09:58] <GooZBear> ich ich ich ich
[23:10:02] <xXl3ahXx> ich
[23:10:02] <%+PreaxlyR6S> Ich gerne
[23:10:02] <skorpien000> ich
[23:10:03] <MAIIK_93> pleb plebbo nicht zu vergessen ;)
[23:10:05] <SLOTHAK> ich möchte ein Dino sein :D
[23:10:05] <reinimrreini> reini
[23:10:05] <%XTCEJORP> Bin damals in Ark schon direkt draufgegangen
[23:10:06] <+BuildingDetectiv> FailFish
[23:10:07] <+ihvuuvu> ich möchte auch ein dino sein
[23:10:08] <%+trilican32> pls
[23:10:10] <%+Lol3rr> Ich
[23:10:11] <haefijunior> Ich bin der perfekte Dino
[23:10:11] <Mexx86> me
[23:10:12] <Samantha_1876> me
[23:10:12] <%+blackpurplex> @ZanderLP du welt aller bester freund ich will Kappa
[23:10:12] <Mr_Papagei> Hier ^^
[23:10:13] <meymun01> moin
[23:10:15] <%+joda12345678> @ZanderLP ich zanderLove
[23:10:16] <+ApeWithTie> !
[23:10:17] <%+Namles256> Ich :)
[23:10:17] <%$S04_Sam> Rhys!
[23:10:20] <GooZBear> ich
[23:10:25] <dersuchty4life> Ich biiiiitte
[23:10:27] <%tigerschnauze> das Spiel macht richtig Spaß dir zuschauen
[23:10:27] <obiwarn> ich
[23:10:30] <papaja_hd> Ich
[23:10:31] <+Galbagon> wie geil :D ich bin jetzt ein dino #lifegoals
[23:10:32] <%Thorani> zanderPsycho
[23:10:34] <Bechner2002> ich
[23:10:36] <+Freundeslisre> chwanzus longus?
[23:10:39] <Tenckor> Warum hat der Park eigentlich nur so wenig sterne?
[23:10:39] <TobiWankino> iiiich <3
[23:10:40] <%Flaaa_> Me pls
[23:10:43] <+ihvuuvu> ich pls
[23:10:43] <%$da_seppel> ich mag ein großer dino sein. @ZanderLP
[23:10:44] <%XTCEJORP> Ich
[23:10:45] <%$s1lenty_> @ZanderLP Und welchen nennst du S1lenty_ ?
[23:10:46] <haefijunior> Kann ich ein Fleischfresser sein?
[23:10:52] <Mr_Papagei> Ich
[23:10:54] <%+Namles256> Nice *-*
[23:10:57] <%$S04_Sam> Ehys
[23:10:58] <SporeNico> darf ich auch dein haustier sein :D
[23:10:59] <%sohaila1> 15% Kappa
[23:10:59] <bastisti> ich will ein raptor sein xD
[23:10:59] <+pingu7023> @Zander nenn einen von den stacheligen Karate_Kaktus
[23:11:03] <xXl3ahXx> Kann ich bitte zander ? <3
[23:11:06] <depxgrandmarg> Ich finde es cool das man dabei viel auf den Chat eingehen kann :)
[23:11:10] <therealresonix> @mrduckspace Auch an dich Huhu
[23:11:10] <skorpien000> ich will der bush sein
[23:11:11] <+Galbagon> Und es ist immer wieder lustig wenn Zander meinen Namen liest spricht er ihn jedes mal anders aus :D
[23:11:12] <GooZBear> meeee
[23:11:15] <%$speedbuildlp> @sohaila1 ja gute idee Kappa
[23:11:17] <fischti> LOL er benennt Dinos nach Zuschauern
[23:11:19] <Mexx86> mee
[23:11:27] <%+trilican32> hallu i bims 1 Dino lul
[23:11:27] <%+blackpurplex> wenn muss man streicheln das man wien dino heißen darf? Kappa
[23:11:27] <Bechner2002> mama ich bin ein dino 👌👌
[23:11:28] <%Thorani> hier
[23:11:32] <TobiWankino> so seh ich doch in rl aus name meeee xD
[23:11:37] <Homie20006> @fischti ja total krass oder? Datenschutz Supergau LUL
[23:11:38] <dersuchty4life> Bitte darf ich ein Dino sein
[23:11:45] <%XTCEJORP> Ist wahrscheinlich besser wenn ich kein Dino bin der würde sicher sofort verrecken
[23:11:49] <cremayt> die ist nun ein däner^^
[23:11:50] <mrdisaster137> dann bin ich mal gespannt, wer aus dem Chat als erstes an Altersschwäche stirbt
[23:11:51] <%+DigiritterTV> mach das jedesmal wenn du einen neuen Dino ausbrütest
[23:11:51] <@%MrDuckSpace> soo leute alle dinos sind benannt :D jetzt braucht ihr nicht mehr ich schreiben
[23:11:52] <%XTCEJORP> kenne mein glück ^^
[23:11:53] <cremayt> döner*
[23:11:56] <%$IA_99> schade :D
[23:11:59] <haefijunior> @zanderlp ich bin der Nächste Fleischfresser
[23:12:05] <Mr_Papagei> ;(
[23:12:08] <+Devilthumb> Wie aud em ersten teil "wo ist die ziege" :D und gleich ist der t rex da :D
[23:12:09] <+BuildingDetectiv> als ziege in jurassic world hat man bestimmt ein erfülltes leben Kappa
[23:12:24] <%nessy2go> @BuildingDetectiv LUL
[23:12:30] <fischti> @aval0ntv hi
[23:12:45] <bastisti> wie wäre es mit fressodaktylos xD:D
[23:12:48] <%+DigiritterTV> XD
[23:12:49] <%$s1lenty_> @Aval0nTV gg
[23:12:50] <@%+Aval0nTV> huhu fischti
[23:12:50] <%thelegendpr01> LuL
[23:12:59] <GooZBear> @zanderlp kannst du auch besucher bennenen ???
[23:13:00] <@%MrDuckSpace> Ach deswegen ist der park so langweilig und alt :D
[23:13:02] Viewerstats (22:44-23:13): avg:383 min:310 max:537 [15/310+3+13+0+7+0+9+4+4-7+17+177-7-21-8]
[23:13:04] <@%MrDuckSpace> KappaHD
[23:13:04] <@%+Aval0nTV> warum nu rzander? warum? jetzt kommt doch kein besucher mehr rein
[23:13:06] <+Felixzille> wie bist du eig. auf dein namen gekommen? weil zander ist ja eigentlich ein Tier :o :)
[23:13:08] <@%+Mod4YouBOT>* zanderLachen Spaß am Zocken? => Spiele bis zu 70% günstiger bekommst du bei InstantGaming: http://www.instant-gaming.com/de/?igr=Zander |-| *PP*
[23:13:08] <skorpien000> ichh will die ranger station sein bitte
[23:13:12] <%+PreaxlyR6S> Also ist der Park jetzt alt und hässlich Kappa
[23:13:21] <Sinnaj1> Ich wäre gerne die Ranger station Kappa
[23:13:22] <%$Swb007> @ZanderLP Ich wäre gerne ein Forschungszentrum :D zanderTroll zanderLOL
[23:13:26] <%XTCEJORP> @ZanderLP ohne Witz, die Forschungsstation muss nach meinem Namen benannt werden
[23:13:30] <%$s1lenty_> Ich möchte der Zaun sein Kappa
[23:13:30] <+pingu7023> beenn einen Dino nach Yoda!!! Der hats verdient
[23:13:32] <%Flaaa_> Ich möchte gerne das Forschungszentrum sein zanderLOL
[23:13:55] <skorpien000> ichh will die ranger station sein bitte
[23:13:56] <%+blackpurplex> @ZanderLP darf ich der pflanzenfresser sein wo du in das Fleischfressergehege rein tust? Kappa
[23:14:01] <Puschkiin> Findest du Preis Leistung von diesem Spiel gut oder hättest du dir mehr erhofft? @ZanderLP
[23:14:11] <xXl3ahXx> @ZanderLP WIe teuer is das spiel?
[23:14:12] <@%+Aval0nTV> und noch was ... heisst das, das jetzt alle dino namensgeber in MIR sind? Kappa
[23:14:18] <Homie20006> @Aval0nTV "Hey, wart ihr auch schon in Avalon? Da ist richtig was los." LUL
[23:14:19] <@%+fleXtechZTV> ZanderLP das kenn ich nicht anders von dir :) dein OBS sieht immer aus wie im Schweinestall Kappa
[23:14:20] <Bechner2002> kann man da auch später noch dekorieren wie bei planetcoster ??
[23:14:22] <chelle2002> das andere Gehege noch vergrößern
[23:14:24] <%XTCEJORP> @ZanderLP ohne Witz, die Forschungsstation muss nach meinem Namen benannt werden. Wie passend ist das bitte?
[23:14:28] <skorpien000> ichh will die ranger station sein bitte
[23:14:31] <haefijunior> Kann der 2. Park HaefiJunior heissen?
[23:14:38] <+Felixzille> @zanderlp wei bist du eig. auf dein name gekommen weil zander ist ja ein tier? :D
[23:14:47] <@%MrDuckSpace> !nick Felixzille
[23:14:47] <@%+Mod4YouBOT>* Im Urlaub hatte Michael jemanden kennengelernt, den man Zander nannte. Er mochte diesen Namen und übernahm ihn als Nicknamen :)
[23:14:50] <therealresonix> Sind ja fast Googles verdienst Kappa
[23:14:54] <@%+Aval0nTV> @Homie20006 oh man... ^^ wieso tut er sowas?
[23:15:08] <bastisti> kann ich das Forschungszentrum sein. Ich liebe chemie über alles <3 <3 <3
[23:15:23] <chelle2002> mach daraus lieber zwei würde ich sagen
[23:15:33] <legendgamer094> !instant gaming
[23:15:37] <@%+fleXtechZTV> mal weniger Nitroverdünnung trinken :) bastisti :D
[23:15:37] <@%MrDuckSpace> !ig
[23:15:37] <@%+Mod4YouBOT>* zanderLachen Spaß am Zocken? => Spiele bis zu 70% günstiger bekommst du bei InstantGaming: http://www.instant-gaming.com/de/?igr=Zander |-| *PP*
[23:16:23] <%XTCEJORP> @ZanderLP ohne Witz, die Forschungsstation muss nach meinem Namen benannt werden, wie passend ist das bitte?
[23:16:39] <%+DrSprayyy> Heyhoo zusammen! <3
[23:16:47] <@%MrDuckSpace>* Leute ich würde euch bitte im Chat nicht mehr zu fragen, ob ein Tier oder ähnliches nach euch benannt wird, danke ;)
[23:16:54] <%+PreaxlyR6S> Nabend @drsprayyy zanderHi
[23:16:56] <@%+Aval0nTV> !ig @legendgamer094
[23:17:06] <skorpien000> ichh will die ranger station sein bitte
[23:17:14] <chelle2002> und gleich alle dinos weg weil kein Zaun mehr da ist
[23:17:21] <Sinnaj1> Ich wäre dann gerne die Ranger Station :D Kappa
[23:17:22] <+Felixzille> ich würde dann mal ein oder zwei futterstellen dazu machen und etwas nach hinten setzten weil die sonst kein essen bekommen weil die anderen essen
[23:17:28] <%XTCEJORP> @ZanderLP LOVE
[23:17:29] <@%MrDuckSpace> skorpien000 ich habe gerade was dazu gesagt ;)
[23:17:31] <Mexx86> dann möchte ich bitte das hotel wenn eins kommt ;D
[23:17:35] <@%MrDuckSpace>* Leute ich würde euch bitte im Chat nicht mehr zu fragen, ob ein Tier oder ähnliches nach euch benannt wird, danke ;)
[23:17:37] <@%MrDuckSpace>* Leute ich würde euch bitte im Chat nicht mehr zu fragen, ob ein Tier oder ähnliches nach euch benannt wird, danke ;)
[23:17:37] <%+blackpurplex> @ZanderLP ich mag den dino sein wo du zu den fleischfresser rein tust Kappa
[23:17:45] <bastisti> kann ich das Forschungszentrum sein. ich liebe chemie über alles <3 <3 <3 <3 <3
[23:17:54] <%thelegendpr01> Jetzt gibts gute Partys auf der Station Kappa
[23:17:59] <%$s1lenty_> @MrDuckSpace Ich glaube die wirst ignoriert FeelsBadMan
[23:18:04] <%$s1lenty_> *du
[23:18:06] <therealresonix> Ich wäre gerne ein Baum Kappa
[23:18:08] <@%+Mod4YouBOT>* ** Der NEUE Merch ist da ** zanderHype Die mega geilen Caps findet ihr hier, die Hoodies sind leider bereits ausverkauft: https://www.zanderstore.de/ zanderGeGe
[23:18:27] <@%MrDuckSpace> s1lenty_ ich sorg da glcih für :D
[23:18:34] <bb2901> gibt's Attraktionen? Zeug mal bitte was
[23:18:35] <%$s1lenty_> aua
[23:18:43] <fischti> Wenn du einen Wasserdino hast wäre mein Name relativ passend Kappa
[23:18:43] <%$S04_Sam> Ich wär gern reich Kappa
[23:18:59] <Sinnaj1> Nur bei der gleichen rasse
[23:19:02] <@%MrDuckSpace> fischti auch mit nem Kappa wird es nicht besser ;)
[23:19:09] <@%+Aval0nTV> @ZanderLP vllt, weil von der art nur einer da ist! ich denke nicht, das sich der sozialwert durch andere dinorassen erhöht
[23:19:22] <+Srylnir> @ZanderLP Würdest du sagen dass das game für 55€ ne kaufempfehlung ist oder sollte man lieber noch warten bis es mal billiger wird?
[23:19:23] <kavirsan1234> Nicht zuviele grosse dinos sonst bekämpfen sie sich selber
[23:19:32] <+19pierre09> @ZanderLP Der Socialwert geht höher wenn du die GLEICHEN Dinos ansiedelst
[23:19:39] [Notification] flo_1511 just subscribed with a Tier 1 sub. flo_1511 subscribed for 12 months in a row! [Das Jahr ist voll! War ja schon mal 1 Jahr Sub! Bin Froh es wieder geschafft zu haben! zanderLove]
[23:19:46] <@%+Aval0nTV> zanderHype zanderLove zanderHype zanderLove zanderHype zanderLove zanderHype zanderLove zanderHype zanderLove zanderHype zanderLove zanderHype zanderLove zanderHype zanderLove zanderHype zanderLove zanderHype zanderLove zanderHype zanderLove zanderHype zanderLove zanderHype zanderLove
[23:19:58] <@%MrDuckSpace> !hype
[23:19:58] <@%+Mod4YouBOT> zanderHype zanderLove zanderHype zanderLove zanderHype zanderLove zanderHype zanderLove zanderHype zanderLove zanderHype zanderLove zanderHype zanderLove zanderHype zanderLove zanderHype zanderLove zanderHype zanderLove zanderHype zanderLove zanderHype zanderLove zanderHype zanderLove
[23:20:07] <%+Kaseraph> !hype
[23:20:16] <%thelegendpr01> zanderHype zanderLove zanderHype zanderLove zanderHype zanderLove zanderHype zanderLove zanderHype zanderLove zanderHype zanderLove zanderHype zanderLove zanderHype zanderLove zanderHype zanderHype zanderLove zanderHype zanderLove zanderHype zanderLove zanderHype zanderLove zanderHype zanderLove zanderHype zanderLove zanderHype zanderLove zanderHype zanderLove zanderHype zanderLove
[23:20:20] <skorpien000> fahr sie mal an
[23:20:23] <%+PreaxlyR6S> zanderHype zanderLove zanderHype zanderLove zanderHype zanderLove zanderHype zanderLove zanderHype zanderLove zanderHype zanderLove zanderHype zanderLove zanderLove zanderHype zanderLove
[23:20:29] <+Felixzille> @zanderlp ich würde im planzen fresser gehege noch ein paar futterstellen dazu machen und etwas weiter nach hinten setzen ( dass die nicht alle an einem futter platz essen und dann sterben)
[23:20:41] UNMOD: Chdxd1
[23:21:05] <%+flo_1511> Ja sicher gefällt es mir hier immer noch! Bin froh dich gefunden zu haben! @ZanderLP
[23:21:07] <chelle2002> irgendwann fährt er mal gegen ein dino
[23:21:41] <+recco98> hiii
[23:21:48] <@%MrDuckSpace> recco98 zanderHI
[23:21:49] <@%+Aval0nTV> nabend recco98
[23:21:54] <fischti> @mrduckspace ich weiß wollte auch gar nicht, dass einer der Dinos nach mir benannt wird
[23:22:06] <skorpien000> ein hotel baun wegen gäste kapazität
[23:22:18] <chelle2002> du hast noch ein Kraftwerk ohne Verbesserung glaube ich
[23:22:20] <Jamal192005> kommt noch R6
[23:22:28] <@%MrDuckSpace> Jamal192005 ich denke nicht nein ;)
[23:22:34] <el_schlappentv> wie lang machst du heute noch
[23:22:38] <%sohaila1> !uptime
[23:22:39] <@%+Mod4YouBOT>* Zander ist online seit 2 Stunden 54 Minuten.
[23:22:41] <Jamal192005> :(
[23:22:41] <benbaruch> Fahr mal die dinos an
[23:22:45] <@%MrDuckSpace> el_schlappentv eig wollte er bis 23 Uhr :D :P
[23:22:50] <fischti> sonst wäre ich ein Urzeitliches Geschöpf ich will kein Dino sein
[23:22:52] <+ApeWithTie> ins gehege
[23:22:57] <@%MrDuckSpace> benbaruch wird iwann nochmal passieren ;)
[23:23:08] <@%+Mod4YouBOT>* Ihr wollt auf dem neusten Stand bleiben? Dann holt euch den Newsletter auf euer WhatsApp! Weitere Infos dazu findet ihr hier: https://pushr.me/ zanderHype |-| Hier gibt es auch eine Video-Erklärung: https://m4u.link/zander/BotClip . Sollte der Bot bei euch nicht antworten, löscht einfach die Nummer, erstellt den Kontakt neu und schreibt ihn erneut mit !start an! zanderLachen
[23:23:08] <%+flo_1511> Ja sicher gefällt es mir hier immer noch! Bin froh dich gefunden zu haben! @ZanderLP
[23:23:39] <@%MrDuckSpace> flo_1511 das ist schön, du brauchst dich tzd nicht wiederholen ;) Danke
[23:24:00] <+Felixzille> bin mal weg, g8 und viel Spaß noch :) @zanderlp
[23:24:06] <@%MrDuckSpace> Felixzille gute nacht
[23:24:12] <%+flo_1511> ja @MrDuckSpace
[23:25:24] MOD: Chdxd1
[23:25:57] <@%+Aval0nTV> !kanal
[23:25:57] <@%+Mod4YouBOT>* YouTube: https://m4u.link/zanderlp/yt |-| Facebook: http://facebook.zanderlp.de |-| Twitter: https://twitter.com/ZanderLP |-| Instagram: http://instagram.zanderlp.de |-| SnapChat: ZanderLP
[23:26:15] <+recco98> hi
[23:26:30] <%+blackpurplex> jaja da da da da da da
[23:26:34] <depxgrandmarg> Musst du den Dino nicht auch ausbrüten wenn du ihn modifiziert hast ?
[23:26:37] <@%MrDuckSpace> recco98 zanderHi
[23:26:38] <Puschkiin> Welche Seite empfehlst du zum kaufen von diesem Spiel?
[23:26:50] <@%+Aval0nTV> !ig @Puschkiin
[23:26:50] <@%+Mod4YouBOT>* zanderLachen Spaß am Zocken? => Spiele bis zu 70% günstiger bekommst du bei InstantGaming: http://www.instant-gaming.com/de/?igr=Zander |-| *PP* Puschkiin
[23:27:09] <%sohaila1> ich gehe dann mal schlafen :D gute Nacht und viel Spaß euch noch <3 zanderFlosse
[23:27:16] <@%MrDuckSpace> sohaila1 byebye ;)
[23:27:19] <skorpien000> genomifizieren ??
[23:27:23] <Teletabbi1234> mach mal so nen aggressiven Fleischfressosaurus in deren Gehege, vlt machen die untereinander dann Stress xD
[23:27:34] <chelle2002> hat er schon den anderen zaun von den Pflanzenfressern fertig gebaut
[23:27:35] <%+flo_1511> Hast du eig schon mal Realm Royal gespielt? @ZanderLP
[23:27:37] <@%MrDuckSpace> Teletabbi1234 besser nicht :D
[23:27:39] <@%+Aval0nTV> @Puschkiin leider gibt es dort das spiel noch nicht. sollte aber in den nächsten tagen rein kommen
[23:27:53] <%nessy2go> @sohaila1 gute nacht :)
[23:27:55] <%$IA_99> dann mach mal jetzt ein pflanzenfresser in das gehege
[23:28:00] <+19pierre09> zander mach dich bereit die werden unzufriden sein
[23:28:04] <+Syntonum> syntonMoin syntonMoin :)
[23:28:04] <%+DigiritterTV> mach da doch jetzt nen kleinen pflanzenfresser rein
[23:28:08] <@%+Mod4YouBOT>* Runtime-GGs Produkte sind speziell auf Gamer abgestimmt und nicht nur schnell und einfach zubereitet, sondern auch noch gesund und lecker zanderLove Hier gibt es weitere Infos: https://runtime.idevaffiliate.com/127.html *PP* |-| Der aktuelle RabattCode (10%) lautet: "zander"
[23:28:08] <+balashuhn> ohje im fleischfresser gehege wird es jetzt zu machtkämpfen kommen :D
[23:28:12] <+19pierre09> zuviele gleiche dinos
[23:28:15] <@%MrDuckSpace> Wat?
[23:28:16] <dersuchty4life> Darf ich der nächste dino sein
[23:28:18] <%+blackpurplex> darf ich wie ne tür heißen ich find blackpurplex ist zu irgendwie lustig xD
[23:28:29] <therealresonix> Haha Duck
[23:28:30] <+Amv_lp> dir ist klar das sich die Fleischfresser hassen (sozial)
[23:28:38] <+19pierre09> jetzt gehts rund :D
[23:28:56] <%thelegendpr01> es sind zu viele Fleschfresser im Gehge
[23:28:59] <%$IA_99> dann mach mal jetzt ein pflanzenfresser in das gehege
[23:29:10] <%tigerschnauze> läuft bei dir zander
[23:29:19] <Puschkiin> Alles klar Danke @Aval0nTV und @Mod4YouBOT
[23:29:22] <+19pierre09> mal sehen ob du gleich noch klar kommst :D
[23:30:48] <xblack_earthx> Klick bei einem Dino auf das i da stehen Infos über die Dinos
[23:31:02] <%+DigiritterTV> dann mach mal jetzt ein Pflanzenfresser in das Gehege der Fleischfresser
[23:31:02] <skorpien000> mach mal ein genomifizierten dino bitte :) :)
[23:31:11] <%+L_TV> uhh Morgen mittag :d
[23:31:23] <therealresonix> CRT004 kann gerne meinen Namen tragen KappaPride
[23:31:25] <%+L_TV> zum glück hab ich fre
[23:31:27] <%+L_TV> i
[23:31:41] <@%MrDuckSpace> L_TV ich muss erst 18 Uhr raus :D
[23:31:59] <Chronixe_> Das Spiel erinnert mich an Operation Genisis, SeemsGood
[23:31:59] <%+L_TV> auha :D @MrDuckSpace
[23:32:09] <Pander1893> du wolltest noch die pflanzenfrässer und die fleischfrässer zusammen machen :)
[23:32:21] <ScamPii> @ZanderLP Was heißt denn Mittag so ungefähr bei dir ? :b
[23:32:24] <bastisti> was ist jetzt eigentlich mit dem pflanzenfresser im fleischfressergehege
[23:32:32] <@%MrDuckSpace> !hyoe
[23:32:34] <@%MrDuckSpace> !hype
[23:32:35] <@%+Mod4YouBOT> zanderHype zanderLove zanderHype zanderLove zanderHype zanderLove zanderHype zanderLove zanderHype zanderLove zanderHype zanderLove zanderHype zanderLove zanderHype zanderLove zanderHype zanderLove zanderHype zanderLove zanderHype zanderLove zanderHype zanderLove zanderHype zanderLove
[23:32:42] <%nessy2go> zanderGeGe
[23:32:47] <dersuchty4life> Kannst du den nach mir benennen ich hab so ein Dickschädel
[23:32:53] BAN: dersuchty4life (1s)
[23:32:53] MOD_ACTION: aval0ntv (timeout dersuchty4life 1 )
[23:33:05] <%+DigiritterTV> dann mach mal jetzt ein Pflanzenfresser in das Gehege der Fleischfresser
[23:33:08] <+iskywalkerhd> sweeterboy
[23:33:08] <@%+Mod4YouBOT>* zanderLachen Spaß am Zocken? => Spiele bis zu 70% günstiger bekommst du bei InstantGaming: http://www.instant-gaming.com/de/?igr=Zander |-| *PP*
[23:33:08] <%+L_TV> oh der ist aber süß, ob der wphl gut schmeckt? Kappa
[23:33:15] <kavirsan1234> Kanmpf
[23:33:16] <+19pierre09> BESTAND sind alle dinos zander und SOZIAL die gleichen, nur für morgen
[23:33:17] <@%+Aval0nTV> @dersuchty4life zander hat doch schon drum gebeten, nicht mehr nach dino benennung zu fragen
[23:33:21] <kavirsan1234> Kampf
[23:33:22] <@%MrDuckSpace> uh los gehts flo_1511 :D
[23:33:35] <%nessy2go> @Aval0nTV zanderLachen
[23:33:35] <%+flo_1511> @mrduckspace haha
[23:33:36] <@%MrDuckSpace> och neee
[23:33:38] <%GimpelPlays> hast auch ein schon gimpel genannt :D ?
[23:33:44] <%+blackpurplex> ich tip auf flo
[23:33:47] <@%MrDuckSpace> ../gamemode 1 KappaHD
[23:33:48] <%nessy2go> LUL oh Kai
[23:33:51] <%+blackpurplex> wer wettet mit? LUL
[23:33:59] <%ToniDyke> Dino fight!!!!!!!
[23:34:00] <%+blackpurplex> 5 euro auf flo LUL
[23:34:08] <m4tzze> JO WAS GEHT AB DIGGI
[23:34:08] <therealresonix> Die Sterben wenn du nkx machst
[23:34:10] <skorpien000> geh mi beteuben da zwischen das keine sterben
[23:34:19] <%+Namles256> 5€ auf MrDuckSpace :D
[23:34:20] <%+L_TV> 20€ auf @MrDuckSpace
[23:34:25] BAN: m4tzze (2s)
[23:34:25] MOD_ACTION: derjonmelsungen (timeout m4tzze 2 )
[23:34:26] <@%+Aval0nTV> @m4tzze bitte nicht caps schreiben ;)
[23:34:28] <%$IA_99> haben aufgegeben
[23:34:28] <mrdisaster137> jurassic parc battle royal
[23:34:30] <@%MrDuckSpace> nee keine lust mehr :D
[23:34:31] <%thelegendpr01> @blackpurplex ich steig mit eon MiniK
[23:34:35] <%nessy2go> @MrDuckSpace zanderGeGe
[23:34:37] <chelle2002> kann er so heißen wie ich der eine pflanzenfresser
[23:34:41] <dersuchty4life> @Aval0nTV ich hab zwischendurch mit meinner Mutter gerdet und das deswegen nicht mitbekommen
[23:34:49] <Pander1893> pflanzenfrässer ins gehege bitte
[23:34:51] <@%MrDuckSpace> Aval0nTV kann gar nix, der ist nur ne blöde Bahnstation Kappa
[23:34:51] <%$IA_99> dadrüben
[23:34:59] <%+flo_1511> @mrduckspace du hast angefangen zanderLOL zanderLOL
[23:35:00] <%+blackpurplex> @Aval0nTV der mod hilft überall xD
[23:35:24] <@%+Aval0nTV> @blackpurplex jau ^^
[23:35:29] <SporeNico> Geil
[23:35:30] <chelle2002> mega
[23:35:40] <%+DigiritterTV> ich habe wen getötet
[23:35:45] <+DaSaFTi> war wohl nicht so sein tag ;D
[23:35:47] <%$IA_99> es war sein vorschlag die dinos umzubennen und sein ende lel
[23:35:53] <+MadMaxer13> ich denke die musik sagt alles grade haha
[23:35:57] <%+blackpurplex> @ZanderLP hol ihn daraus
[23:36:16] <+Galbagon> @DigiritterTV du mörder Kappa
[23:36:22] <%+blackpurplex> gibt es eig ne dino krankenstation? LUL
[23:36:26] <+MadMaxer13> vlt den zaun ausbauen
[23:36:28] <+MadMaxer13> haha
[23:36:34] <reinimrreini> der pflanzenfresser
[23:36:41] <%+L_TV> Bis denne :D
[23:36:53] <chelle2002> bye
[23:36:54] <%+flo_1511> Tschau @zanderlp
[23:36:55] <fischti> bb gn8
[23:37:02] <muffin0300> Tschöö
[23:37:02] <%+DigiritterTV> bb
[23:37:06] <%+semsem61> Zander du hattest einen Kamp
[23:37:09] <el_schlappentv> bb gn
[23:37:15] <Pander1893> tschüss
[23:37:15] <perfi24> bb lpmHi sallicHeart sallicHype sallicHeart sallicHype
[23:37:20] <%+semsem61> Kampf*
[23:37:21] <%+L_TV> Haut rein boys and girls
[23:37:24] <%$darkrose362> gute nacht mein lieber Zanderlp <3 <3
[23:37:25] <%$speedbuildlp> gn8
[23:37:33] <%+semsem61> Tschüüss
[23:37:40] <chelle2002> gn8
[23:37:45] <%+blackpurplex> bye bye little zander ei Kappa
[23:37:52] <SporeNico> Hauta rein leute bis morgen :)
[23:38:00] <%+L_TV> tschööö
[23:38:01] <@%MrDuckSpace> !timer off !partner
[23:38:07] <%$speedbuildlp> <3 <3 <3 <3
[23:38:11] <+LoCaCola> that timing... eben eingeschaltetn LUL
[23:38:15] <Pander1893> kannst noch jemand hosten ?
[23:38:16] <partypaay> Gn8
[23:38:27] <%+flo_1511> zanderLove zanderLove zanderLove zanderLove zanderLove zanderLove zanderLove zanderLove zanderLove
[23:38:33] <@%+DerJonMelsungen> bb ihr tollen leute und bb ente MiniK
[23:38:38] <%+blackpurplex> !hype
[23:38:38] <@%+Mod4YouBOT> zanderHype zanderLove zanderHype zanderLove zanderHype zanderLove zanderHype zanderLove zanderHype zanderLove zanderHype zanderLove zanderHype zanderLove zanderHype zanderLove zanderHype zanderLove zanderHype zanderLove zanderHype zanderLove zanderHype zanderLove zanderHype zanderLove
[23:38:43] <%danylolipop> cbyYawn cbyYawn cbyYawn cbyYawn
[23:38:50] <@%MrDuckSpace> Byebye :D DerJonMelsungen und auch alle anderen :D
[23:38:53] [Info] Now hosting MissMoep.
[23:38:53] MOD_ACTION: zanderlp (host missmoep)
[23:39:52] UNMOD: Flettylive
[23:42:11] UNMOD: DerJonMelsungen, Zanderlp, fleXtechZTV
[23:43:12] Viewerstats (23:15-23:41): avg:473 min:420 max:504 [14/504-1-18+8-23+20+5-11-12+12-10-44-10+0]
[23:43:37] ~Stream offline~
[23:43:37] ~Stream offline~
