# Log started: 2018-08-19 08:29:14 +0200
[08:29:14] Trete #zanderlp bei..
[08:29:14] ~Stream offline~
[08:29:14] ~Stream offline~
[08:29:14] #zanderlp beigetreten
[08:29:27] You have left #zanderlp
# Log closed: 2018-08-19 08:29:27 +0200
-
# Log started: 2018-08-19 12:48:49 +0200
[12:48:49] Trete #zanderlp bei..
[12:48:49] ~Stream offline~
[12:48:49] ~Stream offline~
[12:48:49] #zanderlp beigetreten
[12:48:49] [Info] Now hosting UbisoftDE.
[12:48:59] You have left #zanderlp
# Log closed: 2018-08-19 12:48:59 +0200
-
# Log started: 2018-08-19 19:59:29 +0200
[19:59:29] Trete #zanderlp bei..
[19:59:29] #zanderlp beigetreten
[19:59:29] ~Stream offline~
[19:59:29] ~Stream offline~
[20:01:25] MOD: recklessGreed, Mod4youbot, Moobot
# Log closed: 2018-08-19 20:06:41 +0200
-
