# Log started: 2018-08-19 08:29:09 +0200
[08:29:09] Trete #zinushd bei..
[08:29:09] #zinushd beigetreten
[08:29:10] ~Stream offline~
[08:29:10] ~Stream offline~
[08:29:27] You have left #zinushd
# Log closed: 2018-08-19 08:29:27 +0200
-
# Log started: 2018-08-19 12:48:44 +0200
[12:48:44] Trete #zinushd bei..
[12:48:45] #zinushd beigetreten
[12:48:45] MOD: Moobot, Mod4youbot, Zinushd
[12:48:45] ~Stream offline~
[12:48:45] ~Stream offline~
[12:48:59] You have left #zinushd
# Log closed: 2018-08-19 12:48:59 +0200
-
# Log started: 2018-08-19 19:59:24 +0200
[19:59:24] Trete #zinushd bei..
[19:59:25] #zinushd beigetreten
[19:59:25] ~AQUA! #Baueskalation (Minecraft)~
[19:59:25] ~AQUA! #Baueskalation (Minecraft)~
[19:59:30] <katha300907> und worldBurda Erweiterung
[19:59:30] <%neko_julchen> stimmt ^^
[19:59:32] <mrschlaflos> lag
[19:59:35] <wasjustbad> hi
[19:59:43] <lonsi13> hi
[19:59:55] <wasjustbad> hi zinus
[19:59:56] <koedi2003> hiho
[19:59:58] <%$LaLinchenBleu> Danke Zinus, kann echt grade eine Ablenkung gebrauchen ^^ zinusLiebe
[20:00:03] <%rensalp> was ab ihr Zyklopen
[20:00:04] <%mist3r_x_> hiiii zinusHallo clymHi
[20:00:11] <%neko_julchen> bei mir läuft es flüssig mit 1080p60
[20:00:20] <%+Drantox> Hey @ZinusHD
[20:00:23] <%$LaLinchenBleu> Bei mir ist auch alles gut
[20:00:27] <simon1231231> dee spark stream auch
[20:00:38] <spanatze> salü zinus, bisch fitt?
[20:00:51] <%$LaLinchenBleu> Ich habe von Clym und dir beide Folgen gesehen ^^
[20:01:00] <lonsi13> Kannst du fortnite spielen
[20:01:17] <spanatze> sicher immer doch ;)
[20:01:21] <%justanothermelii> Hallöchen zinusLiebe
[20:01:25] MOD: Xmisty13x, Moobot, Mod4youbot, Zinushd
[20:01:33] <%$LaLinchenBleu> @justanothermelii zinusHallo zinusLiebe
[20:01:42] <%justanothermelii> @lalinchenbleu zinusHallo zinusHallo
[20:01:45] <%+kleinesKoopa> heyyy
[20:01:55] <%$LaLinchenBleu> @kleineskoopa zinusHallo
[20:02:13] <%$xlunacrysis> @justanothermelii zinusHallo zinusLiebe
[20:02:14] <@%xmisty13x> hey aus kroatien :D
[20:02:20] <%neko_julchen> hi meli ^^
[20:02:24] <%$LaLinchenBleu> @xmisty13x Misty zinusLiebe zinusLiebe zinusHallo
[20:02:34] <%+snoxxxte> zinusHype zinusHype
[20:02:34] <simon1231231> hi zinus
[20:02:36] <%+Drantox> salü @ZinusHD , bisch fitt? weiß zwar net ganz was das heißt aber egal XD
[20:02:46] <%$LaLinchenBleu> @drantox zinusHallo
[20:02:46] <Ronja9004> hey
[20:02:53] <%justanothermelii> @xlunacrysis @neko_julchen @xmisty13x zinusLiebe
[20:02:56] <@%xmisty13x> !loots
[20:02:56] <@%+Mod4YouBOT>* Hier könnt ihr mir kostenlos eine Nachricht in den Stream senden und mich damit noch unterstützen! https://loots.com/zinus
[20:03:00] <katha300907> worldborder Erweiterung ?
[20:03:03] <mrschlaflos> habe schon schule
[20:03:17] <DiaPic> kannst du mal zu spark schaun??
[20:03:37] <bluestieel> frage spark wen er dir eine endaperle gipt
[20:03:41] <acul03> hallo wi lang bisch scho am streame
[20:03:41] <@%xmisty13x> erst mal ausm urlaub zugucken und moderieren :p <3
[20:03:44] <%+Drantox> @kleinesKoopa lang hier net mehr gesehen xD
[20:03:46] <spanatze> Sisspower!
[20:03:55] <%+snoxxxte> @zinushd vo wo chunsch du
[20:03:58] <beniwizzon> Hello
[20:04:02] <nerdgaming123456> hi bin krank
[20:04:04] <%mist3r_x_> wär esch aues us de schwiz?
[20:04:04] <katha300907> lag
[20:04:05] <~%ZinusHD> Find out more about the fascinating and perilous world of Armored Warfare! Play free now! https://loots.com/t/0149mlzxV
[20:04:06] <spanatze> swisspower*
[20:04:07] <@%xmisty13x> !info @snoxxxte
[20:04:07] <@%+Mod4YouBOT>* Zinus heißt Jan und ist 27 Jahre alt. Er kommt ursprünglich aus der Schweiz (Bern) und lebt seit ein paar Monaten in der Nähe von Köln in der "ZymWG" zusammen mit Clym. HappyJack snoxxxte
[20:04:08] <DiaPic> kannst du bitte zu spark schauen?
[20:04:16] <simon1231231> loot
[20:04:29] <simon1231231> bitte loot
[20:04:35] <%+snoxxxte> thx
[20:04:42] <@%xmisty13x> !loots
[20:04:42] <@%+Mod4YouBOT>* Hier könnt ihr mir kostenlos eine Nachricht in den Stream senden und mich damit noch unterstützen! https://loots.com/zinus
[20:04:49] <%+kleinesKoopa> ich bin auch krank...🤔😑
[20:04:55] <blakshadow5240> hi bin auch wieder da😂
[20:05:03] <%+Drantox> @kleinesKoopa was haste?
[20:05:04] <%plody4yt> Moin Zinus bin auch am start
[20:05:08] <@%xmisty13x> @ZinusHD wie lange wird denn gestreamt? :D
[20:05:20] <%+kleinesKoopa> @drantox snupfen xD
[20:05:30] <%+Drantox> oh gute besserung
[20:05:33] <%konterchrxs> hey
[20:05:53] <%$LaLinchenBleu> @xmisty13x 1-2 Stunden ^^
[20:06:11] <%+Drantox> mir ist so warm, könnte aber auch an mir liegen xD
[20:06:20] <%$25Patrick> Nabend
[20:06:21] <%konterchrxs> ne :(
[20:06:21] <@%xmisty13x> @LaLinchenBleu ok, sollte sich ausgehen :D danke <3
[20:06:31] <%+kleinesKoopa> !coins
[20:06:34] <@%+Mod4YouBOT> kleineskoopa: 1637 Coins
[20:06:36] <%$LaLinchenBleu> @xmisty13x bitte :D <3
[20:06:40] <%mist3r_x_> @ZinusHD gibts schon neuigkeiten zum subserver mit skate? und wann wird der nochmal veröffentlicht? :D :D
[20:06:41] Viewerstats (19:59-20:05): avg:61 min:41 max:88 [5/41+0+13+30+4]
# Log closed: 2018-08-19 20:06:41 +0200
-
