# Log started: 2018-06-10 21:22:28 +0200
[21:22:28] Trete #zinushd bei..
[21:22:28] #zinushd beigetreten
[21:22:28] ~FTB Continuum SUB-Server! #ZYMServer (Minecraft)~
[21:22:28] ~FTB Continuum SUB-Server! #ZYMServer (Minecraft)~
[21:22:44] <trail141> und liblings auto??
[21:22:53] <112max> Was ist dein Lieblings essen zinus
[21:23:13] <%navolp> petritHype zinusHype zinusHype
[21:23:17] <@%+RexentieTV> Toll :D
[21:23:19] <%$erickokus> zinusHype zinusHype zinusHype zinusHype
[21:23:22] MOD: Mod4youbot, Sunniglp, Moobot, Mrduckspace, Aval0ntv, RexentieTV, Zinushd, Aysli, Clym
[21:23:30] <%$YTwolf4686> zinusHype zinusHype
[21:23:31] <@%Clym> die hat nen neuen deal mit meiner schwester
[21:23:32] <@%Clym> xD
[21:23:42] <1thund3r_f0x> XD
[21:23:48] <@%Clym> aber aus dem grund bestellen wir auch deutlich weniger
[21:23:52] <%$OpenFly> @zinushd Ich war Bei Eddi auf dem Kontert er ust Auch mein absoluter lieblings Künstler wenn ich ihn Treffen würde und mit ihm Reden würde wprde einer meiner größten Traume in erfüllung gehen
[21:24:14] <Flinn__153> @clym nich böse mehmen aber warst du n hoffnungsloser fall Kappa Kappa
[21:24:17] <@%Clym> also wahrscheinlicher ist, dass wir in einer woche auf dem mars landen
[21:24:31] <sypetv_> warum streamt clym nicht?
[21:24:32] <%$OpenFly> @clym welcher deal ist das denn
[21:24:47] <Flinn__153> @also wegen weniger essen
[21:24:48] <%$erickokus> @sypetv_ er streamt 21:45
[21:24:59] <%xmisty13x> !loots
[21:24:59] <@%+Mod4YouBOT>* Hier könnt ihr mir kostenlos eine Nachricht in den Stream senden und mich damit noch unterstützen! https://loots.com/zinus
[21:25:00] <sypetv_> ok
[21:25:05] <%xmisty13x> lootet ma' :/
[21:25:27] <@%+RexentieTV> @xmisty13x das kannst du ja auch :P
[21:25:29] <%navolp> @rexentietv Ich habe mich als Moderator beworben ist das schon bei euch angekommen
[21:25:31] <%xXLasse03> die Flux Rüstung die ich jetzt habe ist eigendlich voll schnell und einfach zu machen
[21:25:35] <112max> Clym was ist sein Lieblings essen???
[21:25:40] <%xmisty13x> @rexentietv tu ich ja :3
[21:26:06] <@%+RexentieTV> @navolp Bestimmt ja :P bekommst ja dan per Ticketsystem eine Antwort :D
[21:26:08] <%$YTwolf4686> muss leider erstmal weg komme aber dann zum stream von clym wieder bis später zinusLiebe zinusLiebe
[21:26:11] <%$OpenFly> Der schlimmer Fringer muss vom server CD
[21:26:26] <@%+RexentieTV> @YTwolf4686 bis gleich :D
[21:26:28] <%$erickokus> @ytwolf4686 bis später
[21:26:38] <%$OpenFly> Wollen wir einen Flash mob machen?
[21:26:48] <%FluFlu04> ich wurde auch gekickt
[21:26:51] UNMOD: Aval0ntv
[21:26:58] <%navolp> @rexentietv Was ist ein Ticketsystem
[21:27:01] <trail141> las zinus prenken
[21:27:12] <%FluFlu04> jaaaaa
[21:27:35] <%$erickokus> @trail141 lass schreiben stream ist off xD
[21:27:36] <trail141> was sollen wier machen??
[21:27:39] <Flinn__153> @navolp as i know so in etwa dass wie du dich beworben hast
[21:27:40] <pia2018> Wie ???
[21:27:53] <%leuchtelichtlp> @fluflu04 ich auch
[21:27:54] <@%+RexentieTV> @navolp Alle Bewerbungen, Hilfeanfragen ec werden da gelistet
[21:28:00] <es888> wo ist zinus bin neu
[21:28:10] <%$OpenFly> Lass all ihn mit Fragen voll spamen wie z.B. Wie alt bist du wann bist du geboren wie ist dein Vorname...
[21:28:14] <%$erickokus> @es888 kommt gleich wieder
[21:28:14] <%navolp> ok danke
[21:28:19] <Flinn__153> @es888 der kommt sofort wieder ^&
[21:28:23] <Flinn__153> *^^
[21:28:25] <112max> Clym was ist dein Lieblings essen???
[21:28:27] You have left #zinushd
[21:28:27] Viewerstats (21:22-21:26): avg:158 min:156 max:162 [4/157+0-1+6]
# Log closed: 2018-06-10 21:28:27 +0200
-
