# Log started: 2018-06-18 16:47:32 +0200
[16:47:32] Trete #zinushd bei..
[16:47:33] #zinushd beigetreten
[16:47:33] ~Stream offline~
[16:47:33] ~Stream offline~
[16:51:55] MOD: Mod4youbot, Moobot
[17:26:44] [Notification] themaxx0311 just subscribed with Twitch Prime!
[17:47:50] <%+Sp3edChill3r> !dis
[17:47:54] <%+Sp3edChill3r> !discord
[17:47:55] <@%+Mod4YouBOT>* Zinus hat einen eigenen Subscriber Discord. Dafür müsst ihr Zinus auf Twitch abonniert haben. Danach müsst ihr Discord mit Twitch verbinden und schon wird der Discord Sever angezeigt und ihr könnt diesem Beitreten! TwitchVotes Alternativ könnt ihr auch die Mods privat anschreiben. :)
[18:02:39] You have left #zinushd
# Log closed: 2018-06-18 18:02:39 +0200
-
# Log started: 2018-06-18 19:58:51 +0200
[19:58:51] Trete #zinushd bei..
[19:58:51] #zinushd beigetreten
[19:58:51] ~Stream offline~
[19:58:51] ~Stream offline~
[20:00:08] You have left #zinushd
# Log closed: 2018-06-18 20:00:08 +0200
-
# Log started: 2018-06-18 20:20:01 +0200
[20:20:01] Trete #zinushd bei..
[20:20:01] #zinushd beigetreten
[20:20:02] ~Stream offline~
[20:20:02] ~Stream offline~
[20:20:40] You have left #zinushd
# Log closed: 2018-06-18 20:20:40 +0200
-
