# Log started: 2018-06-18 18:03:10 +0200
[18:03:10] Trete #tarosh bei..
[18:03:11] #tarosh beigetreten
[18:03:11] ~Stream offline~
[18:03:11] ~Stream offline~
[18:08:27] MOD: Mod4youbot, recklessGreed
[19:01:01] [Info] Now hosting ZanderLP.
[19:01:36] MOD: Tarosh
[19:24:59] <@+recklessGreed> Hallo Tarosh
[19:25:07] <~%tarosh> Hallo Tarosh
[19:35:37] [Info] Exited host mode.
[19:37:24] MOD: Sfatsch, Aysli
[19:37:33] ~Pen and Paper: des Abenteuers zweiter Teil! || twitter: @dertarosh (IRL)~
[19:37:33] ~Pen and Paper: des Abenteuers zweiter Teil! || twitter: @dertarosh (IRL)~
[19:41:36] Viewerstats (19:37-19:39): avg:2 min:0 max:4 [2/_0+4]
# Log closed: 2018-06-18 19:41:36 +0200
-
# Log started: 2018-06-18 19:58:52 +0200
[19:58:52] Trete #tarosh bei..
[19:58:52] ~Pen and Paper: des Abenteuers zweiter Teil! || twitter: @dertarosh (IRL)~
[19:58:52] #tarosh beigetreten
[20:00:28] <@+recklessGreed> I'm sittin here in a boring room :D 
[20:01:37] Viewerstats (20:00-20:00): avg:7 min:7 max:7 [1/7]
# Log closed: 2018-06-18 20:01:37 +0200
-
# Log started: 2018-06-18 20:20:02 +0200
[20:20:02] Trete #tarosh bei..
[20:20:02] ~Pen and Paper: des Abenteuers zweiter Teil! || twitter: @dertarosh (IRL)~
[20:20:02] #tarosh beigetreten
[20:23:24] MOD: Sfatsch, Mod4youbot, recklessGreed, Tarosh, Aysli
[20:27:57] <~%tarosh> zdistrixx schickt 0 Leute rüber! Danke!
[20:29:58] <barisybd> Zwei hübsche Menschen und tarosh LUL snygamLOVE snygamLOVE snygamLOVE
[20:30:05] <~%tarosh> barisybd schickt 0 Leute rüber! Danke!
[20:30:16] <barisybd> Nur 0 Zuschauer ResidentSleeper
[20:31:03] <barisybd> Ich weiß nicht was los ist aber tarosh hat verkackt LUL
[20:31:54] <barisybd> Coole Haare süßer pewyLove snygamLOVE
[20:32:28] <barisybd> LUL
[20:37:27] <@+recklessGreed> Lasse Bluten lässt grüßen o.O
[20:52:05] Viewerstats (20:22-20:52): avg:5 min:4 max:9 [16/7-2+0+2+2+0-3+1-1-2+0+1+0-1+0+2]
[21:10:35] <GimpelPlays> deine haare sind sick !! sieht gut aus !
[21:13:02] <lNNO> Moin Streamen die anderen beiden auch
[21:13:15] <~%tarosh> https://multistre.am/tarosh/sfatsch/layout4/
[21:13:26] <@+aysli> hey lNNO
[21:14:08] <lNNO> aysli moin
[21:14:43] UNMOD: Mod4youbot
[21:22:05] Viewerstats (20:54-21:22): avg:4 min:4 max:7 [15/4+0+0+0+0+0+0+0+0+1+2+0-1+0-1]
[21:24:35] <LittleCookie_> Whuuttt Tarosh ist Blond
[21:24:38] <LittleCookie_> AHHHHHHHHHHHHH
[21:25:14] <LittleCookie_> mir geht es gut. Und ahhhhhhhhhhhhh du bist blon
[21:25:25] <LittleCookie_> AHHHHHHHH Das steht dir ja mal NULL :D
[21:25:52] <LittleCookie_> Das Graue war schöner ;*
[21:26:28] <LittleCookie_> Was ist Pen and Paper? was ist damit gemeint?
[21:26:33] <LittleCookie_> ihr zockt doch gar nichts...
[21:27:00] <LittleCookie_> okay
[21:27:19] <LittleCookie_> Achsoo deshalb diese komischen namen
[21:27:26] MOD: Mod4youbot
[21:27:57] <LittleCookie_> xD
[21:28:10] <LittleCookie_> kann man dabei frei geschichten erzählen?? :3
[21:28:47] <LittleCookie_> Geil das ich null erklärung verstehe weil alle durcheinander reden xD
[21:29:39] <LittleCookie_> BAZINGA!! :3
[21:49:16] <+Kristallopyr> aloha leute :D
[21:49:50] <+Kristallopyr> schick schick Blondi 2.0 tarosh?
[21:50:49] <+Kristallopyr> gut gut soweit, nur kein Sub mehr ;/
[21:52:05] Viewerstats (21:24-21:52): avg:5 min:4 max:7 [15/5+1-1+0+0+0+2-1-1-1+0+0+0+1+0]
[22:06:13] <@+aysli> !uptime
[22:06:14] <@+Mod4YouBOT>* Tarosh ist online seit 2 Stunden 30 Minuten.
[22:08:07] [Info] Now hosting Sfatsch.
[22:08:07] MOD_ACTION: tarosh (host sfatsch)
[22:08:09] <+Kristallopyr> ok guten Abend :D
[22:10:04] UNMOD: Sfatsch
[22:11:56] UNMOD: aysli
[22:12:30] ~Stream offline~
[22:12:30] ~Stream offline~
[22:13:46] UNMOD: tarosh
[22:21:51] Viewerstats (21:54-22:10): avg:6 min:5 max:11 [9/7-2+1-1+2+4-3-2-1_]
# Log closed: 2018-06-18 22:21:51 +0200
-
