# Log started: 2018-08-19 08:29:13 +0200
[08:29:13] Trete #tarosh bei..
[08:29:13] ~Stream offline~
[08:29:13] ~Stream offline~
[08:29:13] #tarosh beigetreten
[08:29:27] You have left #tarosh
# Log closed: 2018-08-19 08:29:27 +0200
-
# Log started: 2018-08-19 12:48:48 +0200
[12:48:48] Trete #tarosh bei..
[12:48:48] ~Stream offline~
[12:48:48] ~Stream offline~
[12:48:48] #tarosh beigetreten
[12:48:48] [Info] Now hosting Wolfi_WR.
[12:48:59] You have left #tarosh
# Log closed: 2018-08-19 12:48:59 +0200
-
# Log started: 2018-08-19 19:59:28 +0200
[19:59:28] Trete #tarosh bei..
[19:59:28] #tarosh beigetreten
[19:59:28] [Info] Now hosting Wolfi_WR.
[19:59:28] ~Stream offline~
[19:59:28] ~Stream offline~
[20:01:25] MOD: Mod4youbot, Tarosh
[20:02:32] MOD: recklessGreed
# Log closed: 2018-08-19 20:06:41 +0200
-
