[2018-09-20 21:26:21 INFO] ### Log start (2018-09-20 21:26:21 +0200) [chatty.TwitchClient/<init>]
[2018-09-20 21:26:21 INFO] Chatty Version 0.9.2b1 Hotkey / JDK8 [chatty.TwitchClient/<init>]
[2018-09-20 21:26:21 INFO] Java: 1.8.0_171 (Oracle Corporation / C:\Program Files (x86)\Java\jre1.8.0_171) OS: Windows 10 (10.0/x86) [chatty.TwitchClient/<init>]
[2018-09-20 21:26:21 INFO] [Working Directory] D:\Chatty_M4Y\build\releases\Mod4You_Chatty_V1_0_1 [Settings Directory] C:\Users\dawen\.chatty\ [Classpath] D:\Chatty_M4Y\build\releases\Mod4You_Chatty_V1_1\Chatty.jar [chatty.TwitchClient/<init>]
[2018-09-20 21:26:21 INFO] Retina Display: false [chatty.TwitchClient/<init>]
[2018-09-20 21:26:21 INFO] GET (v5): https://api.twitch.tv/kraken/communities/top?limit=100 [chatty.util.api.TwitchApiRequest/getUrl]
[2018-09-20 21:26:21 INFO] Loading settings from file: C:\Users\dawen\.chatty\settings [chatty.util.settings.Settings/loadSettingsFromJson]
[2018-09-20 21:26:21 INFO] Loading settings from file: C:\Users\dawen\.chatty\login [chatty.util.settings.Settings/loadSettingsFromJson]
[2018-09-20 21:26:21 INFO] Loading settings from file: C:\Users\dawen\.chatty\favoritesAndHistory [chatty.util.settings.Settings/loadSettingsFromJson]
[2018-09-20 21:26:21 WARNING] Error loading settings from file: java.nio.file.NoSuchFileException: C:\Users\dawen\.chatty\favoritesAndHistory [chatty.util.settings.Settings/loadSettingsFromJson]
[2018-09-20 21:26:21 INFO] Loading settings from file: C:\Users\dawen\.chatty\statusPresets [chatty.util.settings.Settings/loadSettingsFromJson]
[2018-09-20 21:26:21 WARNING] Error loading settings from file: java.nio.file.NoSuchFileException: C:\Users\dawen\.chatty\statusPresets [chatty.util.settings.Settings/loadSettingsFromJson]
[2018-09-20 21:26:21 INFO] Settings: server:, port:, serverDefault:irc.chat.twitch.tv, portDefault:6697,6667,443,80, membershipEnabled:true, whisperEnabled:true, groupChatServer:, groupChatPort:, imageCache:true, dontSaveSettings:false, usePassword:false, debugLogIrc:false, showJoinsParts:true, saveChannelHistory:true, historyClear:true, autoScroll:true, bufferSize:500 [chatty.SettingsManager/debugSettings]
[2018-09-20 21:26:21 INFO] [Localization] Loaded locale 'de' for requested '' [chatty.lang.Language/setLanguage]
[2018-09-20 21:26:21 INFO] Usericons: Loaded 0/0 [chatty.util.api.usericons.UsericonManager/loadFromSettings]
[2018-09-20 21:26:21 INFO] Read 0 addressbook entries from C:\Users\dawen\.chatty\addressbook [chatty.Addressbook/loadFromFile]
[2018-09-20 21:26:21 INFO] StatusPresets: Loaded 0/0 entries. [chatty.gui.components.admin.StatusHistory/loadFromSettings]
[2018-09-20 21:26:21 INFO] Drawing settings: d3d: false / noddraw: false [chatty.TwitchClient/initDxSettings]
[2018-09-20 21:26:21 INFO] [LAF] Set default/Default [javax.swing.plaf.metal.MetalLookAndFeel] [chatty.gui.LaF/setLookAndFeel]
[2018-09-20 21:26:21 INFO] Create GUI.. [chatty.TwitchClient/<init>]
[2018-09-20 21:26:21 WARNING] Failed adding global hotkeys listener: Could not load JIntellitype.dll from local file system or from inside JAR [chatty.util.hotkeys.GlobalHotkeySetter/initialize]
[2018-09-20 21:26:22 INFO] GOT (200, 26972, gzip): https://api.twitch.tv/kraken/communities/top?limit=100 [chatty.util.api.Requests$1/requestResult]
[2018-09-20 21:26:23 INFO] GET (v5): https://api.twitch.tv/kraken/streams/followed?limit=100&offset=0 (using authorization) [chatty.util.api.TwitchApiRequest/getUrl]
[2018-09-20 21:26:23 INFO] Cache: Trying to load BTTV.. [chatty.util.SimpleCache/load]
[2018-09-20 21:26:23 INFO] [EmotesetInfo] Cache: Trying to load.. [chatty.util.SimpleCache2/loadFromFile]
[2018-09-20 21:26:23 INFO] BTTV: Found 93 emotes / 0 bots [chatty.util.BTTVEmotes/loadEmotes]
[2018-09-20 21:26:23 INFO] Cache: Trying to load Other Badges.. [chatty.util.SimpleCache/load]
[2018-09-20 21:26:23 INFO] Added 3 third-party badges [chatty.util.api.usericons.UsericonManager/setThirdPartyIcons]
[2018-09-20 21:26:23 INFO] [Other Badges] Using data from file. [chatty.util.api.CachedManager/load]
[2018-09-20 21:26:23 INFO] Emoticons: 11 favorites still not found [chatty.util.api.EmoticonFavorites/find]
[2018-09-20 21:26:23 INFO] Didn't load custom emotes: java.nio.file.NoSuchFileException: C:\Users\dawen\.chatty\emotes.txt [chatty.util.api.Emoticons/loadCustomEmotes]
[2018-09-20 21:26:23 INFO] GOT (200, 16080, gzip): https://api.twitch.tv/kraken/streams/followed?limit=100&offset=0 (using authorization) [chatty.util.api.Requests$1/requestResult]
[2018-09-20 21:26:23 INFO] Got 10 (limit: 100) followed streams. [chatty.util.api.StreamInfoManager/requestResultFollows]
[2018-09-20 21:26:23 INFO] GET (v5): https://api.twitch.tv/kraken/communities/eceda474-4fd7-4bd1-bd46-2f1926b81ff1 [chatty.util.api.TwitchApiRequest/getUrl]
[2018-09-20 21:26:23 INFO] GET (v5): https://api.twitch.tv/kraken/communities/f557ebd4-ea2d-41c7-9406-7c9862473781 [chatty.util.api.TwitchApiRequest/getUrl]
[2018-09-20 21:26:23 INFO] GET (v5): https://api.twitch.tv/kraken/communities/22753b01-474f-4110-859a-b44ef97bdbdf [chatty.util.api.TwitchApiRequest/getUrl]
[2018-09-20 21:26:23 INFO] GET (v5): https://api.twitch.tv/kraken/communities/0b650cbf-7fec-4a9c-83b1-e7fbff6884c3 [chatty.util.api.TwitchApiRequest/getUrl]
[2018-09-20 21:26:23 INFO] GET (v5): https://api.twitch.tv/kraken/communities/f20b5bec-d1a8-4199-9108-06a3c35d834e [chatty.util.api.TwitchApiRequest/getUrl]
[2018-09-20 21:26:23 INFO] Created 1827 emoji from source twemoji [chatty.gui.emoji.EmojiUtil/makeEmoticons]
[2018-09-20 21:26:23 INFO] Set to default sound device [chatty.util.Sound/setDeviceName]
[2018-09-20 21:26:23 INFO] Request: http://chatty.github.io/news.json [chatty.util.UrlRequest/performRequest]
[2018-09-20 21:26:23 INFO] GOT (200, 2701, gzip): https://api.twitch.tv/kraken/communities/eceda474-4fd7-4bd1-bd46-2f1926b81ff1 [chatty.util.api.Requests$1/requestResult]
[2018-09-20 21:26:23 INFO] [main] Trying to connect to irc.chat.twitch.tv/52.37.177.45:6697 (secured) [chatty.Connection/info]
[2018-09-20 21:26:23 INFO] Response (200, 380, gzip): http://chatty.github.io/news.json [chatty.util.UrlRequest/performRequest]
[2018-09-20 21:26:23 INFO] GOT (200, 2066, gzip): https://api.twitch.tv/kraken/communities/f557ebd4-ea2d-41c7-9406-7c9862473781 [chatty.util.api.Requests$1/requestResult]
[2018-09-20 21:26:23 INFO] [main] Connected to irc.chat.twitch.tv/52.37.177.45:6697 [chatty.Connection/info]
[2018-09-20 21:26:23 INFO] GOT (200, 887, gzip): https://api.twitch.tv/kraken/communities/f20b5bec-d1a8-4199-9108-06a3c35d834e [chatty.util.api.Requests$1/requestResult]
[2018-09-20 21:26:23 INFO] GOT (200, 1149, gzip): https://api.twitch.tv/kraken/communities/22753b01-474f-4110-859a-b44ef97bdbdf [chatty.util.api.Requests$1/requestResult]
[2018-09-20 21:26:23 INFO] GOT (200, 2997, gzip): https://api.twitch.tv/kraken/communities/0b650cbf-7fec-4a9c-83b1-e7fbff6884c3 [chatty.util.api.Requests$1/requestResult]
[2018-09-20 21:26:24 INFO] Added 93 emotes. Now 0 emotesets and 0 channels with exclusive emotes (0 global emotes). [chatty.util.api.Emoticons/addEmoticons]
[2018-09-20 21:26:24 INFO] Emoticons: 11 favorites still not found [chatty.util.api.EmoticonFavorites/find]
[2018-09-20 21:26:24 INFO] [EmotesetInfo] Loaded: 177.507 streams, 532.524 emotesets, 494.071 emotes [chatty.util.TwitchEmotes/lambda$new$1]
[2018-09-20 21:26:24 INFO] [main] JOINING: #zinushd [chatty.Irc/info]
[2018-09-20 21:26:24 INFO] [main] JOIN: #zinushd (delayed) [chatty.Irc/info]
[2018-09-20 21:26:24 INFO] [main] JOINING: #ubisoftde [chatty.Irc/info]
[2018-09-20 21:26:24 INFO] [main] JOINING: #rainbow6de [chatty.Irc/info]
[2018-09-20 21:26:24 INFO] [main] JOINING: #tarosh [chatty.Irc/info]
[2018-09-20 21:26:24 INFO] [main] JOINING: #zanderlp [chatty.Irc/info]
[2018-09-20 21:26:24 INFO] [main] JOINING: #keizaron [chatty.Irc/info]
[2018-09-20 21:26:24 INFO] [main] JOINING: #sfatsch [chatty.Irc/info]
[2018-09-20 21:26:24 INFO] Log: total: 1 / queue size (avg: 0, max: 0) / errors: 0 [chatty.util.chatlog.LogWriter/outputStats]
[2018-09-20 21:26:24 INFO] Log: Trying to open C:\Users\dawen\.chatty\logs\#zinushd\2018-09-20_#zinushd.log [chatty.util.chatlog.LogFile/tryFile]
[2018-09-20 21:26:24 INFO] Log: Opened file C:\Users\dawen\.chatty\logs\#zinushd\2018-09-20_#zinushd.log (locked) [chatty.util.chatlog.LogWriter/addFile]
[2018-09-20 21:26:25 INFO] [main] JOINED: #zinushd [chatty.TwitchConnection$IrcConnection/debug]
[2018-09-20 21:26:25 INFO] GET (v5): https://badges.twitch.tv/v1/badges/global/display?language=en [chatty.util.api.TwitchApiRequest/getUrl]
[2018-09-20 21:26:25 INFO] GET (v5): https://api.twitch.tv/kraken/users?login=tarosh,zinushd,ubisoftde,sfatsch,keizaron [chatty.util.api.TwitchApiRequest/getUrl]
[2018-09-20 21:26:25 INFO] [FFZ] Request: https://api.frankerfacez.com/v1/room/zinushd [chatty.util.UrlRequest/performRequest]
[2018-09-20 21:26:25 INFO] [[BTTV]] Request: https://api.betterttv.net/2/channels/zinushd [chatty.util.UrlRequest/performRequest]
[2018-09-20 21:26:25 INFO] [FFZ Bots] Request: https://api.frankerfacez.com/v1/badge/bot [chatty.util.UrlRequest/performRequest]
[2018-09-20 21:26:25 INFO] [FFZ] Request: https://api.frankerfacez.com/v1/set/global [chatty.util.UrlRequest/performRequest]
[2018-09-20 21:26:25 INFO] [FFZ] Request: https://cdn.frankerfacez.com/script/event.json [chatty.util.UrlRequest/performRequest]
[2018-09-20 21:26:25 INFO] [FFZ-WS] Connecting to wss://catbag.frankerfacez.com [chatty.util.ffz.WebsocketClient/connect]
[2018-09-20 21:26:25 INFO] GOT (200, 1765, gzip): https://api.twitch.tv/kraken/users?login=tarosh,zinushd,ubisoftde,sfatsch,keizaron [chatty.util.api.Requests$1/requestResult]
[2018-09-20 21:26:25 INFO] [FFZ] Response (200, 5.244, gzip): https://api.frankerfacez.com/v1/set/global [chatty.util.UrlRequest/performRequest]
[2018-09-20 21:26:25 INFO] [FFZ] (null, global): 11 emotes received. [chatty.util.ffz.FrankerFaceZ/parseResult]
[2018-09-20 21:26:25 INFO] GET (v5): https://api.twitch.tv/kraken/streams/51913956 [chatty.util.api.TwitchApiRequest/getUrl]
[2018-09-20 21:26:25 INFO] GET (v5): https://api.twitch.tv/kraken/chat/51913956/rooms (using authorization) [chatty.util.api.TwitchApiRequest/getUrl]
[2018-09-20 21:26:25 INFO] [FFZ Bots] Response (200, 1.934, gzip): https://api.frankerfacez.com/v1/badge/bot [chatty.util.UrlRequest/performRequest]
[2018-09-20 21:26:25 INFO] GET (v5): https://badges.twitch.tv/v1/badges/channels/51913956/display?language=en [chatty.util.api.TwitchApiRequest/getUrl]
[2018-09-20 21:26:25 INFO] [FFZ Bots] Found 132 names [chatty.util.ffz.FrankerFaceZ/lambda$requestBotNames$1]
[2018-09-20 21:26:25 INFO] GET (v5): https://api.twitch.tv/kraken/bits/actions?channel_id=51913956 [chatty.util.api.TwitchApiRequest/getUrl]
[2018-09-20 21:26:25 INFO] Added 11 emotes. Now 0 emotesets and 0 channels with exclusive emotes (0 global emotes). [chatty.util.api.Emoticons/addEmoticons]
[2018-09-20 21:26:25 INFO] Emoticons: 11 favorites still not found [chatty.util.api.EmoticonFavorites/find]
[2018-09-20 21:26:25 WARNING] [[BTTV]] Request Error [https://api.betterttv.net/2/channels/zinushd] (java.io.FileNotFoundException: https://api.betterttv.net/2/channels/zinushd) [chatty.util.UrlRequest/performRequest]
[2018-09-20 21:26:25 INFO] [FFZ] Response (200, 3): https://cdn.frankerfacez.com/script/event.json [chatty.util.UrlRequest/performRequest]
[2018-09-20 21:26:25 INFO] [FFZ] No Feature Friday found: {} [chatty.util.ffz.FrankerFaceZ/handleFeatureFriday]
[2018-09-20 21:26:25 INFO] Removed 0 emotes (FFZ/FEATURE_FRIDAY/null) [chatty.util.api.Emoticons/removeEmoticons]
[2018-09-20 21:26:25 INFO] GOT (200, 23, gzip): https://api.twitch.tv/kraken/chat/51913956/rooms (using authorization) [chatty.util.api.Requests$1/requestResult]
[2018-09-20 21:26:25 INFO] GOT (200, 15): https://api.twitch.tv/kraken/streams/51913956 [chatty.util.api.Requests$1/requestResult]
[2018-09-20 21:26:25 INFO] GET (v5): https://api.twitch.tv/kraken/streams?offset=0&limit=100&channel=51913956 [chatty.util.api.TwitchApiRequest/getUrl]
[2018-09-20 21:26:25 INFO] GOT (200, 264388, gzip): https://api.twitch.tv/kraken/bits/actions?channel_id=51913956 [chatty.util.api.Requests$1/requestResult]
[2018-09-20 21:26:25 INFO] Found 140 cheer emotes [chatty.util.api.Emoticons/setCheerEmotes]
[2018-09-20 21:26:25 INFO] GOT (200, 25, gzip): https://api.twitch.tv/kraken/streams?offset=0&limit=100&channel=51913956 [chatty.util.api.Requests$1/requestResult]
[2018-09-20 21:26:26 INFO] [FFZ-WS] Connected (1) [chatty.util.ffz.WebsocketClient/onOpen]
[2018-09-20 21:26:26 INFO] [main] JOIN: #ubisoftde (delayed) [chatty.Irc/info]
[2018-09-20 21:26:26 INFO] GET (v5): https://api.twitch.tv/kraken/streams/76457409 [chatty.util.api.TwitchApiRequest/getUrl]
[2018-09-20 21:26:26 INFO] Log: Trying to open C:\Users\dawen\.chatty\logs\#ubisoftde\2018-09-20_#ubisoftde.log [chatty.util.chatlog.LogFile/tryFile]
[2018-09-20 21:26:26 INFO] Log: Opened file C:\Users\dawen\.chatty\logs\#ubisoftde\2018-09-20_#ubisoftde.log (locked) [chatty.util.chatlog.LogWriter/addFile]
[2018-09-20 21:26:26 INFO] GET (v5): https://api.twitch.tv/kraken/chat/emoticon_images?emotesets=0,15936,18500,429634,100552,100555,100554,524,251503,251502,251501,435511,27186,27187,10999,23129,19194,23130,33563,44574,44575 [chatty.util.api.TwitchApiRequest/getUrl]
[2018-09-20 21:26:26 INFO] [FFZ-WS] Server Time Offset: -4075 [chatty.util.ffz.WebsocketManager/parseHelloResponse]
[2018-09-20 21:26:26 INFO] GOT (200, 3064): https://badges.twitch.tv/v1/badges/channels/51913956/display?language=en [chatty.util.api.Requests$1/requestResult]
[2018-09-20 21:26:26 INFO] [main] JOINED: #ubisoftde [chatty.TwitchConnection$IrcConnection/debug]
[2018-09-20 21:26:26 INFO] GET (v5): https://badges.twitch.tv/v1/badges/channels/76457409/display?language=en [chatty.util.api.TwitchApiRequest/getUrl]
[2018-09-20 21:26:26 INFO] [[BTTV]] Request: https://api.betterttv.net/2/channels/ubisoftde [chatty.util.UrlRequest/performRequest]
[2018-09-20 21:26:26 INFO] GET (v5): https://api.twitch.tv/kraken/chat/76457409/rooms (using authorization) [chatty.util.api.TwitchApiRequest/getUrl]
[2018-09-20 21:26:26 INFO] [FFZ] Request: https://api.frankerfacez.com/v1/room/ubisoftde [chatty.util.UrlRequest/performRequest]
[2018-09-20 21:26:26 INFO] [PubSub] LISTEN ModLog ubisoftde pending [chatty.util.api.pubsub.Manager/listenModLog]
[2018-09-20 21:26:26 INFO] GET (v5): https://api.twitch.tv/kraken/bits/actions?channel_id=76457409 [chatty.util.api.TwitchApiRequest/getUrl]
[2018-09-20 21:26:26 INFO] [PubSub] Connecting to wss://pubsub-edge.twitch.tv [chatty.util.api.pubsub.Client/connect]
[2018-09-20 21:26:26 INFO] [PubSub] LISTEN ModLog 76457409 [chatty.util.api.pubsub.Manager/sendListenModLog]
[2018-09-20 21:26:26 INFO] GOT (200, 15): https://api.twitch.tv/kraken/streams/76457409 [chatty.util.api.Requests$1/requestResult]
[2018-09-20 21:26:26 INFO] GOT (200, 12361, gzip): https://api.twitch.tv/kraken/chat/emoticon_images?emotesets=0,15936,18500,429634,100552,100555,100554,524,251503,251502,251501,435511,27186,27187,10999,23129,19194,23130,33563,44574,44575 [chatty.util.api.Requests$1/requestResult]
[2018-09-20 21:26:26 INFO] Added 372 emotes. Now 19 emotesets and 0 channels with exclusive emotes (213 global emotes). [chatty.util.api.Emoticons/addEmoticons]
[2018-09-20 21:26:26 INFO] Emoticons: Found all remaining 11 favorites [chatty.util.api.EmoticonFavorites/find]
[2018-09-20 21:26:26 INFO] GOT (200, 65782): https://badges.twitch.tv/v1/badges/global/display?language=en [chatty.util.api.Requests$1/requestResult]
[2018-09-20 21:26:26 WARNING] [[BTTV]] Request Error [https://api.betterttv.net/2/channels/ubisoftde] (java.io.FileNotFoundException: https://api.betterttv.net/2/channels/ubisoftde) [chatty.util.UrlRequest/performRequest]
[2018-09-20 21:26:26 INFO] GOT (200, 20): https://badges.twitch.tv/v1/badges/channels/76457409/display?language=en [chatty.util.api.Requests$1/requestResult]
[2018-09-20 21:26:26 INFO] GOT (200, 23, gzip): https://api.twitch.tv/kraken/chat/76457409/rooms (using authorization) [chatty.util.api.Requests$1/requestResult]
[2018-09-20 21:26:26 INFO] GOT (200, 264388, gzip): https://api.twitch.tv/kraken/bits/actions?channel_id=76457409 [chatty.util.api.Requests$1/requestResult]
[2018-09-20 21:26:26 INFO] Found 140 cheer emotes [chatty.util.api.Emoticons/setCheerEmotes]
[2018-09-20 21:26:26 WARNING] Could not load icon: https://static-cdn.jtvnw.net/badges/v1/a9811799-dce3-475f-8feb-3745ad12b7ea/1 [chatty.util.api.usericons.Usericon/getIcon]
[2018-09-20 21:26:27 INFO] [PubSub] Connected: wss://pubsub-edge.twitch.tv [chatty.util.api.pubsub.Client/onOpen]
[2018-09-20 21:26:27 INFO] [PubSub] LISTEN ModLog 76457409 [chatty.util.api.pubsub.Manager/sendListenModLog]
[2018-09-20 21:26:27 INFO] [main] JOIN: #rainbow6de (delayed) [chatty.Irc/info]
[2018-09-20 21:26:27 INFO] Log: Trying to open C:\Users\dawen\.chatty\logs\#rainbow6de\2018-09-20_#rainbow6de.log [chatty.util.chatlog.LogFile/tryFile]
[2018-09-20 21:26:27 INFO] Log: Opened file C:\Users\dawen\.chatty\logs\#rainbow6de\2018-09-20_#rainbow6de.log (locked) [chatty.util.chatlog.LogWriter/addFile]
[2018-09-20 21:26:27 INFO] [main] JOINED: #rainbow6de [chatty.TwitchConnection$IrcConnection/debug]
[2018-09-20 21:26:27 INFO] [FFZ] Request: https://api.frankerfacez.com/v1/room/rainbow6de [chatty.util.UrlRequest/performRequest]
[2018-09-20 21:26:27 INFO] [PubSub] LISTEN ModLog rainbow6de pending [chatty.util.api.pubsub.Manager/listenModLog]
[2018-09-20 21:26:27 INFO] GET (v5): https://api.twitch.tv/kraken/bits/actions?channel_id=209296130 [chatty.util.api.TwitchApiRequest/getUrl]
[2018-09-20 21:26:27 INFO] [PubSub] LISTEN ModLog 209296130 [chatty.util.api.pubsub.Manager/sendListenModLog]
[2018-09-20 21:26:27 INFO] GET (v5): https://api.twitch.tv/kraken/chat/209296130/rooms (using authorization) [chatty.util.api.TwitchApiRequest/getUrl]
[2018-09-20 21:26:27 INFO] [[BTTV]] Request: https://api.betterttv.net/2/channels/rainbow6de [chatty.util.UrlRequest/performRequest]
[2018-09-20 21:26:27 INFO] GET (v5): https://badges.twitch.tv/v1/badges/channels/209296130/display?language=en [chatty.util.api.TwitchApiRequest/getUrl]
[2018-09-20 21:26:27 INFO] GOT (200, 20): https://badges.twitch.tv/v1/badges/channels/209296130/display?language=en [chatty.util.api.Requests$1/requestResult]
[2018-09-20 21:26:27 INFO] GOT (200, 23, gzip): https://api.twitch.tv/kraken/chat/209296130/rooms (using authorization) [chatty.util.api.Requests$1/requestResult]
[2018-09-20 21:26:27 WARNING] [[BTTV]] Request Error [https://api.betterttv.net/2/channels/rainbow6de] (java.io.FileNotFoundException: https://api.betterttv.net/2/channels/rainbow6de) [chatty.util.UrlRequest/performRequest]
[2018-09-20 21:26:27 INFO] GOT (200, 264388, gzip): https://api.twitch.tv/kraken/bits/actions?channel_id=209296130 [chatty.util.api.Requests$1/requestResult]
[2018-09-20 21:26:27 INFO] Found 140 cheer emotes [chatty.util.api.Emoticons/setCheerEmotes]
[2018-09-20 21:26:28 INFO] [main] JOIN: #tarosh (delayed) [chatty.Irc/info]
[2018-09-20 21:26:28 INFO] GET (v5): https://api.twitch.tv/kraken/streams/22257317 [chatty.util.api.TwitchApiRequest/getUrl]
[2018-09-20 21:26:28 INFO] Log: Trying to open C:\Users\dawen\.chatty\logs\#tarosh\2018-09-20_#tarosh.log [chatty.util.chatlog.LogFile/tryFile]
[2018-09-20 21:26:28 INFO] Log: Opened file C:\Users\dawen\.chatty\logs\#tarosh\2018-09-20_#tarosh.log (locked) [chatty.util.chatlog.LogWriter/addFile]
[2018-09-20 21:26:28 WARNING] [FFZ] Request Error [https://api.frankerfacez.com/v1/room/zinushd] (java.io.FileNotFoundException: https://api.frankerfacez.com/v1/room/zinushd) [chatty.util.UrlRequest/performRequest]
[2018-09-20 21:26:28 INFO] [main] JOINED: #tarosh [chatty.TwitchConnection$IrcConnection/debug]
[2018-09-20 21:26:28 INFO] GET (v5): https://api.twitch.tv/kraken/chat/22257317/rooms (using authorization) [chatty.util.api.TwitchApiRequest/getUrl]
[2018-09-20 21:26:28 INFO] GET (v5): https://badges.twitch.tv/v1/badges/channels/22257317/display?language=en [chatty.util.api.TwitchApiRequest/getUrl]
[2018-09-20 21:26:28 INFO] GET (v5): https://api.twitch.tv/kraken/bits/actions?channel_id=22257317 [chatty.util.api.TwitchApiRequest/getUrl]
[2018-09-20 21:26:28 INFO] [PubSub] LISTEN ModLog tarosh pending [chatty.util.api.pubsub.Manager/listenModLog]
[2018-09-20 21:26:28 INFO] [PubSub] LISTEN ModLog 22257317 [chatty.util.api.pubsub.Manager/sendListenModLog]
[2018-09-20 21:26:28 INFO] [FFZ] Request: https://api.frankerfacez.com/v1/room/tarosh [chatty.util.UrlRequest/performRequest]
[2018-09-20 21:26:28 INFO] [[BTTV]] Request: https://api.betterttv.net/2/channels/tarosh [chatty.util.UrlRequest/performRequest]
[2018-09-20 21:26:28 INFO] GOT (200, 15): https://api.twitch.tv/kraken/streams/22257317 [chatty.util.api.Requests$1/requestResult]
[2018-09-20 21:26:28 INFO] GOT (200, 23, gzip): https://api.twitch.tv/kraken/chat/22257317/rooms (using authorization) [chatty.util.api.Requests$1/requestResult]
[2018-09-20 21:26:28 INFO] GOT (200, 20): https://badges.twitch.tv/v1/badges/channels/22257317/display?language=en [chatty.util.api.Requests$1/requestResult]
[2018-09-20 21:26:28 INFO] [[BTTV]] Response (200, 185, gzip): https://api.betterttv.net/2/channels/tarosh [chatty.util.UrlRequest/performRequest]
[2018-09-20 21:26:28 INFO] BTTV: Found 1 emotes / 0 bots [chatty.util.BTTVEmotes/loadEmotes]
[2018-09-20 21:26:28 INFO] Added 1 emotes. Now 19 emotesets and 1 channels with exclusive emotes (213 global emotes). [chatty.util.api.Emoticons/addEmoticons]
[2018-09-20 21:26:29 INFO] GOT (200, 264388, gzip): https://api.twitch.tv/kraken/bits/actions?channel_id=22257317 [chatty.util.api.Requests$1/requestResult]
[2018-09-20 21:26:29 INFO] Found 140 cheer emotes [chatty.util.api.Emoticons/setCheerEmotes]
[2018-09-20 21:26:29 INFO] [main] JOIN: #zanderlp (delayed) [chatty.Irc/info]
[2018-09-20 21:26:29 INFO] Log: Trying to open C:\Users\dawen\.chatty\logs\#zanderlp\2018-09-20_#zanderlp.log [chatty.util.chatlog.LogFile/tryFile]
[2018-09-20 21:26:29 INFO] Log: Opened file C:\Users\dawen\.chatty\logs\#zanderlp\2018-09-20_#zanderlp.log (locked) [chatty.util.chatlog.LogWriter/addFile]
[2018-09-20 21:26:29 INFO] [main] JOINED: #zanderlp [chatty.TwitchConnection$IrcConnection/debug]
[2018-09-20 21:26:29 INFO] GET (v5): https://api.twitch.tv/kraken/bits/actions?channel_id=29211549 [chatty.util.api.TwitchApiRequest/getUrl]
[2018-09-20 21:26:29 INFO] GET (v5): https://badges.twitch.tv/v1/badges/channels/29211549/display?language=en [chatty.util.api.TwitchApiRequest/getUrl]
[2018-09-20 21:26:29 INFO] [PubSub] LISTEN ModLog zanderlp pending [chatty.util.api.pubsub.Manager/listenModLog]
[2018-09-20 21:26:29 INFO] [PubSub] LISTEN ModLog 29211549 [chatty.util.api.pubsub.Manager/sendListenModLog]
[2018-09-20 21:26:29 INFO] GET (v5): https://api.twitch.tv/kraken/chat/29211549/rooms (using authorization) [chatty.util.api.TwitchApiRequest/getUrl]
[2018-09-20 21:26:29 INFO] [FFZ] Request: https://api.frankerfacez.com/v1/room/zanderlp [chatty.util.UrlRequest/performRequest]
[2018-09-20 21:26:29 INFO] [[BTTV]] Request: https://api.betterttv.net/2/channels/zanderlp [chatty.util.UrlRequest/performRequest]
[2018-09-20 21:26:30 INFO] GOT (200, 4066): https://badges.twitch.tv/v1/badges/channels/29211549/display?language=en [chatty.util.api.Requests$1/requestResult]
[2018-09-20 21:26:30 INFO] [[BTTV]] Response (200, 96, gzip): https://api.betterttv.net/2/channels/zanderlp [chatty.util.UrlRequest/performRequest]
[2018-09-20 21:26:30 INFO] BTTV: Found 0 emotes / 0 bots [chatty.util.BTTVEmotes/loadEmotes]
[2018-09-20 21:26:30 INFO] Added 0 emotes. Now 19 emotesets and 1 channels with exclusive emotes (213 global emotes). [chatty.util.api.Emoticons/addEmoticons]
[2018-09-20 21:26:30 INFO] GOT (200, 23, gzip): https://api.twitch.tv/kraken/chat/29211549/rooms (using authorization) [chatty.util.api.Requests$1/requestResult]
[2018-09-20 21:26:30 INFO] GOT (200, 264388, gzip): https://api.twitch.tv/kraken/bits/actions?channel_id=29211549 [chatty.util.api.Requests$1/requestResult]
[2018-09-20 21:26:30 INFO] Found 140 cheer emotes [chatty.util.api.Emoticons/setCheerEmotes]
[2018-09-20 21:26:30 WARNING] [FFZ] Request Error [https://api.frankerfacez.com/v1/room/rainbow6de] (java.io.FileNotFoundException: https://api.frankerfacez.com/v1/room/rainbow6de) [chatty.util.UrlRequest/performRequest]
[2018-09-20 21:26:30 WARNING] [FFZ] Request Error [https://api.frankerfacez.com/v1/room/tarosh] (java.io.FileNotFoundException: https://api.frankerfacez.com/v1/room/tarosh) [chatty.util.UrlRequest/performRequest]
[2018-09-20 21:26:30 INFO] [main] JOIN: #keizaron (delayed) [chatty.Irc/info]
[2018-09-20 21:26:30 INFO] GET (v5): https://api.twitch.tv/kraken/streams/44618395 [chatty.util.api.TwitchApiRequest/getUrl]
[2018-09-20 21:26:30 INFO] Log: Trying to open C:\Users\dawen\.chatty\logs\#keizaron\2018-09-20_#keizaron.log [chatty.util.chatlog.LogFile/tryFile]
[2018-09-20 21:26:30 INFO] Log: Opened file C:\Users\dawen\.chatty\logs\#keizaron\2018-09-20_#keizaron.log (locked) [chatty.util.chatlog.LogWriter/addFile]
[2018-09-20 21:26:31 INFO] [main] JOINED: #keizaron [chatty.TwitchConnection$IrcConnection/debug]
[2018-09-20 21:26:31 INFO] GET (v5): https://api.twitch.tv/kraken/chat/44618395/rooms (using authorization) [chatty.util.api.TwitchApiRequest/getUrl]
[2018-09-20 21:26:31 INFO] GET (v5): https://badges.twitch.tv/v1/badges/channels/44618395/display?language=en [chatty.util.api.TwitchApiRequest/getUrl]
[2018-09-20 21:26:31 INFO] GET (v5): https://api.twitch.tv/kraken/bits/actions?channel_id=44618395 [chatty.util.api.TwitchApiRequest/getUrl]
[2018-09-20 21:26:31 INFO] [[BTTV]] Request: https://api.betterttv.net/2/channels/keizaron [chatty.util.UrlRequest/performRequest]
[2018-09-20 21:26:31 INFO] [FFZ] Request: https://api.frankerfacez.com/v1/room/keizaron [chatty.util.UrlRequest/performRequest]
[2018-09-20 21:26:31 INFO] GOT (200, 15): https://api.twitch.tv/kraken/streams/44618395 [chatty.util.api.Requests$1/requestResult]
[2018-09-20 21:26:31 INFO] Request: https://api.frankerfacez.com/v1/set/2992 [chatty.util.UrlRequest/performRequest]
[2018-09-20 21:26:31 WARNING] [[BTTV]] Request Error [https://api.betterttv.net/2/channels/keizaron] (java.io.FileNotFoundException: https://api.betterttv.net/2/channels/keizaron) [chatty.util.UrlRequest/performRequest]
[2018-09-20 21:26:31 INFO] GOT (200, 2563): https://badges.twitch.tv/v1/badges/channels/44618395/display?language=en [chatty.util.api.Requests$1/requestResult]
[2018-09-20 21:26:31 INFO] GOT (200, 23, gzip): https://api.twitch.tv/kraken/chat/44618395/rooms (using authorization) [chatty.util.api.Requests$1/requestResult]
[2018-09-20 21:26:31 INFO] [Memory] total: 253.440 used: 162.016 free: 91.423 max: 253.440 [Uptime] 10s [chatty.util.LogUtil/logMemoryUsage]
[2018-09-20 21:26:31 INFO] GOT (200, 282500, gzip): https://api.twitch.tv/kraken/bits/actions?channel_id=44618395 [chatty.util.api.Requests$1/requestResult]
[2018-09-20 21:26:31 INFO] Found 145 cheer emotes [chatty.util.api.Emoticons/setCheerEmotes]
[2018-09-20 21:26:31 INFO] [FFZ] Response (200, 311, gzip): https://api.frankerfacez.com/v1/room/zanderlp [chatty.util.UrlRequest/performRequest]
[2018-09-20 21:26:31 INFO] [FFZ] (zanderlp, local): 0 emotes received. [chatty.util.ffz.FrankerFaceZ/parseResult]
[2018-09-20 21:26:32 INFO] [main] JOIN: #sfatsch (delayed) [chatty.Irc/info]
[2018-09-20 21:26:32 INFO] GET (v5): https://api.twitch.tv/kraken/streams/58356127 [chatty.util.api.TwitchApiRequest/getUrl]
[2018-09-20 21:26:32 INFO] Log: Trying to open C:\Users\dawen\.chatty\logs\#sfatsch\2018-09-20_#sfatsch.log [chatty.util.chatlog.LogFile/tryFile]
[2018-09-20 21:26:32 INFO] Log: Opened file C:\Users\dawen\.chatty\logs\#sfatsch\2018-09-20_#sfatsch.log (locked) [chatty.util.chatlog.LogWriter/addFile]
[2018-09-20 21:26:32 INFO] [main] JOINED: #sfatsch [chatty.TwitchConnection$IrcConnection/debug]
[2018-09-20 21:26:32 INFO] GET (v5): https://api.twitch.tv/kraken/chat/58356127/rooms (using authorization) [chatty.util.api.TwitchApiRequest/getUrl]
[2018-09-20 21:26:32 INFO] GET (v5): https://badges.twitch.tv/v1/badges/channels/58356127/display?language=en [chatty.util.api.TwitchApiRequest/getUrl]
[2018-09-20 21:26:32 INFO] GET (v5): https://api.twitch.tv/kraken/bits/actions?channel_id=58356127 [chatty.util.api.TwitchApiRequest/getUrl]
[2018-09-20 21:26:32 INFO] [FFZ] Request: https://api.frankerfacez.com/v1/room/sfatsch [chatty.util.UrlRequest/performRequest]
[2018-09-20 21:26:32 INFO] [[BTTV]] Request: https://api.betterttv.net/2/channels/sfatsch [chatty.util.UrlRequest/performRequest]
[2018-09-20 21:26:32 INFO] GOT (200, 15): https://api.twitch.tv/kraken/streams/58356127 [chatty.util.api.Requests$1/requestResult]
[2018-09-20 21:26:32 INFO] GOT (200, 23, gzip): https://api.twitch.tv/kraken/chat/58356127/rooms (using authorization) [chatty.util.api.Requests$1/requestResult]
[2018-09-20 21:26:32 INFO] GOT (200, 20): https://badges.twitch.tv/v1/badges/channels/58356127/display?language=en [chatty.util.api.Requests$1/requestResult]
[2018-09-20 21:26:32 WARNING] [[BTTV]] Request Error [https://api.betterttv.net/2/channels/sfatsch] (java.io.FileNotFoundException: https://api.betterttv.net/2/channels/sfatsch) [chatty.util.UrlRequest/performRequest]
[2018-09-20 21:26:32 INFO] GOT (200, 264388, gzip): https://api.twitch.tv/kraken/bits/actions?channel_id=58356127 [chatty.util.api.Requests$1/requestResult]
[2018-09-20 21:26:32 INFO] Found 140 cheer emotes [chatty.util.api.Emoticons/setCheerEmotes]
[2018-09-20 21:26:33 INFO] [FFZ] Response (200, 9.695, gzip): https://api.frankerfacez.com/v1/room/keizaron [chatty.util.UrlRequest/performRequest]
[2018-09-20 21:26:33 INFO] [FFZ] (keizaron, local): 27 emotes received. [chatty.util.ffz.FrankerFaceZ/parseResult]
[2018-09-20 21:26:33 INFO] Added 27 emotes. Now 19 emotesets and 2 channels with exclusive emotes (213 global emotes). [chatty.util.api.Emoticons/addEmoticons]
[2018-09-20 21:26:34 INFO] Response (200, 9.527, gzip): https://api.frankerfacez.com/v1/set/2992 [chatty.util.UrlRequest/performRequest]
[2018-09-20 21:26:34 INFO] Removed 0 emotes (FFZ/EVENT/keizaron) [chatty.util.api.Emoticons/removeEmoticons]
[2018-09-20 21:26:34 INFO] Added 27 emotes. Now 19 emotesets and 2 channels with exclusive emotes (213 global emotes). [chatty.util.api.Emoticons/addEmoticons]
[2018-09-20 21:26:34 INFO] [main] PARTED: #keizaron [chatty.TwitchConnection$IrcConnection/debug]
[2018-09-20 21:26:34 INFO] Log: Closed file C:\Users\dawen\.chatty\logs\#keizaron\2018-09-20_#keizaron.log [chatty.util.chatlog.LogFile/close]
[2018-09-20 21:26:34 INFO] Removed 27 emotes (FFZ/EVENT/keizaron) [chatty.util.api.Emoticons/removeEmoticons]
[2018-09-20 21:26:34 INFO] [PubSub] UNLISTEN ModLog 29211549 [chatty.util.api.pubsub.Manager/sendListenModLog]
[2018-09-20 21:26:34 INFO] [main] PARTED: #zanderlp [chatty.TwitchConnection$IrcConnection/debug]
[2018-09-20 21:26:34 INFO] Log: Closed file C:\Users\dawen\.chatty\logs\#zanderlp\2018-09-20_#zanderlp.log [chatty.util.chatlog.LogFile/close]
[2018-09-20 21:26:34 INFO] [PubSub] UNLISTEN ModLog 22257317 [chatty.util.api.pubsub.Manager/sendListenModLog]
[2018-09-20 21:26:34 INFO] [main] PARTED: #tarosh [chatty.TwitchConnection$IrcConnection/debug]
[2018-09-20 21:26:34 INFO] Log: Closed file C:\Users\dawen\.chatty\logs\#tarosh\2018-09-20_#tarosh.log [chatty.util.chatlog.LogFile/close]
[2018-09-20 21:26:34 INFO] [PubSub] UNLISTEN ModLog 209296130 [chatty.util.api.pubsub.Manager/sendListenModLog]
[2018-09-20 21:26:34 INFO] [main] PARTED: #rainbow6de [chatty.TwitchConnection$IrcConnection/debug]
[2018-09-20 21:26:34 INFO] Log: Closed file C:\Users\dawen\.chatty\logs\#rainbow6de\2018-09-20_#rainbow6de.log [chatty.util.chatlog.LogFile/close]
[2018-09-20 21:26:34 INFO] [PubSub] UNLISTEN ModLog 76457409 [chatty.util.api.pubsub.Manager/sendListenModLog]
[2018-09-20 21:26:34 INFO] [main] PARTED: #ubisoftde [chatty.TwitchConnection$IrcConnection/debug]
[2018-09-20 21:26:34 INFO] Log: Closed file C:\Users\dawen\.chatty\logs\#ubisoftde\2018-09-20_#ubisoftde.log [chatty.util.chatlog.LogFile/close]
[2018-09-20 21:26:34 INFO] [main] PARTED: #zinushd [chatty.TwitchConnection$IrcConnection/debug]
[2018-09-20 21:26:34 INFO] Log: Closed file C:\Users\dawen\.chatty\logs\#zinushd\2018-09-20_#zinushd.log [chatty.util.chatlog.LogFile/close]
[2018-09-20 21:26:34 INFO] Removed 0 emotes (FFZ/EVENT/tarosh) [chatty.util.api.Emoticons/removeEmoticons]
[2018-09-20 21:26:35 WARNING] [FFZ] Request Error [https://api.frankerfacez.com/v1/room/sfatsch] (java.io.FileNotFoundException: https://api.frankerfacez.com/v1/room/sfatsch) [chatty.util.UrlRequest/performRequest]
[2018-09-20 21:26:36 WARNING] [FFZ] Request Error [https://api.frankerfacez.com/v1/room/ubisoftde] (java.net.SocketTimeoutException: Read timed out) [chatty.util.UrlRequest/performRequest]
[2018-09-20 21:26:39 INFO] [main] JOINING: #zanderlp [chatty.Irc/info]
[2018-09-20 21:26:39 INFO] [main] JOIN: #zanderlp (delayed) [chatty.Irc/info]
[2018-09-20 21:26:39 INFO] Log: Trying to open C:\Users\dawen\.chatty\logs\#zanderlp\2018-09-20_#zanderlp.log [chatty.util.chatlog.LogFile/tryFile]
[2018-09-20 21:26:39 INFO] Log: Opened file C:\Users\dawen\.chatty\logs\#zanderlp\2018-09-20_#zanderlp.log (locked) [chatty.util.chatlog.LogWriter/addFile]
[2018-09-20 21:26:39 INFO] [main] JOINED: #zanderlp [chatty.TwitchConnection$IrcConnection/debug]
[2018-09-20 21:26:39 INFO] [PubSub] LISTEN ModLog zanderlp pending [chatty.util.api.pubsub.Manager/listenModLog]
[2018-09-20 21:26:39 INFO] [PubSub] LISTEN ModLog 29211549 [chatty.util.api.pubsub.Manager/sendListenModLog]
[2018-09-20 21:26:41 INFO] [main] PARTED: #sfatsch [chatty.TwitchConnection$IrcConnection/debug]
[2018-09-20 21:26:41 INFO] Log: Closed file C:\Users\dawen\.chatty\logs\#sfatsch\2018-09-20_#sfatsch.log [chatty.util.chatlog.LogFile/close]
[2018-09-20 21:28:28 INFO] GET (v5): https://api.twitch.tv/kraken/streams?offset=0&limit=100&channel=29211549 [chatty.util.api.TwitchApiRequest/getUrl]
[2018-09-20 21:28:28 INFO] GOT (200, 1655, gzip): https://api.twitch.tv/kraken/streams?offset=0&limit=100&channel=29211549 [chatty.util.api.Requests$1/requestResult]
[2018-09-20 21:29:43 INFO] GET (v5): https://api.twitch.tv/kraken/streams/followed?limit=100&offset=0 (using authorization) [chatty.util.api.TwitchApiRequest/getUrl]
[2018-09-20 21:29:43 INFO] GOT (200, 16057, gzip): https://api.twitch.tv/kraken/streams/followed?limit=100&offset=0 (using authorization) [chatty.util.api.Requests$1/requestResult]
[2018-09-20 21:29:44 INFO] Got 10 (limit: 100) followed streams. [chatty.util.api.StreamInfoManager/requestResultFollows]
[2018-09-20 21:29:48 INFO] Added emote from message: :O [chatty.gui.components.textpane.ChannelTextPane/addTwitchTagsEmoticons]
[2018-09-20 21:29:48 INFO] Added emote from message: :D [chatty.gui.components.textpane.ChannelTextPane/addTwitchTagsEmoticons]
[2018-09-20 21:30:28 INFO] GET (v5): https://api.twitch.tv/kraken/streams?offset=0&limit=100&channel=29211549 [chatty.util.api.TwitchApiRequest/getUrl]
[2018-09-20 21:30:28 INFO] GOT (200, 1655, gzip): https://api.twitch.tv/kraken/streams?offset=0&limit=100&channel=29211549 [chatty.util.api.Requests$1/requestResult]
[2018-09-20 21:30:35 INFO] Added emote from message: <3 [chatty.gui.components.textpane.ChannelTextPane/addTwitchTagsEmoticons]
[2018-09-20 21:31:31 INFO] Log: total: 124 / queue size (avg: 0, max: 1) / errors: 0 [chatty.util.chatlog.LogWriter/outputStats]
[2018-09-20 21:32:28 INFO] GET (v5): https://api.twitch.tv/kraken/streams?offset=0&limit=100&channel=29211549 [chatty.util.api.TwitchApiRequest/getUrl]
[2018-09-20 21:32:29 INFO] GOT (200, 1656, gzip): https://api.twitch.tv/kraken/streams?offset=0&limit=100&channel=29211549 [chatty.util.api.Requests$1/requestResult]
[2018-09-20 21:33:03 INFO] GET (v5): https://api.twitch.tv/kraken/streams/followed?limit=100&offset=0 (using authorization) [chatty.util.api.TwitchApiRequest/getUrl]
[2018-09-20 21:33:04 INFO] GOT (200, 16057, gzip): https://api.twitch.tv/kraken/streams/followed?limit=100&offset=0 (using authorization) [chatty.util.api.Requests$1/requestResult]
[2018-09-20 21:33:04 INFO] Got 10 (limit: 100) followed streams. [chatty.util.api.StreamInfoManager/requestResultFollows]
[2018-09-20 21:34:28 INFO] GET (v5): https://api.twitch.tv/kraken/streams?offset=0&limit=100&channel=29211549 [chatty.util.api.TwitchApiRequest/getUrl]
[2018-09-20 21:34:28 INFO] GOT (200, 1656, gzip): https://api.twitch.tv/kraken/streams?offset=0&limit=100&channel=29211549 [chatty.util.api.Requests$1/requestResult]
[2018-09-20 21:34:39 INFO] Added emote from message: :D [chatty.gui.components.textpane.ChannelTextPane/addTwitchTagsEmoticons]
[2018-09-20 21:36:23 INFO] GET (v5): https://api.twitch.tv/kraken/streams/followed?limit=100&offset=0 (using authorization) [chatty.util.api.TwitchApiRequest/getUrl]
[2018-09-20 21:36:24 INFO] GOT (200, 16057, gzip): https://api.twitch.tv/kraken/streams/followed?limit=100&offset=0 (using authorization) [chatty.util.api.Requests$1/requestResult]
[2018-09-20 21:36:24 INFO] Got 10 (limit: 100) followed streams. [chatty.util.api.StreamInfoManager/requestResultFollows]
[2018-09-20 21:36:28 INFO] GET (v5): https://api.twitch.tv/kraken/streams?offset=0&limit=100&channel=29211549 [chatty.util.api.TwitchApiRequest/getUrl]
[2018-09-20 21:36:28 INFO] GOT (200, 1656, gzip): https://api.twitch.tv/kraken/streams?offset=0&limit=100&channel=29211549 [chatty.util.api.Requests$1/requestResult]
[2018-09-20 21:36:34 INFO] Log: total: 159 / queue size (avg: 0, max: 1) / errors: 0 [chatty.util.chatlog.LogWriter/outputStats]
[2018-09-20 21:36:53 INFO] Added emote from message: <3 [chatty.gui.components.textpane.ChannelTextPane/addTwitchTagsEmoticons]
[2018-09-20 21:38:28 INFO] GET (v5): https://api.twitch.tv/kraken/streams?offset=0&limit=100&channel=29211549 [chatty.util.api.TwitchApiRequest/getUrl]
[2018-09-20 21:38:29 INFO] GOT (200, 1656, gzip): https://api.twitch.tv/kraken/streams?offset=0&limit=100&channel=29211549 [chatty.util.api.Requests$1/requestResult]
[2018-09-20 21:39:43 INFO] GET (v5): https://api.twitch.tv/kraken/streams/followed?limit=100&offset=0 (using authorization) [chatty.util.api.TwitchApiRequest/getUrl]
[2018-09-20 21:39:44 INFO] GOT (200, 16057, gzip): https://api.twitch.tv/kraken/streams/followed?limit=100&offset=0 (using authorization) [chatty.util.api.Requests$1/requestResult]
[2018-09-20 21:39:44 INFO] Got 10 (limit: 100) followed streams. [chatty.util.api.StreamInfoManager/requestResultFollows]
[2018-09-20 21:40:28 INFO] Added emote from message: ;) [chatty.gui.components.textpane.ChannelTextPane/addTwitchTagsEmoticons]
[2018-09-20 21:40:28 INFO] GET (v5): https://api.twitch.tv/kraken/streams?offset=0&limit=100&channel=29211549 [chatty.util.api.TwitchApiRequest/getUrl]
[2018-09-20 21:40:28 INFO] GOT (200, 1656, gzip): https://api.twitch.tv/kraken/streams?offset=0&limit=100&channel=29211549 [chatty.util.api.Requests$1/requestResult]
[2018-09-20 21:41:31 INFO] [Memory] total: 253.440 used: 150.695 free: 102.744 max: 253.440 [Uptime] 15m 10s [chatty.util.LogUtil/logMemoryUsage]
[2018-09-20 21:41:57 INFO] Log: total: 183 / queue size (avg: 0, max: 1) / errors: 0 [chatty.util.chatlog.LogWriter/outputStats]
[2018-09-20 21:42:28 INFO] GET (v5): https://api.twitch.tv/kraken/streams?offset=0&limit=100&channel=29211549 [chatty.util.api.TwitchApiRequest/getUrl]
[2018-09-20 21:42:29 INFO] GOT (200, 1656, gzip): https://api.twitch.tv/kraken/streams?offset=0&limit=100&channel=29211549 [chatty.util.api.Requests$1/requestResult]
[2018-09-20 21:43:03 INFO] GET (v5): https://api.twitch.tv/kraken/streams/followed?limit=100&offset=0 (using authorization) [chatty.util.api.TwitchApiRequest/getUrl]
[2018-09-20 21:43:04 INFO] GOT (200, 16058, gzip): https://api.twitch.tv/kraken/streams/followed?limit=100&offset=0 (using authorization) [chatty.util.api.Requests$1/requestResult]
[2018-09-20 21:43:04 INFO] Got 10 (limit: 100) followed streams. [chatty.util.api.StreamInfoManager/requestResultFollows]
[2018-09-20 21:44:28 INFO] GET (v5): https://api.twitch.tv/kraken/streams?offset=0&limit=100&channel=29211549 [chatty.util.api.TwitchApiRequest/getUrl]
[2018-09-20 21:44:29 INFO] GOT (200, 1656, gzip): https://api.twitch.tv/kraken/streams?offset=0&limit=100&channel=29211549 [chatty.util.api.Requests$1/requestResult]
[2018-09-20 21:46:15 INFO] Added emote from message: andyWH [chatty.gui.components.textpane.ChannelTextPane/addTwitchTagsEmoticons]
[2018-09-20 21:46:15 INFO] Added emote from message: andyAT [chatty.gui.components.textpane.ChannelTextPane/addTwitchTagsEmoticons]
[2018-09-20 21:46:23 INFO] GET (v5): https://api.twitch.tv/kraken/streams/followed?limit=100&offset=0 (using authorization) [chatty.util.api.TwitchApiRequest/getUrl]
[2018-09-20 21:46:24 INFO] GOT (200, 16058, gzip): https://api.twitch.tv/kraken/streams/followed?limit=100&offset=0 (using authorization) [chatty.util.api.Requests$1/requestResult]
[2018-09-20 21:46:24 INFO] Got 10 (limit: 100) followed streams. [chatty.util.api.StreamInfoManager/requestResultFollows]
[2018-09-20 21:46:28 INFO] GET (v5): https://api.twitch.tv/kraken/streams?offset=0&limit=100&channel=29211549 [chatty.util.api.TwitchApiRequest/getUrl]
[2018-09-20 21:46:28 INFO] GOT (200, 1656, gzip): https://api.twitch.tv/kraken/streams?offset=0&limit=100&channel=29211549 [chatty.util.api.Requests$1/requestResult]
[2018-09-20 21:46:57 INFO] Log: total: 253 / queue size (avg: 0, max: 0) / errors: 0 [chatty.util.chatlog.LogWriter/outputStats]
[2018-09-20 21:48:28 INFO] GET (v5): https://api.twitch.tv/kraken/streams?offset=0&limit=100&channel=29211549 [chatty.util.api.TwitchApiRequest/getUrl]
[2018-09-20 21:48:29 INFO] GOT (200, 1656, gzip): https://api.twitch.tv/kraken/streams?offset=0&limit=100&channel=29211549 [chatty.util.api.Requests$1/requestResult]
[2018-09-20 21:49:43 INFO] GET (v5): https://api.twitch.tv/kraken/streams/followed?limit=100&offset=0 (using authorization) [chatty.util.api.TwitchApiRequest/getUrl]
[2018-09-20 21:49:44 INFO] GOT (200, 16058, gzip): https://api.twitch.tv/kraken/streams/followed?limit=100&offset=0 (using authorization) [chatty.util.api.Requests$1/requestResult]
[2018-09-20 21:49:44 INFO] Got 10 (limit: 100) followed streams. [chatty.util.api.StreamInfoManager/requestResultFollows]
[2018-09-20 21:50:28 INFO] GET (v5): https://api.twitch.tv/kraken/streams?offset=0&limit=100&channel=29211549 [chatty.util.api.TwitchApiRequest/getUrl]
[2018-09-20 21:50:29 INFO] GOT (200, 1656, gzip): https://api.twitch.tv/kraken/streams?offset=0&limit=100&channel=29211549 [chatty.util.api.Requests$1/requestResult]
[2018-09-20 21:52:03 INFO] Log: total: 291 / queue size (avg: 0, max: 0) / errors: 0 [chatty.util.chatlog.LogWriter/outputStats]
[2018-09-20 21:52:28 INFO] GET (v5): https://api.twitch.tv/kraken/streams?offset=0&limit=100&channel=29211549 [chatty.util.api.TwitchApiRequest/getUrl]
[2018-09-20 21:52:29 INFO] GOT (200, 1656, gzip): https://api.twitch.tv/kraken/streams?offset=0&limit=100&channel=29211549 [chatty.util.api.Requests$1/requestResult]
[2018-09-20 21:53:03 INFO] GET (v5): https://api.twitch.tv/kraken/streams/followed?limit=100&offset=0 (using authorization) [chatty.util.api.TwitchApiRequest/getUrl]
[2018-09-20 21:53:04 INFO] GOT (200, 16058, gzip): https://api.twitch.tv/kraken/streams/followed?limit=100&offset=0 (using authorization) [chatty.util.api.Requests$1/requestResult]
[2018-09-20 21:53:04 INFO] Got 10 (limit: 100) followed streams. [chatty.util.api.StreamInfoManager/requestResultFollows]
[2018-09-20 21:54:28 INFO] GET (v5): https://api.twitch.tv/kraken/streams?offset=0&limit=100&channel=29211549 [chatty.util.api.TwitchApiRequest/getUrl]
[2018-09-20 21:54:29 INFO] GOT (200, 1656, gzip): https://api.twitch.tv/kraken/streams?offset=0&limit=100&channel=29211549 [chatty.util.api.Requests$1/requestResult]
[2018-09-20 21:56:23 INFO] GET (v5): https://api.twitch.tv/kraken/streams/followed?limit=100&offset=0 (using authorization) [chatty.util.api.TwitchApiRequest/getUrl]
[2018-09-20 21:56:24 INFO] GOT (200, 16058, gzip): https://api.twitch.tv/kraken/streams/followed?limit=100&offset=0 (using authorization) [chatty.util.api.Requests$1/requestResult]
[2018-09-20 21:56:24 INFO] Got 10 (limit: 100) followed streams. [chatty.util.api.StreamInfoManager/requestResultFollows]
[2018-09-20 21:56:28 INFO] GET (v5): https://api.twitch.tv/kraken/streams?offset=0&limit=100&channel=29211549 [chatty.util.api.TwitchApiRequest/getUrl]
[2018-09-20 21:56:28 INFO] GOT (200, 1656, gzip): https://api.twitch.tv/kraken/streams?offset=0&limit=100&channel=29211549 [chatty.util.api.Requests$1/requestResult]
[2018-09-20 21:56:31 INFO] [Memory] total: 253.440 used: 155.013 free: 98.426 max: 253.440 [Uptime] 30m 10s [chatty.util.LogUtil/logMemoryUsage]
[2018-09-20 21:57:24 INFO] Log: total: 313 / queue size (avg: 0, max: 0) / errors: 0 [chatty.util.chatlog.LogWriter/outputStats]
[2018-09-20 21:58:28 INFO] GET (v5): https://api.twitch.tv/kraken/streams?offset=0&limit=100&channel=29211549 [chatty.util.api.TwitchApiRequest/getUrl]
[2018-09-20 21:58:29 INFO] GOT (200, 1656, gzip): https://api.twitch.tv/kraken/streams?offset=0&limit=100&channel=29211549 [chatty.util.api.Requests$1/requestResult]
[2018-09-20 21:59:43 INFO] GET (v5): https://api.twitch.tv/kraken/streams/followed?limit=100&offset=0 (using authorization) [chatty.util.api.TwitchApiRequest/getUrl]
[2018-09-20 21:59:44 INFO] GOT (200, 16058, gzip): https://api.twitch.tv/kraken/streams/followed?limit=100&offset=0 (using authorization) [chatty.util.api.Requests$1/requestResult]
[2018-09-20 21:59:44 INFO] Got 10 (limit: 100) followed streams. [chatty.util.api.StreamInfoManager/requestResultFollows]
[2018-09-20 22:00:28 INFO] GET (v5): https://api.twitch.tv/kraken/streams?offset=0&limit=100&channel=29211549 [chatty.util.api.TwitchApiRequest/getUrl]
[2018-09-20 22:00:29 INFO] GOT (200, 1656, gzip): https://api.twitch.tv/kraken/streams?offset=0&limit=100&channel=29211549 [chatty.util.api.Requests$1/requestResult]
[2018-09-20 22:01:12 INFO] Added emote from message: andyYay [chatty.gui.components.textpane.ChannelTextPane/addTwitchTagsEmoticons]
[2018-09-20 22:02:28 INFO] GET (v5): https://api.twitch.tv/kraken/streams?offset=0&limit=100&channel=29211549 [chatty.util.api.TwitchApiRequest/getUrl]
[2018-09-20 22:02:29 INFO] GOT (200, 1656, gzip): https://api.twitch.tv/kraken/streams?offset=0&limit=100&channel=29211549 [chatty.util.api.Requests$1/requestResult]
[2018-09-20 22:02:54 INFO] Log: total: 346 / queue size (avg: 0, max: 1) / errors: 0 [chatty.util.chatlog.LogWriter/outputStats]
[2018-09-20 22:03:03 INFO] GET (v5): https://api.twitch.tv/kraken/streams/followed?limit=100&offset=0 (using authorization) [chatty.util.api.TwitchApiRequest/getUrl]
[2018-09-20 22:03:04 INFO] GOT (200, 16058, gzip): https://api.twitch.tv/kraken/streams/followed?limit=100&offset=0 (using authorization) [chatty.util.api.Requests$1/requestResult]
[2018-09-20 22:03:04 INFO] Got 10 (limit: 100) followed streams. [chatty.util.api.StreamInfoManager/requestResultFollows]
