# Log started: 2018-08-18 12:32:24 +0200
[12:32:24] <Pavianknallkopf>* ungern der Command ist schon lang genug. Wenn dann umschreiben :/ 
[12:36:01] <+PavianKnallkopf> okey :)
[12:37:48] <+PavianKnallkopf>* Wir sind zu dritt im TS und helfen aus ^^ wenn du bock hast kommst dazu. TS:  mod4you.de
[12:40:44] <+PavianKnallkopf> nachm essen komm ich dazu :) muss nur gucken wie das klingt mit dem mikro von meinem tablet :D
[12:41:17] <+PavianKnallkopf>* :D :D 
# Log closed: 2018-08-18 13:32:32 +0200
-
# Log started: 2018-08-18 18:18:43 +0200
[18:18:43] <+PavianKnallkopf> allein?
[18:19:02] <+PavianKnallkopf> wird das nun sexy talk? Kappa
[18:19:22] <+PavianKnallkopf> nö. sind ungefährt 1,8k andere mit dabei...
[18:19:43] <+PavianKnallkopf> :D
[18:20:12] <+PavianKnallkopf> brille und julian sind auf jedenfall da von uns...
[18:20:31] <+PavianKnallkopf> zuschauer aber nicht im chat :*
[18:20:51] <+PavianKnallkopf> alles gut :D
[18:21:24] <+PavianKnallkopf> spider gehört zu euch oder? ... muss die ganzen leuten erstmal sortieren :D
[18:21:41] <+PavianKnallkopf> okey :D
# Log closed: 2018-08-18 18:39:34 +0200
-
