# Log started: 2018-08-17 18:57:11 +0200
[18:57:10] Trete #ubisoftde bei..
[18:57:10] ~[GER] Paris Major - Viertelfinale - G2 vs. Millenium | Rogue vs. Obey | Vitality vs. Secret | EG vs. NiP (Tom Clancy's Rainbow Six: Siege)~
[18:57:10] #ubisoftde beigetreten
[18:57:10] MOD: Kaetzchn, Lulatschman, Moobot, Fewo11, Nightbot, Ployl, Mod4youbot, Pavianknallkopf, Likecid, Brille45
[18:57:31] <buddhi85> Secret=Bienenklatsche....übel
[18:58:03] <+aztroh09> @buddhi85 aber diese elektrische
[18:58:33] <+mundi96> vitality kann wohl nichts hören rhythmLul
[18:58:47] <buddhi85> Jap
[18:59:17] <+mundi96> die sind taub
[18:59:26] <Panoahm> Die kltsche wird generft
[19:00:52] MOD: recklessGreed
[19:01:15] <r0hl1ng> Wat ein Brett :Z
[19:01:47] <buddhi85> Üble Sache☠️
[19:02:18] <x3rx_> wie Verdi immer austickt xD ich Feier ihn so hart :D
[19:02:25] <+aztroh09> Zercancern 😂😂😂
[19:02:52] <buddhi85> 🐝🔫
[19:04:06] <yanniyaze> legga
[19:06:23] <+chestpainunit> was für headsets benutzen die
[19:06:39] <27_Fabian_xD> in ear
[19:06:49] <Panoahm> #V4Verdi!
[19:07:08] <smenne> wie heißt nochmal das deutsche team??
[19:07:16] <27_Fabian_xD> orgless
[19:07:19] <buddhi85> Orgless
[19:07:19] <Panoahm> Orgless
[19:07:24] <smenne> danke
[19:07:26] <misajinxi> team schnitzel und kartoffelsalat
[19:07:51] <ihashimototv> wie lange wird heute noch gespielt?
[19:08:03] <27_Fabian_xD> danach noch 1 game
[19:09:26] <zLoiiq> wann wird neue season vorgestellt?
[19:09:35] <Panoahm> 19
[19:09:48] <zLoiiq> dangeee
[19:10:00] <sir_hunt3r> @zLoiiq Sonntag
[19:10:13] <benitico666> GGWP
[19:10:25] <blacki_1337> kassLOVE kassLOVE kassLOVE kassLOVE
[19:12:12] <kuro_r6s> gg :)
[19:12:32] <+Ragdet3104GER> Was ein Game
[19:13:29] <GPS_08> Super Match
[19:14:53] <Visio_YT> ist es wie letztes mal, dass man benachrichtigt wird, wenn man einen Drop erhalten hat. Falls ja, wie lang ist die Verzögerung ca.?
[19:15:33] <@+recklessGreed> Das ist noch nicht ganz klar. Einige sagen sie haben schon erste Drops, andere die seit heute morgen zuschauen haben noch nichts. Ich denke das wird twitch noch peinpendeln müssen
[19:15:35] <Panoahm> Unterschiedlich 2-24St
[19:16:06] <xxxskillerxxx1> wann bekommt man den talisman?
[19:16:09] <@brille45> Alle Infos zu den Charm Drops findet ihr hier -> https://goo.gl/s16KPq
[19:16:14] <@brille45> ab Montag
[19:17:07] <rom96theking> Ab wann gibts den ersten drop? Also kupfer
[19:17:18] <MaxKing3000> 45 min
[19:17:32] <Visio_YT> @recklessGreed Danke für die Info :)
[19:17:50] <@+recklessGreed> Gerne :) ansonsten über den Link von Brille gibts alle Infos 
[19:17:56] <+xTiggii> cool
[19:21:51] <nebelrikki> Servus
[19:22:06] <xxxskillerxxx1> hi
[19:22:48] <rg_exe> Wann gibts dia
[19:23:53] <@+likecid> gibt keine offiziellen Zahlen
[19:23:54] <sirmorningwood_> @rg_exe für dich gar nicht
[19:24:29] <+issmailisallah> Wie kann ich die talismane einlösen?
[19:24:39] <sirmorningwood_> nicht vor dem 20.8. Das ist schon mal sicher
[19:24:51] <+issmailisallah> hab jetzt 6h bei Rainbow6 geschaut
[19:25:36] <+issmailisallah> weil leute claimcharm reinschreiben und mir gesagt wurde das man den drop dann bekommt
[19:25:37] <sirmorningwood_> @issmailisallah wenn du deinen Twitchaccount mit Ubisoft verbunden hast, kommst du zum einen hier bei Twitch oben rechts ne Benachrichtigung, und zum andern sind die dann Ingame Verfügbar
[19:25:43] <+Crischtbampitz> cartmanXd
[19:25:48] <+issmailisallah> aber ich bekomme dann eine meldung damit es nicht gepostet wird
[19:26:01] <@+likecid> bekommst die automatisch issmailisallah
[19:26:02] <@+recklessGreed> !charmdrops
[19:26:02] <@+Mod4YouBOT>* Alle Infos über die Charm Drops findet ihr hier ► https://goo.gl/s16KPq |-| Diese könnt ihr ab Freitag bei http://twitch.tv/rainbow6de erhalten!
[19:26:22] <@+likecid> brauchst nichts schreiben, claimen oder sonstiges. Einfach das machen was in dem Link vom netten Bot steht und dann regelt sich das
[19:26:46] <+issmailisallah> Ok hab mein account verbunden. Super dann bin ich ja froh^^
[19:27:12] <@+likecid> aber du musst in den rainbow6de chan gehen
[19:27:17] <sirmorningwood_> ;)
[19:27:24] <+issmailisallah> ja das weiß ich
[19:27:30] <@+likecid> Okay, dann alles richtig gemacht
[19:27:37] <@+likecid> Sollten dann automatisch reinpurzeln :)
[19:27:52] <+issmailisallah> super, danke! :)
[19:28:42] Viewerstats (18:58-19:28): avg:375 min:331 max:423 [17/384+8-15+9-5+7+13+9+13-31-7-39+11-13-4+1-10]
[19:28:54] <xxxskillerxxx1> wie lang muss man zusehen dass man diamant bekommt?
[19:29:22] <sirmorningwood_> 12h
[19:29:25] <@+recklessGreed> Ist nicht bekannt. Aber wenn du alle Matches unter https://twitch.tv/Rainbow6DE schaust bist du auf der Sicheren seite
[19:29:54] <@+recklessGreed> Wir sind uns nämlich nicht ganz einig ob UBIDE auch für die Drops gilt.
[19:31:01] <+Crischtbampitz> cartmanSad
[19:31:07] <misajinxi> lol echt
[19:32:46] <@+recklessGreed> Jap deswegen einfach bei twitch.tv/Rainbow6DE schauen da seid ihr auf der sicheren Seite und es ist EXACT der gleiche Content
[19:34:16] <AliReza_SharR666> owwwwe owwwwe
[19:37:03] <+NitroxGamingl> Weiß wer wie es bei rogue vs Obey ausging
[19:37:51] <@brille45> Test test
[19:37:54] <@+recklessGreed> NitroxGamingl leider nein. bin erst seit kurzem von Arbeit zurück
[19:37:59] <@brille45> ah ok läuft wieder
[19:38:10] <@+recklessGreed> Frag am besten mal bei https://twitch.tv/rainbow6DE
[19:38:19] <@+recklessGreed> wb brille
[19:38:20] <Kosmo2k5> Roque 2-0
[19:39:00] UNMOD: brille45
[19:39:10] <vitaa100312> Ich glaub es wird spannend B)
[19:40:56] MOD: brille45
[19:42:39] <+raykim_tl> Wie goes Nip früher?
[19:43:39] <@+likecid> what?
[19:43:51] <@+Lulatschman> !gewinnspiel
[19:44:11] <@+Lulatschman> !gewinnspiel
[19:44:20] <+raykim_tl> Was war der Name von Nip früher?
[19:44:36] <musetto2310> black dragons
[19:44:37] <@+Lulatschman> !gewinnspiel
[19:44:38] <@+Mod4YouBOT>* Lust auf ein großes Überraschungspaket? ► https://goo.gl/r4xHXe
[19:44:44] <+Ragdet3104GER> für wen seit ihr
[19:44:53] <@+recklessGreed> !vote4
[19:44:54] <@+Mod4YouBOT>* Wer gewinnt das Match? Evil Geniuses oder Ninjas in Pyjamas? Stimmt ab ► https://www.strawpoll.me/16275631
[19:45:08] <rgfx22> Was für ne Pflaume ist das rechts
[19:46:10] BAN: rgfx22 (5s)
[19:46:10] MOD_ACTION: brille45 (timeout rgfx22 5 )
[19:46:16] <@brille45> !caster
[19:46:16] <@+Mod4YouBOT>* Unsere Caster sind: Tobias 'ShatterXx' Richter & Ihno 'Harris' Kampen
[19:47:03] <NexusLoki> !caster
[19:47:11] <rgfx22> Nicht Kommentare löschen. Freie Meinung auch im Stream
[19:48:05] <@+recklessGreed> naja Frei Meinung geht soweit bis es beleidigend wird... 
[19:48:08] <allesklarop> !
[19:48:25] Verbindung unterbrochen
[19:48:25] Attempting to reconnect in 1 seconds.. (1/40)
[19:48:26] Versuche mit irc.chat.twitch.tv:6697 zu verbinden (verschlüsselt)
[19:48:27] Trete #ubisoftde bei..
[19:48:28] #ubisoftde beigetreten
[19:48:28] MOD: Moobot, Nightbot, Ployl, likecid, Pavianknallkopf, Kaetzchn, Mod4YouBOT, brille45, Lulatschman, recklessGreed
[19:48:28] MOD: Fewo11
[19:48:34] <allesklarop> Wer spielt
[19:48:38] <sirmorningwood_> kann mir einer der Mods mal bitte den link schkcejn wie man die 2 Accounts verbindet? Dnake schon mal
[19:48:40] <@+recklessGreed> !vote4
[19:48:41] <@+Mod4YouBOT>* Wer gewinnt das Match? Evil Geniuses oder Ninjas in Pyjamas? Stimmt ab ► https://www.strawpoll.me/16275631
[19:48:55] <allesklarop> vote4
[19:49:05] <rgfx22> Indem Falle bist du auch eine Pflaume @recklessgreed
[19:49:29] <Kosmo2k5> Gamecatering ist ja mein Favourite Caster Team
[19:49:51] Trying to timeout rgfx22 (600s/10m 0s)
[19:49:51] BAN: rgfx22 (600s)
[19:49:51] MOD_ACTION: recklessgreed (timeout rgfx22 600 )
[19:49:51] [Info] rgfx22 has been timed out for 600 seconds.
[19:50:14] <+ZuperFe> !help
[19:50:23] <@+recklessGreed> Wie kann ich helfen? 
[19:50:24] <@brille45> wie kann ich dir helfen?
[19:50:56] <@+likecid> wie kann ich dir helfen? Keepo
[19:51:07] <+ZuperFe> @recklessGreed @brille45 danke ich probiere nur was aus :)
[19:51:14] <benitico666> DxCat
[19:51:49] <buddhi85> Vote steht gegen NIP
[19:53:41] Requesting moderator list..
[19:53:42] [Info] The moderators of this channel are: agonyr6s, amar6s, anthrx_at, at0micx, avalontv, aysli, bieberbutzeman, brille45, dargozino, definitelynotbk201, digitalthundertv, domvgt, esl_verdipwnz, fewo11, gnsnico, homerger, honeydrake, jaypi5, julian_r6, kaetzchn, kicor6s, likecid, lulatschman, mod4youbot, moobot, mrduckspace, murks42, mylo_0, nightbot, pavianknallkopf, ployl, pringeidose, recklessgreed, rexentietv, schyroo, shatterxx, spiderspoode, t2n_mo, ubiservant, xcika
[19:53:42] There are 40 mods for this channel.
[19:54:20] <@+recklessGreed> !vote4
[19:54:21] <@+Mod4YouBOT>* Wer gewinnt das Match? Evil Geniuses oder Ninjas in Pyjamas? Stimmt ab ► https://www.strawpoll.me/16275631
[19:58:03] <zLoiiq> warum war bei den Operatoren ne 6?
[19:58:48] Viewerstats (19:30-19:58): avg:341 min:315 max:367 [15/322+2-9+21+1-18+18-3+27-10+0+14-7-9+18]
[19:58:55] <sirmorningwood_> @zLoiiq is ein Pro League Waffen SKin
[19:59:09] <@+likecid> das ist der 6th pick. Nach der Reveal Phase kann man nun einen Operator austauschen --> Also einen "6ten zu picken"
[19:59:09] <sirmorningwood_> wenn du das meinst
[19:59:37] <sirmorningwood_> @zLoiiq okay, mein fehler
[19:59:52] <unicorn_knights> Hey :D
[20:00:42] <zLoiiq> @likecid öh ogge :D
[20:01:09] MOD: Ubisoftde
[20:07:13] UNMOD: Ubisoftde
[20:07:30] <sirmorningwood_> @likecid weißt du wann die PL Skins für Vigil, Zofia etc kommen?
[20:07:42] <@+likecid> Nein, denke dazu wird man aber noch was am Wochenende hören
[20:07:49] <@+likecid> vielleicht schon morgen im Esport Panel :)
[20:08:18] <sirmorningwood_> @likecid okay super. Hatte schon angst das es sie schon gab. Weißt du welche 2018 bis jetzt rausgekommen sind?
[20:08:36] <@+likecid> nope, die PL Skins sind nicht meins
[20:08:42] <@+likecid> finde die meist eher unschön für sehr viel Geld
[20:08:54] <sirmorningwood_> @likecid okay danke dir !
[20:10:45] <zLoiiq> Letztens war doch Capitao oder?
[20:12:28] <benitico666> !majorhype
[20:12:30] <Bluem4n> !majorhype
[20:12:32] <@+likecid>* Giveaways nur auf → https://www.twitch.tv/rainbow6de
[20:12:32] <@+likecid>* Giveaways nur auf → https://www.twitch.tv/rainbow6de
[20:12:32] <MalteR6S> !majorhype
[20:12:33] <@+likecid>* Giveaways nur auf → https://www.twitch.tv/rainbow6de
[20:12:33] <@+likecid>* Giveaways nur auf → https://www.twitch.tv/rainbow6de
[20:12:33] <@+likecid>* Giveaways nur auf → https://www.twitch.tv/rainbow6de
[20:12:34] <@+likecid>* Giveaways nur auf → https://www.twitch.tv/rainbow6de
[20:12:34] <@+likecid>* Giveaways nur auf → https://www.twitch.tv/rainbow6de
[20:12:35] <streampercep7ion> !majorhype
[20:12:36] <+Miller599> !majorhype
[20:12:37] <Fuss3Lx> !Majorhype
[20:12:38] <Deneilo_> !majorhype
[20:12:38] <maaarinho> !majorhype
[20:12:40] <Greezyfreezy> !majorhype
[20:12:40] <+j0Akiz> !majorhype
[20:12:41] <Devil_BC> !majorhype
[20:12:41] <allesklarop> !majaorhype
[20:12:42] <buddhi85> !majorhype
[20:12:42] <BaueeHermann> !majorhype
[20:12:44] <unicorn_knights> !majorhype
[20:12:44] <holzl> !majorhype
[20:12:45] <Madn0x> !majorhype
[20:12:48] <+Desertone911> !majorhype
[20:12:49] <sirmorningwood_> @zLoiiq jawollo, Capitao, Kapkan, Lession & Echo
[20:12:52] <mola_adebez> !majorhype
[20:12:53] <@+recklessGreed>* WICHTIG! Nicht hier sondern unter  https://www.twitch.tv/rainbow6de
[20:12:55] <+xander967> !majorhype
[20:12:55] <andy_0610> !majorhype
[20:12:56] <Fuss3Lx> !majorhype
[20:12:57] <@+recklessGreed>* WICHTIG! Nicht hier sondern unter  https://www.twitch.tv/rainbow6de
[20:12:57] <kris_617> !majorhype
[20:13:02] <Xada90> !majorhype
[20:13:03] <+Markus271180> !majorhype
[20:13:03] <sirmorningwood_> !majorhype
[20:13:06] <ikroetex> !majorhype
[20:13:08] <+Theranos> !majorhype
[20:13:09] <stuhlgangsaltz> !majorhype
[20:13:10] <@+recklessGreed>* WICHTIG! Nicht hier sondern unter  https://www.twitch.tv/rainbow6de
[20:13:12] <X_Mo_X> !majorhype
[20:13:13] <streampercep7ion> gibts eig wieder normale chrams fürs zuschauen?
[20:13:15] <StrYker_play> !majorhype
[20:13:16] <unicorn_knights> !majorhype
[20:13:16] <Hackfleischjohn> !majorhype
[20:13:16] <Mrobama_> !majorhype
[20:13:18] <@+likecid>* Giveaways nur auf → https://www.twitch.tv/rainbow6de
[20:13:19] <@+likecid>* Giveaways nur auf → https://www.twitch.tv/rainbow6de
[20:13:19] <+effizjens112> !majorhype
[20:13:19] <@+likecid>* Giveaways nur auf → https://www.twitch.tv/rainbow6de
[20:13:19] <@+likecid>* Giveaways nur auf → https://www.twitch.tv/rainbow6de
[20:13:19] <El_croato87> !majorhype
[20:13:20] <eddiairtv> !majorhype
[20:13:21] <Radirrerr> !majorhype
[20:13:25] <@+likecid>* Alle Infos zu den Charm Drops hier → https://goo.gl/s16KPq
[20:13:29] <freaky_unicorn17> !majorhype
[20:13:34] <caapiii> !majorhype
[20:13:36] <gurrag1353> !majorhype
[20:13:38] <Tryhardpopo> !majorhype
[20:13:39] <clemens_ex> !majorhype
[20:13:41] <pommespanzer_666> !majorhype
[20:13:43] <@+recklessGreed> @streampercep7ion Ja aber auch nur unter twitch.tv/rainbow6de
[20:13:44] <+mulde90> !majorthype
[20:13:47] <+Luke131101> !majorhype
[20:13:47] <Kidxman750> !majorhype
[20:13:50] <marcel03114> 🎧
[20:13:55] <marcel1994s> !majorhype
[20:13:57] <unicorn_knights> !majorhype
[20:14:03] <yanni492003> !majorhype
[20:14:07] <gurrag1353> !mayorhype
[20:14:08] <jojo2611> !majorhype
[20:14:08] <@+recklessGreed>* WICHTIG! Nicht hier sondern unter  https://www.twitch.tv/rainbow6de
[20:14:09] <@+recklessGreed>* WICHTIG! Nicht hier sondern unter  https://www.twitch.tv/rainbow6de
[20:14:09] <@+recklessGreed>* WICHTIG! Nicht hier sondern unter  https://www.twitch.tv/rainbow6de
[20:14:12] <skulbliron> !majorhype
[20:14:34] <Kidxman750> !majorhype
[20:14:53] <unicorn_knights> !majorhype
[20:15:10] <+Cedric433> !mojorhype
[20:15:13] <Bengel1901> !majorhype
[20:15:24] <sirmorningwood_> !majorhype
[20:15:24] <unicorn_knights> !majorhype
[20:15:33] <TNO_HADES> !majorhype
[20:15:35] <+Cedric433> !majorhype
[20:15:38] <GPS_08> !majorhype
[20:15:46] <Bengel1901> !majorhype
[20:15:56] <@+recklessGreed>* WICHTIG! Das Gewinnspiel findet nicht hier sondern unter  https://www.twitch.tv/rainbow6de statt!
[20:15:56] <@+recklessGreed>* WICHTIG! Das Gewinnspiel findet nicht hier sondern unter  https://www.twitch.tv/rainbow6de statt!
[20:15:57] <unicorn_knights> !majorhype
[20:16:03] <+zeallyn> !majorhype
[20:16:20] <Kidxman750> !majorhype
[20:19:15] <@+PavianKnallkopf>* +++ Drops und Gewinnspiele nur auf twitch.tv/rainbow6de !!! Nicht hier !!! +++
[20:19:15] <@+PavianKnallkopf>* +++ Drops und Gewinnspiele nur auf twitch.tv/rainbow6de !!! Nicht hier !!! +++
[20:19:15] <@+PavianKnallkopf>* +++ Drops und Gewinnspiele nur auf twitch.tv/rainbow6de !!! Nicht hier !!! +++
[20:19:16] <@+PavianKnallkopf>* +++ Drops und Gewinnspiele nur auf twitch.tv/rainbow6de !!! Nicht hier !!! +++
[20:19:16] <@+PavianKnallkopf>* +++ Drops und Gewinnspiele nur auf twitch.tv/rainbow6de !!! Nicht hier !!! +++
[20:19:17] <@+PavianKnallkopf>* +++ Drops und Gewinnspiele nur auf twitch.tv/rainbow6de !!! Nicht hier !!! +++
[20:19:17] <@+PavianKnallkopf>* +++ Drops und Gewinnspiele nur auf twitch.tv/rainbow6de !!! Nicht hier !!! +++
[20:20:14] <bottec> 🤗
[20:20:33] <@+recklessGreed> Kaum wieder da schon krass am Übertreiben Keepo
[20:22:19] <ZockerAffe2000> !majorhype
[20:24:11] <+glumocho> bekommt man hier die anhänger
[20:25:06] <@+PavianKnallkopf> nein
[20:25:07] <@+PavianKnallkopf>* +++ Drops und Gewinnspiele nur auf twitch.tv/rainbow6de !!! Nicht hier !!! +++
[20:25:08] <@+PavianKnallkopf>* +++ Drops und Gewinnspiele nur auf twitch.tv/rainbow6de !!! Nicht hier !!! +++
[20:25:08] <@+PavianKnallkopf>* +++ Drops und Gewinnspiele nur auf twitch.tv/rainbow6de !!! Nicht hier !!! +++
[20:25:10] <@+recklessGreed> glumocho um auf Nummer sicher zu gehen schau bitte unter https://twitch.tv/rainbow6de
[20:25:24] <@+recklessGreed> SPAM ALERT DansGame
[20:25:48] <@+PavianKnallkopf> Ich hab die Lizenz zum spammen biberCool
[20:26:29] <@+recklessGreed> Not on my Watch tpKaibarules
[20:28:53] Viewerstats (20:00-20:28): avg:377 min:345 max:406 [15/367-3+6-2+17+3+14-3+7-16-18+16-31+2-14]
[20:29:53] <+M0J0MO> hat Team Secret gewonnen ?```
[20:30:04] <@+recklessGreed> Nein TeamSecret hat 2:0 verloren
[20:30:08] <@+recklessGreed> !bracket
[20:30:08] <@+Mod4YouBOT>* Hier findet ihr die aktuellen Tabellen und Ergebnisse: https://goo.gl/fNWWHt
[20:30:34] <@+PavianKnallkopf> Öh. Da steht haber 2:0 gewonnen drin...
[20:30:35] <@+likecid> glaube recklessGreed hat sich vertan, Secret hat 2:0 gewonnen
[20:30:38] <+hansololp> recklessGreed Secret hat 2 0 gewonnen aber ok XD
[20:30:38] <@+recklessGreed> Korrigiere
[20:30:40] <@+recklessGreed> ich bin Dumm 
[20:30:41] <@+recklessGreed> :D 
[20:30:53] <+hansololp> recklessGreed oh ja bis du <3
[20:31:05] <@+recklessGreed> Habs andersrum im Kopf gehabt. Secret hat 2:0 gegen Vitality gewonnen
[20:31:10] <@+PavianKnallkopf> recklessGreed ich werde dich nun öfter mal zitieren Kappa
[20:31:11] <@+recklessGreed> LauchLP du bist ruhig... gelle ... 
[20:31:21] <@+recklessGreed> Grrr... Pavi FeelsBadMan
[20:31:40] <+hansololp> jaja recklessGreed hab dich auch lieb :P
[20:31:46] <@+recklessGreed> Schau lieber mal auf Telegram
[20:32:02] <@+PavianKnallkopf> Telegram gibts noch? :O
[20:32:26] <@+recklessGreed> ja ^^ nutz ich deutlich lieber als WhatsApp ._. 
[20:32:38] <@+PavianKnallkopf> aber nutzt doch kein mensch...
[20:32:50] <+hansololp> ich find vor allem tele dektop besser
[20:32:56] <@+recklessGreed> Genug leute bei mir... 
[20:33:00] <+hansololp> Pavi hab fast alles auf tele umgestellt
[20:33:15] <@+PavianKnallkopf> okey. ich hab damals niemand überzeugt bekommen
[20:33:18] <+hansololp> jupp das ganze team recklessGreed :D
[20:33:22] <@+recklessGreed> Same ... hab nen großteil meines Freundeskreises "erzogen bekommen" 
[20:33:33] <@+recklessGreed> Nicht nur han... 
[20:33:51] <thedonutjunkie> Bekommt man gleich eine Nachricht wenn man einen Charm bekommt oder wie läuft das ab ?
[20:34:00] <@+likecid> können wir Freunde tauschen? 🤔
[20:34:01] <@+PavianKnallkopf> thedonutjunkie hier bekommste keine drops...
[20:34:05] <@+PavianKnallkopf>* +++ Drops und Gewinnspiele nur auf twitch.tv/rainbow6de !!! Nicht hier !!! +++
[20:34:06] <@+PavianKnallkopf>* +++ Drops und Gewinnspiele nur auf twitch.tv/rainbow6de !!! Nicht hier !!! +++
[20:34:06] <@+PavianKnallkopf>* +++ Drops und Gewinnspiele nur auf twitch.tv/rainbow6de !!! Nicht hier !!! +++
[20:34:18] <@+recklessGreed> @likecid weis nicht ... :D 
[20:34:25] <@+likecid> okay cupiFeelsn
[20:34:30] <thedonutjunkie> meinte den anderen channel gucke da
[20:34:36] <@+likecid>* Alle Infos zu den Charm Drops hier → https://goo.gl/s16KPq
[20:34:44] <@+PavianKnallkopf> du bekommst die drops erst am montag
[20:35:27] <thedonutjunkie> Irgendwer meinte das man die erstmal ins inventar bekommt auf twitch
[20:35:39] <@+PavianKnallkopf> die bekommste dann auch gleichzeitig ingame
[20:35:42] <@+PavianKnallkopf> war bisher immer so
[20:36:03] <thedonutjunkie> Achso dankeschön
[20:36:14] <@+PavianKnallkopf> gerne
[20:37:04] You have left #ubisoftde
[20:37:04] Viewerstats (20:30-20:36): avg:356 min:344 max:367 [4/344+17-7+13]
# Log closed: 2018-08-17 20:37:04 +0200
-
# Log started: 2018-08-17 20:37:33 +0200
[20:37:33] Trete #ubisoftde bei..
[20:37:33] ~[GER] Paris Major - Viertelfinale - G2 vs. Millenium | Rogue vs. Obey | Vitality vs. Secret | EG vs. NiP (Tom Clancy's Rainbow Six: Siege)~
[20:37:33] #ubisoftde beigetreten
[20:37:33] MOD: Likecid, Lulatschman, Pavianknallkopf, Nightbot, Brille45, recklessGreed, Mod4youbot, Kaetzchn, Moobot, Fewo11
[20:37:33] MOD: Ployl
[20:37:37] <@+likecid> MingLee
[20:40:53] <+VenomSlkillz> Jo
[20:41:22] <+VenomSlkillz> Freu mich auf die neuen pro League sets
[20:44:25] <jay11172> LOL
[20:44:47] <Turkish_Beast52> So ein billiges geschwätz
[20:46:09] <thedayofthedays> Dann piss dich doch
[20:47:41] Trying to timeout thedayofthedays (5s)
[20:47:41] BAN: thedayofthedays (5s)
[20:47:41] MOD_ACTION: recklessgreed (timeout thedayofthedays 5 )
[20:47:41] [Info] thedayofthedays has been timed out for 5 seconds.
[20:48:25] <textilldiscounter> gibt es wieder charms zum freischalten `?
[20:48:44] <+gentleman__gaming> ja gibt es
[20:48:48] <@+PavianKnallkopf> aber nicht hier
[20:48:50] <@+PavianKnallkopf>* +++ Drops und Gewinnspiele nur auf twitch.tv/rainbow6de !!! Nicht hier !!! +++
[20:48:51] <@+PavianKnallkopf>* +++ Drops und Gewinnspiele nur auf twitch.tv/rainbow6de !!! Nicht hier !!! +++
[20:48:51] <@+PavianKnallkopf>* +++ Drops und Gewinnspiele nur auf twitch.tv/rainbow6de !!! Nicht hier !!! +++
[20:49:04] <textilldiscounter> danke Pavian
[20:50:32] <TheRealPizza_> l
[20:51:40] <@+PavianKnallkopf>* +++ Drops und Gewinnspiele nur auf twitch.tv/rainbow6de !!! Nicht hier !!! +++
[20:51:50] <+SasgroLP> ich hab gehört man bekommt charms? durch zugucken wie bei den invitationals oder wie genau?
[20:52:02] <@+PavianKnallkopf> nicht hier.
[20:52:05] <@+PavianKnallkopf>* +++ Drops und Gewinnspiele nur auf twitch.tv/rainbow6de !!! Nicht hier !!! +++
[20:52:05] <@+PavianKnallkopf>* Hier erfahrt ihr alles über die Charm Drops: https://goo.gl/s16KPq
[20:52:09] <@+PavianKnallkopf> da steht alles drin
[20:55:25] <christof223> Könnt ihr nochmal denn link für die chams Drops schicken
[20:55:25] <ultrapunched> gibt es loot
[20:55:44] <ultrapunched> ja
[20:55:55] <@+likecid>* Alle Infos zu den Charm Drops hier → https://goo.gl/s16KPq
[20:57:39] <@+PavianKnallkopf>* +++ Drops und Gewinnspiele nur auf twitch.tv/rainbow6de !!! Nicht hier !!! +++
[20:57:40] <@+PavianKnallkopf>* +++ Drops und Gewinnspiele nur auf twitch.tv/rainbow6de !!! Nicht hier !!! +++
[20:58:47] <+Kitago1970> kann man auch deisen stream schaunen für die charm drops?
[20:58:54] <@+PavianKnallkopf> nein
[20:58:56] <@+PavianKnallkopf>* +++ Drops und Gewinnspiele nur auf twitch.tv/rainbow6de !!! Nicht hier !!! +++
[20:58:58] <@+PavianKnallkopf>* +++ Drops und Gewinnspiele nur auf twitch.tv/rainbow6de !!! Nicht hier !!! +++
[20:59:17] <@+recklessGreed> warte mal wo gibts gewinnspiele Pavi? 
[20:59:23] <@+PavianKnallkopf> na drüben
[20:59:25] <@+PavianKnallkopf> Kappa
[20:59:26] <@+recklessGreed> ahhh 
[20:59:31] <@+recklessGreed> danke PogChamp
[20:59:37] <@+PavianKnallkopf> noch nicht mitgemacht? :O
[20:59:53] <@+recklessGreed> Doch klar ^^ auch schon gewinner festgesetzt  KappaHD
[21:00:14] <^Stay_Hydrated_Bot>* @ubisoftde stayhyBottle You've been live for just over 9 hours. By this point in your broadcast you should have consumed at least 36oz (1.08L) of water to maintain optimum hydration.
[21:00:24] <@+PavianKnallkopf> 1,08L ... witzig
[21:00:30] <@+PavianKnallkopf> da hab ich ja mehr bier betrunken
[21:00:34] <@+recklessGreed> Ach ich liebe diesen Bot ... NICHT. FeelsBadMan
[21:00:39] <@+PavianKnallkopf> !pausehydrate
[21:00:44] <@+PavianKnallkopf> oder wie war das?
[21:00:47] <@+PavianKnallkopf> !hydratepause
[21:00:47] <^Stay_Hydrated_Bot> reminders paused until command is typed again, or until the next broadcast
[21:00:52] <@+PavianKnallkopf> perfekt
[21:00:55] <@+recklessGreed> ahhh :3 
[21:00:57] <@+recklessGreed> serr gut 
[21:01:06] <@+PavianKnallkopf> nur nicht ganz ausschalten... manche wollen den :D
[21:01:15] <@+recklessGreed> echt o.o Warum o.o 
[21:01:33] <@+PavianKnallkopf> keine ahnung.
[21:01:37] <@+recklessGreed> Well ... 
[21:01:38] <@+PavianKnallkopf> eigentlich isses ja auch ganz witzig.
[21:01:43] <@+PavianKnallkopf> nur nicht in solchen streams
[21:01:52] <@+recklessGreed> Ich finds einfach nur Nervig ... DansGame
[21:02:00] <@+Ployl> Der ist super DansGame
[21:02:13] <27_Fabian_xD> ich find den auch gut
[21:02:24] <@+PavianKnallkopf> naja jetzt hat er erstmal pause 🤷🏻
[21:03:10] <buddhi85> Ich followe ja?!
[21:03:28] <@+PavianKnallkopf> buddhi85 followe mehr biberWut und vorallem auf twitch.tv/rainbow6de
[21:03:46] <@+Ployl> !tinyhydrate
[21:03:47] <^Stay_Hydrated_Bot> tiny mode: enabled
[21:03:56] <@+Ployl> Für das näcshte Mal, wenn er wieder an ist :)
[21:04:01] <@+Ployl> Dann ist die Nachricht kürzer
[21:04:37] <@+PavianKnallkopf> auf r6de hab ich den schon lang nicht mehr gesehn.
[21:04:42] <@+PavianKnallkopf> ist er da schon aus? :D
[21:05:35] <@+recklessGreed> dunno 
[21:05:38] <@+recklessGreed> ich wars nicht :D 
[21:06:08] <lolkay77> gibts den englischen stream auf twitch?
[21:06:13] <@+PavianKnallkopf> sicher
[21:06:14] <27_Fabian_xD> jop
[21:06:19] <@+PavianKnallkopf> twitch.tv/rainbow6
[21:06:35] <lolkay77> thx bb
[21:06:53] Viewerstats (20:38-21:06): avg:360 min:350 max:376 [15/363+13-11+7-22+2+1+1-2+8+2+5+1-9+0]
[21:08:41] <limobob> wurde gerade ein anhänger verteilt?
[21:09:25] <buddhi85> Wo müsste der code eingelöst werden ?
[21:09:42] <buddhi85> sry bin ein twich noob
[21:09:47] <@+PavianKnallkopf> die seite steht dann direkt unter dem code
[21:10:00] <megamotmuli> !giveaway
[21:10:07] <limobob> wurde denn schon einer verteilt in den letzten 10 min?
[21:10:15] <buddhi85> Code aufschreiben uuuuund link? 🙈
[21:10:16] <+Zentaul> !giveaway
[21:10:18] <iiireptyzz> heyy
[21:10:20] <MrDrHaueDich> !giveaway
[21:10:25] <@+PavianKnallkopf> buddhi85 einfach direkt eintippen :D
[21:10:34] <Thisisflrn> !giveaway
[21:10:34] <iiireptyzz> Keepo
[21:10:38] <buddhi85> Da ist ein clutch ja leichter....
[21:10:40] <h4d3s_es3kzz> !giveaway
[21:10:45] <limobob> hallo?
[21:10:52] <+DiePost> !giveaway
[21:10:56] <+xander967> !giveaway
[21:10:56] <clasher2908> !giveaway
[21:11:05] <iiireptyzz> sind Orgless schon raus?
[21:11:06] <limobob> !giveaway
[21:11:20] <@+PavianKnallkopf> iiireptyzz ja ^^ in der gruppenphase ausgeschieden
[21:11:26] <@+PavianKnallkopf>* +++ Drops und Gewinnspiele nur auf twitch.tv/rainbow6de !!! Nicht hier !!! +++
[21:11:27] <@+PavianKnallkopf>* +++ Drops und Gewinnspiele nur auf twitch.tv/rainbow6de !!! Nicht hier !!! +++
[21:11:28] <@+PavianKnallkopf>* +++ Drops und Gewinnspiele nur auf twitch.tv/rainbow6de !!! Nicht hier !!! +++
[21:11:28] <iiireptyzz> mist
[21:11:30] <limobob> hallo??
[21:11:39] <Desstwo> !giveaway
[21:11:46] <@+PavianKnallkopf>* +++ Drops und Gewinnspiele nur auf twitch.tv/rainbow6de !!! Nicht hier !!! +++
[21:11:51] <@+PavianKnallkopf> limobob Hallo
[21:15:04] <R6enix> hi
[21:16:46] <UGP_Enulen> !gewinnspiel
[21:16:47] <@+Mod4YouBOT>* Lust auf ein großes Überraschungspaket? ► https://goo.gl/r4xHXe
[21:17:33] <iiireptyzz> schade
[21:17:57] <+buwe92> iiireptyzz: schade
[21:19:53] <+VenomSlkillz> Gooi
[21:20:22] <TheLightningBaer> 1-0 10 Möglichkeiten Kappa asayHaha asayCry
[21:22:31] <+delargo84> Bekommt ihr n 50 er extra wenn ihr alle 5 Minuten den Follower Hype rein ruft ? BlessRNG ResidentSleeper SeemsGood <3 <3
[21:23:18] <@+PavianKnallkopf> delargo84 0 mal 50 is immernoch 0
[21:24:40] <+buwe92> was zeichnen die da .?
[21:25:26] <@+PavianKnallkopf> die machen sich notizen zu den spielen
[21:26:02] <TheRealPufffi> wo bekommt man nochmal die drops?
[21:26:14] <+delargo84> @pavianknallkopf Super. Wieder was gelernt Danke :Z
[21:26:15] <TheLightningBaer> fan arts von den Operator
[21:26:37] <@+PavianKnallkopf> delargo84 sehr gerne :)
[21:28:10] <JasonEins> warum ist der rechte so gelangweilt? o_O
[21:28:17] <@+PavianKnallkopf> der is nicht gelangweilt.
[21:28:31] <@+PavianKnallkopf> 1. Ist das einfach seine Art. und 2. is der tag auch ganz schön lang für die ;)
[21:28:32] <melle91> Ist er nicht, der ist immer so 😂
[21:28:55] <Oberst_Den> höstens müde
[21:29:12] <JasonEins> :c
[21:29:23] <@+PavianKnallkopf>* +++ Drops und Gewinnspiele nur auf twitch.tv/rainbow6de !!! Nicht hier !!! +++
[21:29:24] <@+PavianKnallkopf>* +++ Drops und Gewinnspiele nur auf twitch.tv/rainbow6de !!! Nicht hier !!! +++
[21:29:40] <slid0ne> Wer spielt gleich?
[21:29:57] <@+PavianKnallkopf> dritte map kommt nun.
[21:29:57] <+Nickxson> suppliiiiiiiiiii ;D
[21:29:59] <@+PavianKnallkopf> von eg vs. nip
[21:35:37] <axis_smasher> Wie bekommt man die Drops?
[21:36:07] <@+PavianKnallkopf>* +++ Drops und Gewinnspiele nur auf twitch.tv/rainbow6de !!! Nicht hier !!! +++
[21:36:08] <@+PavianKnallkopf>* +++ Drops und Gewinnspiele nur auf twitch.tv/rainbow6de !!! Nicht hier !!! +++
[21:36:10] <@+PavianKnallkopf>* Hier erfahrt ihr alles über die Charm Drops: https://goo.gl/s16KPq
[21:36:50] <snackbeardr6> hat obey gewonnen
[21:36:58] Viewerstats (21:08-21:36): avg:352 min:327 max:375 [15/349+23-22-11+8-13+15+6+20-9-3-6+1-31+26]
[21:37:05] <@+likecid> nein
[21:40:26] <janym0n> Wann spielt wieder g2 ?
[21:40:35] <@+likecid> morgen
[21:40:45] <janym0n> muss los
[21:41:46] <+mr3rooster> Wann wird die Hereford Basis Rework released?
[21:41:58] <@+PavianKnallkopf> könnte mir vorstellen am sonntag
[21:42:02] <@+PavianKnallkopf> bin mir aber nicht ganz sicher
[21:42:25] <+mr3rooster> Okay danke
[21:42:38] <+Stefan_070201> Ist ja ruhig hier im Chat hätte ich ja nicht erwartet
[21:42:46] <@+PavianKnallkopf> sind alle drüben aufm anderen kanal
[21:42:49] <@+PavianKnallkopf>* +++ Drops und Gewinnspiele nur auf twitch.tv/rainbow6de !!! Nicht hier !!! +++
[21:42:49] <@+PavianKnallkopf>* +++ Drops und Gewinnspiele nur auf twitch.tv/rainbow6de !!! Nicht hier !!! +++
[21:43:09] <smenne> für wenn seid ihr so
[21:43:29] <@+PavianKnallkopf> is mir völlig egal :D
[21:43:38] <+Stefan_070201> Hier gerade für Evil
[21:43:56] <smenne> @stefan_070201 und insgesamt??
[21:44:12] <@+recklessGreed> Ich bin für mein Kaltgetränk neben mir LUL
[21:44:36] <@+PavianKnallkopf> Gehopft?
[21:44:44] <@+recklessGreed> Möglicherweise LUL
[21:44:48] <@+PavianKnallkopf> 👀
[21:46:09] <+Stefan_070201> @smenne Vitality
[21:46:18] <smenne> nice
[21:48:00] <mtgor> or
[21:48:24] <maestro9505> wie heißt der 2 caster neben shatter ich komm gerade nicht auf seinen namen 😅
[21:48:38] <@+PavianKnallkopf> !harris
[21:48:38] <@+Mod4YouBOT>* Harris findet ihr auf Twitter: https://twitter.com/harrisr6s und Instagram: https://www.instagram.com/harrisr6s/
[21:48:40] <@+PavianKnallkopf> !caster
[21:48:41] <@+Mod4YouBOT>* Unsere Caster sind: Tobias 'ShatterXx' Richter & Ihno 'Harris' Kampen
[21:48:56] <maestro9505> stimmt harris xD
[21:52:10] <blacki_1337> was war jz das Fragezeichen im Code ??
[21:52:23] <@+PavianKnallkopf> glaub ne 9... habs selner nicht ausprobiert. aber code is schon weg
[21:55:08] <smenne> hat der code bei euch funktioniert??
[21:55:29] <@+likecid> Man kann den Code nur einmal einlösen. Wer am schnellsten ist bekommt ihn
[21:55:52] <smenne> wer hat denn die belohnung bekommen??
[21:56:07] <smenne> @likecid danke für die info ;)
[21:58:36] <mento_yt> swda
[21:59:34] <mento_yt> hallo
[22:00:17] <+idefixxyt> !match
[22:00:24] <sherow_> hallo
[22:00:31] <@+likecid> hi
[22:00:39] <+idefixxyt> hi
[22:01:03] <+idefixxyt> kann wer die pastebin von den drops reinpost?
[22:01:11] <@+PavianKnallkopf>* +++ Drops und Gewinnspiele nur auf twitch.tv/rainbow6de !!! Nicht hier !!! +++
[22:01:11] <@+PavianKnallkopf>* +++ Drops und Gewinnspiele nur auf twitch.tv/rainbow6de !!! Nicht hier !!! +++
[22:01:11] <@+recklessGreed> !charmdrops
[22:01:12] <@+PavianKnallkopf>* +++ Drops und Gewinnspiele nur auf twitch.tv/rainbow6de !!! Nicht hier !!! +++
[22:01:12] <@+Mod4YouBOT>* Alle Infos über die Charm Drops findet ihr hier ► https://goo.gl/s16KPq |-| Diese könnt ihr ab Freitag bei http://twitch.tv/rainbow6de erhalten!
[22:01:17] <der_checker_de> Gibt es wirklich Anhänger?
[22:01:24] <27_Fabian_xD> ja
[22:01:30] <Muchi90> was der so schreit eh ... nehmt dem das mic weg
[22:01:33] <der_checker_de> Und Wie?
[22:01:52] <27_Fabian_xD> mit den links oben
[22:02:03] <+GummZor> sag dem Typen mal der soll nicht so schreien eh der is nicht im Stadion
[22:02:17] <+sayb22> muss das übertriebene und aufgesetzte Geschrei wirklich sein??
[22:02:34] <@+PavianKnallkopf> das ist nicht aufgesetzt :D
[22:02:37] <27_Fabian_xD> chillt doch alle
[22:02:48] <@+PavianKnallkopf>* +++ Drops und Gewinnspiele nur auf twitch.tv/rainbow6de !!! Nicht hier !!! +++
[22:02:51] <buddhi85> Hab Gestern eine Fritte als Talisman erhalten....mehr brauch ich ned🤤
[22:03:15] <+Stefan_070201> Der Snack für zwischendurch xD
[22:03:17] <buddhi85> Best Alphapack opening ever
[22:04:07] <+sayb22> @PavianKnallkopf schreit er auch so wenn sein Menü im Mac abholbereit ist? ;-)
[22:04:21] <buddhi85> KAPOW
[22:04:29] <@+recklessGreed> sayb22 ja klar !bigmac :D 
[22:04:30] <@+PavianKnallkopf> sayb22 what?
[22:04:38] <@+PavianKnallkopf> ahso...
[22:04:41] <@+PavianKnallkopf> McDonals....
[22:04:44] <@+PavianKnallkopf> *Donalds
[22:04:50] <@+recklessGreed> FailFish
[22:05:01] <+sayb22> @PavianKnallkopf jep
[22:06:19] <+delargo84> Shatter ist nice. Ich mag sein gecaste, aber der Junge man rechts ist ne Schlaf Tablette, keine Emotionen, kein Wissen und wie schon gesagt nicht geeignet. Ähnlich wie agony, da schläfst auch ein. Shatter und verdie best dreamteam. bleedPurple trotzdem toller Stream. Big love
[22:06:43] <+sayb22> @PavianKnallkopf ...oder mal bei Ubisoft anfragen ob ein 100er für nen Limiter drinliegt! ;-)
[22:06:47] <@+PavianKnallkopf> delargo84 naja du musst unterscheiden zwischen ihren aufgaben
[22:07:02] <king_bl4ck94> Hellooooo
[22:07:04] Viewerstats (21:38-22:07): avg:354 min:340 max:371 [15/343-1+4+12-18+8+14-2-3-3+4-6+16+3-18]
[22:07:07] <27_Fabian_xD> agons ist bester analyst
[22:07:20] <27_Fabian_xD> agony
[22:07:23] <@+PavianKnallkopf> gg wp
[22:07:26] <+Stefan_070201> @king_bl4ck94 Hi there
[22:08:08] <+sayb22> @delargo84 ich mag Shatter als Kommentator, was jedoch nervt ist dass man alle 5sek die Lautstärke regeln muss. Bei Kopfhörern kannste dich gleich vom Gehör verabschieden...
[22:08:23] <@+PavianKnallkopf> ja gut ab und zu gehn die emotionen durch :D
[22:09:51] <+sayb22> @PavianKnallkopf die Emotionen sollen auch so bleiben, was eben auch für den Lautstärkenpegel gelten sollte... ;-)
[22:09:56] <+delargo84> Besser als die Schlaftablette rechts. Sorry. Persönlich bestimmt nicer junge aber als caster. Naja. Meine Meinung
[22:10:21] <@+PavianKnallkopf> sayb22 ja das ist halt en problem :D so schnell kann die produktion da nicht sein die lautstärke zu pegeln :D
[22:11:06] <+sayb22> @delargo84 der Analyst ist nun mal ein wenig ruhiger (sachlicher), aber ein bisschen mehr dürfte er schon aus sich rauskommen. :-)
[22:11:32] <+sayb22> @PavianKnallkopf für sowas gibts Geräte/PlugIns namens "Limiter"... ;-)
[22:11:40] <@+PavianKnallkopf> pft.
[22:11:48] <@+PavianKnallkopf> wir machen das oldschool per hand Kappa
[22:12:28] <+sayb22> @PavianKnallkopf Ubisoft wird doch n 100er springen lassen für n Limiter?! ;-)
[22:12:33] <Kosmo2k5> Gute Deutsche Caster-> gamecatering
[22:12:45] <AikidoR6S> Der Chat ist ja kinda dead
[22:12:51] <@+PavianKnallkopf> sayb22 vorher will ich mal gehalt DansGame
[22:13:00] <+delargo84> Aber was hat er bitte analysiert. Er hat zu 80 Prozent. Spiel weisen der Teams nur kritisiert. Auch wenn die Teams die Runde noch gut geholt haben. Er hat kaum wissen preisgegeben, sondern nur wie er das spielen würde.
[22:13:10] <+delargo84> Ich bin raus. Bis morgen zum Halbfinale jungzzzz. Schönen Abend noch. bleedPurple bleedPurple
[22:13:16] <@+PavianKnallkopf> bis morgen :)
[22:13:17] <+Nickxson> wann spielt G2 morgen??
[22:13:34] <@+PavianKnallkopf> Nickxson man weiß noch nicht ob sie das erste oder zweite halbfinale spielen
[22:13:57] <+sayb22> @PavianKnallkopf wenn ihr n Limiter anschaft kriegst Du n 100er Gehalt von mir (dass Du Dir auch verdient has NOKappa) :-) Deal?
[22:15:07] <+sayb22> @delargo84 gib ihm noch ein wenig mehr Zeit, das wird schon noch... :-)
[22:15:35] <+Nickxson> ok wieviel uhr sind die beiden halbfinals?
[22:15:45] <@+PavianKnallkopf> sayb22 wow :P
[22:16:17] <@+PavianKnallkopf>* Hier der Zeitplan fürs Wochenende: https://bit.ly/2vKky6c
[22:18:55] <+Nickxson> lacky :D
[22:20:06] <+Nickxson> EG gewinnt und ShatterX wird Papst
[22:20:13] <KwaaaapsReal1> wer hat gewonnen ?
[22:20:35] <+Nickxson> EG
[22:20:43] <+matty211001> EG
[22:20:49] <KwaaaapsReal1> schade
[22:21:04] <KwaaaapsReal1> hätte es lieber Nip gegönt
[22:21:32] <+matty211001> schon aber EG find ich einfach stärker
[22:21:51] <lecregz> rogue
[22:22:03] <@+recklessGreed> Tschüß Menschen! Bis morgen!
[22:22:13] <+matty211001> Nacht
[22:22:14] <+StabenJr> Bye
[22:22:18] <@+PavianKnallkopf> Bis morgen Leute :)
[22:22:24] <isgumisgu2147> k
[22:24:23] Viewerstats (22:09-22:23): avg:299 min:247 max:367 [8/348+19-41-30-17-10-22+15]
# Log closed: 2018-08-17 22:24:23 +0200
-
