# Log started: 2018-08-18 19:13:25 +0200
[19:13:25] Trete #ubisoftde bei..
[19:13:25] ~[GER] Paris Major - Halbfinale - Secret vs. G2 | EG vs. Rogue (Tom Clancy's Rainbow Six: Siege)~
[19:13:25] #ubisoftde beigetreten
[19:13:26] MOD: Nightbot, Mod4youbot, Lulatschman, Kaetzchn, recklessGreed, Pavianknallkopf, Spiderspoode, Likecid, Fewo11, Honeydrake
[19:13:26] MOD: Brille45, Moobot
[19:13:34] <BantuZockt> ja das wäre gut zu wissen
[19:13:53] <@+PavianKnallkopf> ihr müsst euch genauer ausdrücken
[19:14:40] <cavmainn> InuyoFace
[19:14:45] <BantuZockt> Wie erhält man diesen Event code damit ich mir meinen Talisman hohlen kann
[19:15:04] <davYd005> Und was bekommt man wenn man Twitch mit ubisoft verbindet und den stream schaut
[19:15:04] <@+Spiderspoode> BantuZockt der wird eingeblendet und du musste der schnellste sein
[19:15:06] <@+PavianKnallkopf> schnell genug sein wenn er auf dem stream eingeblendet wird
[19:15:10] <toxicboy89> wie bekommt man den einlöse code auf der verlinkten seite
[19:15:14] <alltagsdasein> Ich frag mich echt ob die Leute hier in den commentaren überhaupt zugucken und zuhören!! Wie haltet ihr admins das nur aus? respekt an euch
[19:16:06] <invasion050403> @alltagsdasein Zitat endlich sagts mal jemand 😂😂 nein aber ich geb dir recht
[19:16:21] <rtrash24> man gewöhnt sich wahrscheinlich dran ^^
[19:16:57] <invasion050403> 😂😂😂 ja aber komm wie oft wurde das jetzt gesagt?
[19:17:11] <invasion050403> Vom werten schatter
[19:18:17] <+delargo84> Die sind zu faul alles nach zu lesen. Gehen in jedem Stream und fragen 10 mal. Kinder halt 12 Jahre.
[19:18:21] <rtrash24> keine ahnung, hab nicht zugehört xD bin aber auch erst in diesem match dazu gekommen
[19:18:28] <davYd005> Was bekommt Man wenn man ubisoft mit twitch verbindet
[19:18:46] <@+PavianKnallkopf>* Alle Infos über die Charm Drops findet ihr hier ► https://goo.gl/s16KPq |-| Wie viele Stunden ihr für welchen Charm benötigt ist nicht bekannt |-| Ihr könnt die Charms bekommen, egal über welches Endgerät ihr den Stream schaut!
[19:18:49] <@+PavianKnallkopf> hier nachzulesen
[19:18:59] <davYd005> Dankeschön
[19:19:27] <+delargo84> Bitte lesen. 1 Klick ist besser als 19 mal nervig nach zu fragen Danke. PrimeYouDontSay PrimeYouDontSay MingLee
[19:19:40] UNMOD: Kaetzchn
[19:19:40] MOD: Gnsnico
[19:21:09] <Panoahm> Wo bekomme ich die charms und wie und wann und warum?
[19:21:22] <Panoahm> XD
[19:21:24] MOD: Kaetzchn
[19:21:24] UNMOD: Gnsnico
[19:21:47] <rtrash24> hahaha
[19:21:50] <maj0r434> bitte lies einfach
[19:22:11] <@+PavianKnallkopf>* Alle Infos über die Charm Drops findet ihr hier ► https://goo.gl/s16KPq |-| Wie viele Stunden ihr für welchen Charm benötigt ist nicht bekannt |-| Ihr könnt die Charms bekommen, egal über welches Endgerät ihr den Stream schaut!
[19:22:42] <Panoahm> XD danke
[19:23:10] <rtrash24> es gibt so ne funktion neben dem kinomodus die heißt vollbild ^^ dann stört euch das nicht @delargo84
[19:23:12] <m4rceLM> 30 sec auf der Uhr und er geht wieder ab 😂👍🏼
[19:24:07] <davYd005> Hängt des bei euch auch
[19:24:16] <+delargo84> Ich bin ja nett und mag Kindern helfen. Und Hinweise darauf hin. MingLee
[19:24:22] <Ch3st3r1987> nope
[19:24:24] <@+PavianKnallkopf> Nope @davYd005
[19:24:30] <Panoahm> Mich persönlich stört das gefrage nicht, ist nur witzig
[19:24:33] <@+Spiderspoode> davYd005 versuch mal neu zu laden
[19:26:23] <davYd005> Spielt ihr selber r6?
[19:26:30] <@brille45> ja
[19:26:36] <@+Spiderspoode> klaro
[19:26:39] <Panoahm> Jo auf ps4
[19:26:46] <davYd005> Auf?
[19:26:53] <@brille45> PS4 und PC
[19:26:55] <@+recklessGreed> Sagen wir mal so: Ich habs wieder vor... Natürlich PC 
[19:26:55] <@+Spiderspoode> PC
[19:27:00] <+leandro0070> Hallöchen
[19:27:19] <davYd005> Rank?
[19:27:29] <@brille45> P1
[19:27:34] <Panoahm> Natürlich pc?
[19:27:55] <@brille45> und auf PC G4 weil solo und low lvl und mates sind naja gewesen
[19:28:17] <davYd005> @brille45 Nicht schlecht
[19:28:17] <^Stay_Hydrated_Bot>* stayhyBottle [reminder] Live for 7 hours. Total water consumed should be at least 28oz (840mL) :)
[19:28:35] <FailOfDaDdel> !G2
[19:29:05] <m4rceLM> Ist morgen dann das Finale ?
[19:29:34] <@+Spiderspoode> korrekt
[19:29:55] <FailOfDaDdel> ist G2 im finale?
[19:30:02] <Smalls23> Ja
[19:30:11] <@+PavianKnallkopf> Ja Finale morgen gegen 18:30
[19:30:16] <FailOfDaDdel> nice danke
[19:30:22] <SpawnerPlayer7> !uptime
[19:30:23] <@+Mod4YouBOT>* UbisoftDE ist online seit 7 Stunden 2 Minuten.
[19:30:55] <@+recklessGreed> PavianKnallkopf bist du dir mit 1700 Uhr sicherß 
[19:31:05] <@+recklessGreed> !schedule
[19:31:06] <@+Mod4YouBOT>* Hier der Zeitplan fürs Wochenende: https://bit.ly/2vKky6c
[19:31:19] <@+PavianKnallkopf> oh stimmt.
[19:31:21] <@+PavianKnallkopf> 17:00
[19:31:37] <@+recklessGreed> FailFish :* zanderLove
[19:31:47] <m4rceLM> @pavianknallkopf @recklessgreed danke
[19:31:57] <K1NG_FAB1O> wann kommt neuer Code?
[19:32:14] <Panoahm> Alter wenn eg das jetzt wegschmeißt verlieren die bestimmt die overtime
[19:33:06] <@+PavianKnallkopf> möglich
[19:34:15] <+mrfrankcastle> shroud1D
[19:35:42] <XZerodawn> #droploot
[19:35:50] BAN: XZerodawn (10s)
[19:35:50] MOD_ACTION: pavianknallkopf (timeout xzerodawn 10 )
[19:36:12] <XZerodawn> #collectloot
[19:36:24] <Panoahm> Jo
[19:36:34] <XZerodawn> Haha
[19:36:35] <qupielz> Gg
[19:36:43] <@+PavianKnallkopf> gg
[19:36:48] <alltagsdasein> nice
[19:36:51] <@+recklessGreed> GG WP
[19:36:56] <@+Spiderspoode> gg
[19:37:18] <+Nickxson> morgen 6:2 6:2 gg G2 xD
[19:38:16] <CyNTeK21> !Caster
[19:38:17] <@+Mod4YouBOT>* Unsere Caster sind: Tobias 'ShatterXx' Richter & Ihno 'Harris' Kampen
[19:38:23] <+Nickxson> das wird so als würde neymar und mbappe auf mats hummels und boateng zulaufen, totale überfahrt xDDD
[19:38:40] <Panoahm> Alles klar leute bis morgen! Shatter und harris gute arbeit!!
[19:38:46] <XZerodawn> !majorparus
[19:38:56] <XZerodawn> !majorparis
[19:39:48] <dubistfetti> Hat der keine Schuhe an?
[19:40:54] <+Nickxson> ne, dem qualmen die socken
[19:42:03] <dubistfetti> Ich glaubs auch
[19:42:30] <nix0n1_> Wann werden die Operator vorgestellt?
[19:43:22] Viewerstats (19:13-19:41): avg:425 min:408 max:438 [16/427+0+7+0-12+6+10-11-7+3+8-11-5+8+6-21]
[19:43:35] <+The_Spinnex> Morgen nach dem Finale glaube ich
[19:44:03] <v060202> Weiß wer wann die neue Saison raus kommt
[19:44:46] <+日本のペルソナ (gemuesmate)> kommt noch ein game ?
[19:46:00] <gamerhd1909> Werden die Fortschritte für die Charms zurückgesetzt oder wird die Dauer von heute und morgen zusammengerechnet?
[19:46:20] <@+PavianKnallkopf> zusammengerechnet
[19:46:30] <gamerhd1909> Ok danke
[19:46:36] <BenZenParadise> Wann wird die neue Map vorgestellt
[19:46:49] <ensar91> morgen
[19:47:00] <BenZenParadise> ok, Uhrzeit bekannt?
[19:47:26] <Musti688> Meint ihr herfordbases
[19:48:01] <@+PavianKnallkopf>* Hier der Zeitplan fürs Wochenende: https://bit.ly/2vKky6c
[19:49:27] Verbindung unterbrochen
[19:49:27] Attempting to reconnect in 1 seconds.. (1/40)
[19:49:28] Versuche mit irc.chat.twitch.tv:-1 zu verbinden
[19:49:28] Verbindung unterbrochen
[19:49:28] Attempting to reconnect in 5 seconds.. (2/40)
[19:49:33] Versuche mit irc.chat.twitch.tv:-1 zu verbinden
[19:49:33] Verbindung unterbrochen
[19:49:33] Attempting to reconnect in 5 seconds.. (3/40)
[19:49:38] Versuche mit irc.chat.twitch.tv:6697 zu verbinden (verschlüsselt)
[19:49:39] Trete #ubisoftde bei..
[19:49:39] #ubisoftde beigetreten
[19:49:50] <@brille45> Alle Infos zu den Charm Drops findet ihr hier -> https://goo.gl/s16KPq
[19:50:17] <+gr33n_t1ger> sooos
[19:51:08] <+Friederxl> wann jst das finale?
[19:51:18] <@+PavianKnallkopf> morgen
[19:51:20] <@+PavianKnallkopf> 17 uhr
[19:51:33] <+Friederxl> 👌
[19:54:32] <ponymasony> Tell me pls where I can get charms?
[19:54:46] <@+recklessGreed> !charmdrops but its german
[19:54:47] <@+Mod4YouBOT>* Alle Infos über die Charm Drops findet ihr hier ► https://goo.gl/s16KPq |-| Diese könnt ihr ab Freitag bei http://twitch.tv/rainbow6de erhalten!
[19:54:47] UNMOD: Spiderspoode
[19:55:01] <@+recklessGreed> maybe ask in an english stream :/ 
[19:55:08] <nix0n1_> !charmdrops
[19:55:14] <ponymasony> Danke
[19:55:17] <+MrDaVuille> recklessGreed hallo :D
[19:55:26] <@+recklessGreed> Oh ein Daniel Wie gehts ^^ 
[19:55:54] <@+recklessGreed> noch daheim? oder schon wieder unterwegs? 
[19:55:56] <+MrDaVuille> recklessGreed jut und dir?
[19:55:56] Viewerstats (19:43-19:54): avg:351 min:326 max:379 [5/379-1-33-17-2]
# Log closed: 2018-08-18 19:55:57 +0200
-
