# Log started: 2018-08-18 09:53:30 +0200
[09:53:30] Trete #ubisoftde bei..
[09:53:30] #ubisoftde beigetreten
[09:53:30] ~Stream offline~
[09:53:30] ~Stream offline~
[09:55:46] MOD: Nightbot, recklessGreed, Mod4youbot, Moobot
[10:44:17] MOD: Fewo11
[11:08:01] MOD: Ployl
[11:19:58] UNMOD: Ployl
[11:37:15] MOD: Lulatschman
[12:10:29] MOD: Likecid
[12:15:48] MOD: Pavianknallkopf
[12:15:55] <@+recklessGreed> Guten Morgen Pavianknallkopf ^^ 
[12:16:04] <@+PavianKnallkopf> ich wurde entdeckt...
[12:16:09] <@+recklessGreed> Chatty FTW <3
[12:16:09] <@+PavianKnallkopf> hey :D
[12:16:37] <@+recklessGreed> Hier ist ruhig... drüben gibts hin und wieder Fragen :D :D
[12:17:40] <@+PavianKnallkopf> ja war ja gestern schon recht ruhig hier :D
[12:17:48] <@+PavianKnallkopf> der kanal is für uns Kappa
[12:19:02] <@+recklessGreed> Aber hey... immerhin wird noch nicht nach Charms gefragt :D:D
[12:19:38] <@+PavianKnallkopf> ja das is ja das gute :D
[12:23:17] <@+PavianKnallkopf> !uptime
[12:23:17] <@+Mod4YouBOT> ubisoftde ist offline. bleedPurple
[12:23:28] <@+PavianKnallkopf> sehr schön
[12:23:46] <@+recklessGreed> hä? 
[12:23:57] <@+PavianKnallkopf> wollt nur gucken ob er da ist und mit uns redet Kappa
[12:24:16] <@+recklessGreed> achso ^^  Mittlerweile weis ich woran es lag ... 
[12:24:37] <@+PavianKnallkopf> das ist immer gut :D
[12:24:42] <@+recklessGreed> In der Bot Queue war zu viel Zeug. Wenn die Queue voll ist reagiert der Bot nemme ._. 
[12:25:13] <@+PavianKnallkopf> zu viele charms und drops? :D
[12:26:49] <@+recklessGreed> ne da war irgendwas in der Nacht mit dem Server und das mochte die Queue wohl net.. .
[12:28:25] <@+PavianKnallkopf> so erstmal noch paar texte vorbereiten...
[12:29:06] <+MaxfactorHDx> Der erste !😂
[12:29:10] <Alekks10> Oha warum immer solange Wartezeiten Kappa
[12:29:23] <+bavarian0laserpirat> Vorfreude 😎👌
[12:29:33] ~[GER] Paris Major - Halbfinale - Secret vs. G2 | EG vs. Rogue (Tom Clancy's Rainbow Six: Siege)~
[12:29:33] ~[GER] Paris Major - Halbfinale - Secret vs. G2 | EG vs. Rogue (Tom Clancy's Rainbow Six: Siege)~
[12:29:39] <+r_y_u____> @ BegWan
[12:29:40] <Alekks10> Was sagt ihr, wer wird es?
[12:30:01] <Khejo> juckt mich nicht will nur den charm
[12:30:04] <EinfachNurMarc> ich hoffe ich trete hier jetzt nix los, aber gibt es dieses final auch charms ?
[12:30:11] <@+recklessGreed> !charmdrops
[12:30:12] <@+Mod4YouBOT>* Alle Infos über die Charm Drops findet ihr hier ► https://goo.gl/s16KPq |-| Diese könnt ihr ab Freitag bei http://twitch.tv/rainbow6de erhalten!
[12:30:41] <EinfachNurMarc> also nicht hier
[12:31:42] <@+PavianKnallkopf>* +++ Drops und Gewinnspiele nur auf twitch.tv/rainbow6de !!! NICHT hier !!!
[12:32:10] <+AkroWR> bei r6bravo spielt orgless vs secret? LUL
[12:32:50] <Yubi12> hype
[12:32:57] <@+PavianKnallkopf>* +++ Drops und Gewinnspiele nur auf twitch.tv/rainbow6de !!! NICHT hier !!!
[12:33:19] <Clanwarclashofclans> falscher channel
[12:33:49] <@brille45> Moin
[12:34:08] <+AKR6S> mahlzeit
[12:34:46] <+zcuzitzonlyptw> Guten Mittag
[12:34:49] MOD: brille45
[12:35:20] <+FrxshzX> agoBo agoSt
[12:37:34] MOD: Rexentietv, Murks42
[12:37:57] <+zcuzitzonlyptw> TwitchLit
[12:38:13] <xxxeynohdxx> Go G2!
[12:38:28] <kauftearlismerch> Kann jemand den link zum verbinden der Konten schicken?
[12:38:30] <ebbekekenils> Hallo! Bekommt man hier beim schauen die Anhänger? :)
[12:38:33] <@brille45> Alle Infos zu den Charm Drops findet ihr hier -> https://goo.gl/s16KPq
[12:38:45] <@brille45> Nein nur auf https://www.twitch.tv/rainbow6de
[12:39:21] <kauftearlismerch> Danke
[12:39:53] <@+PavianKnallkopf>* +++ Drops und Gewinnspiele nur auf twitch.tv/rainbow6de !!! NICHT hier !!!
[12:40:25] <PhosphorTV_> HYPE
[12:41:47] <the_bob07> #twitchdrops
[12:46:34] <@brille45> https://www.twitch.tv/rainbow6de
[12:46:41] <@brille45> Alle Infos zu den Charm Drops findet ihr hier -> https://goo.gl/s16KPq
[12:48:58] <CuzImCrazyy> heyyy
[12:49:16] <Aslan22sports> noch so lange
[12:50:48] <+das_tut_wlan> mahDerp mahAsh mahBB mahJager mahBlind mahFuze mahEla mahCav
[12:50:48] BAN: das_tut_wlan (2s) [Excessive use of emotes, automated by Moobot.]
[12:50:48] MOD_ACTION: moobot (timeout das_tut_wlan 2 Excessive use of emotes, automated by Moobot.)
[12:50:58] <angstkeine> Hype
[12:51:02] <+das_tut_wlan> mahJager mahAsh mahBlind mahAsh mahAsh mahCringe mahAsh mahBlind mahBlind mahDerp mahDerp mahCringe mahAsh mahCruit mahCruit mahAsh
[12:51:02] BAN: das_tut_wlan (1s) [Excessive use of emotes, automated by Moobot.]
[12:51:02] MOD_ACTION: moobot (timeout das_tut_wlan 1 Excessive use of emotes, automated by Moobot.)
[12:51:13] <+das_tut_wlan> wtf?
[12:51:16] MOD: Kaetzchn
[12:51:20] <@+PavianKnallkopf> Zu viele Emotes
[12:51:20] <@+recklessGreed> Bitte nicht mit den Emotes übertreiben :)
[12:51:38] <@+recklessGreed> 7 Stück sind erlaubt alles andere nimmt der Bot raus
[12:51:48] <+das_tut_wlan> Ah ok
[12:51:50] <Timy28045> Was denkt ihr wer gewinnt ?
[12:52:05] <angstkeine> G2 und EG
[12:52:27] <@+recklessGreed> !vote1 
[12:52:28] <@+Mod4YouBOT>* Wer gewinnt das Match? Team Secret oder G2 Esports? Stimmt ab ► https://www.strawpoll.me/16288751
[12:52:42] MOD: Honeydrake
[12:53:03] <Timy28045> Danke @recklessGreed
[12:54:25] <@+PavianKnallkopf>* +++ Drops und Gewinnspiele nur auf twitch.tv/rainbow6de !!! NICHT hier !!!
[12:55:12] UNMOD: brille45
[12:55:38] Viewerstats (12:29-12:55): avg:104 min:0 max:143 [14/_0+72+25+19-14-4+2+9-2+14+1+9+9+3]
[12:56:36] MOD: brille45
[12:56:42] <+meganegah88> LOL
[12:56:46] <ks_266> Ficken?
[12:56:50] BAN: ks_266 (3600s)
[12:56:50] MOD_ACTION: pavianknallkopf (timeout ks_266 3600 )
[12:56:52] Trying to timeout ks_266 (600s/10m 0s)
[12:56:52] BAN: ks_266 (600s)
[12:56:52] [Info] ks_266 has been timed out for 600 seconds.
[12:56:52] MOD_ACTION: recklessgreed (timeout ks_266 600 )
[12:57:01] Trying to timeout ks_266 (3600s/1h 0m)
[12:57:01] MOD_ACTION: recklessgreed (timeout ks_266 3600 )
[12:57:01] BAN: ks_266 (3600s)
[12:57:01] [Info] ks_266 has been timed out for 3600 seconds.
[12:57:03] <blackoutru1> Wer spielt gleich?
[12:57:07] <@+PavianKnallkopf>* Hier findet ihr den Zeitplan für heute: https://goo.gl/VUTDHy
[12:57:08] <@+recklessGreed> !vote 1
[12:57:09] <@^Moobot> The poll is closed, open it with "!moobot poll open"
[12:57:10] <+meganegah88> G2
[12:57:11] <@+recklessGreed> !vote1
[12:57:12] <@+Mod4YouBOT>* Wer gewinnt das Match? Team Secret oder G2 Esports? Stimmt ab ► https://www.strawpoll.me/16288751
[12:57:32] <blackoutru1> G2 ez win
[12:57:39] <Devil_BC> Moin
[12:57:47] <+itsfreddyithink> wie bekomme ich den talisman für rainbow wenn ich zugeguckt habe?
[12:57:52] <@+PavianKnallkopf>* +++ Drops und Gewinnspiele nur auf twitch.tv/rainbow6de !!! NICHT hier !!!
[12:57:54] <+meganegah88> Ja alter aber gegen Mokit wars das komplett
[12:58:14] <@brille45> Alle Infos zu den Charm Drops findet ihr hier -> https://goo.gl/s16KPq
[12:59:25] <blackoutru1> Danke
[12:59:48] <kieskuaer> Hype <3
[13:00:33] <+das_tut_wlan> zanderHype agoHype
[13:00:37] <BlickyTM> Fortnite rofl xd
[13:00:38] <tigerpille> Link
[13:00:53] <tigerpille> hat wer den link
[13:00:59] <@+recklessGreed> Für welchen Link
[13:01:12] <tigerpille> charms
[13:01:16] <@brille45> Alle Infos zu den Charm Drops findet ihr hier -> https://goo.gl/s16KPq
[13:01:18] <@+recklessGreed> Ein Ein FirschArmee Menschen zanderHype
[13:02:39] <krxyc> Wie viel Stunden muss man ca für den Talisman schauen?
[13:02:54] <@brille45> ist nicht bekannt aber musst auf Rainbow6DE gucken
[13:03:03] <@+recklessGreed> !charmdrops
[13:03:04] <@+Mod4YouBOT>* Alle Infos über die Charm Drops findet ihr hier ► https://goo.gl/s16KPq |-| Diese könnt ihr ab Freitag bei http://twitch.tv/rainbow6de erhalten!
[13:05:01] <B4ttleM4ster74> der Stream ist ja leise.
[13:05:41] <r6_mizuno_> kann los gehen.
[13:05:51] <bygiiga> ! charmdrop
[13:05:57] <+toastiedertoast> Etwas leise
[13:06:03] <B4ttleM4ster74> Ist der Steam bei euch auch so leise?
[13:06:13] <+toastiedertoast> Ja
[13:06:19] <@+recklessGreed> Nicht anders als gestern :
[13:06:21] <@+recklessGreed> :/
[13:06:26] <blackoutru1> Nein
[13:06:30] <r6_mizuno_> ja sehr leise
[13:06:33] <+CHiiiLLeR_> drops?
[13:06:39] <@brille45> Alle Infos zu den Charm Drops findet ihr hier -> https://goo.gl/s16KPq
[13:06:43] <B4ttleM4ster74> Macht mal den stream lauter man versteht ja nix
[13:06:54] <+CHiiiLLeR_> ty
[13:07:05] <@brille45> also bei mir ist er laut genug
[13:07:18] <+Ragdet3104GER> heyyy
[13:07:18] <nastykento> vlt liegt es am headset ^^ ich versteh alles genau wie gestern
[13:07:48] <+toastiedertoast> Wen ich alles auf 100% mache verstehe ich was
[13:08:13] <B4ttleM4ster74> Ich hab den Eglischen Stream nebenbai am laufen und der ist deutlich lauter und ich wollte meinen Verstärker jetzt nich auf 90 db stellen.
[13:08:59] <+toastiedertoast> Stell mal chrome im lautstärkemixer auf voll
[13:09:13] <B4ttleM4ster74> Ist auf 100
[13:09:29] <B4ttleM4ster74> Alles gecheckt
[13:09:36] <+Ragdet3104GER> hallo eine frage muss ich den stream nur schaune für ein charm oder iwas ion den chat schreiben ieinnen command oder so
[13:09:39] <+toastiedertoast> :/
[13:10:01] <jasonzockt01> ich suchen ein clan auf oc
[13:10:04] <DaimlerWarriors> @ragdet3104ger Reicht wenn Du zuschaust.
[13:10:12] <jasonzockt01> pc
[13:10:38] <@brille45> wichtig ist nicht hier zuschauen! hier zählt es nicht du musst auf http://twitch.tv/rainbow6de
[13:10:44] <B4ttleM4ster74> Daimler und wenn ich gestern und vorgestern nicht dabei war
[13:10:57] <Leckerclarky> #Halt
[13:11:10] <Dosentoasthawaii> moin zusammen
[13:11:23] <moatrixxd> wer spiel zuerst
[13:11:36] <DaimlerWarriors> @b4ttlem4ster74 das Spielt keine Rolle.
[13:11:40] <+Ragdet3104GER> ok damnke @DaimlerWarriors
[13:11:48] <GamingSporkHD> wie sind die beisherigen matches ausgegangen?
[13:11:52] <DaimlerWarriors> @ragdet3104ger NP.
[13:12:44] <diekuhausdemhause> wie heißt das Lied?
[13:12:55] <dr_ogba93> Bei der Operator Wahl kommen manchmal bei einem Operator der gewählt wurde manchmal das Rainbow six Zeichen... was bedeutet das ?
[13:12:59] <@+recklessGreed> diekuhausdemhause das weis ich leider nicht.
[13:13:13] <@+recklessGreed> das ist der 6th Pick. Nach dem alle Operator bekannt sind kann jedes Team einen Operator tauschen.
[13:13:14] <diekuhausdemhause> schade.(
[13:13:23] MOD: Gnsnico
[13:14:00] <dr_ogba93> Ach cool danke jetzt weiß ich es endlich auch 😂
[13:14:07] <@+recklessGreed> :) 
[13:16:37] <v060202> hat schon wer nen talisman
[13:16:45] <vodkapro_R6S> jop
[13:16:48] <@brille45> nein!
[13:16:49] <v060202> PJSalt
[13:16:52] <@brille45> die gibts ab montag
[13:16:56] <crom_rb6> Noo
[13:16:56] <ElaIsOnFire> jop
[13:16:58] <vodkapro_R6S> 😂😂
[13:17:04] <v060202> ok danke wollte fragen
[13:17:10] MOD_ACTION: brille45 (timeout vodkapro_r6s 120 )
[13:17:11] BAN: vodkapro_R6S (120s)
[13:17:22] <ElaIsOnFire> :)
[13:17:22] <HerrKornfeld> Wann werden die Operator vorgetellt?
[13:17:30] <@+recklessGreed> !schedule Morgen
[13:17:31] <@+Mod4YouBOT>* Hier der Zeitplan fürs Wochenende: https://bit.ly/2vKky6c
[13:17:31] BAN: ElaIsOnFire (120s)
[13:17:31] MOD_ACTION: brille45 (timeout elaisonfire 120 )
[13:18:16] <diekuhausdemhause> Ennio Morricone - L'Estasi Dell'oro (Bandini Remix) das ist der Liedtitel vom neuen Kurzfilm,)
[13:18:44] <@+recklessGreed> Danke diekuhausdemhause :) 
[13:18:51] <michel_tv> wie bekommt man die talisman
[13:19:03] <@brille45> Alle Infos zu den Charm Drops findet ihr hier -> https://goo.gl/s16KPq
[13:19:09] <Prisma_R1> kann ich den stream auf dem Handy gucken und den talisman bekommen?
[13:19:17] <@brille45> ja
[13:19:20] <@gnsnico> moin @brille45 hi @recklessGreed vpwnzHug vpwnzHug
[13:19:29] <Prisma_R1> danke
[13:19:34] <@+recklessGreed> Guten morgen Nico :)
[13:19:39] <@brille45> moin Nico :)
[13:19:42] <diekuhausdemhause> haha kein Ding:)
[13:19:52] <+michimichimichi2> wer ist denn euer Favorit?
[13:19:53] <diekuhausdemhause> das Lied ist nice:D
[13:19:59] <crom_rb6> Wie criiiiinge hahaah
[13:20:38] <senseikubakun> G2❤❤❤❤
[13:20:51] <+KuuuHMuuuH> Wait ? Penta Spieler sind zu G2 gewechselt ?
[13:20:58] <@+recklessGreed> Jap. 
[13:21:03] <@+recklessGreed> !charmdrops
[13:21:04] <@+Mod4YouBOT>* Alle Infos über die Charm Drops findet ihr hier ► https://goo.gl/s16KPq |-| Diese könnt ihr ab Freitag bei http://twitch.tv/rainbow6de erhalten!
[13:21:08] <senseikubakun> ja
[13:21:12] <+KuuuHMuuuH> D:
[13:21:18] <Denwi93> hey
[13:21:28] <Denwi93> ist penta weiter oder spielen die noch
[13:21:41] <@+recklessGreed> Penta (G2) spielen um 15 Uhr
[13:21:57] <Wolfi_WR> wie geht das mit den Charms?
[13:22:03] <@+recklessGreed> geh weg Wolfi 
[13:22:03] <senseikubakun> nice
[13:22:14] <@+recklessGreed> tpYGOobliterated
[13:22:15] <crom_rb6> Alt f4 wolfi
[13:22:18] <Wolfi_WR> @recklessGreed <3 :D
[13:22:23] Trying to timeout crom_rb6 (5s)
[13:22:23] BAN: crom_rb6 (5s)
[13:22:23] MOD_ACTION: recklessgreed (timeout crom_rb6 5 )
[13:22:23] [Info] crom_rb6 has been timed out for 5 seconds.
[13:22:31] <+michimichimichi2> kann jemand nochmal den link zum spieleplan posten? bitte danke deagalSCARED
[13:22:40] <vodkapro_R6S> penta gibt es immer noch es ändert sich nix ausser bei ESL haben die jetzt G2, penta gibt es noch
[13:22:49] UNMOD: brille45
[13:23:00] <Wolfi_WR> WTF mein fenster hat sich geschlossen mit Alt f4 das klappt net @crom_rb6 ......
[13:23:18] <@+recklessGreed> vodkapro_R6S das ist korrekt. Die Penta Spieler wurden von G2 gekauft/übernommen/whatever
[13:23:25] <@+recklessGreed> FailFish @Wolfi_WR
[13:23:39] <vodkapro_R6S> :p jap
[13:23:41] <Wolfi_WR> @recklessGreed was denn? :DDDDD
[13:23:48] <@+RexentieTV> !charmdrops @michimichimichi2
[13:23:49] <@+Mod4YouBOT>* Alle Infos über die Charm Drops findet ihr hier ► https://goo.gl/s16KPq |-| Diese könnt ihr ab Freitag bei http://twitch.tv/rainbow6de erhalten! michimichimichi2
[13:24:45] <senseikubakun> ich bin goga fan mir egal ob penta oder g2 sry wen was falsch geschrieben ist.
[13:24:54] <+mrchilipimmel> hi
[13:25:10] <vodkapro_R6S> ich mag kanto 😎
[13:25:44] Viewerstats (12:57-13:25): avg:253 min:156 max:325 [15/156+13+18+17+7+31+8+17+5+2+26+14+9+2-10]
[13:25:47] <vodkapro_R6S> ich find fabi total hochnäsig und egoistisch ab un zu (vorallem im social media)
[13:26:19] <@+recklessGreed> Kanto ist ne Super Region in den Pokemon spielen KappaHD 
[13:26:34] <senseikubakun> ja das stimmt aber es zählt ja nur die leistung
[13:26:47] <senseikubakun> xD pokemon
[13:27:00] UNMOD: RexentieTV
[13:27:01] <vodkapro_R6S> :D PogChamp FailFish @recklessgreed haha
[13:27:01] <buddhi85> Hallo Zusammen
[13:27:06] <@+recklessGreed> Heyooo
[13:27:19] <skell__> moin
[13:27:37] <SteveSOLID> Kann mir jemand sagen wer da gerade spielt? Hab erst eingeschalten
[13:27:47] <+Speero> Welche Teams sind noch drin?
[13:27:54] <@+recklessGreed> Das ist das Caster Show Match :) 
[13:28:02] <trist4n> halbfinale schon vorbei
[13:28:08] <senseikubakun> team interro lets go😆👍😆
[13:28:13] <ElaIsOnFire> wer gewinnt ?
[13:28:13] <trist4n> ?
[13:28:14] <buddhi85> Nein alles gut
[13:28:16] <SteveSOLID> Okay danke schön
[13:28:17] <^Stay_Hydrated_Bot>* stayhyBottle [reminder] Live for 1 hour. Total water consumed should be at least 4oz (120mL) :)
[13:28:17] <+Speero> Wer is im Finale?
[13:28:41] <buddhi85> ist erst halbfinale am nachmittag
[13:28:50] <+Speero> Oki
[13:29:28] <ElaIsOnFire> team Milosh
[13:29:36] <justin190201> moin, wie läuft das mit den Charms und wo muss man sich da anmelden
[13:30:01] <buddhi85> Und schon gehts wieder los mit den charms
[13:30:16] <buddhi85> FailFish
[13:30:18] <@+recklessGreed> !charmdrops 
[13:30:19] <@+Mod4YouBOT>* Alle Infos über die Charm Drops findet ihr hier ► https://goo.gl/s16KPq |-| Diese könnt ihr ab Freitag bei http://twitch.tv/rainbow6de erhalten!
[13:30:30] <@+recklessGreed> buddhi85 das ist hier noch entspannt ^^ drüben ist die Partya 
[13:30:53] <justin190201> buddhi85 was dein Problem du Knecht
[13:30:54] <buddhi85> Bin ich froh hier zu sein
[13:31:34] <buddhi85> 🖖 justin
[13:31:53] <zero190802> Wie ist das mit den Charms
[13:32:09] <xMukiii> was haben die für in verar
[13:32:31] <xMukiii> was haben die für in ear Kopfhörer ?
[13:32:42] Trying to timeout justin190201 (600s/10m 0s)
[13:32:42] BAN: justin190201 (600s)
[13:32:42] [Info] justin190201 has been timed out for 600 seconds.
[13:32:42] MOD_ACTION: recklessgreed (timeout justin190201 600 )
[13:33:29] <+Speero> Kann mir jmd den link für die Drops geben? @mods
[13:33:35] <@+recklessGreed> xMukiii das sind deren eigene 
[13:33:37] <@+recklessGreed> !charmdrops
[13:33:38] <@+Mod4YouBOT>* Alle Infos über die Charm Drops findet ihr hier ► https://goo.gl/s16KPq |-| Diese könnt ihr ab Freitag bei http://twitch.tv/rainbow6de erhalten!
[13:34:12] <xMukiii> kannst du da gute ?.
[13:34:16] <@+recklessGreed> leider nein
[13:34:27] <buddhi85> Könnte man theoretisch beide hardbreachers bannen?
[13:34:28] <xMukiii> schaden
[13:34:39] <@+recklessGreed> ja ist möglich. 
[13:34:52] <buddhi85> üble Sache
[13:34:53] <@+recklessGreed> Hab ich mir gestern erst angelesen das man das mit absicht drin gelassen hat ^^ 
[13:35:24] <buddhi85> Schon mal gesehen?
[13:35:46] <@+recklessGreed> Nö ^^ dafür hab ich zu wenig zeit zum aktiv schauen FeelsBadMan
[13:36:54] <buddhi85> Ich noch nie... sowieso selten einen hardbreacher....
[13:37:42] <buddhi85> ...bann
[13:38:41] <hero_fero> wieso die map
[13:38:54] <buddhi85> Showcase
[13:39:20] <buddhi85> Morgen wird ja die neue Herdford präsentiert
[13:39:45] <hero_fero> aso
[13:40:39] <jasonzockt01> was ist los mit denen
[13:40:48] <@+recklessGreed> TATCHANKA IS LOVE :D 
[13:40:58] <ililviolentilil> Shatter was geht mein kleiner noob❤️❤️
[13:41:19] <+itsfreddyithink> das ist ein showmatch
[13:41:34] <+fjutcha> :D
[13:41:48] <+fjutcha> Lord im Finale :D
[13:41:55] <kuestenkind0> Warum die map, in der esl? Habe ich was verpasst
[13:42:09] <@+recklessGreed> Das ist ein ShowMatch unter Castern
[13:42:17] <+fjutcha> Das is nur ein Show Match
[13:42:20] <ililviolentilil> Das ist nen showmatch
[13:42:33] <+fjutcha> um Tschüss zu sagen
[13:42:48] <kuestenkind0> Danke liebe user
[13:42:50] <+fjutcha> RIP Hereford...
[13:43:18] <+Ragdet3104GER> hat wer von euch ein drop im twitch Inventar
[13:43:35] <+itsfreddyithink> noch nicht
[13:43:49] <+fjutcha> die bekommt man gleub ich erst ab Montag angezeigt
[13:43:51] <+itsfreddyithink> der erste nach einer stunde
[13:44:10] <+itsfreddyithink> ja stimmt
[13:44:21] <+Ragdet3104GER> Ich hab schon gestern komplett geschaut und deshalb wunder ich mich
[13:44:31] <@+recklessGreed> Die Charms werden erst am Montag freigeschaltet.
[13:44:42] <@+recklessGreed> !charmdrops Außerdem müsst ihr auf einem anderen CHannel schauen :)
[13:44:43] <@+Mod4YouBOT>* Alle Infos über die Charm Drops findet ihr hier ► https://goo.gl/s16KPq |-| Diese könnt ihr ab Freitag bei http://twitch.tv/rainbow6de erhalten!
[13:45:16] <+itsfreddyithink> muss man nicht
[13:45:23] <@+recklessGreed> Muss man nicht o.O 
[13:45:35] <jasonzockt01> was
[13:46:02] <+itsfreddyithink> man kann auch hier gucken um die zu bekommen
[13:46:09] <@+recklessGreed> @itsfreddyithink doch man muss unter Rainbow6DE schauen ;) für UbisoftDE sind keine Charms freigeschaltet
[13:46:27] <+itsfreddyithink> really
[13:46:33] <@+recklessGreed> !charmdrops 
[13:46:34] <@+Mod4YouBOT>* Alle Infos über die Charm Drops findet ihr hier ► https://goo.gl/s16KPq |-| Diese könnt ihr ab Freitag bei http://twitch.tv/rainbow6de erhalten!
[13:46:38] <@+PavianKnallkopf>* +++ Drops und Gewinnspiele nur auf twitch.tv/rainbow6de !!! NICHT hier !!!
[13:46:39] <@+recklessGreed> Da gibts alle Infos :)
[13:47:14] <@+recklessGreed> wb PavianKnallkopf btw
[13:47:23] <+delargo84> Ja bitte. Infos lesen. Steht überall. Überall liebe Kinder. Danke <3 <3
[13:47:35] <@+PavianKnallkopf> Noch alles im lot hier? :D
[13:47:56] <strikermoo> jojo
[13:48:26] <SharkyOffiicial> den link für die charms bitte
[13:48:31] <strikermoo> hardiWhat
[13:48:40] <strikermoo> hardiHyper hardiHyper hardiHyper hardiHyper hardiHyper hardiHyper hardiHyper hardiHyper hardiHyper hardiHyper
[13:48:40] <@+recklessGreed> Jo schon ^^ hier ist wie immer ruhig
[13:48:40] BAN: strikermoo (2s) [Excessive use of emotes, automated by Moobot.]
[13:48:40] MOD_ACTION: moobot (timeout strikermoo 2 Excessive use of emotes, automated by Moobot.)
[13:48:44] <@+recklessGreed> !charmdrops 
[13:48:45] <@+Mod4YouBOT>* Alle Infos über die Charm Drops findet ihr hier ► https://goo.gl/s16KPq |-| Diese könnt ihr ab Freitag bei http://twitch.tv/rainbow6de erhalten!
[13:49:16] <@+PavianKnallkopf> wenn ich jetzt noch wüsste wo zum henker ich meine kopfhörer hingelegt habe...
[13:50:20] <SotexMc> @PavianKnallkopf einfach komplett aufdrehen da wo es laut ist sind sie dann :D
[13:50:35] UNMOD: gnsnico
[13:50:36] <@+recklessGreed> ich komm leider nicht in den Genuss deine Stimme zu hören ich muss leider los :c
[13:51:07] <googlesymbol1> !zeitplan
[13:51:17] <@+recklessGreed> !schedule
[13:51:17] <@+Mod4YouBOT>* Hier der Zeitplan fürs Wochenende: https://bit.ly/2vKky6c
[13:51:32] <@+PavianKnallkopf> recklessGreed wie du gehst jetzt? DansGame
[13:51:48] <@+recklessGreed> Hab leider noch Termine heute :c 
[13:52:23] <@+PavianKnallkopf> pft
[13:52:45] <@+recklessGreed> Heute abend dann
[13:52:46] <@+recklessGreed> <3
[13:52:51] <@+PavianKnallkopf> na gut na gut
[13:53:06] <rellmax_> wer spielt heute noch?
[13:53:21] <@+PavianKnallkopf>* Hier findet ihr den Zeitplan für heute: https://goo.gl/VUTDHy
[13:53:25] <rellmax_> never minf habe es gerda gesehne
[13:55:34] <reiterbenni10> !gewinnspiel
[13:55:35] <@+Mod4YouBOT>* Lust auf ein großes Überraschungspaket? ► https://goo.gl/r4xHXe
[13:55:49] Viewerstats (13:27-13:55): avg:381 min:333 max:411 [15/333+1+24-1+25-1+20+10-11-11-3+13-4+6-1]
[13:56:31] <shari_x333> !gewinnspiel
[13:56:35] <fabinator1998> !gewinnspiel
[13:56:52] <baffy1202xx> !gewinnspiel
[13:56:54] <strikermoo> !gewinnspiel
[13:56:56] <@+Murks42> Ihr müsst auf den Link klicken, nicht das Command eingeben xD
[13:57:03] <@+PavianKnallkopf> FailFish
[13:57:04] <vinyomarc1990> !gewinnspiel
[13:57:05] <Lpdplay> !gewinnspiel
[13:58:22] <razzerizderbozz> Charm drop
[13:58:28] <@+PavianKnallkopf>* +++ Drops und Gewinnspiele nur auf twitch.tv/rainbow6de !!! NICHT hier !!!
[13:58:30] <@+PavianKnallkopf>* Alle Infos über die Charm Drops findet ihr hier ► https://goo.gl/s16KPq |-| Wie viele Stunden ihr für welchen Charm benötigt ist nicht bekannt |-| Ihr könnt die Charms bekommen, egal über welches Endgerät ihr den Stream schaut!
[14:00:14] <Thisisflrn> LBWU-NFLU-NRA?-CQEX Hab ich einen Fehler im Code? Weiß das jmd?
[14:00:43] <@+PavianKnallkopf> du musst natürlich das fragezeichen ersetzen. aber der code wurde eh schon eingelöst
[14:00:49] <+purechris_youtube> was ist das für ein code
[14:01:09] <@+Murks42> @purechris_youtube der ist nicht mehr gültig
[14:01:24] <lucciauzmblock> hallo
[14:01:44] <+schokokeksen> Kann der Code nur von einer Person eingelöst werden oder auch von mehreren?
[14:01:56] <@+PavianKnallkopf> nur von einer person
[14:02:01] <+purechris_youtube> wie wird mann mod hier ?#
[14:02:06] <@+Murks42> Der wurde schon eingelöst und ist nicht mehr gültig
[14:02:09] <@+PavianKnallkopf> wir suchen uns die leute aus @purechris_youtube
[14:02:45] <k1ng_long_dong> Servus
[14:02:46] <faith_r6> keine drops aktiviert??
[14:02:50] <@+PavianKnallkopf>* +++ Drops und Gewinnspiele nur auf twitch.tv/rainbow6de !!! NICHT hier !!!
[14:02:51] <@+PavianKnallkopf>* +++ Drops und Gewinnspiele nur auf twitch.tv/rainbow6de !!! NICHT hier !!!
[14:03:04] <faith_r6> aha
[14:03:07] <+saftigerburrito> wie 'registrier' ich mich für das gewinnspiel?
[14:03:32] <k1ng_long_dong> wird die zeit für die drops auch gezählz
[14:03:50] <@+Murks42> !gewinnspiel
[14:03:51] <@+Mod4YouBOT>* Lust auf ein großes Überraschungspaket? ► https://goo.gl/r4xHXe
[14:04:00] <k1ng_long_dong> in diesem stream
[14:04:03] <@+Murks42> @k1ng_long_dong die Zeit HIER nicht
[14:04:22] <k1ng_long_dong> welcher stream denn
[14:04:25] <@+PavianKnallkopf>* +++ Drops und Gewinnspiele nur auf twitch.tv/rainbow6de !!! NICHT hier !!!
[14:04:27] <Basti236> wann beginnt das halbfinale
[14:04:28] <@+PavianKnallkopf> steht doch genau dabei
[14:04:33] <Skeletman2> BisexualPride BisexualPride
[14:06:00] <jjiyuu> guten morgen
[14:06:35] <@+Murks42> @jjiyuu es ist 14 Uhr?! Kappa
[14:06:44] <jjiyuu> ja deswegen
[14:06:59] <jjiyuu> bin harzer
[14:08:00] <SharkyOffiicial> den link bitt
[14:08:05] <@+PavianKnallkopf>* +++ Drops und Gewinnspiele nur auf twitch.tv/rainbow6de !!! NICHT hier !!!
[14:08:06] <@+PavianKnallkopf>* Alle Infos über die Charm Drops findet ihr hier ► https://goo.gl/s16KPq |-| Wie viele Stunden ihr für welchen Charm benötigt ist nicht bekannt |-| Ihr könnt die Charms bekommen, egal über welches Endgerät ihr den Stream schaut!
[14:08:43] <vale46gaming> Wer hat gewonnen G2 oder secret
[14:08:45] <r6_mizuno_> drops ?
[14:08:49] <@+PavianKnallkopf>* +++ Drops und Gewinnspiele nur auf twitch.tv/rainbow6de !!! NICHT hier !!!
[14:08:52] <thedonutjunkie> hat jemand von euch auch so Probleme beim Rainbow spielen habe ständig high ping und fliege raus
[14:08:55] <@+PavianKnallkopf> vale46gaming die haben noch nicht gespielt
[14:09:11] <vale46gaming> danke
[14:09:50] <vale46gaming> Was passiert jetzt
[14:10:06] <vale46gaming> wieso Favela
[14:10:06] <@+PavianKnallkopf> das ist ein showmatch
[14:10:18] <vale46gaming> aso
[14:10:21] <darkspeed65> ich
[14:11:24] <fersmu82> bekommt man hier die charms
[14:11:29] <@+PavianKnallkopf> Nein.
[14:11:31] <@+PavianKnallkopf>* +++ Drops und Gewinnspiele nur auf twitch.tv/rainbow6de !!! NICHT hier !!!
[14:11:58] <+memos9702> Finde die Games sehr langeeimig
[14:12:18] <+memos9702> wären wenigstens die neuen Operator bei
[14:12:53] <+icedragon1712> ist die map wieder in rb trine^?
[14:13:29] <dopinglord> kommt die map eigentlich wieder im ranked bzw. unranked, oder ist sie schon iw wieder drin?
[14:13:37] <gamerhd1909> Wie kann ich den Code einlösen?
[14:13:50] <@+PavianKnallkopf> auf rainbow6.com/redeem wenn du schnell genug bist
[14:14:01] <gamerhd1909> Ok danke
[14:14:26] <gamerhd1909> muss man den Code einlösen oder reicht es wenn man zuguckt ?
[14:14:42] <@+PavianKnallkopf> das ist ein anderer charm als bei den drops
[14:15:02] <js_officalgaming> Bekomme ich hier die charms?
[14:15:16] <wim1205> @UbisoftDE falscher Titel ?
[14:15:23] <@+PavianKnallkopf> Nö.
[14:15:30] UNMOD: Lulatschman
[14:15:44] <mortiscosmis> soos
[14:16:08] <coolstorybr04> tayronANTI
[14:16:11] <gamerhd1909> Achso und die Charm die überall gepostet worden sind bekommt man fürs zugucken und das mit dem Code sind andere Charms ?
[14:16:23] <@+PavianKnallkopf> jap. das sind unterschiedliche
[14:16:25] <@+Murks42> @a
[14:16:29] <@+Murks42> @gamerhd1909 aber nicht hier
[14:16:41] <@+PavianKnallkopf>* +++ Drops und Gewinnspiele nur auf twitch.tv/rainbow6de !!! NICHT hier !!!
[14:16:45] MOD: Lulatschman
[14:16:45] <@+Murks42> @gamerhd1909 hier bekommst du nichts fürs zusehen
[14:16:50] <gamerhd1909> Danke
[14:17:32] <+Speero> !carmdrops
[14:17:36] <@+PavianKnallkopf>* +++ Drops und Gewinnspiele nur auf twitch.tv/rainbow6de !!! NICHT hier !!!
[14:18:02] <+generalbifi> Letztes mal hat man sie auch hier bekommen
[14:18:08] <@+PavianKnallkopf> dieses mal nicht.
[14:18:11] <@+PavianKnallkopf> zeiten ändern sicht
[14:18:52] <wim1205> zironiKappa
[14:19:41] <dopinglord> wie oft erscheint dieser code für den charm?
[14:20:23] <@+PavianKnallkopf> unterschiedlich
[14:22:02] <coolstorybr04> :D
[14:22:31] <kappalul18q8> In welchem stream bekommt man die charms
[14:22:36] <@+PavianKnallkopf>* +++ Drops und Gewinnspiele nur auf twitch.tv/rainbow6de !!! NICHT hier !!!
[14:24:28] <pureSuPraZz1> wie bekomme ich die charms?
[14:24:35] <@+PavianKnallkopf>* +++ Drops und Gewinnspiele nur auf twitch.tv/rainbow6de !!! NICHT hier !!!
[14:25:18] <coolstorybr04> :D
[14:25:45] <feldwebelbenn> Haben die jetzt kein Bock mehr und Trollen nur noch ?
[14:25:54] Viewerstats (13:57-14:25): avg:404 min:384 max:417 [15/395+18-15+5+0-19+4+21-3-4+11+4-2-18+20]
[14:26:04] <@+PavianKnallkopf> das is der sinn von nem showmatch :P
[14:26:41] <feldwebelbenn> Ah okay , noch nie eins gesehen sorry 😐
[14:28:20] <^Stay_Hydrated_Bot>* stayhyBottle [reminder] Live for 2 hours. Total water consumed should be at least 8oz (240mL) :)
[14:29:19] <sasi1554> PansexualPride GayPride LesbianPride BisexualPride TransgenderPride AsexualPride
[14:29:22] <xdeadxitoxiic> charm!
[14:29:28] <@+PavianKnallkopf> nein!
[14:29:48] <xdeadxitoxiic> was ist wegen den Charms
[14:30:02] <@+PavianKnallkopf>* +++ Drops und Gewinnspiele nur auf twitch.tv/rainbow6de !!! NICHT hier !!!
[14:32:02] <dopinglord> !casters
[14:32:07] <@+PavianKnallkopf> !caster
[14:32:07] <@+Mod4YouBOT>* Unsere Caster sind: Tobias 'ShatterXx' Richter & Ihno 'Harris' Kampen
[14:33:01] <user385i> Wo muss man den den eingeben
[14:34:51] <gamondi4> wie läuft das mit den drops
[14:35:38] <@+PavianKnallkopf>* +++ Drops und Gewinnspiele nur auf twitch.tv/rainbow6de !!! NICHT hier !!!
[14:35:40] <@+PavianKnallkopf>* Alle Infos über die Charm Drops findet ihr hier ► https://goo.gl/s16KPq |-| Wie viele Stunden ihr für welchen Charm benötigt ist nicht bekannt |-| Ihr könnt die Charms bekommen, egal über welches Endgerät ihr den Stream schaut!
[14:37:01] <kahdbbs> Hat G2 gewonnen?
[14:37:17] <@+PavianKnallkopf> haben noch gar nicht gespielt
[14:37:22] <teenks93> spielen noch
[14:37:28] <kahdbbs> Achso ok danke
[14:37:36] <@+PavianKnallkopf>* Hier findet ihr den Zeitplan für heute: https://goo.gl/VUTDHy
[14:38:24] <Sn0x_123> weiß jmd wann G2 spielt?
[14:38:35] <@+PavianKnallkopf> gegen 15:30
[14:38:37] <lolmann564778> Hi ihr noobs
[14:38:41] BAN: lolmann564778 (10s)
[14:38:41] MOD_ACTION: pavianknallkopf (timeout lolmann564778 10 )
[14:38:45] <@+PavianKnallkopf> jo danke auch
[14:38:46] <Sn0x_123> ok danke
[14:39:02] <patrick3xe> Verdi Hi
[14:39:07] <lolmann564778> Hi ihr pros
[14:39:24] <dopinglord> !casters
[14:39:35] <dopinglord> !caster
[14:39:36] <@+Mod4YouBOT>* Unsere Caster sind: Tobias 'ShatterXx' Richter & Ihno 'Harris' Kampen
[14:39:43] <Sn0x_123> wer vermisst Favela auch so wie ich
[14:39:59] <soulboyhd> Ich
[14:40:10] <FSQ_SkRiIiYaO_o> warum redet verdi den jetzt ?
[14:41:00] <Sn0x_123> weiß net
[14:41:12] <patrick3xe> Weil er es kann
[14:41:47] <dopinglord> servus Verdi, wer castet, denn jetzt eigentlich?
[14:43:06] <@+PavianKnallkopf> aktuell grad shatter und verdi
[14:43:16] <@+PavianKnallkopf> wie du vielleicht hörst ^^
[14:43:48] <gamondi4> ah ok
[14:43:54] UNMOD: Moobot
[14:44:04] <Heady1310> Wie war der drop code jetz war nicht schnell genug?
[14:44:09] <gamondi4> darum bekam ich beim letzten mal keine drops xD
[14:44:16] <@+PavianKnallkopf>* +++ Drops und Gewinnspiele nur auf twitch.tv/rainbow6de !!! NICHT hier !!!
[14:44:35] <dopinglord> @PavianKnallkopf ja höre ich, aber warum jetzt Verdi?
[14:44:42] <@+PavianKnallkopf> warum nicht? :D
[14:45:21] MOD: Moobot
[14:46:00] <Sn0x_123> bank is auch voll laut unten
[14:46:14] <Sn0x_123> das wasser is halt absolut laut finde ich
[14:46:37] <FSQ_SkRiIiYaO_o> das is aber auch das einzige
[14:46:51] <Sn0x_123> ja xD
[14:47:08] <Sn0x_123> aber auf Yacht auch
[14:47:19] <+DoodleTV1> !claymcharm
[14:47:21] <teenks93> Und der perma alarm
[14:48:34] <Heady1310> !claymcharm
[14:48:40] BAN: DoodleTV1 (10s)
[14:48:40] MOD_ACTION: pavianknallkopf (timeout doodletv1 10 )
[14:48:41] BAN: Heady1310 (10s)
[14:48:41] MOD_ACTION: pavianknallkopf (timeout heady1310 10 )
[14:48:44] <@+PavianKnallkopf>* +++ Drops und Gewinnspiele nur auf twitch.tv/rainbow6de !!! NICHT hier !!!
[14:50:15] <Huracan_610> Hallo
[14:50:36] <Huracan_610> Hallo?
[14:50:46] <@+PavianKnallkopf> Hallo
[14:51:18] <dubstepbiene> Hat G2 schon gespielt wenn ja wie viel ging es aus?
[14:51:47] <@+PavianKnallkopf> hat noch nicht gespielt
[14:51:48] <Heady1310> Nein
[14:51:48] <xedyerg> @dubstepbiene die spielen jetzt gleich
[14:52:13] <dubstepbiene> Danke schön
[14:52:41] <dubstepbiene> Da komm ich ja genau richtig
[14:53:41] <@+PavianKnallkopf> Zur Erinnerung:
[14:53:43] <@+PavianKnallkopf>* +++ Drops und Gewinnspiele nur auf twitch.tv/rainbow6de !!! NICHT hier !!!
[14:55:32] <+xDerHundx> Geht ALLE mal rüber zu RAINBOW6DE
[14:55:54] Viewerstats (14:27-14:55): avg:397 min:382 max:408 [15/403+2-13+2+14-24+16-4-5+8+8-12+6-2-17]
[14:56:00] <verrixx> wird es mal eine Weltmeister geben in r6
[14:56:00] <+xDerHundx> Nur dort könnt ihr Charms bekommen und an Gewinnspielen teilnehmen!
[14:56:08] <@+PavianKnallkopf>* +++ Drops und Gewinnspiele nur auf twitch.tv/rainbow6de !!! NICHT hier !!!
[14:56:13] <@+PavianKnallkopf> verrixx gibts doch quasi.
[14:56:35] <verrixx> wie quasi
[14:56:43] <+xDerHundx> Geht ALLE rüber zu twitch.tv/RAINBOW6DE
[14:56:43] BAN: xDerHundx (10s) [Links, automated by Moobot.]
[14:56:43] MOD_ACTION: moobot (timeout xderhundx 10 Links, automated by Moobot.)
[14:57:08] <+xDerHundx> Ich will nur die Leute rüberschicken und zack wird die Nachricht gelöscht..
[14:57:18] <@+PavianKnallkopf> links werden automatisch gelöscht ;)
[15:00:35] <ReboyLP> Hey
[15:01:37] <coolstorybr04> g2 ohhh nice
[15:01:52] <Bellic1312> Moin
[15:02:36] <bluox> dieser stream is in der charmdropliste nicht geführt, so nebenbei erwähnt
[15:02:49] <razzerizderbozz> Charm drop
[15:03:36] <@+PavianKnallkopf> bluox jop. hier gibts auch keine
[15:03:37] <1deztroyer1> schauen eigentlich auch girls zu ?
[15:03:37] <@+PavianKnallkopf>* +++ Drops und Gewinnspiele nur auf twitch.tv/rainbow6de !!! NICHT hier !!!
[15:03:58] <+GoldJungeLive> hm, ich dachte ab Freitag wird nur noch exklusiv auf Rainbow6DE gestreamt ?! LUL
[15:04:05] <ssg_zyro> weiß einer wann die neuen oberator vorgestellt werden ?
[15:04:09] <@+PavianKnallkopf> GoldJungeLive jetzt läuft der halt noch mit 🤷🏻
[15:04:12] <@+PavianKnallkopf> ssg_zyro morgen
[15:04:32] <ssg_zyro> danke :D
[15:04:39] <+boka_xd> @ssg_zyro Morgen
[15:04:40] <dopinglord> es gibt ja den charmdrop per link, wie viele chancen hat man da eigentlich?
[15:04:46] <@+PavianKnallkopf> ?
[15:04:55] <dopinglord> und wie viele charms werden da pro code vergeben?
[15:05:03] <+GoldJungeLive> musst halt schnell sein @dopinglord
[15:05:04] <@+PavianKnallkopf> weiß nicht genau was du meinst
[15:05:24] <+GoldJungeLive> ein Charm soweit ich weiß. den Code kann nur einer aktivieren
[15:05:30] <+HappyGamer58> Wie lange muss man schauen für charms
[15:05:33] <@+PavianKnallkopf> aso...
[15:05:34] <@+PavianKnallkopf>* Alle Infos über die Charm Drops findet ihr hier ► https://goo.gl/s16KPq |-| Wie viele Stunden ihr für welchen Charm benötigt ist nicht bekannt |-| Ihr könnt die Charms bekommen, egal über welches Endgerät ihr den Stream schaut!
[15:05:37] <@+PavianKnallkopf>* +++ Drops und Gewinnspiele nur auf twitch.tv/rainbow6de !!! NICHT hier !!!
[15:05:45] <dopinglord> okay thx
[15:06:51] <XedyerG> Also ich sage G2 gewinnt das & trifft im Finale auf EG
[15:07:12] <german_rambo> Och der agony schon wieder
[15:08:36] <german_rambo> Yeeeeee boooooooooooooooooooooooooooooooy
[15:09:04] <f4b2theianhd> durch den Zuschauern Verdi 2018 LUL
[15:09:20] <+Miegellos> Code?
[15:10:12] <derboss4ever> g2 <3 LUL
[15:10:18] <dopinglord> schon vorbei...
[15:10:24] <ohnelimit> neee
[15:11:07] <sry4nothing21> sie kann ich den charm bekommen
[15:11:15] <@+PavianKnallkopf>* +++ Drops und Gewinnspiele nur auf twitch.tv/rainbow6de !!! NICHT hier !!!
[15:11:23] <maxio197> !loots
[15:11:44] <geileschnalle> warum heißt penta jetzt g2
[15:12:06] <+zcuzitzonlyptw> Orga wechsel
[15:12:45] <hey_hou> wann ist der endgültige Release
[15:14:02] <@+PavianKnallkopf> wird vermutlich morgen gesagt
[15:14:34] <buddhi85> Das wird spannend. Mein traumduell
[15:16:15] <skyWdjango> Aggony spielt auf boarder immer alibi :D und kackt ab
[15:16:37] <+xIDemonIx> omgits1FeelsBad
[15:17:12] <HerrTaeufer> d
[15:17:17] <the_rock31> lol
[15:19:25] <abgehoben241> wie lange geht das
[15:19:41] <@+PavianKnallkopf> ?
[15:20:00] <darthayman> Hab immer noch keinen charm bekommen?
[15:20:09] <@+PavianKnallkopf> hier bekommste auch keine
[15:20:11] <@+PavianKnallkopf>* +++ Drops und Gewinnspiele nur auf twitch.tv/rainbow6de !!! NICHT hier !!!
[15:20:15] <abgehoben241> der stream bis dia charm
[15:20:24] <@+PavianKnallkopf>* Alle Infos über die Charm Drops findet ihr hier ► https://goo.gl/s16KPq |-| Wie viele Stunden ihr für welchen Charm benötigt ist nicht bekannt |-| Ihr könnt die Charms bekommen, egal über welches Endgerät ihr den Stream schaut!
[15:20:40] <darthayman> Guck ja den englischen stream
[15:20:55] <@+PavianKnallkopf> na dann. abwarten
[15:21:11] <abgehoben241> in denn Streams Kriegt Mann Charms Pavian
[15:21:20] <@+PavianKnallkopf> hier nicht
[15:21:33] <Sn0x_123> @darthayman schick mal link rein bitte
[15:21:36] <abgehoben241> hee warum ??
[15:21:43] <@+PavianKnallkopf>* +++ Drops und Gewinnspiele nur auf twitch.tv/rainbow6de !!! NICHT hier !!!
[15:21:46] <@+PavianKnallkopf> einfach mal lesen
[15:21:51] <limedubs> wie bekommt man den charm?
[15:21:54] <@+PavianKnallkopf> sollte nicht all zu schwer sein
[15:21:56] <@+PavianKnallkopf>* Alle Infos über die Charm Drops findet ihr hier ► https://goo.gl/s16KPq |-| Wie viele Stunden ihr für welchen Charm benötigt ist nicht bekannt |-| Ihr könnt die Charms bekommen, egal über welches Endgerät ihr den Stream schaut!
[15:22:54] <Ackiboy> moin moin
[15:25:59] Viewerstats (14:57-15:25): avg:405 min:359 max:476 [15/387-6-15-5+0-2+26+4+23+4+13+22+4-5+26]
[15:26:10] <Burgerkix111> hä is g2 nich penta?
[15:26:36] <Evolution_skyy> @burgerkix111 doch
[15:26:36] <Derzwoelfte> doch die heißen jz aber g2
[15:26:43] <Burgerkix111> ok
[15:26:49] <johnnyboy12233> 😂wer ist auch gerade zu Twitch gewechselt
[15:26:58] <@+Murks42> die Spieler sind gewechselt, die Teams gibt es noch
[15:27:16] <Burgerkix111> why?
[15:28:12] <+FrozenFlo> wann werden denn die operator vorgestellt? ;)
[15:28:15] <+Hias23> @burgerkix111, G2 hat halt das ganze Team gekauft
[15:28:17] <^Stay_Hydrated_Bot>* stayhyBottle [reminder] Live for 3 hours. Total water consumed should be at least 12oz (360mL) :)
[15:28:24] <@+PavianKnallkopf> FrozenFlo morgen
[15:28:52] <xxxskillerxxx1> FrozenFlo morgen im finale
[15:29:41] <marcel03114> CoolCat CoolCat CoolCat CoolCat CoolCat CoolCat CoolCat
[15:30:03] <johnnyboy12233> Nehmen die von hier oder von YouTube die Follower
[15:30:17] <johnnyboy12233> wegenxden keys
[15:30:38] <dopinglord> !loots
[15:30:38] <+VenomSlkillz> Hello
[15:30:57] <derhater_32> hallöchen
[15:33:06] <johnnyboy12233> Hey
[15:33:21] <susix> Wie bekommt man so nen charm ?
[15:33:27] <@+PavianKnallkopf>* +++ Drops und Gewinnspiele nur auf twitch.tv/rainbow6de !!! NICHT hier !!!
[15:33:29] <@+PavianKnallkopf>* Alle Infos über die Charm Drops findet ihr hier ► https://goo.gl/s16KPq |-| Wie viele Stunden ihr für welchen Charm benötigt ist nicht bekannt |-| Ihr könnt die Charms bekommen, egal über welches Endgerät ihr den Stream schaut!
[15:37:06] <johnnyboy12233> Werden hier auch Keys gezeigt?
[15:37:35] <+sydontdy> Lul
[15:37:46] <+sydontdy> Lil buffi
[15:38:09] <+FrozenFlo> drops?
[15:38:16] <@+PavianKnallkopf> nein
[15:38:20] <HerrKornfeld> Bei mit steht wenn ich den Code eingeben will, dass ich ein anderes Format nutzen soll obwohl ich das richtige nutze.
[15:38:36] <@+PavianKnallkopf> der code is eh schon lang eingelöst
[15:38:54] <speedracer_04> Na wie gehts
[15:39:04] <HerrKornfeld> aber den kann doch jeder einlösen?
[15:39:30] <@+PavianKnallkopf> der code kann nur einmal eingelöst werden
[15:39:53] <HerrKornfeld> nur von einer Person?
[15:40:01] <+FrozenFlo> aber verdi hat doch gerade gesagt es gibt drops :D
[15:40:03] <johnonator> Ja
[15:40:10] <@+PavianKnallkopf> Ja
[15:40:16] <speedracer_04> Was den für ein code
[15:40:43] <HerrKornfeld> Was hätte man den da bekommen?
[15:41:04] <johnnyboy12233> Talisman
[15:42:46] <XedyerG> Ist Kanto Ash main??
[15:43:26] <speedracer_04> Was hat Kantoraketti für eine tarnung auf der R4-C
[15:43:53] UNMOD: Murks42
[15:45:15] <+Nickxson> 6:3 6:3 tipp ich
[15:45:33] <+Nickxson> @XedyerG nein Ash ist Kanto Main xD
[15:46:08] <XedyerG> @Nickxson Schwer zu sagen wie viel die spielen
[15:46:28] <XedyerG> beide Mannschaften sind sehr gut
[15:47:39] <+xl3inads04x> was bedeuten diese kleinen Zeichen in der Operator
[15:48:09] <Sesselzock> für was is der key?
[15:48:15] <+FhaixX> Für was sind die keys ?
[15:48:18] <speedracer_04> Habe Clip gespeichert
[15:48:29] <+xl3inads04x> Auswahl oben links in der ecke von operator bild
[15:48:31] <+FhaixX> xD @Sesselzock 2 Idioten selbe idee xD
[15:48:40] <Sesselzock> isso😂😂
[15:49:25] <XedyerG> Kanto rassiert aber richtig
[15:54:21] <speedracer_04> Weiß wer nun für was der Code ist
[15:54:34] <johnnyboy12233> Talisman
[15:54:54] <+sayb22> @speedracer_04 Tresorkombination von Fort Knox
[15:55:03] <johnnyboy12233> 🤣🤣🤣🤣🤣🤣🤣❤️🤣🤣🤣🤣🤣
[15:55:14] <johnnyboy12233> Nicht schlecht 😂
[15:55:45] <LegendHendrikTV> Peeeeeeeeeeeengu
[15:55:58] <nichogaminx> Kappa Kappa
[15:56:04] Viewerstats (15:27-15:56): avg:530 min:475 max:557 [15/475+25-5+15+22+6+0+0+19-8-7+5+3-5-3]
[15:56:51] <+Nickxson> thema sie müssen gut essen, okay, alle außer leon und lacky wahrscheinlich
[15:56:57] <LegendHendrikTV> Hab schon <3
[15:57:03] <+mistgestalt123> hat Penta eine neue Orga?
[15:57:06] <charlybob777> hola
[15:57:19] <@+PavianKnallkopf> Die Spieler haben die Orga gewechselt. Ja.
[15:57:32] MOD_ACTION:  (automod_rejected sayb22 @mistgestalt123 nur für Paris Majors aggressive)
[15:57:46] <patrick3xe> Cill mal
[15:58:08] <+mistgestalt123> @pavianknallkopf ja das meinte ich. Danke
[15:58:15] <+Hias23> LUL
[15:58:22] <+Nickxson> easy
[15:58:24] <LegendHendrikTV> Looooool
[15:58:44] <georgPlayZzMC> easy game
[15:59:13] <axis__smasher> Wo gibt es die Drops?
[15:59:22] <@+PavianKnallkopf>* +++ Drops und Gewinnspiele nur auf twitch.tv/rainbow6de !!! NICHT hier !!!
[15:59:28] <Hxpersonic> !uptime
[15:59:29] <@+Mod4YouBOT>* UbisoftDE ist online seit 3 Stunden 31 Minuten.
[15:59:56] <27_Fabian_xD> wo ist der wasser bot hin?
[16:00:29] <@+PavianKnallkopf> der kommt immer mal wieder :P
[16:00:36] <+VenomSlkillz> Hello
[16:00:46] <27_Fabian_xD> ok
[16:00:55] <+VenomSlkillz> Ok
[16:01:07] <razzerizderbozz> Twitch dtop
[16:01:27] <+VenomSlkillz> !loots
[16:01:32] <@+PavianKnallkopf>* +++ Drops und Gewinnspiele nur auf twitch.tv/rainbow6de !!! NICHT hier !!!
[16:01:33] <@+PavianKnallkopf>* Alle Infos über die Charm Drops findet ihr hier ► https://goo.gl/s16KPq |-| Wie viele Stunden ihr für welchen Charm benötigt ist nicht bekannt |-| Ihr könnt die Charms bekommen, egal über welches Endgerät ihr den Stream schaut!
[16:02:29] <+mistgestalt123> steht G2 für etwas besonderes?
[16:02:34] <johnnyboy12233> Kriegt man diese „Stunden Drops“ auch dafür wenn ich hier zuschaue?
[16:02:51] <johnnyboy12233> oder muss ich beim englischen zugucken
[16:02:59] <@+kaetzchn> johnnyboy12233 nein nur auf rainbow6de
[16:03:12] <@+kaetzchn> also twitch.tv/rainbow6de
[16:03:12] <johnnyboy12233> 👍🏻
[16:03:16] <@+PavianKnallkopf>* +++ Drops und Gewinnspiele nur auf twitch.tv/rainbow6de !!! NICHT hier !!!
[16:03:22] <HerrKornfeld> Was sind Stunden Drops?
[16:03:32] <@+kaetzchn> !charmdrops
[16:03:32] <@+Mod4YouBOT>* Alle Infos über die Charm Drops findet ihr hier ► https://goo.gl/s16KPq |-| Diese könnt ihr ab Freitag bei http://twitch.tv/rainbow6de erhalten!
[16:03:40] <+diekloseife> !caster
[16:03:40] <@+Mod4YouBOT>* Unsere Caster sind: Tobias 'ShatterXx' Richter & Ihno 'Harris' Kampen
[16:04:29] <+obik_pff> schrei mal nicht so
[16:05:31] <+zcuzitzonlyptw> Mach dein Hany leiser.
[16:05:36] <xsilentxapple> rekt
[16:06:11] <+DerPilzmann98> G2 auf Bank kannste nicht besiegen
[16:06:45] <+obik_pff> @zcuzitzonlyptw ehmmm dann hör ich den rest nicht
[16:07:16] <+Nickxson> hab nur Elevator gesehen, neuer Bomb spot
[16:07:42] <lieordie_> wieso penta jetzt g2?
[16:08:01] <divine_gbenni> g2 ist das nicht das penta team :D
[16:08:23] <@+PavianKnallkopf> doch ^^
[16:08:29] <@+PavianKnallkopf> G2 hat das Lineup von Penta abgekauft
[16:08:35] <divine_gbenni> aber?
[16:08:37] <SnipeTheNooB> doch ist g2
[16:08:40] <bl4ck1ord54> Wie ging das 1 Match aus?
[16:08:40] <lieordie_> lol
[16:08:46] <xsilentxapple> selbes team andere orga
[16:08:51] <@+PavianKnallkopf> genau
[16:08:51] <divine_gbenni> und jetzt die warheit :D
[16:08:55] <lieordie_> ok danke
[16:09:04] <Derzwoelfte> 6-2
[16:09:04] <SnipeTheNooB> was muss man mit dem ? beim code machen?
[16:09:14] <@+PavianKnallkopf> eine zahl einsetzen
[16:09:18] <charlybob777> BCWarrior
[16:09:25] <sickless01> wasn für ein code war das?
[16:09:26] <bl4ck1ord54> @derzwoelfte für wen
[16:10:09] <SnipeTheNooB> wo kann ich den code einlösen?
[16:10:19] <@+PavianKnallkopf> auf rainbow6.com/redeem
[16:10:26] <Seb_vettel_bsc> @bl4ck1ord54 6:2 für G2
[16:10:28] <@+PavianKnallkopf> aber der code wurde schon eingelöst. da musst du schneller sein
[16:10:28] <kotbruder_alex> Wann kommen die neuen Operatoren raus?
[16:10:38] <@+PavianKnallkopf> wird vermutlich morgen gesagt
[16:12:22] <charlybob777> alguien habla español ?
[16:12:29] <divine_gbenni> auf der penta seite ist penta noch das alte team :D also was jetzt g2 ?
[16:12:32] <@+PavianKnallkopf> German or English
[16:12:39] <@+PavianKnallkopf> divine_gbenni is einfach noch nicht aktualisiert
[16:12:54] <divine_gbenni> ok ?
[16:13:27] <Sesselzock> bei mir steht andauernd dass das format des codes nicht geht :(
[16:13:41] <@+PavianKnallkopf> na dann haste es halt im falschen format eingegeben ^^
[16:14:13] <Sesselzock> ich hab den so eingegeben wie es da standen lmao
[16:14:24] <divine_gbenni> @PavianKnallkopf warum das so ist kann keiner sagen oder doch ? weil tenta doch echt spitze war oder hab ich was verpasst?
[16:14:24] <@+PavianKnallkopf> haste das fragezeichen ersetzt?
[16:14:33] <ElPolako0> also bei mir geht der Code auch nicht
[16:14:37] <charlybob777> BibleThump
[16:14:39] <Sesselzock> wie ersetzt?
[16:14:40] <@+PavianKnallkopf> anscheinend waren sie nicht zufrieden mit penta
[16:14:43] <ElPolako0> ja
[16:15:05] <@+PavianKnallkopf> Sesselzock du musst das fragezeichen natürlich mit ner zahl ersetzen. wurde auch jedes mal dazu gesagt
[16:15:12] <divine_gbenni> ja das ist hart
[16:15:13] <Sesselzock> ohh
[16:17:25] <Sesselzock> jetzt steht da dass der code ungültig is.. : (
[16:17:36] <Sesselzock> und sorry dass ich so nerve haha
[16:17:43] UNMOD: kaetzchn
[16:17:44] <@+PavianKnallkopf> der code kann nur von einer person benutzt werden.
[16:18:41] <Sesselzock> achso
[16:18:42] <iiireptyzz> oh semi final
[16:18:59] <iiireptyzz> cmonBruh Keepo
[16:21:12] <Sesselzock> SMOrc
[16:21:41] <marcel03114> CoolCat VoHiYo VoHiYo VoHiYo VoHiYo VoHiYo CoolCat VoHiYo CoolCat CoolCat KappaPride KappaPride KappaPride KappaPride KappaPride KomodoHype KappaPride KappaPride KappaPride KappaPride KappaPride DxCat
[16:21:41] BAN: marcel03114 (2s) [Excessive use of emotes, automated by Moobot.]
[16:21:41] MOD_ACTION: moobot (timeout marcel03114 2 Excessive use of emotes, automated by Moobot.)
[16:22:00] <charlybob777> PopCorn Jebaited
[16:22:06] <marcel03114> DxCat DxCat DxCat DxCat CoolCat CoolCat CoolCat CoolCat KappaPride KappaPride KappaPride KappaPride
[16:22:06] BAN: marcel03114 (1s) [Excessive use of emotes, automated by Moobot.]
[16:22:06] MOD_ACTION: moobot (timeout marcel03114 1 Excessive use of emotes, automated by Moobot.)
[16:22:17] <@+PavianKnallkopf> Bitte maximal 7 Emotes nutzen.
[16:22:22] <marcel03114> DxCat
[16:22:48] <charlybob777> DrinkPurple FutureMan
[16:23:20] <Seb_vettel_bsc> schwab1Hype schwab1Hype schwab1Hype schwab1Hype schwab1Hype schwab1Hype schwab1Hype
[16:23:51] <charlybob777> ARGENTINA FutureMan
[16:24:03] <diekuhausdemhause> moin
[16:24:03] <+Nkayyy> ist das team von G2 ex penta?
[16:24:04] <SnipeTheNooB> pengu der könig
[16:24:13] <27_Fabian_xD> @nkayyy ja
[16:24:14] <@+PavianKnallkopf> Nkayyy ja
[16:24:24] <SnipeTheNooB> jo wurde für major paris abgekauft
[16:24:27] <marcel03114> ich habe Hunger
[16:24:29] <ChrisGold22> @Nkayyy ja sind sie
[16:24:41] <xx_wildtrap_xx> very sski
[16:25:03] <+Nkayyy> war nur eine frage der zeit das penta das team verliert
[16:26:03] <platenbirne> hi
[16:26:05] Viewerstats (15:58-16:26): avg:552 min:535 max:567 [15/550+0+12-19+9-10+23-11+13-8-6-18+8+2+15]
[16:26:30] <Seb_vettel_bsc> Komisch das auf der Penta seite immer noch das Team zufinden ist
[16:26:36] <+GummZor> kann mir wer verraten wieso die nun G2 heißen?
[16:26:38] <+letz_derank> Ist das eine Dauerwerbungsendung?
[16:26:42] <27_Fabian_xD> noch nicht aktualisiert
[16:26:48] <divine_gbenni> was jetzt mit penta xD kommen die wieder oder bleiben die raus aus r6
[16:27:02] <+Nkayyy> g2 hat die übernommen
[16:27:04] <xaynord66> #FreeShaiiko
[16:27:09] <@+PavianKnallkopf> divine_gbenni hab ich doch eben alles gesagt. Das lineup wurde von G2 aufgekauft.
[16:27:09] <27_Fabian_xD> ich denke die bleiben erst raus
[16:27:13] <+GummZor> aso
[16:27:18] <xaynord66> Bruh
[16:27:22] <@+PavianKnallkopf> ob penta wieder ein team übernimmt wissen nur die
[16:27:46] <xaynord66> #FreeShaiiko ❤️
[16:28:04] <Z4NYcs> godPengu
[16:28:16] <divine_gbenni> ja hab ich verstanden aber wird penta sich ein neues team suchen oder was passirt nun ? da penta ja nicht von der bildfleche verschwinden wird oder doch ?
[16:28:18] <^Stay_Hydrated_Bot>* stayhyBottle [reminder] Live for 4 hours. Total water consumed should be at least 16oz (480mL) :)
[16:28:40] <+Nkayyy> eine orga wie penta konnte so ein gutes team nicht halten
[16:28:47] <27_Fabian_xD> da is a wieder
[16:28:55] <thedayofthedays> ausgleich izz da
[16:29:11] <Seb_vettel_bsc> @divine_gbenni Penta existiert immer noch die hatten nicht nur das Rainbow Six team
[16:30:01] <divine_gbenni> ja aber das r6 team war das beste und erfolgreichste team und ich bin gespannt wie es weiter geht
[16:30:56] <fanathy> weis einer wann man die charms bekommt?
[16:31:01] <@+PavianKnallkopf> ab montag
[16:31:04] <@+PavianKnallkopf>* +++ Drops und Gewinnspiele nur auf twitch.tv/rainbow6de !!! NICHT hier !!!
[16:31:07] <@+PavianKnallkopf>* Alle Infos über die Charm Drops findet ihr hier ► https://goo.gl/s16KPq |-| Wie viele Stunden ihr für welchen Charm benötigt ist nicht bekannt |-| Ihr könnt die Charms bekommen, egal über welches Endgerät ihr den Stream schaut!
[16:31:27] <fanathy> okay danke schön :)
[16:31:33] <omygish> Wie bekomme ich die charms?
[16:31:45] <@+PavianKnallkopf>* Alle Infos über die Charm Drops findet ihr hier ► https://goo.gl/s16KPq |-| Wie viele Stunden ihr für welchen Charm benötigt ist nicht bekannt |-| Ihr könnt die Charms bekommen, egal über welches Endgerät ihr den Stream schaut!
[16:31:49] <@+PavianKnallkopf> einfach mal durchlesen @omygish
[16:32:02] <omygish> @pavianknallkopf dangeee <3 <3
[16:32:04] <+Nkayyy> was gibt es den als drop wieder so unnötige anhänger?
[16:32:16] <+Ghost_HD_xD> hi
[16:32:22] <@+PavianKnallkopf> jop
[16:32:43] <+kriegstneanzeige> lol
[16:34:37] <xepicskill3x> sollte da drine steheb
[16:36:43] <@+PavianKnallkopf> rainbow6.com/redeem
[16:36:45] <Seb_vettel_bsc> 2
[16:36:50] <WookieEatCookie> War lange nicht mehr aktiv und hatte mehr als ein halbes Jahr Pause mit r6 gemacht... kann mir wer erklären warum der Penta kader zu g2 gewechselt ist und wie es bei 1up läuft ?
[16:37:07] <zereax_a> ihr wisst das es hier keine charms gibt
[16:37:12] <@+PavianKnallkopf> penta-lineup wurde aufgekauft und 1up gibts nicht mehr quasi
[16:37:15] <@+PavianKnallkopf>* +++ Drops und Gewinnspiele nur auf twitch.tv/rainbow6de !!! NICHT hier !!!
[16:37:51] <WookieEatCookie> Danke für die Info aber was ist mit 1up passiert ? Zu Bad ?
[16:38:03] <@+PavianKnallkopf> die spieler haben sich von der orga getrennt
[16:38:11] <@+PavianKnallkopf> gab da wohl probleme mit bezahlung usw
[16:38:30] <WookieEatCookie> Weil die Jungs hatten Potenzial
[16:38:41] <@+PavianKnallkopf> die jungs gibts noch in etwas anderer formationen
[16:38:52] <@+PavianKnallkopf> heißen aktuell "Orgless" da sie keine Orga haben
[16:39:04] <Sesselzock> ey wie schnell wird denn der code eingelößt :/
[16:39:12] <WookieEatCookie> Danke für die Info 😅
[16:39:48] <@+PavianKnallkopf> gerne
[16:40:23] <isff_tony> Moin zsm !
[16:40:35] <isff_tony> erste runde oder hab ich alles verpasst ?
[16:40:42] <@+PavianKnallkopf> 2 map
[16:40:45] <@+PavianKnallkopf> könnte gleich vorbei sein
[16:40:54] <isff_tony> F....k
[16:40:59] <@+PavianKnallkopf> :P
[16:43:15] <derboss4ever> gg <3
[16:43:16] <@+PavianKnallkopf> gg
[16:43:26] <+Nickxson> schönes trainingsspielchen
[16:43:27] <SnipeTheNooB> gg
[16:43:28] <fanathy> gg
[16:43:30] <deneilo_onfire> gg
[16:43:31] <teenks93> gg
[16:43:35] <+kriegstneanzeige> gg
[16:43:36] <ihashimototv> goga for the win man!
[16:43:36] <@+PavianKnallkopf> Nickxson :D
[16:43:37] <eliasvanhetting> gg
[16:43:41] <Branditor> wann ist das Finale ?
[16:43:42] <xsilentxapple> gg
[16:43:45] <SnipeTheNooB> peeentaaa kmh äähm g2!
[16:43:46] <ihashimototv> gg
[16:43:50] <fanathy> pengu ist einfach krass
[16:44:08] <blauertiger24> hallo kann noch jemand den link zu den drops schicke ?
[16:44:20] <@+PavianKnallkopf>* +++ Drops und Gewinnspiele nur auf twitch.tv/rainbow6de !!! NICHT hier !!!
[16:44:22] <@+PavianKnallkopf>* Alle Infos über die Charm Drops findet ihr hier ► https://goo.gl/s16KPq |-| Wie viele Stunden ihr für welchen Charm benötigt ist nicht bekannt |-| Ihr könnt die Charms bekommen, egal über welches Endgerät ihr den Stream schaut!
[16:44:28] <omygish> hat g2 gewonnen?
[16:44:36] <derboss4ever> jo
[16:44:38] <@+PavianKnallkopf> jap
[16:44:42] <fanathy> ja
[16:44:45] <omygish> lul
[16:45:08] <derboss4ever> LUL
[16:45:14] <+delargo84> Ja hört es euch an. Nicht nur killz zählen, team play. Mit den Operator den man hat. Vernünftig seine Gadgets nutzen. Danke liebe deutsche Community. Dann macht auch wieder Solo q Spaß. LUL
[16:47:04] <buddhi85> Die Geschwindigkeit und Genauigkeit von G2 war verblüffend.
[16:47:23] <dopinglord> wer kann eigentlich bei einem Major mitmachen? jeder der ein Team hat?
[16:47:38] <+Nickxson> haha fabian genauso muss das sein :D
[16:47:49] <isff_tony> Wann ist final ?
[16:47:50] <@+PavianKnallkopf> dopinglord man muss sich dafür qualifizieren ^^
[16:47:53] <@+PavianKnallkopf> isff_tony morgen
[16:48:15] <Flopflip235> @isff_tony sonntag
[16:48:29] <dopinglord> @pavianknallkopf und wann ist das nächste Major?
[16:48:34] <buddhi85> Nur bischen Selbstvertrauen....
[16:48:37] <@+PavianKnallkopf> keine ahnung :D
[16:48:45] <dopinglord> okay tdm thx
[16:48:46] <rainbowsixsiege123123> Hi
[16:48:52] <SnipeTheNooB> welche uhrzeit sonntag?
[16:48:58] MOD: kaetzchn
[16:48:59] <@+PavianKnallkopf>* Hier der Zeitplan fürs Wochenende: https://bit.ly/2vKky6c
[16:49:07] <isff_tony> @pavianknallkopf @flopflip235 Danke euch
[16:49:11] <BeaT_TheNexus> ja
[16:50:34] <rgfx22> Wer hat gewonnen
[16:50:49] <@+PavianKnallkopf> G2
[16:50:55] <mycxz> g2
[16:51:07] <mycxz> was ist denn mit dem anderen semi final? war das schon oder wie?
[16:51:15] <@+PavianKnallkopf> nein das kommt nun.
[16:51:32] <rainbowsixsiege123123> Gibt es wieder twitch drop loot?
[16:51:32] <Panoahm> Moin zusammen
[16:51:38] <mycxz> achso lol, weil in dem Ubisoft stream wird gesagt "bis morgen"
[16:52:02] <@+PavianKnallkopf>* +++ Drops und Gewinnspiele nur auf twitch.tv/rainbow6de !!! NICHT hier !!!
[16:52:05] <@+PavianKnallkopf>* Alle Infos über die Charm Drops findet ihr hier ► https://goo.gl/s16KPq |-| Wie viele Stunden ihr für welchen Charm benötigt ist nicht bekannt |-| Ihr könnt die Charms bekommen, egal über welches Endgerät ihr den Stream schaut!
[16:52:06] <fanathy> @rainbowsixsiege123123 ja gibt es
[16:53:54] <david4theplayerr> Wann spielt eg
[16:53:59] <@+PavianKnallkopf>* Hier findet ihr den Zeitplan für heute: https://goo.gl/VUTDHy
[16:56:05] Viewerstats (16:28-16:56): avg:565 min:486 max:603 [15/578+16-13+9+11-8+10-14+0+2-28-45+1-25-8]
[16:59:36] <+Ahix> was ist esports panel?
[16:59:54] <@+PavianKnallkopf> Da wird über die weitere Entwicklung von R6 im Esport bereich gesprochen
[17:05:39] <+Friederxl> when does it start?
[17:10:52] <+kriegstneanzeige> FortOne
[17:11:10] <xx_wildtrap_xx> :/
[17:11:20] <+kriegstneanzeige> KappaPride
[17:11:21] <irvffyi> @kriegstneanzeige deutsch?
[17:12:03] <S_t_e_f_a_n_> wer hat gewonnen g2 oder secret?
[17:12:11] <buddhi85> G2
[17:12:36] <irvffyi> Bin irgendwie für Millenium
[17:13:01] <enton_noob> ich auch
[17:13:11] <@+PavianKnallkopf> millenium is schon draußen....
[17:13:21] <buddhi85> SeriousSloth
[17:13:39] <enton_noob> :/
[17:13:43] <irvffyi> Bin grad erst gekommen Squid1 Squid2 Squid3 Squid2 Squid4
[17:14:54] <raymd> @irvffyi too much info :D
[17:15:11] <irvffyi> Nicht Falsch denken(*^o^*) KappaWealth
[17:15:31] <buddhi85> KAPOW
[17:17:34] <+michimichimichi2> !zeitplan
[17:17:47] <marcel03114> CorgiDerp CorgiDerp CorgiDerp CorgiDerp CorgiDerp CorgiDerp CorgiDerp
[17:17:50] <+michimichimichi2> ok kein befehl ... hat wer den link zum plan ?
[17:18:59] <enton_noob> ne sry
[17:20:48] <@+PavianKnallkopf>* Hier findet ihr den Zeitplan für heute: https://goo.gl/VUTDHy
[17:20:50] <@+PavianKnallkopf>* Hier der Zeitplan fürs Wochenende: https://bit.ly/2vKky6c
[17:25:02] <GodKxmi> wann is das nächste spiel
[17:25:37] <omygish> gute Frage OptimizePrime
[17:26:05] Viewerstats (16:58-17:26): avg:420 min:390 max:446 [15/446-1-20-35+9-2+15+6+2+11+5-28+9+6+10]
[17:26:14] <ElaIsOnFire> bleib einfach dran dann verpasst du nix
[17:27:11] <omygish> ab wie vielen Stunden bekommt man einen charm
[17:27:49] <omygish> Und gab es Infos zu favela?
[17:28:02] <ElaIsOnFire> ka
[17:28:18] <^Stay_Hydrated_Bot>* stayhyBottle [reminder] Live for 5 hours. Total water consumed should be at least 20oz (600mL) :)
[17:28:51] <Panoahm> Wer,wie,was,wann,wo,warum?
[17:29:28] <+zerox_spielt> Dachte das hier ist der deutsche Stream :D
[17:30:14] <Panoahm> Verdi trinkt noch sein kaffee zuende
[17:31:55] <omygish> zironic sieht aus wie McGregor
[17:32:22] <xDEADxP4rr4StiX> !charmdrops
[17:32:28] <@brille45> Guten Abend
[17:32:38] <omygish> tf
[17:34:57] <dorschmaster> !charmdrops
[17:35:20] <unicumbalancer> ok
[17:35:28] <passy_sikzz> Charmdrops nur auf Rainbo6De
[17:35:33] MOD: brille45
[17:35:53] <@brille45> Alle Infos zu den Charm Drops findet ihr hier -> https://goo.gl/s16KPq
[17:36:00] <passy_sikzz> Rainbow6de*
[17:36:06] <buddhi85> 1:00
[17:36:28] <buddhi85> 0:50
[17:36:43] <buddhi85> 30sec.
[17:36:53] <@brille45> NUR AUF → https://www.twitch.tv/rainbow6de
[17:37:03] <buddhi85> T-1
[17:37:09] <enderdragon_N> 0 sec
[17:37:17] <buddhi85> Go
[17:37:35] <Panoahm> Wo ist Veeerdiiiii
[17:37:36] <PrinceMKGamesTV> haha sein blicjk
[17:37:53] <unicumbalancer> !charmdrops
[17:37:54] <buddhi85> Harrys camper👏😂
[17:38:00] <pouhderbaer> moxes
[17:39:55] <RaQzll> wann fängt das spiel an???
[17:40:44] <+cree97per> !finale#
[17:40:55] <@brille45> NUR AUF → https://www.twitch.tv/rainbow6de
[17:41:07] <+cree97per> !finale
[17:41:26] <+cree97per> Wann wird das Finale gespielt?
[17:41:36] <@brille45> morgen
[17:41:47] <+cree97per> Danke :)
[17:41:52] <@brille45> gerne :)
[17:43:10] <EpicZ_HobbiE> Wie ging g2 aus?
[17:43:17] <+elmuchach0> Lol they Are outside
[17:43:46] <EpicZ_HobbiE> !g2
[17:43:54] <+scorpion_r6s> Weiß jemand, wie lange man den Stream schauen muss, um den Diamant Charm zu bekommen?
[17:44:16] <EpicZ_HobbiE> Wie ging des 1. Match aus?
[17:44:21] <+elmuchach0> @scorpion_r6s 6 stunden
[17:44:44] <+scorpion_r6s> @elmuchach0 danke :)
[17:45:01] <david4theplayerr> Gibt’s hier auch die rewards.
[17:45:04] <EpicZ_HobbiE> Danke :(
[17:46:20] <@brille45> NUR AUF → https://www.twitch.tv/rainbow6de
[17:46:28] <@brille45> Alle Infos zu den Charm Drops findet ihr hier -> https://goo.gl/s16KPq
[17:47:01] <dxEggixp> Ist G2 weiter?
[17:47:19] <sorriso__gamer> brasil cicero aq
[17:47:36] <Ju1cyFox> Banane im Ohr ist geil
[17:47:40] <sorriso__gamer> 🔊🔴🔊🔴🔊
[17:47:42] <IW4RH3ADI> moin wie hat g2 gespielt
[17:47:49] <Panoahm> Kann es sein dass die beiden sich nicht leiden kõnnen?
[17:48:04] <dxEggixp> Ja Hahahahahaha
[17:48:22] <omygish> gab es infos für favela
[17:48:41] <+elmuchach0> DansGame
[17:49:44] <+ImLurexYT> wieviel watchtime braucht man für welchen talisman?
[17:50:17] <dxEggixp> Kp
[17:50:25] <byScaleTV> warum frägst du hier?du musst Rainbow6 anscauen
[17:50:41] <@brille45> Rainbow5DE
[17:50:56] <Ju1cyFox> #EGZerberstet
[17:52:29] <Ju1cyFox> Neeeiiin nicht Mira 😫😭
[17:52:36] MOD: Spiderspoode
[17:52:46] <Panoahm> Bin mal gespannt wer gewinnt
[17:53:15] <@+Spiderspoode> Guten Tag alersets
[17:53:17] <Panoahm> RIP Mira
[17:55:53] <dubstepbiene> Wie viel hat G2 gespielt?
[17:55:57] <@brille45> 2:0
[17:56:05] Viewerstats (17:28-17:56): avg:419 min:396 max:440 [15/432-8+5-14-4-15+7-2+14+6-3+5+17-6-3]
[17:58:18] <+thatwas2ezforme> Noob
[17:58:31] BAN: thatwas2ezforme (5s)
[17:58:31] MOD_ACTION: brille45 (timeout thatwas2ezforme 5 )
[17:58:40] <dogstar1992> G2 im Finale ?
[18:00:05] <+projectzero32> Yes
[18:00:20] <dogstar1992> 1 map ?
[18:00:25] <IW4RH3ADI> GHNJCCAHNEJAMLL
[18:00:37] BAN: IW4RH3ADI (2s)
[18:00:37] MOD_ACTION: spiderspoode (timeout iw4rh3adi 2 )
[18:01:37] <+mongo_from_congo> GHNJ-CCCA-HNEJ-AM?L
[18:01:56] BAN: mongo_from_congo (2s)
[18:01:56] MOD_ACTION: spiderspoode (timeout mongo_from_congo 2 )
[18:04:29] <+mongo_from_congo> Der code ist echt nur für einen einzigen account gültig?!
[18:04:39] <+mongo_from_congo> This code has already been used
[18:04:49] <@+Spiderspoode> mongo_from_congo korrekt
[18:05:00] <theDoomster_aka_Doomina> wann werden die neuen Operator vorgestellt?
[18:05:39] <@+Spiderspoode> morgen wird das passieren
[18:05:44] <+mongo_from_congo> @theDoomster_aka_Doomina nach erfolgreichem abschluss von operation health FeelsAmazingMan
[18:05:49] <@+Spiderspoode> !schedule
[18:05:50] <@+Mod4YouBOT>* Hier der Zeitplan fürs Wochenende: https://bit.ly/2vKky6c
[18:06:08] <xGRFatality> kann jemand den link für die charms posten thx❤️
[18:06:19] <@brille45> Alle Infos zu den Charm Drops findet ihr hier -> https://goo.gl/s16KPq
[18:06:20] <@+Spiderspoode> !charmdrops
[18:06:20] <@+Mod4YouBOT>* Alle Infos über die Charm Drops findet ihr hier ► https://goo.gl/s16KPq |-| Diese könnt ihr ab Freitag bei http://twitch.tv/rainbow6de erhalten!
[18:06:25] <+Mrmaisguy> ScaredyCat
[18:06:26] <theDoomster_aka_Doomina> danke
[18:08:00] <maluki0150> Kann mir ein mod den link schicken, damit ich den takisman bekomme?
[18:08:08] <@+Spiderspoode> !charmdrops
[18:08:11] <maluki0150> *talisman
[18:08:39] <maluki0150> ! charmdrops
[18:08:44] BAN: maluki0150 (2s)
[18:08:44] MOD_ACTION: spiderspoode (timeout maluki0150 2 )
[18:08:55] <maluki0150> !charmdrops
[18:08:57] <@+Spiderspoode> Ansonsten einfa mal er: https://goo.gl/s16KPq
[18:08:59] BAN: maluki0150 (2s)
[18:08:59] MOD_ACTION: spiderspoode (timeout maluki0150 2 )
[18:09:27] <fatalitytheking> !charmdrop
[18:09:33] BAN: fatalitytheking (2s)
[18:09:33] MOD_ACTION: spiderspoode (timeout fatalitytheking 2 )
[18:14:14] <xgodsxunitex> Crazy u there
[18:15:53] <KeleHamburgCity> Er schreit sooooo mega laut
[18:16:04] <@+Spiderspoode> KeleHamburgCity nein gar nicht Kappa
[18:16:15] <+neospielt_nichtmehr> dann mach leiser
[18:16:20] <KeleHamburgCity> Ok haha
[18:16:22] <+DrFrosty21> !caster
[18:16:23] <@+Mod4YouBOT>* Unsere Caster sind: Tobias 'ShatterXx' Richter & Ihno 'Harris' Kampen
[18:18:15] <+thatwas2ezforme> Hallo
[18:18:44] <@+Spiderspoode> moi
[18:21:27] <Chiarahoch33> hat g2 gewonnen?
[18:21:28] <holzl> moin wie hat g2 gespielt?
[18:21:28] <titorio> hi
[18:21:39] <@+Spiderspoode> Ja ihr beidenG2 2:0 gewonnen
[18:21:45] <+xReDiRamko> hi
[18:21:53] <Chiarahoch33> k thx :))
[18:23:43] <K1NG_FAB1O> !gewinnspiel
[18:23:44] <@+Mod4YouBOT>* Lust auf ein großes Überraschungspaket? ► https://goo.gl/r4xHXe
[18:23:46] <Eminent_Penta> Wo kann man sein ubisoftaccount mit twitch verbinden ?
[18:23:57] <@+PavianKnallkopf>* Alle Infos über die Charm Drops findet ihr hier ► https://goo.gl/s16KPq |-| Wie viele Stunden ihr für welchen Charm benötigt ist nicht bekannt |-| Ihr könnt die Charms bekommen, egal über welches Endgerät ihr den Stream schaut!
[18:23:57] <Eminent_Penta> !gewinnspiel
[18:24:01] <@+PavianKnallkopf>* +++ Drops und Gewinnspiele nur auf twitch.tv/rainbow6de !!! NICHT hier !!!
[18:25:06] <+Peter30100> nabend. wie haben secret und g2 gespielt
[18:25:11] <@+PavianKnallkopf> g2 2:0 gewonnen
[18:25:16] <joe_hawksstar> WIE HAT g" GESPIELT
[18:25:28] BAN: joe_hawksstar (2s)
[18:25:28] MOD_ACTION: spiderspoode (timeout joe_hawksstar 2 )
[18:25:34] <+Peter30100> danke @PavianKnallkopf
[18:25:37] <@+Spiderspoode> joe bitte nicht in aps. Übrigens 2:0 gewonnen
[18:26:05] Viewerstats (17:58-18:26): avg:447 min:437 max:457 [15/451+6-14+5+8-14+3+4+7-18-1+6+3+9-14]
[18:26:30] <darthayman> Hab immer noch nicht mein Charm bekommen..
[18:26:40] <@+Spiderspoode> darthayman bekomst du erstMontag wieder
[18:26:41] <@+PavianKnallkopf>* +++ Drops und Gewinnspiele nur auf twitch.tv/rainbow6de !!! NICHT hier !!!
[18:27:18] <darthayman> Wieso Montag?? Ich hab die damals nach oaar stunden bekommen
[18:27:27] <@+PavianKnallkopf> damals.
[18:27:28] <darthayman> Paar*
[18:27:30] <@+PavianKnallkopf> es ist nicht mehr damals
[18:28:16] <darthayman> Ja und?!
[18:28:19] <^Stay_Hydrated_Bot>* stayhyBottle [reminder] Live for 6 hours. Total water consumed should be at least 24oz (720mL) :)
[18:28:35] <+Mrfadz> Lauter bitte
[18:28:44] <darthayman> Die geld geilen kriegen wieder nichts hin..
[18:28:51] BAN: darthayman (600s)
[18:28:51] MOD_ACTION: pavianknallkopf (timeout darthayman 600 )
[18:28:56] <@+PavianKnallkopf> mach mal pause
[18:34:24] <@+PavianKnallkopf>* +++ Drops und Gewinnspiele nur auf twitch.tv/rainbow6de !!! NICHT hier !!!
[18:34:39] <@+recklessGreed> Sach ma Pavi? Wo krieg ich denn die Coolen Sachen her? KappaHD
[18:34:59] <@+PavianKnallkopf> You cannot timeout moderator recklessGreed unless you are the owner of this channel. ..... Hm...
[18:35:00] <K1NG_FAB1O> wo muss man de code eingeben?
[18:35:16] <HerrKornfeld> Werden hier auf dem Twitch Kanal auch mal andere Games als r6 gezeigt?
[18:35:23] <@+recklessGreed> Hihihihihihi :3 
[18:35:24] <@+PavianKnallkopf> selten
[18:36:35] <+hansololp> PavianKnallkopf dann muss du ihn wohl auf dem Physichen weg Timeouten :P hinfahren und KO boxen
[18:36:43] <+Rainbow_Six_Siege_Zocker> ist penta noch dabei
[18:36:55] <@+PavianKnallkopf> Puh... Das ist verbunden mit Bewegung... Eher nein.
[18:37:52] <+hansololp> PavianKnallkopf XD ja gut dann halt nich
[18:38:13] <+Rainbow_Six_Siege_Zocker> ist penta raus
[18:38:46] <@+recklessGreed> Können wir HansoloLP nicht bannen Keepo DansGame
[18:38:52] <@+PavianKnallkopf> könnten wir ciroTHINK
[18:39:07] <darthayman> Gegen welche Regel hab ich drnn verstoßen??!
[18:39:10] <@+recklessGreed> Rainbow_Six_Siege_Zocker Penta hat nicht mitgespielt ... Das Team von Penta (unter neuem Namen G2 Esports) ssteht im Finale
[18:39:12] <@+Spiderspoode> recklessGreed Antrag unterstützt
[18:39:16] <+Tobibaro> sind die drops schon atkiv
[18:39:21] <@+PavianKnallkopf> darthayman Anstand
[18:39:28] <darthayman> Nein
[18:39:29] <+Rainbow_Six_Siege_Zocker> ok
[18:39:43] <enderdragon_N> fehlt jz ne zahl oder buchstabe
[18:39:53] <@+PavianKnallkopf> zahl
[18:39:57] <darthayman> Werde mich Montag bei Ubisoft beschwerden Pavian :)
[18:40:03] <+Tobibaro> pavian?
[18:40:04] <@+PavianKnallkopf> Is völlig in Ordnung :)
[18:40:07] <+hansololp> Spiderspoode Spinniii warum :(
[18:40:12] <@+recklessGreed> xD 
[18:40:18] <@+PavianKnallkopf> Tobibaro ja sind sie seit gestern aber nicht hier auf dem Channel.
[18:40:20] <@+PavianKnallkopf>* +++ Drops und Gewinnspiele nur auf twitch.tv/rainbow6de !!! NICHT hier !!!
[18:40:25] <+Tobibaro> wo denn
[18:40:31] <@+PavianKnallkopf> ^
[18:40:32] <+hennz0r> !caster
[18:40:33] <@+Mod4YouBOT>* Unsere Caster sind: Tobias 'ShatterXx' Richter & Ihno 'Harris' Kampen
[18:40:48] <darthayman> Ohne Grund Leute zu bannen geht ja garnicht..
[18:41:14] <@+PavianKnallkopf> darthayman ich hatte ja en grund. :) Benimm dich und du kassierst kein Timeout. Ende.
[18:41:42] <3miX_> Granate
[18:43:01] <darthayman> Geldgeil.
[18:43:07] BAN: darthayman (600s)
[18:43:07] MOD_ACTION: brille45 (timeout darthayman 600 )
[18:43:10] BAN: darthayman (1800s)
[18:43:10] MOD_ACTION: brille45 (timeout darthayman 1800 )
[18:44:47] <+derbaumone> https://clips.twitch.tv/PopularHappyDiscGrammarKing
[18:44:47] BAN: derbaumone (10s) [Links, automated by Moobot.]
[18:44:47] MOD_ACTION: moobot (timeout derbaumone 10 Links, automated by Moobot.)
[18:45:28] <rtrash24> moin
[18:47:05] <@+recklessGreed> !bracket
[18:47:06] <@+Mod4YouBOT>* Hier findet ihr die aktuellen Tabellen und Ergebnisse: https://goo.gl/fNWWHt
[18:51:26] <+Haprienator> aslack
[18:51:30] BAN: Haprienator (600s)
[18:51:30] MOD_ACTION: pavianknallkopf (timeout haprienator 600 )
[18:51:32] <@+PavianKnallkopf> alles klar
[18:55:25] <misajinxi> wie isn das jetzt gibt es die charms nur aufm us stream ??
[18:55:31] <@+PavianKnallkopf>* +++ Drops und Gewinnspiele nur auf twitch.tv/rainbow6de !!! NICHT hier !!!
[18:56:06] Viewerstats (18:28-18:56): avg:446 min:432 max:463 [15/432+9-2+2-7+3+17-15+17-2+0-6+10-7+12]
[18:57:28] <misajinxi> hä wie soll ich das verstehet mit dem link und dann nicht hier ?
[18:57:44] <misajinxi> ach rainbow nicht ubi lol ok
[18:57:47] <@+PavianKnallkopf> richtig
[18:59:00] <cavmainn> och schatter irgendwie müssen die doch gewinnen
[19:00:36] <spark_1602> Guten Abend
[19:00:58] <@+recklessGreed> Heyooo :) 
[19:01:34] <Panoahm> Alter ShatterXx crazy Sprechgeschwindigkeit! Respekt!
[19:01:45] <@+recklessGreed> OVER 9000 Kappa :D 
[19:01:55] <@+Spiderspoode> Das muss man erstmal können#
[19:02:43] <awwwwyeeeahh> Muss man eigentlich schneller als alle andere sein mit dem Code?
[19:02:57] <@+Spiderspoode> Jep
[19:03:04] <@brille45> ja
[19:05:58] <rtrash24> penta heißt jetzt g2 hat mir grad n kumpel erzählt? was da los? ^^ hab die letzten wochen nicht geschaut
[19:06:04] <@+recklessGreed> !discord
[19:06:05] <@+Mod4YouBOT>* Tretet unserem Discord bei ► https://goo.gl/RBH42w
[19:06:07] <@+PavianKnallkopf> jo isso
[19:06:55] <K1NG_FAB1O> Wo auf der seite muss man den code eingeben?
[19:07:05] <@+PavianKnallkopf> rainbow6.com/redeem
[19:07:11] <rtrash24> @PavianKnallkopf haben die die orga gewechselt oder wieso?
[19:07:15] <@+PavianKnallkopf> genau
[19:07:46] <rtrash24> okay danke
[19:09:53] <davYd005> Was bekommt man wenn man den Code eingelöst hat?
[19:10:15] <@+Spiderspoode> Einen besonderen Eventcharm
[19:10:55] <hazeventuraaah> getsern erstmal im eng stream n drop bekommen :D
[19:12:45] <toxicboy89> wie bekoomt man den code
[19:12:47] Viewerstats (18:58-19:12): avg:444 min:433 max:455 [8/451+3-7+8-20+1-3+9]
# Log closed: 2018-08-18 19:12:48 +0200
-
# Log started: 2018-08-18 19:13:25 +0200
[19:13:25] Trete #ubisoftde bei..
[19:13:25] ~[GER] Paris Major - Halbfinale - Secret vs. G2 | EG vs. Rogue (Tom Clancy's Rainbow Six: Siege)~
[19:13:25] #ubisoftde beigetreten
[19:13:26] MOD: Kaetzchn, Pavianknallkopf, Spiderspoode, Fewo11, Mod4youbot, Lulatschman, Moobot, recklessGreed, Nightbot, Likecid
[19:13:26] MOD: Honeydrake, Brille45
[19:13:34] <BantuZockt> ja das wäre gut zu wissen
[19:13:42] You have left #ubisoftde
[19:13:42] Viewerstats (19:13-19:13): avg:427 min:427 max:427 [1/427]
# Log closed: 2018-08-18 19:13:42 +0200
-
